TN:verilator_coverage
SF:../../../duts/sentinel_hmac/sentinel_hmac.sv
DA:4,9113
BRDA:4,0,0,9113
BRDA:4,0,1,9112
DA:5,1
BRDA:5,0,0,1
BRDA:5,0,1,0
DA:7,216
BRDA:7,0,0,216
BRDA:7,0,1,216
DA:8,180
BRDA:8,0,0,180
BRDA:8,0,1,180
DA:9,159
BRDA:9,0,0,0
BRDA:9,0,1,0
BRDA:9,0,2,0
BRDA:9,0,3,0
BRDA:9,0,4,159
BRDA:9,0,5,159
DA:10,147
BRDA:10,0,0,0
BRDA:10,0,1,0
BRDA:10,0,2,0
BRDA:10,0,3,0
BRDA:10,0,4,0
BRDA:10,0,5,0
BRDA:10,0,6,0
BRDA:10,0,7,0
BRDA:10,0,8,0
BRDA:10,0,9,0
BRDA:10,0,10,0
BRDA:10,0,11,0
BRDA:10,0,12,0
BRDA:10,0,13,0
BRDA:10,0,14,0
BRDA:10,0,15,0
BRDA:10,0,16,0
BRDA:10,0,17,0
BRDA:10,0,18,0
BRDA:10,0,19,0
BRDA:10,0,20,0
BRDA:10,0,21,0
BRDA:10,0,22,0
BRDA:10,0,23,0
BRDA:10,0,24,0
BRDA:10,0,25,0
BRDA:10,0,26,0
BRDA:10,0,27,0
BRDA:10,0,28,0
BRDA:10,0,29,0
BRDA:10,0,30,0
BRDA:10,0,31,0
BRDA:10,0,32,0
BRDA:10,0,33,0
BRDA:10,0,34,0
BRDA:10,0,35,0
BRDA:10,0,36,0
BRDA:10,0,37,0
BRDA:10,0,38,0
BRDA:10,0,39,0
BRDA:10,0,40,0
BRDA:10,0,41,0
BRDA:10,0,42,0
BRDA:10,0,43,0
BRDA:10,0,44,72
BRDA:10,0,45,72
BRDA:10,0,46,0
BRDA:10,0,47,0
BRDA:10,0,48,0
BRDA:10,0,49,0
BRDA:10,0,50,147
BRDA:10,0,51,147
BRDA:10,0,52,20
BRDA:10,0,53,20
BRDA:10,0,54,60
BRDA:10,0,55,60
BRDA:10,0,56,64
BRDA:10,0,57,64
BRDA:10,0,58,0
BRDA:10,0,59,0
BRDA:10,0,60,0
BRDA:10,0,61,0
BRDA:10,0,62,0
BRDA:10,0,63,0
DA:11,25
BRDA:11,0,0,25
BRDA:11,0,1,25
BRDA:11,0,2,0
BRDA:11,0,3,0
BRDA:11,0,4,0
BRDA:11,0,5,0
BRDA:11,0,6,0
BRDA:11,0,7,0
BRDA:11,0,8,0
BRDA:11,0,9,0
BRDA:11,0,10,0
BRDA:11,0,11,0
BRDA:11,0,12,0
BRDA:11,0,13,0
BRDA:11,0,14,0
BRDA:11,0,15,0
BRDA:11,0,16,0
BRDA:11,0,17,0
BRDA:11,0,18,0
BRDA:11,0,19,0
BRDA:11,0,20,0
BRDA:11,0,21,0
BRDA:11,0,22,23
BRDA:11,0,23,23
BRDA:11,0,24,0
BRDA:11,0,25,0
BRDA:11,0,26,0
BRDA:11,0,27,0
BRDA:11,0,28,0
BRDA:11,0,29,0
BRDA:11,0,30,0
BRDA:11,0,31,0
BRDA:11,0,32,0
BRDA:11,0,33,0
BRDA:11,0,34,0
BRDA:11,0,35,0
BRDA:11,0,36,0
BRDA:11,0,37,0
BRDA:11,0,38,0
BRDA:11,0,39,0
BRDA:11,0,40,0
BRDA:11,0,41,0
BRDA:11,0,42,0
BRDA:11,0,43,0
BRDA:11,0,44,22
BRDA:11,0,45,22
BRDA:11,0,46,0
BRDA:11,0,47,0
BRDA:11,0,48,0
BRDA:11,0,49,0
BRDA:11,0,50,18
BRDA:11,0,51,18
BRDA:11,0,52,20
BRDA:11,0,53,20
BRDA:11,0,54,12
BRDA:11,0,55,12
BRDA:11,0,56,12
BRDA:11,0,57,12
BRDA:11,0,58,12
BRDA:11,0,59,12
BRDA:11,0,60,0
BRDA:11,0,61,0
BRDA:11,0,62,0
BRDA:11,0,63,0
DA:12,1
BRDA:12,0,0,1
BRDA:12,0,1,0
BRDA:12,0,2,1
BRDA:12,0,3,0
BRDA:12,0,4,1
BRDA:12,0,5,0
BRDA:12,0,6,1
BRDA:12,0,7,0
DA:13,0
BRDA:13,0,0,0
BRDA:13,0,1,0
BRDA:13,0,2,0
BRDA:13,0,3,0
BRDA:13,0,4,0
BRDA:13,0,5,0
BRDA:13,0,6,0
BRDA:13,0,7,0
BRDA:13,0,8,0
BRDA:13,0,9,0
BRDA:13,0,10,0
BRDA:13,0,11,0
BRDA:13,0,12,0
BRDA:13,0,13,0
BRDA:13,0,14,0
BRDA:13,0,15,0
DA:14,1
BRDA:14,0,0,0
BRDA:14,0,1,0
BRDA:14,0,2,1
BRDA:14,0,3,0
DA:16,216
BRDA:16,0,0,216
BRDA:16,0,1,216
DA:17,180
BRDA:17,0,0,180
BRDA:17,0,1,180
DA:18,58
BRDA:18,0,0,58
BRDA:18,0,1,57
BRDA:18,0,2,0
BRDA:18,0,3,0
BRDA:18,0,4,0
BRDA:18,0,5,0
DA:19,136
BRDA:19,0,0,15
BRDA:19,0,1,15
BRDA:19,0,2,15
BRDA:19,0,3,15
BRDA:19,0,4,15
BRDA:19,0,5,15
BRDA:19,0,6,19
BRDA:19,0,7,19
BRDA:19,0,8,18
BRDA:19,0,9,18
BRDA:19,0,10,16
BRDA:19,0,11,16
BRDA:19,0,12,15
BRDA:19,0,13,15
BRDA:19,0,14,14
BRDA:19,0,15,14
BRDA:19,0,16,18
BRDA:19,0,17,18
BRDA:19,0,18,19
BRDA:19,0,19,19
BRDA:19,0,20,13
BRDA:19,0,21,13
BRDA:19,0,22,136
BRDA:19,0,23,136
BRDA:19,0,24,17
BRDA:19,0,25,17
BRDA:19,0,26,17
BRDA:19,0,27,17
BRDA:19,0,28,17
BRDA:19,0,29,17
BRDA:19,0,30,13
BRDA:19,0,31,13
BRDA:19,0,32,17
BRDA:19,0,33,17
BRDA:19,0,34,22
BRDA:19,0,35,22
BRDA:19,0,36,18
BRDA:19,0,37,18
BRDA:19,0,38,15
BRDA:19,0,39,15
BRDA:19,0,40,18
BRDA:19,0,41,18
BRDA:19,0,42,12
BRDA:19,0,43,12
BRDA:19,0,44,19
BRDA:19,0,45,19
BRDA:19,0,46,15
BRDA:19,0,47,15
BRDA:19,0,48,13
BRDA:19,0,49,13
BRDA:19,0,50,19
BRDA:19,0,51,19
BRDA:19,0,52,19
BRDA:19,0,53,19
BRDA:19,0,54,12
BRDA:19,0,55,12
BRDA:19,0,56,17
BRDA:19,0,57,17
BRDA:19,0,58,17
BRDA:19,0,59,17
BRDA:19,0,60,21
BRDA:19,0,61,21
BRDA:19,0,62,10
BRDA:19,0,63,10
DA:20,0
BRDA:20,0,0,0
BRDA:20,0,1,0
BRDA:20,0,2,0
BRDA:20,0,3,0
BRDA:20,0,4,0
BRDA:20,0,5,0
BRDA:20,0,6,0
BRDA:20,0,7,0
BRDA:20,0,8,0
BRDA:20,0,9,0
BRDA:20,0,10,0
BRDA:20,0,11,0
BRDA:20,0,12,0
BRDA:20,0,13,0
BRDA:20,0,14,0
BRDA:20,0,15,0
DA:21,0
BRDA:21,0,0,0
BRDA:21,0,1,0
DA:23,1
BRDA:23,0,0,1
BRDA:23,0,1,0
BRDA:23,0,2,0
BRDA:23,0,3,0
BRDA:23,0,4,0
BRDA:23,0,5,0
DA:24,0
BRDA:24,0,0,0
BRDA:24,0,1,0
DA:125,9
BRDA:125,0,0,5
BRDA:125,0,1,5
BRDA:125,0,2,9
BRDA:125,0,3,9
BRDA:125,0,4,9
BRDA:125,0,5,8
BRDA:125,0,6,4
BRDA:125,0,7,3
BRDA:125,0,8,5
BRDA:125,0,9,5
BRDA:125,0,10,9
BRDA:125,0,11,9
BRDA:125,0,12,9
BRDA:125,0,13,8
BRDA:125,0,14,4
BRDA:125,0,15,3
DA:127,0
BRDA:127,0,0,0
BRDA:127,0,1,0
DA:128,1
BRDA:128,0,0,1
BRDA:128,0,1,0
DA:129,0
BRDA:129,0,0,0
BRDA:129,0,1,0
DA:130,0
BRDA:130,0,0,0
BRDA:130,0,1,0
DA:132,4
BRDA:132,0,0,4
BRDA:132,0,1,4
DA:133,0
BRDA:133,0,0,0
BRDA:133,0,1,0
DA:134,4
BRDA:134,0,0,4
BRDA:134,0,1,4
DA:136,0
BRDA:136,0,0,0
BRDA:136,0,1,0
DA:138,0
BRDA:138,0,0,0
BRDA:138,0,1,0
BRDA:138,0,2,0
BRDA:138,0,3,0
BRDA:138,0,4,0
BRDA:138,0,5,0
BRDA:138,0,6,0
BRDA:138,0,7,0
BRDA:138,0,8,0
BRDA:138,0,9,0
BRDA:138,0,10,0
BRDA:138,0,11,0
BRDA:138,0,12,0
BRDA:138,0,13,0
BRDA:138,0,14,0
BRDA:138,0,15,0
BRDA:138,0,16,0
BRDA:138,0,17,0
BRDA:138,0,18,0
BRDA:138,0,19,0
BRDA:138,0,20,0
BRDA:138,0,21,0
BRDA:138,0,22,0
BRDA:138,0,23,0
BRDA:138,0,24,0
BRDA:138,0,25,0
BRDA:138,0,26,0
BRDA:138,0,27,0
BRDA:138,0,28,0
BRDA:138,0,29,0
BRDA:138,0,30,0
BRDA:138,0,31,0
BRDA:138,0,32,0
BRDA:138,0,33,0
BRDA:138,0,34,0
BRDA:138,0,35,0
BRDA:138,0,36,0
BRDA:138,0,37,0
BRDA:138,0,38,0
BRDA:138,0,39,0
BRDA:138,0,40,0
BRDA:138,0,41,0
BRDA:138,0,42,0
BRDA:138,0,43,0
BRDA:138,0,44,0
BRDA:138,0,45,0
BRDA:138,0,46,0
BRDA:138,0,47,0
BRDA:138,0,48,0
BRDA:138,0,49,0
BRDA:138,0,50,0
BRDA:138,0,51,0
BRDA:138,0,52,0
BRDA:138,0,53,0
BRDA:138,0,54,0
BRDA:138,0,55,0
BRDA:138,0,56,0
BRDA:138,0,57,0
BRDA:138,0,58,0
BRDA:138,0,59,0
BRDA:138,0,60,0
BRDA:138,0,61,0
BRDA:138,0,62,0
BRDA:138,0,63,0
BRDA:138,0,64,0
BRDA:138,0,65,0
BRDA:138,0,66,0
BRDA:138,0,67,0
BRDA:138,0,68,0
BRDA:138,0,69,0
BRDA:138,0,70,0
BRDA:138,0,71,0
BRDA:138,0,72,0
BRDA:138,0,73,0
BRDA:138,0,74,0
BRDA:138,0,75,0
BRDA:138,0,76,0
BRDA:138,0,77,0
BRDA:138,0,78,0
BRDA:138,0,79,0
BRDA:138,0,80,0
BRDA:138,0,81,0
BRDA:138,0,82,0
BRDA:138,0,83,0
BRDA:138,0,84,0
BRDA:138,0,85,0
BRDA:138,0,86,0
BRDA:138,0,87,0
BRDA:138,0,88,0
BRDA:138,0,89,0
BRDA:138,0,90,0
BRDA:138,0,91,0
BRDA:138,0,92,0
BRDA:138,0,93,0
BRDA:138,0,94,0
BRDA:138,0,95,0
BRDA:138,0,96,0
BRDA:138,0,97,0
BRDA:138,0,98,0
BRDA:138,0,99,0
BRDA:138,0,100,0
BRDA:138,0,101,0
BRDA:138,0,102,0
BRDA:138,0,103,0
BRDA:138,0,104,0
BRDA:138,0,105,0
BRDA:138,0,106,0
BRDA:138,0,107,0
BRDA:138,0,108,0
BRDA:138,0,109,0
BRDA:138,0,110,0
BRDA:138,0,111,0
BRDA:138,0,112,0
BRDA:138,0,113,0
BRDA:138,0,114,0
BRDA:138,0,115,0
BRDA:138,0,116,0
BRDA:138,0,117,0
BRDA:138,0,118,0
BRDA:138,0,119,0
BRDA:138,0,120,0
BRDA:138,0,121,0
BRDA:138,0,122,0
BRDA:138,0,123,0
BRDA:138,0,124,0
BRDA:138,0,125,0
BRDA:138,0,126,0
BRDA:138,0,127,0
BRDA:138,0,128,0
BRDA:138,0,129,0
BRDA:138,0,130,0
BRDA:138,0,131,0
BRDA:138,0,132,0
BRDA:138,0,133,0
BRDA:138,0,134,0
BRDA:138,0,135,0
BRDA:138,0,136,0
BRDA:138,0,137,0
BRDA:138,0,138,0
BRDA:138,0,139,0
BRDA:138,0,140,0
BRDA:138,0,141,0
BRDA:138,0,142,0
BRDA:138,0,143,0
BRDA:138,0,144,0
BRDA:138,0,145,0
BRDA:138,0,146,0
BRDA:138,0,147,0
BRDA:138,0,148,0
BRDA:138,0,149,0
BRDA:138,0,150,0
BRDA:138,0,151,0
BRDA:138,0,152,0
BRDA:138,0,153,0
BRDA:138,0,154,0
BRDA:138,0,155,0
BRDA:138,0,156,0
BRDA:138,0,157,0
BRDA:138,0,158,0
BRDA:138,0,159,0
BRDA:138,0,160,0
BRDA:138,0,161,0
BRDA:138,0,162,0
BRDA:138,0,163,0
BRDA:138,0,164,0
BRDA:138,0,165,0
BRDA:138,0,166,0
BRDA:138,0,167,0
BRDA:138,0,168,0
BRDA:138,0,169,0
BRDA:138,0,170,0
BRDA:138,0,171,0
BRDA:138,0,172,0
BRDA:138,0,173,0
BRDA:138,0,174,0
BRDA:138,0,175,0
BRDA:138,0,176,0
BRDA:138,0,177,0
BRDA:138,0,178,0
BRDA:138,0,179,0
BRDA:138,0,180,0
BRDA:138,0,181,0
BRDA:138,0,182,0
BRDA:138,0,183,0
BRDA:138,0,184,0
BRDA:138,0,185,0
BRDA:138,0,186,0
BRDA:138,0,187,0
BRDA:138,0,188,0
BRDA:138,0,189,0
BRDA:138,0,190,0
BRDA:138,0,191,0
BRDA:138,0,192,0
BRDA:138,0,193,0
BRDA:138,0,194,0
BRDA:138,0,195,0
BRDA:138,0,196,0
BRDA:138,0,197,0
BRDA:138,0,198,0
BRDA:138,0,199,0
BRDA:138,0,200,0
BRDA:138,0,201,0
BRDA:138,0,202,0
BRDA:138,0,203,0
BRDA:138,0,204,0
BRDA:138,0,205,0
BRDA:138,0,206,0
BRDA:138,0,207,0
BRDA:138,0,208,0
BRDA:138,0,209,0
BRDA:138,0,210,0
BRDA:138,0,211,0
BRDA:138,0,212,0
BRDA:138,0,213,0
BRDA:138,0,214,0
BRDA:138,0,215,0
BRDA:138,0,216,0
BRDA:138,0,217,0
BRDA:138,0,218,0
BRDA:138,0,219,0
BRDA:138,0,220,0
BRDA:138,0,221,0
BRDA:138,0,222,0
BRDA:138,0,223,0
BRDA:138,0,224,0
BRDA:138,0,225,0
BRDA:138,0,226,0
BRDA:138,0,227,0
BRDA:138,0,228,0
BRDA:138,0,229,0
BRDA:138,0,230,0
BRDA:138,0,231,0
BRDA:138,0,232,0
BRDA:138,0,233,0
BRDA:138,0,234,0
BRDA:138,0,235,0
BRDA:138,0,236,0
BRDA:138,0,237,0
BRDA:138,0,238,0
BRDA:138,0,239,0
BRDA:138,0,240,0
BRDA:138,0,241,0
BRDA:138,0,242,0
BRDA:138,0,243,0
BRDA:138,0,244,0
BRDA:138,0,245,0
BRDA:138,0,246,0
BRDA:138,0,247,0
BRDA:138,0,248,0
BRDA:138,0,249,0
BRDA:138,0,250,0
BRDA:138,0,251,0
BRDA:138,0,252,0
BRDA:138,0,253,0
BRDA:138,0,254,0
BRDA:138,0,255,0
BRDA:138,0,256,0
BRDA:138,0,257,0
BRDA:138,0,258,0
BRDA:138,0,259,0
BRDA:138,0,260,0
BRDA:138,0,261,0
BRDA:138,0,262,0
BRDA:138,0,263,0
BRDA:138,0,264,0
BRDA:138,0,265,0
BRDA:138,0,266,0
BRDA:138,0,267,0
BRDA:138,0,268,0
BRDA:138,0,269,0
BRDA:138,0,270,0
BRDA:138,0,271,0
BRDA:138,0,272,0
BRDA:138,0,273,0
BRDA:138,0,274,0
BRDA:138,0,275,0
BRDA:138,0,276,0
BRDA:138,0,277,0
BRDA:138,0,278,0
BRDA:138,0,279,0
BRDA:138,0,280,0
BRDA:138,0,281,0
BRDA:138,0,282,0
BRDA:138,0,283,0
BRDA:138,0,284,0
BRDA:138,0,285,0
BRDA:138,0,286,0
BRDA:138,0,287,0
BRDA:138,0,288,0
BRDA:138,0,289,0
BRDA:138,0,290,0
BRDA:138,0,291,0
BRDA:138,0,292,0
BRDA:138,0,293,0
BRDA:138,0,294,0
BRDA:138,0,295,0
BRDA:138,0,296,0
BRDA:138,0,297,0
BRDA:138,0,298,0
BRDA:138,0,299,0
BRDA:138,0,300,0
BRDA:138,0,301,0
BRDA:138,0,302,0
BRDA:138,0,303,0
BRDA:138,0,304,0
BRDA:138,0,305,0
BRDA:138,0,306,0
BRDA:138,0,307,0
BRDA:138,0,308,0
BRDA:138,0,309,0
BRDA:138,0,310,0
BRDA:138,0,311,0
BRDA:138,0,312,0
BRDA:138,0,313,0
BRDA:138,0,314,0
BRDA:138,0,315,0
BRDA:138,0,316,0
BRDA:138,0,317,0
BRDA:138,0,318,0
BRDA:138,0,319,0
BRDA:138,0,320,0
BRDA:138,0,321,0
BRDA:138,0,322,0
BRDA:138,0,323,0
BRDA:138,0,324,0
BRDA:138,0,325,0
BRDA:138,0,326,0
BRDA:138,0,327,0
BRDA:138,0,328,0
BRDA:138,0,329,0
BRDA:138,0,330,0
BRDA:138,0,331,0
BRDA:138,0,332,0
BRDA:138,0,333,0
BRDA:138,0,334,0
BRDA:138,0,335,0
BRDA:138,0,336,0
BRDA:138,0,337,0
BRDA:138,0,338,0
BRDA:138,0,339,0
BRDA:138,0,340,0
BRDA:138,0,341,0
BRDA:138,0,342,0
BRDA:138,0,343,0
BRDA:138,0,344,0
BRDA:138,0,345,0
BRDA:138,0,346,0
BRDA:138,0,347,0
BRDA:138,0,348,0
BRDA:138,0,349,0
BRDA:138,0,350,0
BRDA:138,0,351,0
BRDA:138,0,352,0
BRDA:138,0,353,0
BRDA:138,0,354,0
BRDA:138,0,355,0
BRDA:138,0,356,0
BRDA:138,0,357,0
BRDA:138,0,358,0
BRDA:138,0,359,0
BRDA:138,0,360,0
BRDA:138,0,361,0
BRDA:138,0,362,0
BRDA:138,0,363,0
BRDA:138,0,364,0
BRDA:138,0,365,0
BRDA:138,0,366,0
BRDA:138,0,367,0
BRDA:138,0,368,0
BRDA:138,0,369,0
BRDA:138,0,370,0
BRDA:138,0,371,0
BRDA:138,0,372,0
BRDA:138,0,373,0
BRDA:138,0,374,0
BRDA:138,0,375,0
BRDA:138,0,376,0
BRDA:138,0,377,0
BRDA:138,0,378,0
BRDA:138,0,379,0
BRDA:138,0,380,0
BRDA:138,0,381,0
BRDA:138,0,382,0
BRDA:138,0,383,0
BRDA:138,0,384,0
BRDA:138,0,385,0
BRDA:138,0,386,0
BRDA:138,0,387,0
BRDA:138,0,388,0
BRDA:138,0,389,0
BRDA:138,0,390,0
BRDA:138,0,391,0
BRDA:138,0,392,0
BRDA:138,0,393,0
BRDA:138,0,394,0
BRDA:138,0,395,0
BRDA:138,0,396,0
BRDA:138,0,397,0
BRDA:138,0,398,0
BRDA:138,0,399,0
BRDA:138,0,400,0
BRDA:138,0,401,0
BRDA:138,0,402,0
BRDA:138,0,403,0
BRDA:138,0,404,0
BRDA:138,0,405,0
BRDA:138,0,406,0
BRDA:138,0,407,0
BRDA:138,0,408,0
BRDA:138,0,409,0
BRDA:138,0,410,0
BRDA:138,0,411,0
BRDA:138,0,412,0
BRDA:138,0,413,0
BRDA:138,0,414,0
BRDA:138,0,415,0
BRDA:138,0,416,0
BRDA:138,0,417,0
BRDA:138,0,418,0
BRDA:138,0,419,0
BRDA:138,0,420,0
BRDA:138,0,421,0
BRDA:138,0,422,0
BRDA:138,0,423,0
BRDA:138,0,424,0
BRDA:138,0,425,0
BRDA:138,0,426,0
BRDA:138,0,427,0
BRDA:138,0,428,0
BRDA:138,0,429,0
BRDA:138,0,430,0
BRDA:138,0,431,0
BRDA:138,0,432,0
BRDA:138,0,433,0
BRDA:138,0,434,0
BRDA:138,0,435,0
BRDA:138,0,436,0
BRDA:138,0,437,0
BRDA:138,0,438,0
BRDA:138,0,439,0
BRDA:138,0,440,0
BRDA:138,0,441,0
BRDA:138,0,442,0
BRDA:138,0,443,0
BRDA:138,0,444,0
BRDA:138,0,445,0
BRDA:138,0,446,0
BRDA:138,0,447,0
BRDA:138,0,448,0
BRDA:138,0,449,0
BRDA:138,0,450,0
BRDA:138,0,451,0
BRDA:138,0,452,0
BRDA:138,0,453,0
BRDA:138,0,454,0
BRDA:138,0,455,0
BRDA:138,0,456,0
BRDA:138,0,457,0
BRDA:138,0,458,0
BRDA:138,0,459,0
BRDA:138,0,460,0
BRDA:138,0,461,0
BRDA:138,0,462,0
BRDA:138,0,463,0
BRDA:138,0,464,0
BRDA:138,0,465,0
BRDA:138,0,466,0
BRDA:138,0,467,0
BRDA:138,0,468,0
BRDA:138,0,469,0
BRDA:138,0,470,0
BRDA:138,0,471,0
BRDA:138,0,472,0
BRDA:138,0,473,0
BRDA:138,0,474,0
BRDA:138,0,475,0
BRDA:138,0,476,0
BRDA:138,0,477,0
BRDA:138,0,478,0
BRDA:138,0,479,0
BRDA:138,0,480,0
BRDA:138,0,481,0
BRDA:138,0,482,0
BRDA:138,0,483,0
BRDA:138,0,484,0
BRDA:138,0,485,0
BRDA:138,0,486,0
BRDA:138,0,487,0
BRDA:138,0,488,0
BRDA:138,0,489,0
BRDA:138,0,490,0
BRDA:138,0,491,0
BRDA:138,0,492,0
BRDA:138,0,493,0
BRDA:138,0,494,0
BRDA:138,0,495,0
BRDA:138,0,496,0
BRDA:138,0,497,0
BRDA:138,0,498,0
BRDA:138,0,499,0
BRDA:138,0,500,0
BRDA:138,0,501,0
BRDA:138,0,502,0
BRDA:138,0,503,0
BRDA:138,0,504,0
BRDA:138,0,505,0
BRDA:138,0,506,0
BRDA:138,0,507,0
BRDA:138,0,508,0
BRDA:138,0,509,0
BRDA:138,0,510,0
BRDA:138,0,511,0
DA:139,2
BRDA:139,0,0,1
BRDA:139,0,1,1
BRDA:139,0,2,1
BRDA:139,0,3,1
BRDA:139,0,4,1
BRDA:139,0,5,1
BRDA:139,0,6,2
BRDA:139,0,7,1
BRDA:139,0,8,1
BRDA:139,0,9,0
BRDA:139,0,10,1
BRDA:139,0,11,0
BRDA:139,0,12,1
BRDA:139,0,13,0
BRDA:139,0,14,1
BRDA:139,0,15,0
BRDA:139,0,16,1
BRDA:139,0,17,0
BRDA:139,0,18,2
BRDA:139,0,19,1
BRDA:139,0,20,2
BRDA:139,0,21,1
BRDA:139,0,22,0
BRDA:139,0,23,0
BRDA:139,0,24,2
BRDA:139,0,25,1
BRDA:139,0,26,2
BRDA:139,0,27,1
BRDA:139,0,28,1
BRDA:139,0,29,0
BRDA:139,0,30,1
BRDA:139,0,31,1
BRDA:139,0,32,0
BRDA:139,0,33,0
BRDA:139,0,34,2
BRDA:139,0,35,1
BRDA:139,0,36,1
BRDA:139,0,37,0
BRDA:139,0,38,0
BRDA:139,0,39,0
BRDA:139,0,40,1
BRDA:139,0,41,1
BRDA:139,0,42,1
BRDA:139,0,43,0
BRDA:139,0,44,1
BRDA:139,0,45,1
BRDA:139,0,46,0
BRDA:139,0,47,0
BRDA:139,0,48,1
BRDA:139,0,49,1
BRDA:139,0,50,2
BRDA:139,0,51,1
BRDA:139,0,52,0
BRDA:139,0,53,0
BRDA:139,0,54,1
BRDA:139,0,55,1
BRDA:139,0,56,1
BRDA:139,0,57,1
BRDA:139,0,58,2
BRDA:139,0,59,1
BRDA:139,0,60,2
BRDA:139,0,61,1
BRDA:139,0,62,1
BRDA:139,0,63,1
BRDA:139,0,64,1
BRDA:139,0,65,1
BRDA:139,0,66,1
BRDA:139,0,67,0
BRDA:139,0,68,1
BRDA:139,0,69,0
BRDA:139,0,70,1
BRDA:139,0,71,1
BRDA:139,0,72,1
BRDA:139,0,73,0
BRDA:139,0,74,1
BRDA:139,0,75,0
BRDA:139,0,76,1
BRDA:139,0,77,0
BRDA:139,0,78,1
BRDA:139,0,79,1
BRDA:139,0,80,1
BRDA:139,0,81,1
BRDA:139,0,82,1
BRDA:139,0,83,0
BRDA:139,0,84,0
BRDA:139,0,85,0
BRDA:139,0,86,1
BRDA:139,0,87,1
BRDA:139,0,88,2
BRDA:139,0,89,1
BRDA:139,0,90,1
BRDA:139,0,91,1
BRDA:139,0,92,1
BRDA:139,0,93,1
BRDA:139,0,94,1
BRDA:139,0,95,1
BRDA:139,0,96,2
BRDA:139,0,97,1
BRDA:139,0,98,1
BRDA:139,0,99,0
BRDA:139,0,100,1
BRDA:139,0,101,0
BRDA:139,0,102,1
BRDA:139,0,103,1
BRDA:139,0,104,1
BRDA:139,0,105,0
BRDA:139,0,106,2
BRDA:139,0,107,1
BRDA:139,0,108,2
BRDA:139,0,109,1
BRDA:139,0,110,2
BRDA:139,0,111,1
BRDA:139,0,112,0
BRDA:139,0,113,0
BRDA:139,0,114,1
BRDA:139,0,115,0
BRDA:139,0,116,2
BRDA:139,0,117,2
BRDA:139,0,118,1
BRDA:139,0,119,1
BRDA:139,0,120,1
BRDA:139,0,121,0
BRDA:139,0,122,2
BRDA:139,0,123,1
BRDA:139,0,124,1
BRDA:139,0,125,0
BRDA:139,0,126,1
BRDA:139,0,127,1
BRDA:139,0,128,1
BRDA:139,0,129,1
BRDA:139,0,130,2
BRDA:139,0,131,1
BRDA:139,0,132,1
BRDA:139,0,133,1
BRDA:139,0,134,1
BRDA:139,0,135,0
BRDA:139,0,136,1
BRDA:139,0,137,1
BRDA:139,0,138,1
BRDA:139,0,139,1
BRDA:139,0,140,1
BRDA:139,0,141,1
BRDA:139,0,142,1
BRDA:139,0,143,1
BRDA:139,0,144,0
BRDA:139,0,145,0
BRDA:139,0,146,1
BRDA:139,0,147,1
BRDA:139,0,148,2
BRDA:139,0,149,1
BRDA:139,0,150,1
BRDA:139,0,151,1
BRDA:139,0,152,1
BRDA:139,0,153,1
BRDA:139,0,154,1
BRDA:139,0,155,0
BRDA:139,0,156,2
BRDA:139,0,157,1
BRDA:139,0,158,1
BRDA:139,0,159,1
BRDA:139,0,160,1
BRDA:139,0,161,0
BRDA:139,0,162,2
BRDA:139,0,163,1
BRDA:139,0,164,2
BRDA:139,0,165,2
BRDA:139,0,166,2
BRDA:139,0,167,1
BRDA:139,0,168,1
BRDA:139,0,169,0
BRDA:139,0,170,1
BRDA:139,0,171,1
BRDA:139,0,172,2
BRDA:139,0,173,2
BRDA:139,0,174,1
BRDA:139,0,175,1
BRDA:139,0,176,1
BRDA:139,0,177,0
BRDA:139,0,178,2
BRDA:139,0,179,1
BRDA:139,0,180,1
BRDA:139,0,181,0
BRDA:139,0,182,1
BRDA:139,0,183,1
BRDA:139,0,184,2
BRDA:139,0,185,1
BRDA:139,0,186,1
BRDA:139,0,187,1
BRDA:139,0,188,1
BRDA:139,0,189,1
BRDA:139,0,190,1
BRDA:139,0,191,0
BRDA:139,0,192,1
BRDA:139,0,193,1
BRDA:139,0,194,2
BRDA:139,0,195,2
BRDA:139,0,196,1
BRDA:139,0,197,1
BRDA:139,0,198,0
BRDA:139,0,199,0
BRDA:139,0,200,1
BRDA:139,0,201,1
BRDA:139,0,202,2
BRDA:139,0,203,1
BRDA:139,0,204,0
BRDA:139,0,205,0
BRDA:139,0,206,1
BRDA:139,0,207,1
BRDA:139,0,208,2
BRDA:139,0,209,1
BRDA:139,0,210,1
BRDA:139,0,211,0
BRDA:139,0,212,0
BRDA:139,0,213,0
BRDA:139,0,214,2
BRDA:139,0,215,1
BRDA:139,0,216,1
BRDA:139,0,217,0
BRDA:139,0,218,1
BRDA:139,0,219,0
BRDA:139,0,220,1
BRDA:139,0,221,1
BRDA:139,0,222,1
BRDA:139,0,223,1
BRDA:139,0,224,1
BRDA:139,0,225,1
BRDA:139,0,226,1
BRDA:139,0,227,0
BRDA:139,0,228,1
BRDA:139,0,229,1
BRDA:139,0,230,1
BRDA:139,0,231,1
BRDA:139,0,232,1
BRDA:139,0,233,1
BRDA:139,0,234,0
BRDA:139,0,235,0
BRDA:139,0,236,1
BRDA:139,0,237,1
BRDA:139,0,238,1
BRDA:139,0,239,0
BRDA:139,0,240,1
BRDA:139,0,241,0
BRDA:139,0,242,2
BRDA:139,0,243,2
BRDA:139,0,244,1
BRDA:139,0,245,0
BRDA:139,0,246,0
BRDA:139,0,247,0
BRDA:139,0,248,2
BRDA:139,0,249,1
BRDA:139,0,250,2
BRDA:139,0,251,2
BRDA:139,0,252,2
BRDA:139,0,253,1
BRDA:139,0,254,0
BRDA:139,0,255,0
BRDA:139,0,256,1
BRDA:139,0,257,0
BRDA:139,0,258,2
BRDA:139,0,259,2
BRDA:139,0,260,2
BRDA:139,0,261,1
BRDA:139,0,262,2
BRDA:139,0,263,1
BRDA:139,0,264,1
BRDA:139,0,265,0
BRDA:139,0,266,0
BRDA:139,0,267,0
BRDA:139,0,268,1
BRDA:139,0,269,1
BRDA:139,0,270,1
BRDA:139,0,271,0
BRDA:139,0,272,1
BRDA:139,0,273,0
BRDA:139,0,274,1
BRDA:139,0,275,1
BRDA:139,0,276,2
BRDA:139,0,277,1
BRDA:139,0,278,1
BRDA:139,0,279,1
BRDA:139,0,280,1
BRDA:139,0,281,0
BRDA:139,0,282,2
BRDA:139,0,283,1
BRDA:139,0,284,2
BRDA:139,0,285,2
BRDA:139,0,286,2
BRDA:139,0,287,1
BRDA:139,0,288,1
BRDA:139,0,289,1
BRDA:139,0,290,1
BRDA:139,0,291,1
BRDA:139,0,292,1
BRDA:139,0,293,0
BRDA:139,0,294,1
BRDA:139,0,295,0
BRDA:139,0,296,1
BRDA:139,0,297,1
BRDA:139,0,298,1
BRDA:139,0,299,0
BRDA:139,0,300,1
BRDA:139,0,301,0
BRDA:139,0,302,1
BRDA:139,0,303,0
BRDA:139,0,304,1
BRDA:139,0,305,1
BRDA:139,0,306,1
BRDA:139,0,307,1
BRDA:139,0,308,1
BRDA:139,0,309,1
BRDA:139,0,310,2
BRDA:139,0,311,2
BRDA:139,0,312,2
BRDA:139,0,313,1
BRDA:139,0,314,1
BRDA:139,0,315,1
BRDA:139,0,316,2
BRDA:139,0,317,1
BRDA:139,0,318,1
BRDA:139,0,319,0
BRDA:139,0,320,1
BRDA:139,0,321,1
BRDA:139,0,322,2
BRDA:139,0,323,2
BRDA:139,0,324,2
BRDA:139,0,325,1
BRDA:139,0,326,1
BRDA:139,0,327,1
BRDA:139,0,328,1
BRDA:139,0,329,0
BRDA:139,0,330,1
BRDA:139,0,331,1
BRDA:139,0,332,1
BRDA:139,0,333,1
BRDA:139,0,334,2
BRDA:139,0,335,1
BRDA:139,0,336,2
BRDA:139,0,337,1
BRDA:139,0,338,1
BRDA:139,0,339,0
BRDA:139,0,340,2
BRDA:139,0,341,1
BRDA:139,0,342,1
BRDA:139,0,343,1
BRDA:139,0,344,2
BRDA:139,0,345,1
BRDA:139,0,346,1
BRDA:139,0,347,1
BRDA:139,0,348,2
BRDA:139,0,349,1
BRDA:139,0,350,2
BRDA:139,0,351,1
BRDA:139,0,352,2
BRDA:139,0,353,1
BRDA:139,0,354,2
BRDA:139,0,355,1
BRDA:139,0,356,2
BRDA:139,0,357,2
BRDA:139,0,358,2
BRDA:139,0,359,1
BRDA:139,0,360,1
BRDA:139,0,361,0
BRDA:139,0,362,2
BRDA:139,0,363,1
BRDA:139,0,364,2
BRDA:139,0,365,1
BRDA:139,0,366,1
BRDA:139,0,367,1
BRDA:139,0,368,1
BRDA:139,0,369,0
BRDA:139,0,370,2
BRDA:139,0,371,2
BRDA:139,0,372,2
BRDA:139,0,373,1
BRDA:139,0,374,1
BRDA:139,0,375,0
BRDA:139,0,376,1
BRDA:139,0,377,1
BRDA:139,0,378,0
BRDA:139,0,379,0
BRDA:139,0,380,1
BRDA:139,0,381,1
BRDA:139,0,382,0
BRDA:139,0,383,0
BRDA:139,0,384,1
BRDA:139,0,385,1
BRDA:139,0,386,1
BRDA:139,0,387,1
BRDA:139,0,388,1
BRDA:139,0,389,1
BRDA:139,0,390,2
BRDA:139,0,391,1
BRDA:139,0,392,1
BRDA:139,0,393,0
BRDA:139,0,394,2
BRDA:139,0,395,1
BRDA:139,0,396,2
BRDA:139,0,397,1
BRDA:139,0,398,2
BRDA:139,0,399,1
BRDA:139,0,400,2
BRDA:139,0,401,1
BRDA:139,0,402,1
BRDA:139,0,403,0
BRDA:139,0,404,2
BRDA:139,0,405,1
BRDA:139,0,406,1
BRDA:139,0,407,1
BRDA:139,0,408,1
BRDA:139,0,409,1
BRDA:139,0,410,2
BRDA:139,0,411,1
BRDA:139,0,412,1
BRDA:139,0,413,1
BRDA:139,0,414,1
BRDA:139,0,415,1
BRDA:139,0,416,2
BRDA:139,0,417,1
BRDA:139,0,418,2
BRDA:139,0,419,1
BRDA:139,0,420,2
BRDA:139,0,421,1
BRDA:139,0,422,1
BRDA:139,0,423,1
BRDA:139,0,424,1
BRDA:139,0,425,1
BRDA:139,0,426,1
BRDA:139,0,427,1
BRDA:139,0,428,1
BRDA:139,0,429,0
BRDA:139,0,430,1
BRDA:139,0,431,1
BRDA:139,0,432,1
BRDA:139,0,433,0
BRDA:139,0,434,2
BRDA:139,0,435,1
BRDA:139,0,436,1
BRDA:139,0,437,0
BRDA:139,0,438,1
BRDA:139,0,439,1
BRDA:139,0,440,1
BRDA:139,0,441,1
BRDA:139,0,442,1
BRDA:139,0,443,0
BRDA:139,0,444,1
BRDA:139,0,445,0
BRDA:139,0,446,2
BRDA:139,0,447,2
BRDA:139,0,448,1
BRDA:139,0,449,1
BRDA:139,0,450,2
BRDA:139,0,451,1
BRDA:139,0,452,1
BRDA:139,0,453,1
BRDA:139,0,454,1
BRDA:139,0,455,0
BRDA:139,0,456,1
BRDA:139,0,457,1
BRDA:139,0,458,2
BRDA:139,0,459,1
BRDA:139,0,460,1
BRDA:139,0,461,1
BRDA:139,0,462,2
BRDA:139,0,463,1
BRDA:139,0,464,1
BRDA:139,0,465,0
BRDA:139,0,466,1
BRDA:139,0,467,0
BRDA:139,0,468,1
BRDA:139,0,469,0
BRDA:139,0,470,0
BRDA:139,0,471,0
BRDA:139,0,472,1
BRDA:139,0,473,0
BRDA:139,0,474,2
BRDA:139,0,475,1
BRDA:139,0,476,2
BRDA:139,0,477,1
BRDA:139,0,478,1
BRDA:139,0,479,1
BRDA:139,0,480,2
BRDA:139,0,481,1
BRDA:139,0,482,1
BRDA:139,0,483,1
BRDA:139,0,484,1
BRDA:139,0,485,1
BRDA:139,0,486,1
BRDA:139,0,487,1
BRDA:139,0,488,1
BRDA:139,0,489,1
BRDA:139,0,490,2
BRDA:139,0,491,2
BRDA:139,0,492,2
BRDA:139,0,493,1
BRDA:139,0,494,2
BRDA:139,0,495,1
BRDA:139,0,496,1
BRDA:139,0,497,1
BRDA:139,0,498,2
BRDA:139,0,499,1
BRDA:139,0,500,1
BRDA:139,0,501,1
BRDA:139,0,502,1
BRDA:139,0,503,0
BRDA:139,0,504,2
BRDA:139,0,505,1
BRDA:139,0,506,1
BRDA:139,0,507,1
BRDA:139,0,508,1
BRDA:139,0,509,0
BRDA:139,0,510,1
BRDA:139,0,511,1
DA:140,22
BRDA:140,0,0,0
BRDA:140,0,1,0
BRDA:140,0,2,0
BRDA:140,0,3,0
BRDA:140,0,4,0
BRDA:140,0,5,0
BRDA:140,0,6,0
BRDA:140,0,7,0
BRDA:140,0,8,0
BRDA:140,0,9,0
BRDA:140,0,10,0
BRDA:140,0,11,0
BRDA:140,0,12,0
BRDA:140,0,13,0
BRDA:140,0,14,0
BRDA:140,0,15,0
BRDA:140,0,16,0
BRDA:140,0,17,0
BRDA:140,0,18,0
BRDA:140,0,19,0
BRDA:140,0,20,0
BRDA:140,0,21,0
BRDA:140,0,22,0
BRDA:140,0,23,0
BRDA:140,0,24,0
BRDA:140,0,25,0
BRDA:140,0,26,0
BRDA:140,0,27,0
BRDA:140,0,28,0
BRDA:140,0,29,0
BRDA:140,0,30,0
BRDA:140,0,31,0
BRDA:140,0,32,0
BRDA:140,0,33,0
BRDA:140,0,34,0
BRDA:140,0,35,0
BRDA:140,0,36,0
BRDA:140,0,37,0
BRDA:140,0,38,0
BRDA:140,0,39,0
BRDA:140,0,40,0
BRDA:140,0,41,0
BRDA:140,0,42,0
BRDA:140,0,43,0
BRDA:140,0,44,0
BRDA:140,0,45,0
BRDA:140,0,46,0
BRDA:140,0,47,0
BRDA:140,0,48,0
BRDA:140,0,49,0
BRDA:140,0,50,0
BRDA:140,0,51,0
BRDA:140,0,52,0
BRDA:140,0,53,0
BRDA:140,0,54,22
BRDA:140,0,55,22
BRDA:140,0,56,11
BRDA:140,0,57,11
BRDA:140,0,58,7
BRDA:140,0,59,6
BRDA:140,0,60,3
BRDA:140,0,61,2
BRDA:140,0,62,1
BRDA:140,0,63,1
DA:141,0
BRDA:141,0,0,0
BRDA:141,0,1,0
BRDA:141,0,2,0
BRDA:141,0,3,0
BRDA:141,0,4,0
BRDA:141,0,5,0
BRDA:141,0,6,0
BRDA:141,0,7,0
BRDA:141,0,8,0
BRDA:141,0,9,0
BRDA:141,0,10,0
BRDA:141,0,11,0
BRDA:141,0,12,0
BRDA:141,0,13,0
BRDA:141,0,14,0
BRDA:141,0,15,0
BRDA:141,0,16,0
BRDA:141,0,17,0
BRDA:141,0,18,0
BRDA:141,0,19,0
BRDA:141,0,20,0
BRDA:141,0,21,0
BRDA:141,0,22,0
BRDA:141,0,23,0
BRDA:141,0,24,0
BRDA:141,0,25,0
BRDA:141,0,26,0
BRDA:141,0,27,0
BRDA:141,0,28,0
BRDA:141,0,29,0
BRDA:141,0,30,0
BRDA:141,0,31,0
BRDA:141,0,32,0
BRDA:141,0,33,0
BRDA:141,0,34,0
BRDA:141,0,35,0
BRDA:141,0,36,0
BRDA:141,0,37,0
BRDA:141,0,38,0
BRDA:141,0,39,0
BRDA:141,0,40,0
BRDA:141,0,41,0
BRDA:141,0,42,0
BRDA:141,0,43,0
BRDA:141,0,44,0
BRDA:141,0,45,0
BRDA:141,0,46,0
BRDA:141,0,47,0
BRDA:141,0,48,0
BRDA:141,0,49,0
BRDA:141,0,50,0
BRDA:141,0,51,0
BRDA:141,0,52,0
BRDA:141,0,53,0
BRDA:141,0,54,0
BRDA:141,0,55,0
BRDA:141,0,56,0
BRDA:141,0,57,0
BRDA:141,0,58,0
BRDA:141,0,59,0
BRDA:141,0,60,0
BRDA:141,0,61,0
BRDA:141,0,62,0
BRDA:141,0,63,0
DA:143,1
BRDA:143,0,0,1
BRDA:143,0,1,0
BRDA:143,0,2,1
BRDA:143,0,3,0
BRDA:143,0,4,0
BRDA:143,0,5,0
DA:144,1
BRDA:144,0,0,1
BRDA:144,0,1,0
BRDA:144,0,2,0
BRDA:144,0,3,0
BRDA:144,0,4,0
BRDA:144,0,5,0
DA:147,22
BRDA:147,0,0,22
BRDA:147,0,1,22
BRDA:147,0,2,11
BRDA:147,0,3,11
BRDA:147,0,4,7
BRDA:147,0,5,6
BRDA:147,0,6,3
BRDA:147,0,7,2
BRDA:147,0,8,1
BRDA:147,0,9,1
BRDA:147,0,10,0
BRDA:147,0,11,0
DA:148,22
BRDA:148,0,0,22
BRDA:148,0,1,22
BRDA:148,0,2,11
BRDA:148,0,3,11
BRDA:148,0,4,7
BRDA:148,0,5,6
BRDA:148,0,6,3
BRDA:148,0,7,2
BRDA:148,0,8,1
BRDA:148,0,9,1
BRDA:148,0,10,0
BRDA:148,0,11,0
DA:149,44
BRDA:149,0,0,44
BRDA:149,0,1,44
BRDA:149,0,2,0
BRDA:149,0,3,0
BRDA:149,0,4,0
BRDA:149,0,5,0
BRDA:149,0,6,0
BRDA:149,0,7,0
BRDA:149,0,8,0
BRDA:149,0,9,0
BRDA:149,0,10,0
BRDA:149,0,11,0
DA:150,0
BRDA:150,0,0,0
BRDA:150,0,1,0
DA:151,45
BRDA:151,0,0,45
BRDA:151,0,1,44
DA:152,44
BRDA:152,0,0,44
BRDA:152,0,1,44
DA:153,44
BRDA:153,0,0,44
BRDA:153,0,1,44
DA:154,22
BRDA:154,0,0,17
BRDA:154,0,1,17
BRDA:154,0,2,0
BRDA:154,0,3,0
BRDA:154,0,4,0
BRDA:154,0,5,0
BRDA:154,0,6,0
BRDA:154,0,7,0
BRDA:154,0,8,0
BRDA:154,0,9,0
BRDA:154,0,10,0
BRDA:154,0,11,0
BRDA:154,0,12,0
BRDA:154,0,13,0
BRDA:154,0,14,0
BRDA:154,0,15,0
BRDA:154,0,16,0
BRDA:154,0,17,0
BRDA:154,0,18,0
BRDA:154,0,19,0
BRDA:154,0,20,0
BRDA:154,0,21,0
BRDA:154,0,22,22
BRDA:154,0,23,22
BRDA:154,0,24,0
BRDA:154,0,25,0
BRDA:154,0,26,0
BRDA:154,0,27,0
BRDA:154,0,28,0
BRDA:154,0,29,0
BRDA:154,0,30,0
BRDA:154,0,31,0
BRDA:154,0,32,0
BRDA:154,0,33,0
BRDA:154,0,34,0
BRDA:154,0,35,0
BRDA:154,0,36,0
BRDA:154,0,37,0
BRDA:154,0,38,0
BRDA:154,0,39,0
BRDA:154,0,40,0
BRDA:154,0,41,0
BRDA:154,0,42,0
BRDA:154,0,43,0
BRDA:154,0,44,18
BRDA:154,0,45,18
BRDA:154,0,46,0
BRDA:154,0,47,0
BRDA:154,0,48,0
BRDA:154,0,49,0
BRDA:154,0,50,18
BRDA:154,0,51,18
BRDA:154,0,52,20
BRDA:154,0,53,20
BRDA:154,0,54,12
BRDA:154,0,55,12
BRDA:154,0,56,12
BRDA:154,0,57,12
BRDA:154,0,58,12
BRDA:154,0,59,12
BRDA:154,0,60,0
BRDA:154,0,61,0
BRDA:154,0,62,0
BRDA:154,0,63,0
DA:155,30
BRDA:155,0,0,25
BRDA:155,0,1,25
BRDA:155,0,2,0
BRDA:155,0,3,0
BRDA:155,0,4,0
BRDA:155,0,5,0
BRDA:155,0,6,0
BRDA:155,0,7,0
BRDA:155,0,8,0
BRDA:155,0,9,0
BRDA:155,0,10,0
BRDA:155,0,11,0
BRDA:155,0,12,0
BRDA:155,0,13,0
BRDA:155,0,14,0
BRDA:155,0,15,0
BRDA:155,0,16,0
BRDA:155,0,17,0
BRDA:155,0,18,0
BRDA:155,0,19,0
BRDA:155,0,20,0
BRDA:155,0,21,0
BRDA:155,0,22,28
BRDA:155,0,23,28
BRDA:155,0,24,0
BRDA:155,0,25,0
BRDA:155,0,26,0
BRDA:155,0,27,0
BRDA:155,0,28,0
BRDA:155,0,29,0
BRDA:155,0,30,0
BRDA:155,0,31,0
BRDA:155,0,32,0
BRDA:155,0,33,0
BRDA:155,0,34,0
BRDA:155,0,35,0
BRDA:155,0,36,0
BRDA:155,0,37,0
BRDA:155,0,38,0
BRDA:155,0,39,0
BRDA:155,0,40,0
BRDA:155,0,41,0
BRDA:155,0,42,0
BRDA:155,0,43,0
BRDA:155,0,44,28
BRDA:155,0,45,28
BRDA:155,0,46,0
BRDA:155,0,47,0
BRDA:155,0,48,0
BRDA:155,0,49,0
BRDA:155,0,50,26
BRDA:155,0,51,26
BRDA:155,0,52,30
BRDA:155,0,53,29
BRDA:155,0,54,25
BRDA:155,0,55,25
BRDA:155,0,56,25
BRDA:155,0,57,25
BRDA:155,0,58,25
BRDA:155,0,59,25
BRDA:155,0,60,0
BRDA:155,0,61,0
BRDA:155,0,62,0
BRDA:155,0,63,0
DA:156,45
BRDA:156,0,0,45
BRDA:156,0,1,44
DA:159,22
BRDA:159,0,0,22
BRDA:159,0,1,22
BRDA:159,0,2,11
BRDA:159,0,3,11
BRDA:159,0,4,7
BRDA:159,0,5,7
BRDA:159,0,6,3
BRDA:159,0,7,3
DA:160,1
BRDA:160,0,0,1
BRDA:160,0,1,1
DA:162,4
BRDA:162,0,0,2
BRDA:162,0,1,2
BRDA:162,0,2,3
BRDA:162,0,3,3
BRDA:162,0,4,3
BRDA:162,0,5,3
BRDA:162,0,6,4
BRDA:162,0,7,3
BRDA:162,0,8,4
BRDA:162,0,9,3
BRDA:162,0,10,4
BRDA:162,0,11,3
BRDA:162,0,12,3
BRDA:162,0,13,2
BRDA:162,0,14,2
BRDA:162,0,15,1
BRDA:162,0,16,3
BRDA:162,0,17,2
BRDA:162,0,18,3
BRDA:162,0,19,2
BRDA:162,0,20,3
BRDA:162,0,21,2
BRDA:162,0,22,4
BRDA:162,0,23,4
BRDA:162,0,24,2
BRDA:162,0,25,1
BRDA:162,0,26,3
BRDA:162,0,27,2
BRDA:162,0,28,2
BRDA:162,0,29,1
BRDA:162,0,30,3
BRDA:162,0,31,3
BRDA:162,0,32,1
BRDA:162,0,33,1
BRDA:162,0,34,3
BRDA:162,0,35,2
BRDA:162,0,36,3
BRDA:162,0,37,2
BRDA:162,0,38,4
BRDA:162,0,39,4
BRDA:162,0,40,2
BRDA:162,0,41,2
BRDA:162,0,42,4
BRDA:162,0,43,3
BRDA:162,0,44,2
BRDA:162,0,45,2
BRDA:162,0,46,4
BRDA:162,0,47,4
BRDA:162,0,48,2
BRDA:162,0,49,2
BRDA:162,0,50,3
BRDA:162,0,51,2
BRDA:162,0,52,0
BRDA:162,0,53,0
BRDA:162,0,54,4
BRDA:162,0,55,4
BRDA:162,0,56,1
BRDA:162,0,57,1
BRDA:162,0,58,3
BRDA:162,0,59,2
BRDA:162,0,60,4
BRDA:162,0,61,3
BRDA:162,0,62,3
BRDA:162,0,63,3
BRDA:162,0,64,3
BRDA:162,0,65,3
BRDA:162,0,66,3
BRDA:162,0,67,2
BRDA:162,0,68,3
BRDA:162,0,69,2
BRDA:162,0,70,1
BRDA:162,0,71,1
BRDA:162,0,72,4
BRDA:162,0,73,3
BRDA:162,0,74,2
BRDA:162,0,75,1
BRDA:162,0,76,1
BRDA:162,0,77,0
BRDA:162,0,78,3
BRDA:162,0,79,3
BRDA:162,0,80,3
BRDA:162,0,81,3
BRDA:162,0,82,3
BRDA:162,0,83,2
BRDA:162,0,84,0
BRDA:162,0,85,0
BRDA:162,0,86,2
BRDA:162,0,87,2
BRDA:162,0,88,3
BRDA:162,0,89,2
BRDA:162,0,90,4
BRDA:162,0,91,4
BRDA:162,0,92,3
BRDA:162,0,93,3
BRDA:162,0,94,2
BRDA:162,0,95,2
BRDA:162,0,96,3
BRDA:162,0,97,2
BRDA:162,0,98,1
BRDA:162,0,99,0
BRDA:162,0,100,1
BRDA:162,0,101,0
BRDA:162,0,102,2
BRDA:162,0,103,2
BRDA:162,0,104,2
BRDA:162,0,105,1
BRDA:162,0,106,3
BRDA:162,0,107,2
BRDA:162,0,108,3
BRDA:162,0,109,2
BRDA:162,0,110,3
BRDA:162,0,111,2
BRDA:162,0,112,4
BRDA:162,0,113,4
BRDA:162,0,114,4
BRDA:162,0,115,3
BRDA:162,0,116,2
BRDA:162,0,117,2
BRDA:162,0,118,3
BRDA:162,0,119,3
BRDA:162,0,120,3
BRDA:162,0,121,2
BRDA:162,0,122,3
BRDA:162,0,123,2
BRDA:162,0,124,4
BRDA:162,0,125,3
BRDA:162,0,126,3
BRDA:162,0,127,3
BRDA:162,0,128,1
BRDA:162,0,129,1
BRDA:162,0,130,3
BRDA:162,0,131,2
BRDA:162,0,132,2
BRDA:162,0,133,2
BRDA:162,0,134,2
BRDA:162,0,135,1
BRDA:162,0,136,3
BRDA:162,0,137,3
BRDA:162,0,138,2
BRDA:162,0,139,2
BRDA:162,0,140,2
BRDA:162,0,141,2
BRDA:162,0,142,1
BRDA:162,0,143,1
BRDA:162,0,144,4
BRDA:162,0,145,4
BRDA:162,0,146,3
BRDA:162,0,147,3
BRDA:162,0,148,2
BRDA:162,0,149,1
BRDA:162,0,150,2
BRDA:162,0,151,2
BRDA:162,0,152,2
BRDA:162,0,153,2
BRDA:162,0,154,4
BRDA:162,0,155,3
BRDA:162,0,156,2
BRDA:162,0,157,1
BRDA:162,0,158,1
BRDA:162,0,159,1
BRDA:162,0,160,4
BRDA:162,0,161,3
BRDA:162,0,162,3
BRDA:162,0,163,2
BRDA:162,0,164,2
BRDA:162,0,165,2
BRDA:162,0,166,3
BRDA:162,0,167,2
BRDA:162,0,168,1
BRDA:162,0,169,0
BRDA:162,0,170,3
BRDA:162,0,171,3
BRDA:162,0,172,2
BRDA:162,0,173,2
BRDA:162,0,174,1
BRDA:162,0,175,1
BRDA:162,0,176,2
BRDA:162,0,177,1
BRDA:162,0,178,3
BRDA:162,0,179,2
BRDA:162,0,180,2
BRDA:162,0,181,1
BRDA:162,0,182,3
BRDA:162,0,183,3
BRDA:162,0,184,3
BRDA:162,0,185,2
BRDA:162,0,186,3
BRDA:162,0,187,3
BRDA:162,0,188,3
BRDA:162,0,189,3
BRDA:162,0,190,2
BRDA:162,0,191,1
BRDA:162,0,192,1
BRDA:162,0,193,1
BRDA:162,0,194,2
BRDA:162,0,195,2
BRDA:162,0,196,2
BRDA:162,0,197,2
BRDA:162,0,198,4
BRDA:162,0,199,4
BRDA:162,0,200,1
BRDA:162,0,201,1
BRDA:162,0,202,2
BRDA:162,0,203,1
BRDA:162,0,204,4
BRDA:162,0,205,4
BRDA:162,0,206,3
BRDA:162,0,207,3
BRDA:162,0,208,3
BRDA:162,0,209,2
BRDA:162,0,210,2
BRDA:162,0,211,1
BRDA:162,0,212,4
BRDA:162,0,213,4
BRDA:162,0,214,2
BRDA:162,0,215,1
BRDA:162,0,216,2
BRDA:162,0,217,1
BRDA:162,0,218,3
BRDA:162,0,219,2
BRDA:162,0,220,2
BRDA:162,0,221,2
BRDA:162,0,222,1
BRDA:162,0,223,1
BRDA:162,0,224,3
BRDA:162,0,225,3
BRDA:162,0,226,3
BRDA:162,0,227,2
BRDA:162,0,228,2
BRDA:162,0,229,2
BRDA:162,0,230,1
BRDA:162,0,231,1
BRDA:162,0,232,1
BRDA:162,0,233,1
BRDA:162,0,234,4
BRDA:162,0,235,4
BRDA:162,0,236,1
BRDA:162,0,237,1
BRDA:162,0,238,4
BRDA:162,0,239,3
BRDA:162,0,240,1
BRDA:162,0,241,0
BRDA:162,0,242,3
BRDA:162,0,243,3
BRDA:162,0,244,1
BRDA:162,0,245,0
BRDA:162,0,246,4
BRDA:162,0,247,4
BRDA:162,0,248,3
BRDA:162,0,249,2
BRDA:162,0,250,2
BRDA:162,0,251,2
BRDA:162,0,252,3
BRDA:162,0,253,2
BRDA:162,0,254,0
BRDA:162,0,255,0
BRDA:162,0,256,2
BRDA:162,0,257,1
BRDA:162,0,258,2
BRDA:162,0,259,2
BRDA:162,0,260,4
BRDA:162,0,261,3
BRDA:162,0,262,2
BRDA:162,0,263,1
BRDA:162,0,264,3
BRDA:162,0,265,2
BRDA:162,0,266,4
BRDA:162,0,267,4
BRDA:162,0,268,1
BRDA:162,0,269,1
BRDA:162,0,270,2
BRDA:162,0,271,1
BRDA:162,0,272,4
BRDA:162,0,273,3
BRDA:162,0,274,3
BRDA:162,0,275,3
BRDA:162,0,276,3
BRDA:162,0,277,2
BRDA:162,0,278,3
BRDA:162,0,279,3
BRDA:162,0,280,4
BRDA:162,0,281,3
BRDA:162,0,282,3
BRDA:162,0,283,2
BRDA:162,0,284,2
BRDA:162,0,285,2
BRDA:162,0,286,3
BRDA:162,0,287,2
BRDA:162,0,288,3
BRDA:162,0,289,3
BRDA:162,0,290,3
BRDA:162,0,291,3
BRDA:162,0,292,1
BRDA:162,0,293,0
BRDA:162,0,294,4
BRDA:162,0,295,3
BRDA:162,0,296,3
BRDA:162,0,297,3
BRDA:162,0,298,3
BRDA:162,0,299,2
BRDA:162,0,300,3
BRDA:162,0,301,2
BRDA:162,0,302,4
BRDA:162,0,303,3
BRDA:162,0,304,2
BRDA:162,0,305,2
BRDA:162,0,306,3
BRDA:162,0,307,3
BRDA:162,0,308,1
BRDA:162,0,309,1
BRDA:162,0,310,3
BRDA:162,0,311,3
BRDA:162,0,312,3
BRDA:162,0,313,2
BRDA:162,0,314,3
BRDA:162,0,315,3
BRDA:162,0,316,2
BRDA:162,0,317,1
BRDA:162,0,318,4
BRDA:162,0,319,3
BRDA:162,0,320,3
BRDA:162,0,321,3
BRDA:162,0,322,2
BRDA:162,0,323,2
BRDA:162,0,324,3
BRDA:162,0,325,2
BRDA:162,0,326,3
BRDA:162,0,327,3
BRDA:162,0,328,3
BRDA:162,0,329,2
BRDA:162,0,330,3
BRDA:162,0,331,3
BRDA:162,0,332,2
BRDA:162,0,333,2
BRDA:162,0,334,3
BRDA:162,0,335,2
BRDA:162,0,336,3
BRDA:162,0,337,2
BRDA:162,0,338,4
BRDA:162,0,339,3
BRDA:162,0,340,2
BRDA:162,0,341,1
BRDA:162,0,342,2
BRDA:162,0,343,2
BRDA:162,0,344,3
BRDA:162,0,345,2
BRDA:162,0,346,1
BRDA:162,0,347,1
BRDA:162,0,348,3
BRDA:162,0,349,2
BRDA:162,0,350,3
BRDA:162,0,351,2
BRDA:162,0,352,2
BRDA:162,0,353,1
BRDA:162,0,354,3
BRDA:162,0,355,2
BRDA:162,0,356,2
BRDA:162,0,357,2
BRDA:162,0,358,2
BRDA:162,0,359,1
BRDA:162,0,360,3
BRDA:162,0,361,2
BRDA:162,0,362,2
BRDA:162,0,363,1
BRDA:162,0,364,2
BRDA:162,0,365,1
BRDA:162,0,366,2
BRDA:162,0,367,2
BRDA:162,0,368,4
BRDA:162,0,369,3
BRDA:162,0,370,3
BRDA:162,0,371,3
BRDA:162,0,372,3
BRDA:162,0,373,2
BRDA:162,0,374,2
BRDA:162,0,375,1
BRDA:162,0,376,2
BRDA:162,0,377,2
BRDA:162,0,378,4
BRDA:162,0,379,4
BRDA:162,0,380,2
BRDA:162,0,381,2
BRDA:162,0,382,0
BRDA:162,0,383,0
BRDA:162,0,384,3
BRDA:162,0,385,3
BRDA:162,0,386,1
BRDA:162,0,387,1
BRDA:162,0,388,3
BRDA:162,0,389,3
BRDA:162,0,390,2
BRDA:162,0,391,1
BRDA:162,0,392,3
BRDA:162,0,393,2
BRDA:162,0,394,2
BRDA:162,0,395,1
BRDA:162,0,396,3
BRDA:162,0,397,2
BRDA:162,0,398,2
BRDA:162,0,399,1
BRDA:162,0,400,2
BRDA:162,0,401,1
BRDA:162,0,402,4
BRDA:162,0,403,3
BRDA:162,0,404,3
BRDA:162,0,405,2
BRDA:162,0,406,3
BRDA:162,0,407,3
BRDA:162,0,408,2
BRDA:162,0,409,2
BRDA:162,0,410,2
BRDA:162,0,411,1
BRDA:162,0,412,1
BRDA:162,0,413,1
BRDA:162,0,414,3
BRDA:162,0,415,3
BRDA:162,0,416,3
BRDA:162,0,417,2
BRDA:162,0,418,2
BRDA:162,0,419,1
BRDA:162,0,420,2
BRDA:162,0,421,1
BRDA:162,0,422,3
BRDA:162,0,423,3
BRDA:162,0,424,2
BRDA:162,0,425,2
BRDA:162,0,426,1
BRDA:162,0,427,1
BRDA:162,0,428,3
BRDA:162,0,429,2
BRDA:162,0,430,2
BRDA:162,0,431,2
BRDA:162,0,432,4
BRDA:162,0,433,3
BRDA:162,0,434,3
BRDA:162,0,435,2
BRDA:162,0,436,2
BRDA:162,0,437,1
BRDA:162,0,438,4
BRDA:162,0,439,4
BRDA:162,0,440,1
BRDA:162,0,441,1
BRDA:162,0,442,4
BRDA:162,0,443,3
BRDA:162,0,444,4
BRDA:162,0,445,3
BRDA:162,0,446,2
BRDA:162,0,447,2
BRDA:162,0,448,2
BRDA:162,0,449,2
BRDA:162,0,450,3
BRDA:162,0,451,2
BRDA:162,0,452,2
BRDA:162,0,453,2
BRDA:162,0,454,2
BRDA:162,0,455,1
BRDA:162,0,456,2
BRDA:162,0,457,2
BRDA:162,0,458,2
BRDA:162,0,459,1
BRDA:162,0,460,4
BRDA:162,0,461,4
BRDA:162,0,462,3
BRDA:162,0,463,2
BRDA:162,0,464,4
BRDA:162,0,465,3
BRDA:162,0,466,3
BRDA:162,0,467,2
BRDA:162,0,468,2
BRDA:162,0,469,1
BRDA:162,0,470,0
BRDA:162,0,471,0
BRDA:162,0,472,2
BRDA:162,0,473,1
BRDA:162,0,474,3
BRDA:162,0,475,2
BRDA:162,0,476,3
BRDA:162,0,477,2
BRDA:162,0,478,2
BRDA:162,0,479,2
BRDA:162,0,480,3
BRDA:162,0,481,2
BRDA:162,0,482,3
BRDA:162,0,483,3
BRDA:162,0,484,3
BRDA:162,0,485,3
BRDA:162,0,486,3
BRDA:162,0,487,3
BRDA:162,0,488,3
BRDA:162,0,489,3
BRDA:162,0,490,2
BRDA:162,0,491,2
BRDA:162,0,492,3
BRDA:162,0,493,2
BRDA:162,0,494,2
BRDA:162,0,495,1
BRDA:162,0,496,2
BRDA:162,0,497,2
BRDA:162,0,498,3
BRDA:162,0,499,2
BRDA:162,0,500,3
BRDA:162,0,501,3
BRDA:162,0,502,2
BRDA:162,0,503,1
BRDA:162,0,504,3
BRDA:162,0,505,2
BRDA:162,0,506,2
BRDA:162,0,507,2
BRDA:162,0,508,4
BRDA:162,0,509,3
BRDA:162,0,510,2
BRDA:162,0,511,2
DA:163,93
BRDA:163,0,0,84
BRDA:163,0,1,83
BRDA:163,0,2,83
BRDA:163,0,3,83
BRDA:163,0,4,77
BRDA:163,0,5,76
BRDA:163,0,6,81
BRDA:163,0,7,81
BRDA:163,0,8,91
BRDA:163,0,9,91
BRDA:163,0,10,86
BRDA:163,0,11,86
BRDA:163,0,12,77
BRDA:163,0,13,77
BRDA:163,0,14,87
BRDA:163,0,15,87
BRDA:163,0,16,83
BRDA:163,0,17,82
BRDA:163,0,18,80
BRDA:163,0,19,79
BRDA:163,0,20,83
BRDA:163,0,21,83
BRDA:163,0,22,83
BRDA:163,0,23,83
BRDA:163,0,24,72
BRDA:163,0,25,71
BRDA:163,0,26,74
BRDA:163,0,27,73
BRDA:163,0,28,81
BRDA:163,0,29,80
BRDA:163,0,30,82
BRDA:163,0,31,82
BRDA:163,0,32,75
BRDA:163,0,33,75
BRDA:163,0,34,87
BRDA:163,0,35,87
BRDA:163,0,36,86
BRDA:163,0,37,85
BRDA:163,0,38,78
BRDA:163,0,39,77
BRDA:163,0,40,80
BRDA:163,0,41,79
BRDA:163,0,42,84
BRDA:163,0,43,83
BRDA:163,0,44,79
BRDA:163,0,45,79
BRDA:163,0,46,83
BRDA:163,0,47,83
BRDA:163,0,48,89
BRDA:163,0,49,88
BRDA:163,0,50,87
BRDA:163,0,51,87
BRDA:163,0,52,83
BRDA:163,0,53,83
BRDA:163,0,54,75
BRDA:163,0,55,74
BRDA:163,0,56,88
BRDA:163,0,57,88
BRDA:163,0,58,81
BRDA:163,0,59,81
BRDA:163,0,60,76
BRDA:163,0,61,75
BRDA:163,0,62,78
BRDA:163,0,63,77
BRDA:163,0,64,83
BRDA:163,0,65,82
BRDA:163,0,66,83
BRDA:163,0,67,82
BRDA:163,0,68,80
BRDA:163,0,69,79
BRDA:163,0,70,82
BRDA:163,0,71,81
BRDA:163,0,72,89
BRDA:163,0,73,88
BRDA:163,0,74,87
BRDA:163,0,75,87
BRDA:163,0,76,77
BRDA:163,0,77,77
BRDA:163,0,78,87
BRDA:163,0,79,86
BRDA:163,0,80,83
BRDA:163,0,81,83
BRDA:163,0,82,81
BRDA:163,0,83,80
BRDA:163,0,84,83
BRDA:163,0,85,82
BRDA:163,0,86,84
BRDA:163,0,87,83
BRDA:163,0,88,70
BRDA:163,0,89,70
BRDA:163,0,90,75
BRDA:163,0,91,74
BRDA:163,0,92,82
BRDA:163,0,93,82
BRDA:163,0,94,81
BRDA:163,0,95,80
BRDA:163,0,96,77
BRDA:163,0,97,76
BRDA:163,0,98,86
BRDA:163,0,99,85
BRDA:163,0,100,85
BRDA:163,0,101,85
BRDA:163,0,102,78
BRDA:163,0,103,77
BRDA:163,0,104,82
BRDA:163,0,105,81
BRDA:163,0,106,83
BRDA:163,0,107,82
BRDA:163,0,108,78
BRDA:163,0,109,77
BRDA:163,0,110,84
BRDA:163,0,111,84
BRDA:163,0,112,90
BRDA:163,0,113,89
BRDA:163,0,114,88
BRDA:163,0,115,88
BRDA:163,0,116,83
BRDA:163,0,117,83
BRDA:163,0,118,76
BRDA:163,0,119,76
BRDA:163,0,120,89
BRDA:163,0,121,88
BRDA:163,0,122,83
BRDA:163,0,123,83
BRDA:163,0,124,75
BRDA:163,0,125,74
BRDA:163,0,126,77
BRDA:163,0,127,76
BRDA:163,0,128,83
BRDA:163,0,129,83
BRDA:163,0,130,84
BRDA:163,0,131,84
BRDA:163,0,132,79
BRDA:163,0,133,79
BRDA:163,0,134,82
BRDA:163,0,135,82
BRDA:163,0,136,88
BRDA:163,0,137,87
BRDA:163,0,138,89
BRDA:163,0,139,89
BRDA:163,0,140,76
BRDA:163,0,141,76
BRDA:163,0,142,87
BRDA:163,0,143,86
BRDA:163,0,144,82
BRDA:163,0,145,82
BRDA:163,0,146,79
BRDA:163,0,147,79
BRDA:163,0,148,84
BRDA:163,0,149,83
BRDA:163,0,150,87
BRDA:163,0,151,86
BRDA:163,0,152,70
BRDA:163,0,153,69
BRDA:163,0,154,75
BRDA:163,0,155,74
BRDA:163,0,156,81
BRDA:163,0,157,80
BRDA:163,0,158,80
BRDA:163,0,159,79
BRDA:163,0,160,77
BRDA:163,0,161,77
BRDA:163,0,162,88
BRDA:163,0,163,87
BRDA:163,0,164,86
BRDA:163,0,165,85
BRDA:163,0,166,76
BRDA:163,0,167,75
BRDA:163,0,168,81
BRDA:163,0,169,80
BRDA:163,0,170,80
BRDA:163,0,171,80
BRDA:163,0,172,80
BRDA:163,0,173,79
BRDA:163,0,174,84
BRDA:163,0,175,83
BRDA:163,0,176,90
BRDA:163,0,177,90
BRDA:163,0,178,87
BRDA:163,0,179,87
BRDA:163,0,180,85
BRDA:163,0,181,85
BRDA:163,0,182,77
BRDA:163,0,183,76
BRDA:163,0,184,92
BRDA:163,0,185,91
BRDA:163,0,186,83
BRDA:163,0,187,82
BRDA:163,0,188,76
BRDA:163,0,189,76
BRDA:163,0,190,76
BRDA:163,0,191,75
BRDA:163,0,192,82
BRDA:163,0,193,82
BRDA:163,0,194,85
BRDA:163,0,195,84
BRDA:163,0,196,79
BRDA:163,0,197,78
BRDA:163,0,198,79
BRDA:163,0,199,79
BRDA:163,0,200,85
BRDA:163,0,201,85
BRDA:163,0,202,87
BRDA:163,0,203,86
BRDA:163,0,204,76
BRDA:163,0,205,76
BRDA:163,0,206,87
BRDA:163,0,207,87
BRDA:163,0,208,80
BRDA:163,0,209,79
BRDA:163,0,210,78
BRDA:163,0,211,77
BRDA:163,0,212,83
BRDA:163,0,213,83
BRDA:163,0,214,86
BRDA:163,0,215,86
BRDA:163,0,216,69
BRDA:163,0,217,69
BRDA:163,0,218,74
BRDA:163,0,219,73
BRDA:163,0,220,81
BRDA:163,0,221,80
BRDA:163,0,222,78
BRDA:163,0,223,77
BRDA:163,0,224,79
BRDA:163,0,225,79
BRDA:163,0,226,87
BRDA:163,0,227,87
BRDA:163,0,228,84
BRDA:163,0,229,83
BRDA:163,0,230,79
BRDA:163,0,231,78
BRDA:163,0,232,84
BRDA:163,0,233,83
BRDA:163,0,234,80
BRDA:163,0,235,80
BRDA:163,0,236,78
BRDA:163,0,237,78
BRDA:163,0,238,80
BRDA:163,0,239,80
BRDA:163,0,240,92
BRDA:163,0,241,92
BRDA:163,0,242,87
BRDA:163,0,243,86
BRDA:163,0,244,84
BRDA:163,0,245,83
BRDA:163,0,246,75
BRDA:163,0,247,75
BRDA:163,0,248,93
BRDA:163,0,249,93
BRDA:163,0,250,81
BRDA:163,0,251,81
BRDA:163,0,252,75
BRDA:163,0,253,75
BRDA:163,0,254,77
BRDA:163,0,255,77
BRDA:163,0,256,80
BRDA:163,0,257,80
BRDA:163,0,258,81
BRDA:163,0,259,81
BRDA:163,0,260,77
BRDA:163,0,261,76
BRDA:163,0,262,85
BRDA:163,0,263,85
BRDA:163,0,264,79
BRDA:163,0,265,78
BRDA:163,0,266,80
BRDA:163,0,267,79
BRDA:163,0,268,76
BRDA:163,0,269,75
BRDA:163,0,270,84
BRDA:163,0,271,84
BRDA:163,0,272,81
BRDA:163,0,273,81
BRDA:163,0,274,81
BRDA:163,0,275,80
BRDA:163,0,276,80
BRDA:163,0,277,79
BRDA:163,0,278,83
BRDA:163,0,279,82
BRDA:163,0,280,83
BRDA:163,0,281,83
BRDA:163,0,282,85
BRDA:163,0,283,84
BRDA:163,0,284,83
BRDA:163,0,285,83
BRDA:163,0,286,84
BRDA:163,0,287,83
BRDA:163,0,288,91
BRDA:163,0,289,90
BRDA:163,0,290,75
BRDA:163,0,291,74
BRDA:163,0,292,69
BRDA:163,0,293,69
BRDA:163,0,294,86
BRDA:163,0,295,85
BRDA:163,0,296,84
BRDA:163,0,297,83
BRDA:163,0,298,86
BRDA:163,0,299,86
BRDA:163,0,300,83
BRDA:163,0,301,82
BRDA:163,0,302,78
BRDA:163,0,303,78
BRDA:163,0,304,79
BRDA:163,0,305,79
BRDA:163,0,306,90
BRDA:163,0,307,90
BRDA:163,0,308,80
BRDA:163,0,309,80
BRDA:163,0,310,74
BRDA:163,0,311,74
BRDA:163,0,312,79
BRDA:163,0,313,78
BRDA:163,0,314,79
BRDA:163,0,315,78
BRDA:163,0,316,80
BRDA:163,0,317,80
BRDA:163,0,318,80
BRDA:163,0,319,80
BRDA:163,0,320,80
BRDA:163,0,321,80
BRDA:163,0,322,79
BRDA:163,0,323,78
BRDA:163,0,324,78
BRDA:163,0,325,77
BRDA:163,0,326,86
BRDA:163,0,327,85
BRDA:163,0,328,80
BRDA:163,0,329,79
BRDA:163,0,330,78
BRDA:163,0,331,78
BRDA:163,0,332,77
BRDA:163,0,333,76
BRDA:163,0,334,87
BRDA:163,0,335,86
BRDA:163,0,336,82
BRDA:163,0,337,82
BRDA:163,0,338,81
BRDA:163,0,339,81
BRDA:163,0,340,82
BRDA:163,0,341,81
BRDA:163,0,342,82
BRDA:163,0,343,82
BRDA:163,0,344,83
BRDA:163,0,345,82
BRDA:163,0,346,83
BRDA:163,0,347,83
BRDA:163,0,348,83
BRDA:163,0,349,82
BRDA:163,0,350,83
BRDA:163,0,351,82
BRDA:163,0,352,88
BRDA:163,0,353,88
BRDA:163,0,354,77
BRDA:163,0,355,77
BRDA:163,0,356,69
BRDA:163,0,357,69
BRDA:163,0,358,86
BRDA:163,0,359,86
BRDA:163,0,360,82
BRDA:163,0,361,82
BRDA:163,0,362,86
BRDA:163,0,363,85
BRDA:163,0,364,82
BRDA:163,0,365,82
BRDA:163,0,366,80
BRDA:163,0,367,80
BRDA:163,0,368,81
BRDA:163,0,369,81
BRDA:163,0,370,91
BRDA:163,0,371,90
BRDA:163,0,372,82
BRDA:163,0,373,82
BRDA:163,0,374,75
BRDA:163,0,375,74
BRDA:163,0,376,80
BRDA:163,0,377,80
BRDA:163,0,378,81
BRDA:163,0,379,80
BRDA:163,0,380,79
BRDA:163,0,381,78
BRDA:163,0,382,81
BRDA:163,0,383,80
BRDA:163,0,384,82
BRDA:163,0,385,81
BRDA:163,0,386,78
BRDA:163,0,387,77
BRDA:163,0,388,75
BRDA:163,0,389,75
BRDA:163,0,390,87
BRDA:163,0,391,86
BRDA:163,0,392,80
BRDA:163,0,393,80
BRDA:163,0,394,76
BRDA:163,0,395,76
BRDA:163,0,396,76
BRDA:163,0,397,76
BRDA:163,0,398,84
BRDA:163,0,399,84
BRDA:163,0,400,83
BRDA:163,0,401,83
BRDA:163,0,402,81
BRDA:163,0,403,80
BRDA:163,0,404,81
BRDA:163,0,405,80
BRDA:163,0,406,83
BRDA:163,0,407,83
BRDA:163,0,408,81
BRDA:163,0,409,81
BRDA:163,0,410,83
BRDA:163,0,411,82
BRDA:163,0,412,81
BRDA:163,0,413,81
BRDA:163,0,414,86
BRDA:163,0,415,85
BRDA:163,0,416,88
BRDA:163,0,417,87
BRDA:163,0,418,76
BRDA:163,0,419,75
BRDA:163,0,420,71
BRDA:163,0,421,70
BRDA:163,0,422,84
BRDA:163,0,423,84
BRDA:163,0,424,82
BRDA:163,0,425,82
BRDA:163,0,426,86
BRDA:163,0,427,85
BRDA:163,0,428,82
BRDA:163,0,429,82
BRDA:163,0,430,80
BRDA:163,0,431,79
BRDA:163,0,432,82
BRDA:163,0,433,82
BRDA:163,0,434,89
BRDA:163,0,435,89
BRDA:163,0,436,82
BRDA:163,0,437,81
BRDA:163,0,438,77
BRDA:163,0,439,76
BRDA:163,0,440,78
BRDA:163,0,441,77
BRDA:163,0,442,80
BRDA:163,0,443,79
BRDA:163,0,444,82
BRDA:163,0,445,81
BRDA:163,0,446,81
BRDA:163,0,447,80
BRDA:163,0,448,82
BRDA:163,0,449,81
BRDA:163,0,450,79
BRDA:163,0,451,79
BRDA:163,0,452,75
BRDA:163,0,453,74
BRDA:163,0,454,87
BRDA:163,0,455,87
BRDA:163,0,456,79
BRDA:163,0,457,79
BRDA:163,0,458,76
BRDA:163,0,459,76
BRDA:163,0,460,75
BRDA:163,0,461,74
BRDA:163,0,462,85
BRDA:163,0,463,85
BRDA:163,0,464,84
BRDA:163,0,465,83
BRDA:163,0,466,81
BRDA:163,0,467,80
BRDA:163,0,468,79
BRDA:163,0,469,78
BRDA:163,0,470,83
BRDA:163,0,471,82
BRDA:163,0,472,78
BRDA:163,0,473,77
BRDA:163,0,474,84
BRDA:163,0,475,84
BRDA:163,0,476,83
BRDA:163,0,477,83
BRDA:163,0,478,84
BRDA:163,0,479,83
BRDA:163,0,480,87
BRDA:163,0,481,86
BRDA:163,0,482,74
BRDA:163,0,483,74
BRDA:163,0,484,71
BRDA:163,0,485,70
BRDA:163,0,486,84
BRDA:163,0,487,84
BRDA:163,0,488,81
BRDA:163,0,489,81
BRDA:163,0,490,85
BRDA:163,0,491,84
BRDA:163,0,492,81
BRDA:163,0,493,81
BRDA:163,0,494,81
BRDA:163,0,495,80
BRDA:163,0,496,81
BRDA:163,0,497,80
BRDA:163,0,498,88
BRDA:163,0,499,88
BRDA:163,0,500,84
BRDA:163,0,501,83
BRDA:163,0,502,77
BRDA:163,0,503,77
BRDA:163,0,504,77
BRDA:163,0,505,76
BRDA:163,0,506,79
BRDA:163,0,507,79
BRDA:163,0,508,78
BRDA:163,0,509,78
BRDA:163,0,510,78
BRDA:163,0,511,78
DA:164,160
BRDA:164,0,0,160
BRDA:164,0,1,160
BRDA:164,0,2,80
BRDA:164,0,3,80
BRDA:164,0,4,40
BRDA:164,0,5,40
BRDA:164,0,6,20
BRDA:164,0,7,20
BRDA:164,0,8,10
BRDA:164,0,9,10
BRDA:164,0,10,5
BRDA:164,0,11,5
BRDA:164,0,12,5
BRDA:164,0,13,4
DA:166,70
BRDA:166,0,0,67
BRDA:166,0,1,66
BRDA:166,0,2,60
BRDA:166,0,3,60
BRDA:166,0,4,52
BRDA:166,0,5,52
BRDA:166,0,6,58
BRDA:166,0,7,57
BRDA:166,0,8,52
BRDA:166,0,9,52
BRDA:166,0,10,64
BRDA:166,0,11,64
BRDA:166,0,12,59
BRDA:166,0,13,59
BRDA:166,0,14,57
BRDA:166,0,15,56
BRDA:166,0,16,59
BRDA:166,0,17,59
BRDA:166,0,18,61
BRDA:166,0,19,61
BRDA:166,0,20,59
BRDA:166,0,21,59
BRDA:166,0,22,70
BRDA:166,0,23,69
BRDA:166,0,24,68
BRDA:166,0,25,68
BRDA:166,0,26,57
BRDA:166,0,27,56
BRDA:166,0,28,60
BRDA:166,0,29,60
BRDA:166,0,30,59
BRDA:166,0,31,58
BRDA:166,0,32,54
BRDA:166,0,33,54
BRDA:166,0,34,61
BRDA:166,0,35,60
BRDA:166,0,36,56
BRDA:166,0,37,55
BRDA:166,0,38,58
BRDA:166,0,39,57
BRDA:166,0,40,57
BRDA:166,0,41,57
BRDA:166,0,42,57
BRDA:166,0,43,56
BRDA:166,0,44,68
BRDA:166,0,45,67
BRDA:166,0,46,59
BRDA:166,0,47,58
BRDA:166,0,48,62
BRDA:166,0,49,61
BRDA:166,0,50,65
BRDA:166,0,51,65
BRDA:166,0,52,65
BRDA:166,0,53,65
BRDA:166,0,54,61
BRDA:166,0,55,60
BRDA:166,0,56,62
BRDA:166,0,57,61
BRDA:166,0,58,62
BRDA:166,0,59,62
BRDA:166,0,60,63
BRDA:166,0,61,63
BRDA:166,0,62,65
BRDA:166,0,63,64
DA:168,4
BRDA:168,0,0,4
BRDA:168,0,1,4
DA:169,0
BRDA:169,0,0,0
BRDA:169,0,1,0
DA:170,0
BRDA:170,0,0,0
BRDA:170,0,1,0
BRDA:170,0,2,0
BRDA:170,0,3,0
BRDA:170,0,4,0
BRDA:170,0,5,0
BRDA:170,0,6,0
BRDA:170,0,7,0
BRDA:170,0,8,0
BRDA:170,0,9,0
BRDA:170,0,10,0
BRDA:170,0,11,0
BRDA:170,0,12,0
BRDA:170,0,13,0
BRDA:170,0,14,0
BRDA:170,0,15,0
BRDA:170,0,16,0
BRDA:170,0,17,0
BRDA:170,0,18,0
BRDA:170,0,19,0
BRDA:170,0,20,0
BRDA:170,0,21,0
BRDA:170,0,22,0
BRDA:170,0,23,0
BRDA:170,0,24,0
BRDA:170,0,25,0
BRDA:170,0,26,0
BRDA:170,0,27,0
BRDA:170,0,28,0
BRDA:170,0,29,0
BRDA:170,0,30,0
BRDA:170,0,31,0
BRDA:170,0,32,0
BRDA:170,0,33,0
BRDA:170,0,34,0
BRDA:170,0,35,0
BRDA:170,0,36,0
BRDA:170,0,37,0
BRDA:170,0,38,0
BRDA:170,0,39,0
BRDA:170,0,40,0
BRDA:170,0,41,0
BRDA:170,0,42,0
BRDA:170,0,43,0
BRDA:170,0,44,0
BRDA:170,0,45,0
BRDA:170,0,46,0
BRDA:170,0,47,0
BRDA:170,0,48,0
BRDA:170,0,49,0
BRDA:170,0,50,0
BRDA:170,0,51,0
BRDA:170,0,52,0
BRDA:170,0,53,0
BRDA:170,0,54,0
BRDA:170,0,55,0
BRDA:170,0,56,0
BRDA:170,0,57,0
BRDA:170,0,58,0
BRDA:170,0,59,0
BRDA:170,0,60,0
BRDA:170,0,61,0
BRDA:170,0,62,0
BRDA:170,0,63,0
BRDA:170,0,64,0
BRDA:170,0,65,0
BRDA:170,0,66,0
BRDA:170,0,67,0
BRDA:170,0,68,0
BRDA:170,0,69,0
BRDA:170,0,70,0
BRDA:170,0,71,0
BRDA:170,0,72,0
BRDA:170,0,73,0
BRDA:170,0,74,0
BRDA:170,0,75,0
BRDA:170,0,76,0
BRDA:170,0,77,0
BRDA:170,0,78,0
BRDA:170,0,79,0
BRDA:170,0,80,0
BRDA:170,0,81,0
BRDA:170,0,82,0
BRDA:170,0,83,0
BRDA:170,0,84,0
BRDA:170,0,85,0
BRDA:170,0,86,0
BRDA:170,0,87,0
BRDA:170,0,88,0
BRDA:170,0,89,0
BRDA:170,0,90,0
BRDA:170,0,91,0
BRDA:170,0,92,0
BRDA:170,0,93,0
BRDA:170,0,94,0
BRDA:170,0,95,0
BRDA:170,0,96,0
BRDA:170,0,97,0
BRDA:170,0,98,0
BRDA:170,0,99,0
BRDA:170,0,100,0
BRDA:170,0,101,0
BRDA:170,0,102,0
BRDA:170,0,103,0
BRDA:170,0,104,0
BRDA:170,0,105,0
BRDA:170,0,106,0
BRDA:170,0,107,0
BRDA:170,0,108,0
BRDA:170,0,109,0
BRDA:170,0,110,0
BRDA:170,0,111,0
BRDA:170,0,112,0
BRDA:170,0,113,0
BRDA:170,0,114,0
BRDA:170,0,115,0
BRDA:170,0,116,0
BRDA:170,0,117,0
BRDA:170,0,118,0
BRDA:170,0,119,0
BRDA:170,0,120,0
BRDA:170,0,121,0
BRDA:170,0,122,0
BRDA:170,0,123,0
BRDA:170,0,124,0
BRDA:170,0,125,0
BRDA:170,0,126,0
BRDA:170,0,127,0
BRDA:170,0,128,0
BRDA:170,0,129,0
BRDA:170,0,130,0
BRDA:170,0,131,0
BRDA:170,0,132,0
BRDA:170,0,133,0
BRDA:170,0,134,0
BRDA:170,0,135,0
BRDA:170,0,136,0
BRDA:170,0,137,0
BRDA:170,0,138,0
BRDA:170,0,139,0
BRDA:170,0,140,0
BRDA:170,0,141,0
BRDA:170,0,142,0
BRDA:170,0,143,0
BRDA:170,0,144,0
BRDA:170,0,145,0
BRDA:170,0,146,0
BRDA:170,0,147,0
BRDA:170,0,148,0
BRDA:170,0,149,0
BRDA:170,0,150,0
BRDA:170,0,151,0
BRDA:170,0,152,0
BRDA:170,0,153,0
BRDA:170,0,154,0
BRDA:170,0,155,0
BRDA:170,0,156,0
BRDA:170,0,157,0
BRDA:170,0,158,0
BRDA:170,0,159,0
BRDA:170,0,160,0
BRDA:170,0,161,0
BRDA:170,0,162,0
BRDA:170,0,163,0
BRDA:170,0,164,0
BRDA:170,0,165,0
BRDA:170,0,166,0
BRDA:170,0,167,0
BRDA:170,0,168,0
BRDA:170,0,169,0
BRDA:170,0,170,0
BRDA:170,0,171,0
BRDA:170,0,172,0
BRDA:170,0,173,0
BRDA:170,0,174,0
BRDA:170,0,175,0
BRDA:170,0,176,0
BRDA:170,0,177,0
BRDA:170,0,178,0
BRDA:170,0,179,0
BRDA:170,0,180,0
BRDA:170,0,181,0
BRDA:170,0,182,0
BRDA:170,0,183,0
BRDA:170,0,184,0
BRDA:170,0,185,0
BRDA:170,0,186,0
BRDA:170,0,187,0
BRDA:170,0,188,0
BRDA:170,0,189,0
BRDA:170,0,190,0
BRDA:170,0,191,0
BRDA:170,0,192,0
BRDA:170,0,193,0
BRDA:170,0,194,0
BRDA:170,0,195,0
BRDA:170,0,196,0
BRDA:170,0,197,0
BRDA:170,0,198,0
BRDA:170,0,199,0
BRDA:170,0,200,0
BRDA:170,0,201,0
BRDA:170,0,202,0
BRDA:170,0,203,0
BRDA:170,0,204,0
BRDA:170,0,205,0
BRDA:170,0,206,0
BRDA:170,0,207,0
BRDA:170,0,208,0
BRDA:170,0,209,0
BRDA:170,0,210,0
BRDA:170,0,211,0
BRDA:170,0,212,0
BRDA:170,0,213,0
BRDA:170,0,214,0
BRDA:170,0,215,0
BRDA:170,0,216,0
BRDA:170,0,217,0
BRDA:170,0,218,0
BRDA:170,0,219,0
BRDA:170,0,220,0
BRDA:170,0,221,0
BRDA:170,0,222,0
BRDA:170,0,223,0
BRDA:170,0,224,0
BRDA:170,0,225,0
BRDA:170,0,226,0
BRDA:170,0,227,0
BRDA:170,0,228,0
BRDA:170,0,229,0
BRDA:170,0,230,0
BRDA:170,0,231,0
BRDA:170,0,232,0
BRDA:170,0,233,0
BRDA:170,0,234,0
BRDA:170,0,235,0
BRDA:170,0,236,0
BRDA:170,0,237,0
BRDA:170,0,238,0
BRDA:170,0,239,0
BRDA:170,0,240,0
BRDA:170,0,241,0
BRDA:170,0,242,0
BRDA:170,0,243,0
BRDA:170,0,244,0
BRDA:170,0,245,0
BRDA:170,0,246,0
BRDA:170,0,247,0
BRDA:170,0,248,0
BRDA:170,0,249,0
BRDA:170,0,250,0
BRDA:170,0,251,0
BRDA:170,0,252,0
BRDA:170,0,253,0
BRDA:170,0,254,0
BRDA:170,0,255,0
BRDA:170,0,256,0
BRDA:170,0,257,0
BRDA:170,0,258,0
BRDA:170,0,259,0
BRDA:170,0,260,0
BRDA:170,0,261,0
BRDA:170,0,262,0
BRDA:170,0,263,0
BRDA:170,0,264,0
BRDA:170,0,265,0
BRDA:170,0,266,0
BRDA:170,0,267,0
BRDA:170,0,268,0
BRDA:170,0,269,0
BRDA:170,0,270,0
BRDA:170,0,271,0
BRDA:170,0,272,0
BRDA:170,0,273,0
BRDA:170,0,274,0
BRDA:170,0,275,0
BRDA:170,0,276,0
BRDA:170,0,277,0
BRDA:170,0,278,0
BRDA:170,0,279,0
BRDA:170,0,280,0
BRDA:170,0,281,0
BRDA:170,0,282,0
BRDA:170,0,283,0
BRDA:170,0,284,0
BRDA:170,0,285,0
BRDA:170,0,286,0
BRDA:170,0,287,0
BRDA:170,0,288,0
BRDA:170,0,289,0
BRDA:170,0,290,0
BRDA:170,0,291,0
BRDA:170,0,292,0
BRDA:170,0,293,0
BRDA:170,0,294,0
BRDA:170,0,295,0
BRDA:170,0,296,0
BRDA:170,0,297,0
BRDA:170,0,298,0
BRDA:170,0,299,0
BRDA:170,0,300,0
BRDA:170,0,301,0
BRDA:170,0,302,0
BRDA:170,0,303,0
BRDA:170,0,304,0
BRDA:170,0,305,0
BRDA:170,0,306,0
BRDA:170,0,307,0
BRDA:170,0,308,0
BRDA:170,0,309,0
BRDA:170,0,310,0
BRDA:170,0,311,0
BRDA:170,0,312,0
BRDA:170,0,313,0
BRDA:170,0,314,0
BRDA:170,0,315,0
BRDA:170,0,316,0
BRDA:170,0,317,0
BRDA:170,0,318,0
BRDA:170,0,319,0
BRDA:170,0,320,0
BRDA:170,0,321,0
BRDA:170,0,322,0
BRDA:170,0,323,0
BRDA:170,0,324,0
BRDA:170,0,325,0
BRDA:170,0,326,0
BRDA:170,0,327,0
BRDA:170,0,328,0
BRDA:170,0,329,0
BRDA:170,0,330,0
BRDA:170,0,331,0
BRDA:170,0,332,0
BRDA:170,0,333,0
BRDA:170,0,334,0
BRDA:170,0,335,0
BRDA:170,0,336,0
BRDA:170,0,337,0
BRDA:170,0,338,0
BRDA:170,0,339,0
BRDA:170,0,340,0
BRDA:170,0,341,0
BRDA:170,0,342,0
BRDA:170,0,343,0
BRDA:170,0,344,0
BRDA:170,0,345,0
BRDA:170,0,346,0
BRDA:170,0,347,0
BRDA:170,0,348,0
BRDA:170,0,349,0
BRDA:170,0,350,0
BRDA:170,0,351,0
BRDA:170,0,352,0
BRDA:170,0,353,0
BRDA:170,0,354,0
BRDA:170,0,355,0
BRDA:170,0,356,0
BRDA:170,0,357,0
BRDA:170,0,358,0
BRDA:170,0,359,0
BRDA:170,0,360,0
BRDA:170,0,361,0
BRDA:170,0,362,0
BRDA:170,0,363,0
BRDA:170,0,364,0
BRDA:170,0,365,0
BRDA:170,0,366,0
BRDA:170,0,367,0
BRDA:170,0,368,0
BRDA:170,0,369,0
BRDA:170,0,370,0
BRDA:170,0,371,0
BRDA:170,0,372,0
BRDA:170,0,373,0
BRDA:170,0,374,0
BRDA:170,0,375,0
BRDA:170,0,376,0
BRDA:170,0,377,0
BRDA:170,0,378,0
BRDA:170,0,379,0
BRDA:170,0,380,0
BRDA:170,0,381,0
BRDA:170,0,382,0
BRDA:170,0,383,0
BRDA:170,0,384,0
BRDA:170,0,385,0
BRDA:170,0,386,0
BRDA:170,0,387,0
BRDA:170,0,388,0
BRDA:170,0,389,0
BRDA:170,0,390,0
BRDA:170,0,391,0
BRDA:170,0,392,0
BRDA:170,0,393,0
BRDA:170,0,394,0
BRDA:170,0,395,0
BRDA:170,0,396,0
BRDA:170,0,397,0
BRDA:170,0,398,0
BRDA:170,0,399,0
BRDA:170,0,400,0
BRDA:170,0,401,0
BRDA:170,0,402,0
BRDA:170,0,403,0
BRDA:170,0,404,0
BRDA:170,0,405,0
BRDA:170,0,406,0
BRDA:170,0,407,0
BRDA:170,0,408,0
BRDA:170,0,409,0
BRDA:170,0,410,0
BRDA:170,0,411,0
BRDA:170,0,412,0
BRDA:170,0,413,0
BRDA:170,0,414,0
BRDA:170,0,415,0
BRDA:170,0,416,0
BRDA:170,0,417,0
BRDA:170,0,418,0
BRDA:170,0,419,0
BRDA:170,0,420,0
BRDA:170,0,421,0
BRDA:170,0,422,0
BRDA:170,0,423,0
BRDA:170,0,424,0
BRDA:170,0,425,0
BRDA:170,0,426,0
BRDA:170,0,427,0
BRDA:170,0,428,0
BRDA:170,0,429,0
BRDA:170,0,430,0
BRDA:170,0,431,0
BRDA:170,0,432,0
BRDA:170,0,433,0
BRDA:170,0,434,0
BRDA:170,0,435,0
BRDA:170,0,436,0
BRDA:170,0,437,0
BRDA:170,0,438,0
BRDA:170,0,439,0
BRDA:170,0,440,0
BRDA:170,0,441,0
BRDA:170,0,442,0
BRDA:170,0,443,0
BRDA:170,0,444,0
BRDA:170,0,445,0
BRDA:170,0,446,0
BRDA:170,0,447,0
BRDA:170,0,448,0
BRDA:170,0,449,0
BRDA:170,0,450,0
BRDA:170,0,451,0
BRDA:170,0,452,0
BRDA:170,0,453,0
BRDA:170,0,454,0
BRDA:170,0,455,0
BRDA:170,0,456,0
BRDA:170,0,457,0
BRDA:170,0,458,0
BRDA:170,0,459,0
BRDA:170,0,460,0
BRDA:170,0,461,0
BRDA:170,0,462,0
BRDA:170,0,463,0
BRDA:170,0,464,0
BRDA:170,0,465,0
BRDA:170,0,466,0
BRDA:170,0,467,0
BRDA:170,0,468,0
BRDA:170,0,469,0
BRDA:170,0,470,0
BRDA:170,0,471,0
BRDA:170,0,472,0
BRDA:170,0,473,0
BRDA:170,0,474,0
BRDA:170,0,475,0
BRDA:170,0,476,0
BRDA:170,0,477,0
BRDA:170,0,478,0
BRDA:170,0,479,0
BRDA:170,0,480,0
BRDA:170,0,481,0
BRDA:170,0,482,0
BRDA:170,0,483,0
BRDA:170,0,484,0
BRDA:170,0,485,0
BRDA:170,0,486,0
BRDA:170,0,487,0
BRDA:170,0,488,0
BRDA:170,0,489,0
BRDA:170,0,490,0
BRDA:170,0,491,0
BRDA:170,0,492,0
BRDA:170,0,493,0
BRDA:170,0,494,0
BRDA:170,0,495,0
BRDA:170,0,496,0
BRDA:170,0,497,0
BRDA:170,0,498,0
BRDA:170,0,499,0
BRDA:170,0,500,0
BRDA:170,0,501,0
BRDA:170,0,502,0
BRDA:170,0,503,0
BRDA:170,0,504,0
BRDA:170,0,505,0
BRDA:170,0,506,0
BRDA:170,0,507,0
BRDA:170,0,508,0
BRDA:170,0,509,0
BRDA:170,0,510,0
BRDA:170,0,511,0
DA:171,0
BRDA:171,0,0,0
BRDA:171,0,1,0
DA:175,22
BRDA:175,0,0,0
BRDA:175,0,1,0
BRDA:175,0,2,0
BRDA:175,0,3,0
BRDA:175,0,4,0
BRDA:175,0,5,0
BRDA:175,0,6,0
BRDA:175,0,7,0
BRDA:175,0,8,0
BRDA:175,0,9,0
BRDA:175,0,10,0
BRDA:175,0,11,0
BRDA:175,0,12,0
BRDA:175,0,13,0
BRDA:175,0,14,0
BRDA:175,0,15,0
BRDA:175,0,16,0
BRDA:175,0,17,0
BRDA:175,0,18,0
BRDA:175,0,19,0
BRDA:175,0,20,0
BRDA:175,0,21,0
BRDA:175,0,22,0
BRDA:175,0,23,0
BRDA:175,0,24,0
BRDA:175,0,25,0
BRDA:175,0,26,0
BRDA:175,0,27,0
BRDA:175,0,28,0
BRDA:175,0,29,0
BRDA:175,0,30,0
BRDA:175,0,31,0
BRDA:175,0,32,0
BRDA:175,0,33,0
BRDA:175,0,34,0
BRDA:175,0,35,0
BRDA:175,0,36,0
BRDA:175,0,37,0
BRDA:175,0,38,0
BRDA:175,0,39,0
BRDA:175,0,40,0
BRDA:175,0,41,0
BRDA:175,0,42,0
BRDA:175,0,43,0
BRDA:175,0,44,0
BRDA:175,0,45,0
BRDA:175,0,46,0
BRDA:175,0,47,0
BRDA:175,0,48,0
BRDA:175,0,49,0
BRDA:175,0,50,0
BRDA:175,0,51,0
BRDA:175,0,52,0
BRDA:175,0,53,0
BRDA:175,0,54,0
BRDA:175,0,55,0
BRDA:175,0,56,0
BRDA:175,0,57,0
BRDA:175,0,58,0
BRDA:175,0,59,0
BRDA:175,0,60,0
BRDA:175,0,61,0
BRDA:175,0,62,0
BRDA:175,0,63,0
BRDA:175,0,64,0
BRDA:175,0,65,0
BRDA:175,0,66,0
BRDA:175,0,67,0
BRDA:175,0,68,0
BRDA:175,0,69,0
BRDA:175,0,70,0
BRDA:175,0,71,0
BRDA:175,0,72,0
BRDA:175,0,73,0
BRDA:175,0,74,0
BRDA:175,0,75,0
BRDA:175,0,76,0
BRDA:175,0,77,0
BRDA:175,0,78,0
BRDA:175,0,79,0
BRDA:175,0,80,0
BRDA:175,0,81,0
BRDA:175,0,82,0
BRDA:175,0,83,0
BRDA:175,0,84,0
BRDA:175,0,85,0
BRDA:175,0,86,0
BRDA:175,0,87,0
BRDA:175,0,88,0
BRDA:175,0,89,0
BRDA:175,0,90,0
BRDA:175,0,91,0
BRDA:175,0,92,0
BRDA:175,0,93,0
BRDA:175,0,94,0
BRDA:175,0,95,0
BRDA:175,0,96,0
BRDA:175,0,97,0
BRDA:175,0,98,0
BRDA:175,0,99,0
BRDA:175,0,100,0
BRDA:175,0,101,0
BRDA:175,0,102,0
BRDA:175,0,103,0
BRDA:175,0,104,0
BRDA:175,0,105,0
BRDA:175,0,106,0
BRDA:175,0,107,0
BRDA:175,0,108,0
BRDA:175,0,109,0
BRDA:175,0,110,22
BRDA:175,0,111,22
BRDA:175,0,112,0
BRDA:175,0,113,0
BRDA:175,0,114,0
BRDA:175,0,115,0
BRDA:175,0,116,0
BRDA:175,0,117,0
BRDA:175,0,118,0
BRDA:175,0,119,0
BRDA:175,0,120,11
BRDA:175,0,121,11
BRDA:175,0,122,7
BRDA:175,0,123,6
BRDA:175,0,124,3
BRDA:175,0,125,2
BRDA:175,0,126,1
BRDA:175,0,127,1
DA:177,216
BRDA:177,0,0,216
BRDA:177,0,1,216
DA:178,57
BRDA:178,0,0,57
BRDA:178,0,1,57
DA:179,159
BRDA:179,0,0,159
BRDA:179,0,1,159
DA:180,147
BRDA:180,0,0,0
BRDA:180,0,1,0
BRDA:180,0,2,0
BRDA:180,0,3,0
BRDA:180,0,4,0
BRDA:180,0,5,0
BRDA:180,0,6,0
BRDA:180,0,7,0
BRDA:180,0,8,0
BRDA:180,0,9,0
BRDA:180,0,10,0
BRDA:180,0,11,0
BRDA:180,0,12,0
BRDA:180,0,13,0
BRDA:180,0,14,0
BRDA:180,0,15,0
BRDA:180,0,16,0
BRDA:180,0,17,0
BRDA:180,0,18,0
BRDA:180,0,19,0
BRDA:180,0,20,0
BRDA:180,0,21,0
BRDA:180,0,22,0
BRDA:180,0,23,0
BRDA:180,0,24,0
BRDA:180,0,25,0
BRDA:180,0,26,0
BRDA:180,0,27,0
BRDA:180,0,28,0
BRDA:180,0,29,0
BRDA:180,0,30,0
BRDA:180,0,31,0
BRDA:180,0,32,0
BRDA:180,0,33,0
BRDA:180,0,34,0
BRDA:180,0,35,0
BRDA:180,0,36,0
BRDA:180,0,37,0
BRDA:180,0,38,0
BRDA:180,0,39,0
BRDA:180,0,40,0
BRDA:180,0,41,0
BRDA:180,0,42,0
BRDA:180,0,43,0
BRDA:180,0,44,72
BRDA:180,0,45,72
BRDA:180,0,46,0
BRDA:180,0,47,0
BRDA:180,0,48,0
BRDA:180,0,49,0
BRDA:180,0,50,147
BRDA:180,0,51,147
BRDA:180,0,52,20
BRDA:180,0,53,20
BRDA:180,0,54,60
BRDA:180,0,55,60
BRDA:180,0,56,64
BRDA:180,0,57,64
BRDA:180,0,58,0
BRDA:180,0,59,0
BRDA:180,0,60,0
BRDA:180,0,61,0
BRDA:180,0,62,0
BRDA:180,0,63,0
DA:181,25
BRDA:181,0,0,25
BRDA:181,0,1,25
BRDA:181,0,2,0
BRDA:181,0,3,0
BRDA:181,0,4,0
BRDA:181,0,5,0
BRDA:181,0,6,0
BRDA:181,0,7,0
BRDA:181,0,8,0
BRDA:181,0,9,0
BRDA:181,0,10,0
BRDA:181,0,11,0
BRDA:181,0,12,0
BRDA:181,0,13,0
BRDA:181,0,14,0
BRDA:181,0,15,0
BRDA:181,0,16,0
BRDA:181,0,17,0
BRDA:181,0,18,0
BRDA:181,0,19,0
BRDA:181,0,20,0
BRDA:181,0,21,0
BRDA:181,0,22,23
BRDA:181,0,23,23
BRDA:181,0,24,0
BRDA:181,0,25,0
BRDA:181,0,26,0
BRDA:181,0,27,0
BRDA:181,0,28,0
BRDA:181,0,29,0
BRDA:181,0,30,0
BRDA:181,0,31,0
BRDA:181,0,32,0
BRDA:181,0,33,0
BRDA:181,0,34,0
BRDA:181,0,35,0
BRDA:181,0,36,0
BRDA:181,0,37,0
BRDA:181,0,38,0
BRDA:181,0,39,0
BRDA:181,0,40,0
BRDA:181,0,41,0
BRDA:181,0,42,0
BRDA:181,0,43,0
BRDA:181,0,44,22
BRDA:181,0,45,22
BRDA:181,0,46,0
BRDA:181,0,47,0
BRDA:181,0,48,0
BRDA:181,0,49,0
BRDA:181,0,50,18
BRDA:181,0,51,18
BRDA:181,0,52,20
BRDA:181,0,53,20
BRDA:181,0,54,12
BRDA:181,0,55,12
BRDA:181,0,56,12
BRDA:181,0,57,12
BRDA:181,0,58,12
BRDA:181,0,59,12
BRDA:181,0,60,0
BRDA:181,0,61,0
BRDA:181,0,62,0
BRDA:181,0,63,0
DA:182,1
BRDA:182,0,0,1
BRDA:182,0,1,0
BRDA:182,0,2,1
BRDA:182,0,3,0
BRDA:182,0,4,1
BRDA:182,0,5,0
BRDA:182,0,6,1
BRDA:182,0,7,0
DA:183,136
BRDA:183,0,0,15
BRDA:183,0,1,15
BRDA:183,0,2,15
BRDA:183,0,3,15
BRDA:183,0,4,15
BRDA:183,0,5,15
BRDA:183,0,6,19
BRDA:183,0,7,19
BRDA:183,0,8,18
BRDA:183,0,9,18
BRDA:183,0,10,16
BRDA:183,0,11,16
BRDA:183,0,12,15
BRDA:183,0,13,15
BRDA:183,0,14,14
BRDA:183,0,15,14
BRDA:183,0,16,18
BRDA:183,0,17,18
BRDA:183,0,18,19
BRDA:183,0,19,19
BRDA:183,0,20,13
BRDA:183,0,21,13
BRDA:183,0,22,136
BRDA:183,0,23,136
BRDA:183,0,24,17
BRDA:183,0,25,17
BRDA:183,0,26,17
BRDA:183,0,27,17
BRDA:183,0,28,17
BRDA:183,0,29,17
BRDA:183,0,30,13
BRDA:183,0,31,13
BRDA:183,0,32,17
BRDA:183,0,33,17
BRDA:183,0,34,22
BRDA:183,0,35,22
BRDA:183,0,36,18
BRDA:183,0,37,18
BRDA:183,0,38,15
BRDA:183,0,39,15
BRDA:183,0,40,18
BRDA:183,0,41,18
BRDA:183,0,42,12
BRDA:183,0,43,12
BRDA:183,0,44,19
BRDA:183,0,45,19
BRDA:183,0,46,15
BRDA:183,0,47,15
BRDA:183,0,48,13
BRDA:183,0,49,13
BRDA:183,0,50,19
BRDA:183,0,51,19
BRDA:183,0,52,19
BRDA:183,0,53,19
BRDA:183,0,54,12
BRDA:183,0,55,12
BRDA:183,0,56,17
BRDA:183,0,57,17
BRDA:183,0,58,17
BRDA:183,0,59,17
BRDA:183,0,60,21
BRDA:183,0,61,21
BRDA:183,0,62,10
BRDA:183,0,63,10
DA:184,0
BRDA:184,0,0,0
BRDA:184,0,1,0
DA:185,216
BRDA:185,0,0,216
BRDA:185,0,1,216
DA:187,5
BRDA:187,0,0,5
BRDA:187,0,1,5
DA:189,4
BRDA:189,0,0,4
BRDA:189,0,1,4
DA:190,0
BRDA:190,0,0,0
BRDA:190,0,1,0
DA:191,0
BRDA:191,0,0,0
BRDA:191,0,1,0
DA:192,0
BRDA:192,0,0,0
BRDA:192,0,1,0
DA:193,0
BRDA:193,0,0,0
BRDA:193,0,1,0
DA:195,22
BRDA:195,0,0,22
BRDA:195,0,1,22
BRDA:195,0,2,11
BRDA:195,0,3,11
BRDA:195,0,4,7
BRDA:195,0,5,7
BRDA:195,0,6,3
BRDA:195,0,7,3
DA:196,1
BRDA:196,0,0,1
BRDA:196,0,1,1
DA:197,22
BRDA:197,0,0,0
BRDA:197,0,1,0
BRDA:197,0,2,0
BRDA:197,0,3,0
BRDA:197,0,4,0
BRDA:197,0,5,0
BRDA:197,0,6,0
BRDA:197,0,7,0
BRDA:197,0,8,0
BRDA:197,0,9,0
BRDA:197,0,10,0
BRDA:197,0,11,0
BRDA:197,0,12,0
BRDA:197,0,13,0
BRDA:197,0,14,0
BRDA:197,0,15,0
BRDA:197,0,16,0
BRDA:197,0,17,0
BRDA:197,0,18,0
BRDA:197,0,19,0
BRDA:197,0,20,0
BRDA:197,0,21,0
BRDA:197,0,22,0
BRDA:197,0,23,0
BRDA:197,0,24,0
BRDA:197,0,25,0
BRDA:197,0,26,0
BRDA:197,0,27,0
BRDA:197,0,28,0
BRDA:197,0,29,0
BRDA:197,0,30,0
BRDA:197,0,31,0
BRDA:197,0,32,0
BRDA:197,0,33,0
BRDA:197,0,34,0
BRDA:197,0,35,0
BRDA:197,0,36,0
BRDA:197,0,37,0
BRDA:197,0,38,0
BRDA:197,0,39,0
BRDA:197,0,40,0
BRDA:197,0,41,0
BRDA:197,0,42,0
BRDA:197,0,43,0
BRDA:197,0,44,0
BRDA:197,0,45,0
BRDA:197,0,46,0
BRDA:197,0,47,0
BRDA:197,0,48,0
BRDA:197,0,49,0
BRDA:197,0,50,0
BRDA:197,0,51,0
BRDA:197,0,52,0
BRDA:197,0,53,0
BRDA:197,0,54,0
BRDA:197,0,55,0
BRDA:197,0,56,0
BRDA:197,0,57,0
BRDA:197,0,58,0
BRDA:197,0,59,0
BRDA:197,0,60,0
BRDA:197,0,61,0
BRDA:197,0,62,0
BRDA:197,0,63,0
BRDA:197,0,64,0
BRDA:197,0,65,0
BRDA:197,0,66,0
BRDA:197,0,67,0
BRDA:197,0,68,0
BRDA:197,0,69,0
BRDA:197,0,70,0
BRDA:197,0,71,0
BRDA:197,0,72,0
BRDA:197,0,73,0
BRDA:197,0,74,0
BRDA:197,0,75,0
BRDA:197,0,76,0
BRDA:197,0,77,0
BRDA:197,0,78,0
BRDA:197,0,79,0
BRDA:197,0,80,0
BRDA:197,0,81,0
BRDA:197,0,82,0
BRDA:197,0,83,0
BRDA:197,0,84,0
BRDA:197,0,85,0
BRDA:197,0,86,0
BRDA:197,0,87,0
BRDA:197,0,88,0
BRDA:197,0,89,0
BRDA:197,0,90,0
BRDA:197,0,91,0
BRDA:197,0,92,0
BRDA:197,0,93,0
BRDA:197,0,94,0
BRDA:197,0,95,0
BRDA:197,0,96,0
BRDA:197,0,97,0
BRDA:197,0,98,0
BRDA:197,0,99,0
BRDA:197,0,100,0
BRDA:197,0,101,0
BRDA:197,0,102,0
BRDA:197,0,103,0
BRDA:197,0,104,0
BRDA:197,0,105,0
BRDA:197,0,106,0
BRDA:197,0,107,0
BRDA:197,0,108,0
BRDA:197,0,109,0
BRDA:197,0,110,22
BRDA:197,0,111,22
BRDA:197,0,112,0
BRDA:197,0,113,0
BRDA:197,0,114,0
BRDA:197,0,115,0
BRDA:197,0,116,0
BRDA:197,0,117,0
BRDA:197,0,118,0
BRDA:197,0,119,0
BRDA:197,0,120,11
BRDA:197,0,121,11
BRDA:197,0,122,7
BRDA:197,0,123,6
BRDA:197,0,124,3
BRDA:197,0,125,2
BRDA:197,0,126,1
BRDA:197,0,127,1
DA:254,45
BRDA:254,0,0,45
BRDA:254,0,1,45
DA:403,68
BRDA:403,0,0,63
BRDA:403,0,1,63
BRDA:403,0,2,61
BRDA:403,0,3,61
BRDA:403,0,4,54
BRDA:403,0,5,53
BRDA:403,0,6,59
BRDA:403,0,7,58
BRDA:403,0,8,53
BRDA:403,0,9,53
BRDA:403,0,10,66
BRDA:403,0,11,65
BRDA:403,0,12,61
BRDA:403,0,13,60
BRDA:403,0,14,58
BRDA:403,0,15,57
BRDA:403,0,16,61
BRDA:403,0,17,60
BRDA:403,0,18,62
BRDA:403,0,19,62
BRDA:403,0,20,60
BRDA:403,0,21,59
BRDA:403,0,22,66
BRDA:403,0,23,66
BRDA:403,0,24,68
BRDA:403,0,25,68
BRDA:403,0,26,57
BRDA:403,0,27,57
BRDA:403,0,28,62
BRDA:403,0,29,61
BRDA:403,0,30,61
BRDA:403,0,31,60
BRDA:403,0,32,55
BRDA:403,0,33,54
BRDA:403,0,34,62
BRDA:403,0,35,61
BRDA:403,0,36,59
BRDA:403,0,37,58
BRDA:403,0,38,59
BRDA:403,0,39,58
BRDA:403,0,40,58
BRDA:403,0,41,58
BRDA:403,0,42,58
BRDA:403,0,43,57
BRDA:403,0,44,61
BRDA:403,0,45,60
BRDA:403,0,46,61
BRDA:403,0,47,61
BRDA:403,0,48,64
BRDA:403,0,49,63
BRDA:403,0,50,61
BRDA:403,0,51,61
BRDA:403,0,52,63
BRDA:403,0,53,62
BRDA:403,0,54,60
BRDA:403,0,55,59
BRDA:403,0,56,61
BRDA:403,0,57,61
BRDA:403,0,58,60
BRDA:403,0,59,59
BRDA:403,0,60,63
BRDA:403,0,61,63
BRDA:403,0,62,65
BRDA:403,0,63,64
DA:415,90
BRDA:415,0,0,82
BRDA:415,0,1,82
BRDA:415,0,2,83
BRDA:415,0,3,82
BRDA:415,0,4,83
BRDA:415,0,5,82
BRDA:415,0,6,77
BRDA:415,0,7,77
BRDA:415,0,8,84
BRDA:415,0,9,83
BRDA:415,0,10,80
BRDA:415,0,11,80
BRDA:415,0,12,80
BRDA:415,0,13,80
BRDA:415,0,14,89
BRDA:415,0,15,89
BRDA:415,0,16,80
BRDA:415,0,17,80
BRDA:415,0,18,85
BRDA:415,0,19,84
BRDA:415,0,20,77
BRDA:415,0,21,76
BRDA:415,0,22,82
BRDA:415,0,23,81
BRDA:415,0,24,83
BRDA:415,0,25,83
BRDA:415,0,26,88
BRDA:415,0,27,87
BRDA:415,0,28,72
BRDA:415,0,29,72
BRDA:415,0,30,77
BRDA:415,0,31,77
BRDA:415,0,32,85
BRDA:415,0,33,85
BRDA:415,0,34,84
BRDA:415,0,35,83
BRDA:415,0,36,83
BRDA:415,0,37,83
BRDA:415,0,38,78
BRDA:415,0,39,78
BRDA:415,0,40,78
BRDA:415,0,41,77
BRDA:415,0,42,88
BRDA:415,0,43,88
BRDA:415,0,44,80
BRDA:415,0,45,79
BRDA:415,0,46,82
BRDA:415,0,47,81
BRDA:415,0,48,74
BRDA:415,0,49,74
BRDA:415,0,50,82
BRDA:415,0,51,82
BRDA:415,0,52,79
BRDA:415,0,53,78
BRDA:415,0,54,79
BRDA:415,0,55,78
BRDA:415,0,56,85
BRDA:415,0,57,85
BRDA:415,0,58,84
BRDA:415,0,59,84
BRDA:415,0,60,90
BRDA:415,0,61,89
BRDA:415,0,62,82
BRDA:415,0,63,81
BRDA:415,0,64,86
BRDA:415,0,65,86
BRDA:415,0,66,83
BRDA:415,0,67,83
BRDA:415,0,68,85
BRDA:415,0,69,85
BRDA:415,0,70,89
BRDA:415,0,71,88
BRDA:415,0,72,84
BRDA:415,0,73,84
BRDA:415,0,74,75
BRDA:415,0,75,75
BRDA:415,0,76,82
BRDA:415,0,77,82
BRDA:415,0,78,74
BRDA:415,0,79,74
BRDA:415,0,80,79
BRDA:415,0,81,78
BRDA:415,0,82,83
BRDA:415,0,83,83
BRDA:415,0,84,79
BRDA:415,0,85,78
BRDA:415,0,86,82
BRDA:415,0,87,82
BRDA:415,0,88,77
BRDA:415,0,89,76
BRDA:415,0,90,80
BRDA:415,0,91,79
BRDA:415,0,92,82
BRDA:415,0,93,82
BRDA:415,0,94,89
BRDA:415,0,95,89
BRDA:415,0,96,87
BRDA:415,0,97,86
BRDA:415,0,98,80
BRDA:415,0,99,80
BRDA:415,0,100,76
BRDA:415,0,101,75
BRDA:415,0,102,76
BRDA:415,0,103,75
BRDA:415,0,104,76
BRDA:415,0,105,76
BRDA:415,0,106,77
BRDA:415,0,107,76
BRDA:415,0,108,83
BRDA:415,0,109,83
BRDA:415,0,110,76
BRDA:415,0,111,76
BRDA:415,0,112,66
BRDA:415,0,113,65
BRDA:415,0,114,83
BRDA:415,0,115,83
BRDA:415,0,116,78
BRDA:415,0,117,77
BRDA:415,0,118,77
BRDA:415,0,119,76
BRDA:415,0,120,72
BRDA:415,0,121,71
BRDA:415,0,122,83
BRDA:415,0,123,82
BRDA:415,0,124,80
BRDA:415,0,125,80
BRDA:415,0,126,84
BRDA:415,0,127,83
DA:496,1
BRDA:496,0,0,0
BRDA:496,0,1,0
BRDA:496,0,2,0
BRDA:496,0,3,0
BRDA:496,0,4,0
BRDA:496,0,5,0
BRDA:496,0,6,0
BRDA:496,0,7,0
BRDA:496,0,8,0
BRDA:496,0,9,0
BRDA:496,0,10,0
BRDA:496,0,11,0
BRDA:496,0,12,0
BRDA:496,0,13,0
BRDA:496,0,14,0
BRDA:496,0,15,0
BRDA:496,0,16,0
BRDA:496,0,17,0
BRDA:496,0,18,0
BRDA:496,0,19,0
BRDA:496,0,20,0
BRDA:496,0,21,0
BRDA:496,0,22,0
BRDA:496,0,23,0
BRDA:496,0,24,0
BRDA:496,0,25,0
BRDA:496,0,26,0
BRDA:496,0,27,0
BRDA:496,0,28,0
BRDA:496,0,29,0
BRDA:496,0,30,0
BRDA:496,0,31,0
BRDA:496,0,32,0
BRDA:496,0,33,0
BRDA:496,0,34,0
BRDA:496,0,35,0
BRDA:496,0,36,0
BRDA:496,0,37,0
BRDA:496,0,38,0
BRDA:496,0,39,0
BRDA:496,0,40,0
BRDA:496,0,41,0
BRDA:496,0,42,0
BRDA:496,0,43,0
BRDA:496,0,44,0
BRDA:496,0,45,0
BRDA:496,0,46,0
BRDA:496,0,47,0
BRDA:496,0,48,0
BRDA:496,0,49,0
BRDA:496,0,50,0
BRDA:496,0,51,0
BRDA:496,0,52,0
BRDA:496,0,53,0
BRDA:496,0,54,0
BRDA:496,0,55,0
BRDA:496,0,56,0
BRDA:496,0,57,0
BRDA:496,0,58,0
BRDA:496,0,59,0
BRDA:496,0,60,0
BRDA:496,0,61,0
BRDA:496,0,62,0
BRDA:496,0,63,0
BRDA:496,0,64,0
BRDA:496,0,65,0
BRDA:496,0,66,0
BRDA:496,0,67,0
BRDA:496,0,68,0
BRDA:496,0,69,0
BRDA:496,0,70,0
BRDA:496,0,71,0
BRDA:496,0,72,0
BRDA:496,0,73,0
BRDA:496,0,74,0
BRDA:496,0,75,0
BRDA:496,0,76,0
BRDA:496,0,77,0
BRDA:496,0,78,0
BRDA:496,0,79,0
BRDA:496,0,80,0
BRDA:496,0,81,0
BRDA:496,0,82,0
BRDA:496,0,83,0
BRDA:496,0,84,0
BRDA:496,0,85,0
BRDA:496,0,86,0
BRDA:496,0,87,0
BRDA:496,0,88,0
BRDA:496,0,89,0
BRDA:496,0,90,0
BRDA:496,0,91,0
BRDA:496,0,92,0
BRDA:496,0,93,0
BRDA:496,0,94,0
BRDA:496,0,95,0
BRDA:496,0,96,0
BRDA:496,0,97,0
BRDA:496,0,98,0
BRDA:496,0,99,0
BRDA:496,0,100,0
BRDA:496,0,101,0
BRDA:496,0,102,0
BRDA:496,0,103,0
BRDA:496,0,104,0
BRDA:496,0,105,0
BRDA:496,0,106,0
BRDA:496,0,107,0
BRDA:496,0,108,0
BRDA:496,0,109,0
BRDA:496,0,110,0
BRDA:496,0,111,0
BRDA:496,0,112,0
BRDA:496,0,113,0
BRDA:496,0,114,0
BRDA:496,0,115,0
BRDA:496,0,116,0
BRDA:496,0,117,0
BRDA:496,0,118,0
BRDA:496,0,119,0
BRDA:496,0,120,0
BRDA:496,0,121,0
BRDA:496,0,122,0
BRDA:496,0,123,0
BRDA:496,0,124,1
BRDA:496,0,125,0
BRDA:496,0,126,1
BRDA:496,0,127,0
DA:687,101
BRDA:687,0,0,86
BRDA:687,0,1,85
BRDA:687,0,2,77
BRDA:687,0,3,76
BRDA:687,0,4,75
BRDA:687,0,5,74
BRDA:687,0,6,82
BRDA:687,0,7,81
BRDA:687,0,8,85
BRDA:687,0,9,84
BRDA:687,0,10,89
BRDA:687,0,11,88
BRDA:687,0,12,83
BRDA:687,0,13,82
BRDA:687,0,14,86
BRDA:687,0,15,85
BRDA:687,0,16,84
BRDA:687,0,17,84
BRDA:687,0,18,81
BRDA:687,0,19,80
BRDA:687,0,20,83
BRDA:687,0,21,83
BRDA:687,0,22,79
BRDA:687,0,23,79
BRDA:687,0,24,91
BRDA:687,0,25,90
BRDA:687,0,26,85
BRDA:687,0,27,84
BRDA:687,0,28,83
BRDA:687,0,29,82
BRDA:687,0,30,85
BRDA:687,0,31,84
BRDA:687,0,32,83
BRDA:687,0,33,83
BRDA:687,0,34,93
BRDA:687,0,35,92
BRDA:687,0,36,86
BRDA:687,0,37,86
BRDA:687,0,38,84
BRDA:687,0,39,84
BRDA:687,0,40,89
BRDA:687,0,41,89
BRDA:687,0,42,80
BRDA:687,0,43,79
BRDA:687,0,44,77
BRDA:687,0,45,77
BRDA:687,0,46,87
BRDA:687,0,47,86
BRDA:687,0,48,81
BRDA:687,0,49,80
BRDA:687,0,50,92
BRDA:687,0,51,91
BRDA:687,0,52,77
BRDA:687,0,53,77
BRDA:687,0,54,89
BRDA:687,0,55,88
BRDA:687,0,56,85
BRDA:687,0,57,85
BRDA:687,0,58,77
BRDA:687,0,59,76
BRDA:687,0,60,74
BRDA:687,0,61,74
BRDA:687,0,62,80
BRDA:687,0,63,80
BRDA:687,0,64,86
BRDA:687,0,65,85
BRDA:687,0,66,77
BRDA:687,0,67,76
BRDA:687,0,68,77
BRDA:687,0,69,76
BRDA:687,0,70,83
BRDA:687,0,71,83
BRDA:687,0,72,85
BRDA:687,0,73,84
BRDA:687,0,74,90
BRDA:687,0,75,90
BRDA:687,0,76,87
BRDA:687,0,77,87
BRDA:687,0,78,86
BRDA:687,0,79,86
BRDA:687,0,80,85
BRDA:687,0,81,84
BRDA:687,0,82,84
BRDA:687,0,83,84
BRDA:687,0,84,83
BRDA:687,0,85,83
BRDA:687,0,86,81
BRDA:687,0,87,80
BRDA:687,0,88,86
BRDA:687,0,89,86
BRDA:687,0,90,85
BRDA:687,0,91,85
BRDA:687,0,92,92
BRDA:687,0,93,91
BRDA:687,0,94,80
BRDA:687,0,95,79
BRDA:687,0,96,86
BRDA:687,0,97,86
BRDA:687,0,98,85
BRDA:687,0,99,84
BRDA:687,0,100,81
BRDA:687,0,101,81
BRDA:687,0,102,82
BRDA:687,0,103,82
BRDA:687,0,104,88
BRDA:687,0,105,87
BRDA:687,0,106,88
BRDA:687,0,107,87
BRDA:687,0,108,92
BRDA:687,0,109,92
BRDA:687,0,110,88
BRDA:687,0,111,88
BRDA:687,0,112,77
BRDA:687,0,113,77
BRDA:687,0,114,101
BRDA:687,0,115,101
BRDA:687,0,116,81
BRDA:687,0,117,80
BRDA:687,0,118,89
BRDA:687,0,119,89
BRDA:687,0,120,85
BRDA:687,0,121,85
BRDA:687,0,122,82
BRDA:687,0,123,82
BRDA:687,0,124,73
BRDA:687,0,125,72
BRDA:687,0,126,81
BRDA:687,0,127,81
BRDA:687,0,128,84
BRDA:687,0,129,84
BRDA:687,0,130,79
BRDA:687,0,131,79
BRDA:687,0,132,91
BRDA:687,0,133,90
BRDA:687,0,134,82
BRDA:687,0,135,81
BRDA:687,0,136,84
BRDA:687,0,137,83
BRDA:687,0,138,86
BRDA:687,0,139,86
BRDA:687,0,140,77
BRDA:687,0,141,77
BRDA:687,0,142,92
BRDA:687,0,143,91
BRDA:687,0,144,88
BRDA:687,0,145,88
BRDA:687,0,146,89
BRDA:687,0,147,89
BRDA:687,0,148,88
BRDA:687,0,149,88
BRDA:687,0,150,90
BRDA:687,0,151,89
BRDA:687,0,152,74
BRDA:687,0,153,74
BRDA:687,0,154,81
BRDA:687,0,155,80
BRDA:687,0,156,85
BRDA:687,0,157,84
BRDA:687,0,158,77
BRDA:687,0,159,77
BRDA:687,0,160,87
BRDA:687,0,161,87
BRDA:687,0,162,84
BRDA:687,0,163,83
BRDA:687,0,164,88
BRDA:687,0,165,88
BRDA:687,0,166,84
BRDA:687,0,167,83
BRDA:687,0,168,85
BRDA:687,0,169,84
BRDA:687,0,170,82
BRDA:687,0,171,81
BRDA:687,0,172,86
BRDA:687,0,173,85
BRDA:687,0,174,85
BRDA:687,0,175,84
BRDA:687,0,176,80
BRDA:687,0,177,79
BRDA:687,0,178,88
BRDA:687,0,179,87
BRDA:687,0,180,86
BRDA:687,0,181,85
BRDA:687,0,182,85
BRDA:687,0,183,84
BRDA:687,0,184,82
BRDA:687,0,185,82
BRDA:687,0,186,82
BRDA:687,0,187,82
BRDA:687,0,188,82
BRDA:687,0,189,81
BRDA:687,0,190,82
BRDA:687,0,191,82
BRDA:687,0,192,83
BRDA:687,0,193,83
BRDA:687,0,194,90
BRDA:687,0,195,89
BRDA:687,0,196,87
BRDA:687,0,197,86
BRDA:687,0,198,82
BRDA:687,0,199,82
BRDA:687,0,200,84
BRDA:687,0,201,84
BRDA:687,0,202,85
BRDA:687,0,203,85
BRDA:687,0,204,81
BRDA:687,0,205,80
BRDA:687,0,206,88
BRDA:687,0,207,88
BRDA:687,0,208,80
BRDA:687,0,209,80
BRDA:687,0,210,79
BRDA:687,0,211,78
BRDA:687,0,212,84
BRDA:687,0,213,83
BRDA:687,0,214,89
BRDA:687,0,215,88
BRDA:687,0,216,71
BRDA:687,0,217,70
BRDA:687,0,218,82
BRDA:687,0,219,82
BRDA:687,0,220,81
BRDA:687,0,221,81
BRDA:687,0,222,80
BRDA:687,0,223,80
BRDA:687,0,224,84
BRDA:687,0,225,83
BRDA:687,0,226,85
BRDA:687,0,227,84
BRDA:687,0,228,85
BRDA:687,0,229,84
BRDA:687,0,230,85
BRDA:687,0,231,84
BRDA:687,0,232,81
BRDA:687,0,233,80
BRDA:687,0,234,85
BRDA:687,0,235,85
BRDA:687,0,236,84
BRDA:687,0,237,84
BRDA:687,0,238,86
BRDA:687,0,239,85
BRDA:687,0,240,92
BRDA:687,0,241,91
BRDA:687,0,242,88
BRDA:687,0,243,87
BRDA:687,0,244,81
BRDA:687,0,245,81
BRDA:687,0,246,82
BRDA:687,0,247,81
BRDA:687,0,248,87
BRDA:687,0,249,86
BRDA:687,0,250,79
BRDA:687,0,251,79
BRDA:687,0,252,85
BRDA:687,0,253,84
BRDA:687,0,254,86
BRDA:687,0,255,86
BRDA:687,0,256,82
BRDA:687,0,257,81
BRDA:687,0,258,83
BRDA:687,0,259,82
BRDA:687,0,260,75
BRDA:687,0,261,75
BRDA:687,0,262,86
BRDA:687,0,263,86
BRDA:687,0,264,92
BRDA:687,0,265,91
BRDA:687,0,266,82
BRDA:687,0,267,82
BRDA:687,0,268,82
BRDA:687,0,269,82
BRDA:687,0,270,83
BRDA:687,0,271,83
BRDA:687,0,272,93
BRDA:687,0,273,93
BRDA:687,0,274,88
BRDA:687,0,275,88
BRDA:687,0,276,77
BRDA:687,0,277,76
BRDA:687,0,278,83
BRDA:687,0,279,82
BRDA:687,0,280,89
BRDA:687,0,281,89
BRDA:687,0,282,81
BRDA:687,0,283,80
BRDA:687,0,284,81
BRDA:687,0,285,80
BRDA:687,0,286,93
BRDA:687,0,287,93
BRDA:687,0,288,88
BRDA:687,0,289,88
BRDA:687,0,290,84
BRDA:687,0,291,84
BRDA:687,0,292,85
BRDA:687,0,293,85
BRDA:687,0,294,87
BRDA:687,0,295,86
BRDA:687,0,296,87
BRDA:687,0,297,87
BRDA:687,0,298,87
BRDA:687,0,299,87
BRDA:687,0,300,87
BRDA:687,0,301,87
BRDA:687,0,302,82
BRDA:687,0,303,82
BRDA:687,0,304,75
BRDA:687,0,305,74
BRDA:687,0,306,89
BRDA:687,0,307,88
BRDA:687,0,308,80
BRDA:687,0,309,80
BRDA:687,0,310,76
BRDA:687,0,311,76
BRDA:687,0,312,85
BRDA:687,0,313,85
BRDA:687,0,314,81
BRDA:687,0,315,81
BRDA:687,0,316,91
BRDA:687,0,317,91
BRDA:687,0,318,81
BRDA:687,0,319,81
BRDA:687,0,320,83
BRDA:687,0,321,83
BRDA:687,0,322,75
BRDA:687,0,323,74
BRDA:687,0,324,80
BRDA:687,0,325,80
BRDA:687,0,326,84
BRDA:687,0,327,84
BRDA:687,0,328,79
BRDA:687,0,329,78
BRDA:687,0,330,87
BRDA:687,0,331,86
BRDA:687,0,332,84
BRDA:687,0,333,83
BRDA:687,0,334,87
BRDA:687,0,335,87
BRDA:687,0,336,89
BRDA:687,0,337,89
BRDA:687,0,338,91
BRDA:687,0,339,91
BRDA:687,0,340,85
BRDA:687,0,341,84
BRDA:687,0,342,82
BRDA:687,0,343,82
BRDA:687,0,344,87
BRDA:687,0,345,86
BRDA:687,0,346,87
BRDA:687,0,347,86
BRDA:687,0,348,78
BRDA:687,0,349,78
BRDA:687,0,350,84
BRDA:687,0,351,83
BRDA:687,0,352,87
BRDA:687,0,353,87
BRDA:687,0,354,84
BRDA:687,0,355,84
BRDA:687,0,356,80
BRDA:687,0,357,79
BRDA:687,0,358,92
BRDA:687,0,359,91
BRDA:687,0,360,90
BRDA:687,0,361,89
BRDA:687,0,362,83
BRDA:687,0,363,83
BRDA:687,0,364,84
BRDA:687,0,365,83
BRDA:687,0,366,84
BRDA:687,0,367,83
BRDA:687,0,368,85
BRDA:687,0,369,84
BRDA:687,0,370,82
BRDA:687,0,371,81
BRDA:687,0,372,82
BRDA:687,0,373,81
BRDA:687,0,374,80
BRDA:687,0,375,80
BRDA:687,0,376,79
BRDA:687,0,377,78
BRDA:687,0,378,80
BRDA:687,0,379,79
BRDA:687,0,380,88
BRDA:687,0,381,87
BRDA:687,0,382,83
BRDA:687,0,383,82
BRDA:687,0,384,85
BRDA:687,0,385,84
BRDA:687,0,386,75
BRDA:687,0,387,75
BRDA:687,0,388,80
BRDA:687,0,389,79
BRDA:687,0,390,83
BRDA:687,0,391,83
BRDA:687,0,392,93
BRDA:687,0,393,93
BRDA:687,0,394,75
BRDA:687,0,395,75
BRDA:687,0,396,78
BRDA:687,0,397,78
BRDA:687,0,398,91
BRDA:687,0,399,91
BRDA:687,0,400,83
BRDA:687,0,401,83
BRDA:687,0,402,81
BRDA:687,0,403,80
BRDA:687,0,404,94
BRDA:687,0,405,93
BRDA:687,0,406,83
BRDA:687,0,407,83
BRDA:687,0,408,83
BRDA:687,0,409,82
BRDA:687,0,410,83
BRDA:687,0,411,83
BRDA:687,0,412,84
BRDA:687,0,413,83
BRDA:687,0,414,90
BRDA:687,0,415,89
BRDA:687,0,416,80
BRDA:687,0,417,80
BRDA:687,0,418,78
BRDA:687,0,419,77
BRDA:687,0,420,74
BRDA:687,0,421,73
BRDA:687,0,422,88
BRDA:687,0,423,87
BRDA:687,0,424,84
BRDA:687,0,425,84
BRDA:687,0,426,90
BRDA:687,0,427,89
BRDA:687,0,428,89
BRDA:687,0,429,88
BRDA:687,0,430,85
BRDA:687,0,431,84
BRDA:687,0,432,88
BRDA:687,0,433,87
BRDA:687,0,434,85
BRDA:687,0,435,84
BRDA:687,0,436,79
BRDA:687,0,437,79
BRDA:687,0,438,78
BRDA:687,0,439,78
BRDA:687,0,440,88
BRDA:687,0,441,88
BRDA:687,0,442,70
BRDA:687,0,443,69
BRDA:687,0,444,85
BRDA:687,0,445,84
BRDA:687,0,446,82
BRDA:687,0,447,82
BRDA:687,0,448,84
BRDA:687,0,449,83
BRDA:687,0,450,80
BRDA:687,0,451,79
BRDA:687,0,452,84
BRDA:687,0,453,83
BRDA:687,0,454,92
BRDA:687,0,455,91
BRDA:687,0,456,90
BRDA:687,0,457,90
BRDA:687,0,458,79
BRDA:687,0,459,78
BRDA:687,0,460,80
BRDA:687,0,461,79
BRDA:687,0,462,97
BRDA:687,0,463,96
BRDA:687,0,464,86
BRDA:687,0,465,86
BRDA:687,0,466,90
BRDA:687,0,467,89
BRDA:687,0,468,81
BRDA:687,0,469,80
BRDA:687,0,470,83
BRDA:687,0,471,82
BRDA:687,0,472,75
BRDA:687,0,473,74
BRDA:687,0,474,87
BRDA:687,0,475,87
BRDA:687,0,476,84
BRDA:687,0,477,84
BRDA:687,0,478,90
BRDA:687,0,479,90
BRDA:687,0,480,90
BRDA:687,0,481,89
BRDA:687,0,482,75
BRDA:687,0,483,74
BRDA:687,0,484,74
BRDA:687,0,485,73
BRDA:687,0,486,90
BRDA:687,0,487,90
BRDA:687,0,488,84
BRDA:687,0,489,84
BRDA:687,0,490,83
BRDA:687,0,491,82
BRDA:687,0,492,80
BRDA:687,0,493,79
BRDA:687,0,494,83
BRDA:687,0,495,83
BRDA:687,0,496,75
BRDA:687,0,497,75
BRDA:687,0,498,89
BRDA:687,0,499,88
BRDA:687,0,500,86
BRDA:687,0,501,85
BRDA:687,0,502,87
BRDA:687,0,503,86
BRDA:687,0,504,88
BRDA:687,0,505,88
BRDA:687,0,506,80
BRDA:687,0,507,79
BRDA:687,0,508,86
BRDA:687,0,509,85
BRDA:687,0,510,84
BRDA:687,0,511,84
BRF:4592
BRH:1564
end_of_record
