TN:verilator_coverage
SF:../../../duts/sentinel_hmac/sentinel_hmac.sv
DA:211,36335
BRDA:211,0,0,118
BRDA:211,0,1,36335
DA:228,9055
BRDA:228,0,0,44
BRDA:228,0,1,9055
DA:229,44
DA:230,44
DA:241,9055
BRDA:241,0,0,44
BRDA:241,0,1,9055
DA:242,44
DA:247,9103
BRDA:247,0,0,10
BRDA:247,0,1,9103
DA:248,10
DA:249,9103
DA:250,9103
DA:267,45391
BRDA:267,0,0,175
BRDA:267,0,1,45391
DA:268,175
DA:270,12
BRDA:270,0,0,12
BRDA:270,0,1,12
DA:271,24
BRDA:271,0,0,0
BRDA:271,0,1,24
DA:272,12
BRDA:272,0,0,12
BRDA:272,0,1,12
DA:275,0
BRDA:275,0,0,0
BRDA:275,0,1,0
DA:279,132
BRDA:279,0,0,0
BRDA:279,0,1,132
DA:285,45089
BRDA:285,0,0,477
BRDA:285,0,1,45089
DA:286,477
DA:299,12
BRDA:299,0,0,0
BRDA:299,0,1,12
DA:300,12
BRDA:300,0,0,0
BRDA:300,0,1,12
DA:301,12
BRDA:301,0,0,0
BRDA:301,0,1,12
DA:302,12
BRDA:302,0,0,0
BRDA:302,0,1,12
DA:303,12
BRDA:303,0,0,0
BRDA:303,0,1,12
DA:304,12
BRDA:304,0,0,0
BRDA:304,0,1,12
DA:305,12
BRDA:305,0,0,0
BRDA:305,0,1,12
DA:306,12
BRDA:306,0,0,0
BRDA:306,0,1,12
DA:320,45566
BRDA:320,0,0,0
BRDA:320,0,1,45566
DA:321,0
DA:331,9102
BRDA:331,0,0,1
BRDA:331,0,1,9102
DA:332,1
DA:333,1
DA:334,1
DA:335,1
DA:344,9046
BRDA:344,0,0,57
BRDA:344,0,1,9046
DA:345,57
DA:360,9103
BRDA:360,0,0,10
BRDA:360,0,1,9103
DA:361,10
DA:362,9103
DA:363,9099
BRDA:363,0,0,4
BRDA:363,0,1,9099
DA:364,4
DA:365,9059
BRDA:365,0,0,44
BRDA:365,0,1,9059
DA:366,44
DA:368,9103
BRDA:368,0,0,0
BRDA:368,0,1,9103
DA:369,0
DA:372,9103
BRDA:372,0,0,0
BRDA:372,0,1,9103
DA:373,0
DA:381,9099
BRDA:381,0,0,4
BRDA:381,0,1,9099
DA:382,4
DA:398,9055
BRDA:398,0,0,44
BRDA:398,0,1,9055
DA:399,44
DA:409,44571
BRDA:409,0,0,995
BRDA:409,0,1,44571
DA:410,995
DA:412,44571
DA:422,9103
BRDA:422,0,0,10
BRDA:422,0,1,9103
DA:423,10
DA:424,9103
DA:425,9103
DA:430,9103
BRDA:430,0,0,10
BRDA:430,0,1,9103
DA:431,10
DA:432,10
DA:433,9103
DA:434,9099
BRDA:434,0,0,4
BRDA:434,0,1,9099
DA:435,4
DA:436,4
DA:437,9099
DA:438,9095
BRDA:438,0,0,9095
BRDA:438,0,1,4
DA:439,9099
BRDA:439,0,0,9099
BRDA:439,0,1,0
DA:440,9095
BRDA:440,0,0,9095
BRDA:440,0,1,4
DA:441,4
DA:442,9098
BRDA:442,0,0,9098
BRDA:442,0,1,1
DA:443,1
DA:450,45566
BRDA:450,0,0,0
BRDA:450,0,1,45566
DA:451,0
DA:453,45566
DA:461,711236
BRDA:461,0,0,17820
BRDA:461,0,1,711236
DA:462,17820
DA:465,45566
BRDA:465,0,0,0
BRDA:465,0,1,45566
DA:466,0
DA:469,45506
BRDA:469,0,0,45506
BRDA:469,0,1,60
DA:470,45506
DA:471,45506
DA:514,119
BRDA:514,0,0,119
BRDA:514,0,1,1
DA:515,1
BRDA:515,0,0,0
BRDA:515,0,1,1
DA:516,0
DA:518,1
DA:530,1715
BRDA:530,0,0,5
BRDA:530,0,1,1715
DA:531,5
DA:532,5
DA:537,1575
BRDA:537,0,0,1575
BRDA:537,0,1,25
DA:538,25
DA:597,42058
BRDA:597,0,0,42058
BRDA:597,0,1,3
DA:598,3
BRDA:598,0,0,0
BRDA:598,0,1,3
DA:599,0
DA:601,3
DA:610,9103
BRDA:610,0,0,10
BRDA:610,0,1,9103
DA:611,10
DA:612,10
DA:613,10
DA:614,10
DA:615,10
DA:616,10
DA:617,9103
DA:618,9099
BRDA:618,0,0,4
BRDA:618,0,1,9099
DA:619,4
DA:620,4
DA:621,4
DA:622,4
DA:623,4
DA:624,4
DA:628,4
BRDA:628,0,0,4
BRDA:628,0,1,0
DA:629,0
DA:630,0
DA:631,4
DA:632,4
DA:637,9095
BRDA:637,0,0,4
BRDA:637,0,1,9095
DA:638,4
DA:641,9103
BRDA:641,0,0,0
BRDA:641,0,1,9103
DA:642,0
DA:646,9103
BRDA:646,0,0,0
BRDA:646,0,1,9103
DA:647,0
DA:651,9103
BRDA:651,0,0,0
BRDA:651,0,1,9103
DA:652,0
DA:656,9103
BRDA:656,0,0,0
BRDA:656,0,1,9103
DA:657,0
DA:661,9103
BRDA:661,0,0,0
BRDA:661,0,1,9103
DA:662,0
DA:667,9103
BRDA:667,0,0,10
BRDA:667,0,1,9103
DA:668,10
DA:669,10
DA:670,9103
DA:677,9050
BRDA:677,0,0,44
BRDA:677,0,1,9050
DA:678,44
DA:679,44
DA:680,43
BRDA:680,0,0,43
BRDA:680,0,1,1
DA:704,9103
BRDA:704,0,0,10
BRDA:704,0,1,9103
DA:705,10
DA:706,10
DA:707,10
DA:708,10
DA:709,10
DA:710,10
DA:711,10
DA:712,9103
DA:713,9099
BRDA:713,0,0,4
BRDA:713,0,1,9099
DA:714,4
DA:717,9103
BRDA:717,0,0,0
BRDA:717,0,1,9103
DA:718,0
DA:719,0
DA:720,0
DA:721,0
DA:722,0
DA:725,9098
BRDA:725,0,0,5
BRDA:725,0,1,9098
DA:726,5
DA:727,5
DA:728,5
DA:745,8783
BRDA:745,0,0,320
BRDA:745,0,1,8783
DA:746,320
DA:747,320
DA:748,320
DA:749,320
DA:750,320
DA:751,320
DA:752,320
DA:753,320
DA:755,245
BRDA:755,0,0,75
BRDA:755,0,1,245
DA:756,245
DA:757,245
DA:760,320
DA:763,9098
BRDA:763,0,0,5
BRDA:763,0,1,9098
DA:764,5
DA:765,5
DA:766,5
DA:767,5
DA:768,5
DA:769,5
DA:770,5
DA:771,5
DA:774,9099
BRDA:774,0,0,4
BRDA:774,0,1,9099
DA:775,4
BRDA:775,0,0,4
BRDA:775,0,1,0
DA:776,0
DA:778,4
DA:779,4
DA:784,9103
BRDA:784,0,0,0
BRDA:784,0,1,9103
DA:785,0
DA:789,9103
BRDA:789,0,0,0
BRDA:789,0,1,9103
DA:790,0
BRF:140
BRH:89
end_of_record
