TN:verilator_coverage
SF:/home/abdulbasit/electrical-and-electronics-engineering/VLSI/isqed-2026-dv-challenge/duts/warden_timer/warden_timer.sv
DA:140,2406
DA:141,2406
DA:142,2406
DA:152,469
DA:160,469
DA:170,2406
DA:171,2406
DA:173,12
DA:174,12
DA:180,469
DA:188,2406
DA:189,2406
DA:212,469
DA:220,2406
DA:221,2406
DA:238,469
DA:246,2406
DA:247,2406
DA:264,469
DA:272,2406
DA:273,2406
DA:280,469
DA:288,2406
DA:289,2406
DA:290,2406
DA:302,469
DA:312,2406
DA:313,2406
DA:323,469
DA:331,2406
DA:332,2406
DA:342,469
DA:350,2406
DA:351,2406
DA:358,469
DA:366,2406
DA:367,2406
DA:374,469
DA:382,2406
DA:383,2406
DA:385,2406
DA:386,2244
DA:387,2244
DA:390,6
DA:391,6
DA:394,6
DA:395,6
DA:398,6
DA:399,6
DA:402,6
DA:403,6
DA:406,6
DA:407,6
DA:410,12
DA:411,12
DA:414,36
DA:415,36
DA:418,18
DA:419,18
DA:422,18
DA:423,18
DA:426,12
DA:427,12
DA:430,6
DA:431,6
DA:434,18
DA:435,18
DA:438,6
DA:439,6
DA:442,6
DA:443,6
DA:446,0
DA:447,0
DA:452,2406
DA:453,2406
DA:454,2406
DA:455,2406
DA:456,2406
DA:457,2406
DA:478,469
BRF:0
BRH:0
end_of_record
