TN:verilator_coverage
SF:/home/abdulbasit/electrical-and-electronics-engineering/VLSI/isqed-2026-dv-challenge/duts/warden_timer/warden_timer.sv
DA:106,1913
BRDA:106,0,0,1913
BRDA:106,0,1,24
DA:107,1913
BRDA:107,0,0,1913
BRDA:107,0,1,24
DA:108,1913
BRDA:108,0,0,1913
BRDA:108,0,1,24
DA:109,1913
BRDA:109,0,0,1913
BRDA:109,0,1,24
DA:144,1530
BRDA:144,0,0,876
BRDA:144,0,1,1530
DA:145,876
DA:146,876
DA:147,1530
DA:148,1530
DA:153,452
BRDA:153,0,0,17
BRDA:153,0,1,452
DA:154,17
DA:155,452
DA:156,452
DA:161,452
BRDA:161,0,0,17
BRDA:161,0,1,452
DA:162,17
DA:163,452
DA:164,452
DA:175,2022
BRDA:175,0,0,372
BRDA:175,0,1,2022
DA:176,372
DA:181,452
BRDA:181,0,0,17
BRDA:181,0,1,452
DA:182,17
DA:183,452
DA:184,452
DA:191,1811
BRDA:191,0,0,1811
BRDA:191,0,1,595
DA:192,1811
DA:195,1205
BRDA:195,0,0,1205
BRDA:195,0,1,1201
DA:196,1205
DA:199,2165
BRDA:199,0,0,241
BRDA:199,0,1,2165
DA:200,241
DA:203,2406
BRDA:203,0,0,0
BRDA:203,0,1,2406
DA:204,0
DA:207,2400
BRDA:207,0,0,6
BRDA:207,0,1,2400
DA:208,6
DA:213,452
BRDA:213,0,0,17
BRDA:213,0,1,452
DA:214,17
DA:215,452
DA:216,452
DA:223,2400
BRDA:223,0,0,6
BRDA:223,0,1,2400
DA:224,6
BRDA:224,0,0,6
BRDA:224,0,1,0
DA:225,6
BRDA:225,0,0,6
BRDA:225,0,1,0
DA:226,6
BRDA:226,0,0,6
BRDA:226,0,1,0
DA:227,6
BRDA:227,0,0,6
BRDA:227,0,1,0
DA:230,2400
BRDA:230,0,0,6
BRDA:230,0,1,2400
DA:231,6
BRDA:231,0,0,6
BRDA:231,0,1,0
DA:232,6
BRDA:232,0,0,6
BRDA:232,0,1,0
DA:233,6
BRDA:233,0,0,6
BRDA:233,0,1,0
DA:234,6
BRDA:234,0,0,6
BRDA:234,0,1,0
DA:239,452
BRDA:239,0,0,17
BRDA:239,0,1,452
DA:240,17
DA:241,452
DA:242,452
DA:249,2400
BRDA:249,0,0,6
BRDA:249,0,1,2400
DA:250,6
BRDA:250,0,0,6
BRDA:250,0,1,0
DA:251,6
BRDA:251,0,0,6
BRDA:251,0,1,0
DA:252,6
BRDA:252,0,0,6
BRDA:252,0,1,0
DA:253,6
BRDA:253,0,0,6
BRDA:253,0,1,0
DA:256,2400
BRDA:256,0,0,6
BRDA:256,0,1,2400
DA:257,6
BRDA:257,0,0,6
BRDA:257,0,1,0
DA:258,6
BRDA:258,0,0,6
BRDA:258,0,1,0
DA:259,6
BRDA:259,0,0,6
BRDA:259,0,1,0
DA:260,6
BRDA:260,0,0,6
BRDA:260,0,1,0
DA:265,452
BRDA:265,0,0,17
BRDA:265,0,1,452
DA:266,17
DA:267,452
DA:268,452
DA:275,2400
BRDA:275,0,0,6
BRDA:275,0,1,2400
DA:276,6
DA:281,452
BRDA:281,0,0,17
BRDA:281,0,1,452
DA:282,17
DA:283,452
DA:284,452
DA:292,2388
BRDA:292,0,0,18
BRDA:292,0,1,2388
DA:293,11
BRDA:293,0,0,11
BRDA:293,0,1,7
DA:294,11
DA:295,11
DA:296,7
DA:297,7
DA:303,452
BRDA:303,0,0,17
BRDA:303,0,1,452
DA:304,17
DA:305,17
DA:306,452
DA:307,452
DA:308,452
DA:315,2394
BRDA:315,0,0,12
BRDA:315,0,1,2394
DA:316,12
BRDA:316,0,0,12
BRDA:316,0,1,0
DA:317,12
BRDA:317,0,0,12
BRDA:317,0,1,0
DA:318,12
BRDA:318,0,0,12
BRDA:318,0,1,0
DA:319,12
BRDA:319,0,0,12
BRDA:319,0,1,0
DA:324,452
BRDA:324,0,0,17
BRDA:324,0,1,452
DA:325,17
DA:326,452
DA:327,452
DA:334,2394
BRDA:334,0,0,12
BRDA:334,0,1,2394
DA:335,12
BRDA:335,0,0,12
BRDA:335,0,1,0
DA:336,12
BRDA:336,0,0,12
BRDA:336,0,1,0
DA:337,12
BRDA:337,0,0,12
BRDA:337,0,1,0
DA:338,12
BRDA:338,0,0,12
BRDA:338,0,1,0
DA:343,452
BRDA:343,0,0,17
BRDA:343,0,1,452
DA:344,17
DA:345,452
DA:346,452
DA:353,2400
BRDA:353,0,0,6
BRDA:353,0,1,2400
DA:354,6
DA:359,452
BRDA:359,0,0,17
BRDA:359,0,1,452
DA:360,17
DA:361,452
DA:362,452
DA:369,2400
BRDA:369,0,0,6
BRDA:369,0,1,2400
DA:370,6
DA:375,452
BRDA:375,0,0,17
BRDA:375,0,1,452
DA:376,17
DA:377,452
DA:378,452
DA:459,2406
BRDA:459,0,0,2406
BRDA:459,0,1,0
DA:460,2238
BRDA:460,0,0,168
BRDA:460,0,1,2238
DA:461,168
DA:462,168
DA:463,168
DA:465,96
BRDA:465,0,0,96
BRDA:465,0,1,72
DA:466,72
DA:467,72
DA:468,96
DA:469,96
DA:470,96
DA:472,2238
DA:473,2238
DA:479,452
BRDA:479,0,0,17
BRDA:479,0,1,452
DA:480,17
DA:481,17
DA:482,17
DA:483,17
DA:484,17
DA:485,452
DA:486,452
DA:487,452
DA:488,452
DA:489,452
DA:490,452
BRF:124
BRH:73
end_of_record
