TN:verilator_coverage
SF:/home/abdulbasit/electrical-and-electronics-engineering/VLSI/isqed-2026-dv-challenge/duts/warden_timer/warden_timer.sv
DA:4,467
BRDA:4,0,0,467
BRDA:4,0,1,466
DA:5,3
BRDA:5,0,0,3
BRDA:5,0,1,2
DA:7,28
BRDA:7,0,0,28
BRDA:7,0,1,28
DA:8,1
BRDA:8,0,0,1
BRDA:8,0,1,0
DA:9,12
BRDA:9,0,0,0
BRDA:9,0,1,0
BRDA:9,0,2,0
BRDA:9,0,3,0
BRDA:9,0,4,12
BRDA:9,0,5,12
DA:10,15
BRDA:10,0,0,0
BRDA:10,0,1,0
BRDA:10,0,2,0
BRDA:10,0,3,0
BRDA:10,0,4,0
BRDA:10,0,5,0
BRDA:10,0,6,0
BRDA:10,0,7,0
BRDA:10,0,8,0
BRDA:10,0,9,0
BRDA:10,0,10,0
BRDA:10,0,11,0
BRDA:10,0,12,0
BRDA:10,0,13,0
BRDA:10,0,14,0
BRDA:10,0,15,0
BRDA:10,0,16,0
BRDA:10,0,17,0
BRDA:10,0,18,0
BRDA:10,0,19,0
BRDA:10,0,20,0
BRDA:10,0,21,0
BRDA:10,0,22,0
BRDA:10,0,23,0
BRDA:10,0,24,0
BRDA:10,0,25,0
BRDA:10,0,26,0
BRDA:10,0,27,0
BRDA:10,0,28,0
BRDA:10,0,29,0
BRDA:10,0,30,0
BRDA:10,0,31,0
BRDA:10,0,32,0
BRDA:10,0,33,0
BRDA:10,0,34,0
BRDA:10,0,35,0
BRDA:10,0,36,0
BRDA:10,0,37,0
BRDA:10,0,38,0
BRDA:10,0,39,0
BRDA:10,0,40,0
BRDA:10,0,41,0
BRDA:10,0,42,0
BRDA:10,0,43,0
BRDA:10,0,44,14
BRDA:10,0,45,14
BRDA:10,0,46,0
BRDA:10,0,47,0
BRDA:10,0,48,0
BRDA:10,0,49,0
BRDA:10,0,50,14
BRDA:10,0,51,14
BRDA:10,0,52,15
BRDA:10,0,53,15
BRDA:10,0,54,14
BRDA:10,0,55,14
BRDA:10,0,56,0
BRDA:10,0,57,0
BRDA:10,0,58,0
BRDA:10,0,59,0
BRDA:10,0,60,0
BRDA:10,0,61,0
BRDA:10,0,62,0
BRDA:10,0,63,0
DA:11,7
BRDA:11,0,0,7
BRDA:11,0,1,7
BRDA:11,0,2,0
BRDA:11,0,3,0
BRDA:11,0,4,0
BRDA:11,0,5,0
BRDA:11,0,6,0
BRDA:11,0,7,0
BRDA:11,0,8,0
BRDA:11,0,9,0
BRDA:11,0,10,0
BRDA:11,0,11,0
BRDA:11,0,12,0
BRDA:11,0,13,0
BRDA:11,0,14,0
BRDA:11,0,15,0
BRDA:11,0,16,0
BRDA:11,0,17,0
BRDA:11,0,18,0
BRDA:11,0,19,0
BRDA:11,0,20,0
BRDA:11,0,21,0
BRDA:11,0,22,4
BRDA:11,0,23,4
BRDA:11,0,24,0
BRDA:11,0,25,0
BRDA:11,0,26,0
BRDA:11,0,27,0
BRDA:11,0,28,0
BRDA:11,0,29,0
BRDA:11,0,30,0
BRDA:11,0,31,0
BRDA:11,0,32,0
BRDA:11,0,33,0
BRDA:11,0,34,0
BRDA:11,0,35,0
BRDA:11,0,36,0
BRDA:11,0,37,0
BRDA:11,0,38,0
BRDA:11,0,39,0
BRDA:11,0,40,0
BRDA:11,0,41,0
BRDA:11,0,42,0
BRDA:11,0,43,0
BRDA:11,0,44,2
BRDA:11,0,45,2
BRDA:11,0,46,0
BRDA:11,0,47,0
BRDA:11,0,48,0
BRDA:11,0,49,0
BRDA:11,0,50,0
BRDA:11,0,51,0
BRDA:11,0,52,0
BRDA:11,0,53,0
BRDA:11,0,54,1
BRDA:11,0,55,1
BRDA:11,0,56,2
BRDA:11,0,57,2
BRDA:11,0,58,1
BRDA:11,0,59,1
BRDA:11,0,60,1
BRDA:11,0,61,1
BRDA:11,0,62,0
BRDA:11,0,63,0
DA:12,1
BRDA:12,0,0,1
BRDA:12,0,1,0
BRDA:12,0,2,1
BRDA:12,0,3,0
BRDA:12,0,4,1
BRDA:12,0,5,0
BRDA:12,0,6,1
BRDA:12,0,7,0
DA:13,0
BRDA:13,0,0,0
BRDA:13,0,1,0
BRDA:13,0,2,0
BRDA:13,0,3,0
BRDA:13,0,4,0
BRDA:13,0,5,0
BRDA:13,0,6,0
BRDA:13,0,7,0
BRDA:13,0,8,0
BRDA:13,0,9,0
BRDA:13,0,10,0
BRDA:13,0,11,0
BRDA:13,0,12,0
BRDA:13,0,13,0
BRDA:13,0,14,0
BRDA:13,0,15,0
DA:14,1
BRDA:14,0,0,0
BRDA:14,0,1,0
BRDA:14,0,2,1
BRDA:14,0,3,0
DA:16,28
BRDA:16,0,0,28
BRDA:16,0,1,28
DA:17,5
BRDA:17,0,0,5
BRDA:17,0,1,5
DA:18,8
BRDA:18,0,0,8
BRDA:18,0,1,7
BRDA:18,0,2,0
BRDA:18,0,3,0
BRDA:18,0,4,0
BRDA:18,0,5,0
DA:19,6
BRDA:19,0,0,6
BRDA:19,0,1,6
BRDA:19,0,2,0
BRDA:19,0,3,0
BRDA:19,0,4,0
BRDA:19,0,5,0
BRDA:19,0,6,0
BRDA:19,0,7,0
BRDA:19,0,8,0
BRDA:19,0,9,0
BRDA:19,0,10,0
BRDA:19,0,11,0
BRDA:19,0,12,0
BRDA:19,0,13,0
BRDA:19,0,14,0
BRDA:19,0,15,0
BRDA:19,0,16,0
BRDA:19,0,17,0
BRDA:19,0,18,0
BRDA:19,0,19,0
BRDA:19,0,20,0
BRDA:19,0,21,0
BRDA:19,0,22,6
BRDA:19,0,23,6
BRDA:19,0,24,0
BRDA:19,0,25,0
BRDA:19,0,26,0
BRDA:19,0,27,0
BRDA:19,0,28,0
BRDA:19,0,29,0
BRDA:19,0,30,0
BRDA:19,0,31,0
BRDA:19,0,32,0
BRDA:19,0,33,0
BRDA:19,0,34,0
BRDA:19,0,35,0
BRDA:19,0,36,0
BRDA:19,0,37,0
BRDA:19,0,38,0
BRDA:19,0,39,0
BRDA:19,0,40,0
BRDA:19,0,41,0
BRDA:19,0,42,0
BRDA:19,0,43,0
BRDA:19,0,44,1
BRDA:19,0,45,1
BRDA:19,0,46,0
BRDA:19,0,47,0
BRDA:19,0,48,0
BRDA:19,0,49,0
BRDA:19,0,50,0
BRDA:19,0,51,0
BRDA:19,0,52,0
BRDA:19,0,53,0
BRDA:19,0,54,0
BRDA:19,0,55,0
BRDA:19,0,56,1
BRDA:19,0,57,1
BRDA:19,0,58,1
BRDA:19,0,59,1
BRDA:19,0,60,0
BRDA:19,0,61,0
BRDA:19,0,62,0
BRDA:19,0,63,0
DA:20,0
BRDA:20,0,0,0
BRDA:20,0,1,0
BRDA:20,0,2,0
BRDA:20,0,3,0
BRDA:20,0,4,0
BRDA:20,0,5,0
BRDA:20,0,6,0
BRDA:20,0,7,0
BRDA:20,0,8,0
BRDA:20,0,9,0
BRDA:20,0,10,0
BRDA:20,0,11,0
BRDA:20,0,12,0
BRDA:20,0,13,0
BRDA:20,0,14,0
BRDA:20,0,15,0
DA:21,0
BRDA:21,0,0,0
BRDA:21,0,1,0
DA:23,1
BRDA:23,0,0,1
BRDA:23,0,1,1
BRDA:23,0,2,1
BRDA:23,0,3,1
BRDA:23,0,4,1
BRDA:23,0,5,1
DA:24,0
BRDA:24,0,0,0
BRDA:24,0,1,0
DA:45,76
BRDA:45,0,0,76
BRDA:45,0,1,76
BRDA:45,0,2,0
BRDA:45,0,3,0
BRDA:45,0,4,0
BRDA:45,0,5,0
BRDA:45,0,6,0
BRDA:45,0,7,0
BRDA:45,0,8,0
BRDA:45,0,9,0
BRDA:45,0,10,0
BRDA:45,0,11,0
BRDA:45,0,12,0
BRDA:45,0,13,0
BRDA:45,0,14,0
BRDA:45,0,15,0
BRDA:45,0,16,0
BRDA:45,0,17,0
BRDA:45,0,18,0
BRDA:45,0,19,0
BRDA:45,0,20,0
BRDA:45,0,21,0
BRDA:45,0,22,39
BRDA:45,0,23,38
BRDA:45,0,24,0
BRDA:45,0,25,0
BRDA:45,0,26,0
BRDA:45,0,27,0
BRDA:45,0,28,0
BRDA:45,0,29,0
BRDA:45,0,30,0
BRDA:45,0,31,0
BRDA:45,0,32,0
BRDA:45,0,33,0
BRDA:45,0,34,0
BRDA:45,0,35,0
BRDA:45,0,36,0
BRDA:45,0,37,0
BRDA:45,0,38,0
BRDA:45,0,39,0
BRDA:45,0,40,0
BRDA:45,0,41,0
BRDA:45,0,42,0
BRDA:45,0,43,0
BRDA:45,0,44,19
BRDA:45,0,45,19
BRDA:45,0,46,0
BRDA:45,0,47,0
BRDA:45,0,48,0
BRDA:45,0,49,0
BRDA:45,0,50,0
BRDA:45,0,51,0
BRDA:45,0,52,0
BRDA:45,0,53,0
BRDA:45,0,54,0
BRDA:45,0,55,0
BRDA:45,0,56,0
BRDA:45,0,57,0
BRDA:45,0,58,0
BRDA:45,0,59,0
BRDA:45,0,60,0
BRDA:45,0,61,0
BRDA:45,0,62,0
BRDA:45,0,63,0
BRDA:45,0,64,0
BRDA:45,0,65,0
BRDA:45,0,66,9
BRDA:45,0,67,9
BRDA:45,0,68,0
BRDA:45,0,69,0
BRDA:45,0,70,0
BRDA:45,0,71,0
BRDA:45,0,72,0
BRDA:45,0,73,0
BRDA:45,0,74,0
BRDA:45,0,75,0
BRDA:45,0,76,0
BRDA:45,0,77,0
BRDA:45,0,78,0
BRDA:45,0,79,0
BRDA:45,0,80,0
BRDA:45,0,81,0
BRDA:45,0,82,0
BRDA:45,0,83,0
BRDA:45,0,84,0
BRDA:45,0,85,0
BRDA:45,0,86,0
BRDA:45,0,87,0
BRDA:45,0,88,5
BRDA:45,0,89,4
BRDA:45,0,90,0
BRDA:45,0,91,0
BRDA:45,0,92,0
BRDA:45,0,93,0
BRDA:45,0,94,0
BRDA:45,0,95,0
BRDA:45,0,96,0
BRDA:45,0,97,0
BRDA:45,0,98,0
BRDA:45,0,99,0
BRDA:45,0,100,0
BRDA:45,0,101,0
BRDA:45,0,102,0
BRDA:45,0,103,0
BRDA:45,0,104,0
BRDA:45,0,105,0
BRDA:45,0,106,0
BRDA:45,0,107,0
BRDA:45,0,108,0
BRDA:45,0,109,0
BRDA:45,0,110,2
BRDA:45,0,111,2
BRDA:45,0,112,0
BRDA:45,0,113,0
BRDA:45,0,114,0
BRDA:45,0,115,0
BRDA:45,0,116,0
BRDA:45,0,117,0
BRDA:45,0,118,0
BRDA:45,0,119,0
BRDA:45,0,120,1
BRDA:45,0,121,1
BRDA:45,0,122,0
BRDA:45,0,123,0
BRDA:45,0,124,0
BRDA:45,0,125,0
BRDA:45,0,126,0
BRDA:45,0,127,0
DA:46,77
BRDA:46,0,0,77
BRDA:46,0,1,76
BRDA:46,0,2,0
BRDA:46,0,3,0
BRDA:46,0,4,0
BRDA:46,0,5,0
BRDA:46,0,6,0
BRDA:46,0,7,0
BRDA:46,0,8,0
BRDA:46,0,9,0
BRDA:46,0,10,0
BRDA:46,0,11,0
BRDA:46,0,12,0
BRDA:46,0,13,0
BRDA:46,0,14,0
BRDA:46,0,15,0
BRDA:46,0,16,0
BRDA:46,0,17,0
BRDA:46,0,18,0
BRDA:46,0,19,0
BRDA:46,0,20,0
BRDA:46,0,21,0
BRDA:46,0,22,39
BRDA:46,0,23,38
BRDA:46,0,24,0
BRDA:46,0,25,0
BRDA:46,0,26,0
BRDA:46,0,27,0
BRDA:46,0,28,0
BRDA:46,0,29,0
BRDA:46,0,30,0
BRDA:46,0,31,0
BRDA:46,0,32,0
BRDA:46,0,33,0
BRDA:46,0,34,0
BRDA:46,0,35,0
BRDA:46,0,36,0
BRDA:46,0,37,0
BRDA:46,0,38,0
BRDA:46,0,39,0
BRDA:46,0,40,0
BRDA:46,0,41,0
BRDA:46,0,42,0
BRDA:46,0,43,0
BRDA:46,0,44,19
BRDA:46,0,45,19
BRDA:46,0,46,0
BRDA:46,0,47,0
BRDA:46,0,48,0
BRDA:46,0,49,0
BRDA:46,0,50,0
BRDA:46,0,51,0
BRDA:46,0,52,0
BRDA:46,0,53,0
BRDA:46,0,54,0
BRDA:46,0,55,0
BRDA:46,0,56,0
BRDA:46,0,57,0
BRDA:46,0,58,0
BRDA:46,0,59,0
BRDA:46,0,60,0
BRDA:46,0,61,0
BRDA:46,0,62,0
BRDA:46,0,63,0
BRDA:46,0,64,0
BRDA:46,0,65,0
BRDA:46,0,66,9
BRDA:46,0,67,9
BRDA:46,0,68,0
BRDA:46,0,69,0
BRDA:46,0,70,0
BRDA:46,0,71,0
BRDA:46,0,72,0
BRDA:46,0,73,0
BRDA:46,0,74,0
BRDA:46,0,75,0
BRDA:46,0,76,0
BRDA:46,0,77,0
BRDA:46,0,78,0
BRDA:46,0,79,0
BRDA:46,0,80,0
BRDA:46,0,81,0
BRDA:46,0,82,0
BRDA:46,0,83,0
BRDA:46,0,84,0
BRDA:46,0,85,0
BRDA:46,0,86,0
BRDA:46,0,87,0
BRDA:46,0,88,5
BRDA:46,0,89,4
BRDA:46,0,90,0
BRDA:46,0,91,0
BRDA:46,0,92,0
BRDA:46,0,93,0
BRDA:46,0,94,0
BRDA:46,0,95,0
BRDA:46,0,96,0
BRDA:46,0,97,0
BRDA:46,0,98,0
BRDA:46,0,99,0
BRDA:46,0,100,0
BRDA:46,0,101,0
BRDA:46,0,102,0
BRDA:46,0,103,0
BRDA:46,0,104,0
BRDA:46,0,105,0
BRDA:46,0,106,0
BRDA:46,0,107,0
BRDA:46,0,108,0
BRDA:46,0,109,0
BRDA:46,0,110,3
BRDA:46,0,111,3
BRDA:46,0,112,0
BRDA:46,0,113,0
BRDA:46,0,114,0
BRDA:46,0,115,0
BRDA:46,0,116,0
BRDA:46,0,117,0
BRDA:46,0,118,0
BRDA:46,0,119,0
BRDA:46,0,120,1
BRDA:46,0,121,1
BRDA:46,0,122,0
BRDA:46,0,123,0
BRDA:46,0,124,0
BRDA:46,0,125,0
BRDA:46,0,126,0
BRDA:46,0,127,0
DA:47,1
BRDA:47,0,0,0
BRDA:47,0,1,0
BRDA:47,0,2,0
BRDA:47,0,3,0
BRDA:47,0,4,0
BRDA:47,0,5,0
BRDA:47,0,6,0
BRDA:47,0,7,0
BRDA:47,0,8,0
BRDA:47,0,9,0
BRDA:47,0,10,0
BRDA:47,0,11,0
BRDA:47,0,12,0
BRDA:47,0,13,0
BRDA:47,0,14,0
BRDA:47,0,15,0
BRDA:47,0,16,0
BRDA:47,0,17,0
BRDA:47,0,18,0
BRDA:47,0,19,0
BRDA:47,0,20,0
BRDA:47,0,21,0
BRDA:47,0,22,0
BRDA:47,0,23,0
BRDA:47,0,24,0
BRDA:47,0,25,0
BRDA:47,0,26,0
BRDA:47,0,27,0
BRDA:47,0,28,0
BRDA:47,0,29,0
BRDA:47,0,30,0
BRDA:47,0,31,0
BRDA:47,0,32,0
BRDA:47,0,33,0
BRDA:47,0,34,0
BRDA:47,0,35,0
BRDA:47,0,36,0
BRDA:47,0,37,0
BRDA:47,0,38,0
BRDA:47,0,39,0
BRDA:47,0,40,0
BRDA:47,0,41,0
BRDA:47,0,42,0
BRDA:47,0,43,0
BRDA:47,0,44,0
BRDA:47,0,45,0
BRDA:47,0,46,0
BRDA:47,0,47,0
BRDA:47,0,48,0
BRDA:47,0,49,0
BRDA:47,0,50,0
BRDA:47,0,51,0
BRDA:47,0,52,0
BRDA:47,0,53,0
BRDA:47,0,54,0
BRDA:47,0,55,0
BRDA:47,0,56,0
BRDA:47,0,57,0
BRDA:47,0,58,0
BRDA:47,0,59,0
BRDA:47,0,60,0
BRDA:47,0,61,0
BRDA:47,0,62,0
BRDA:47,0,63,0
BRDA:47,0,64,0
BRDA:47,0,65,0
BRDA:47,0,66,0
BRDA:47,0,67,0
BRDA:47,0,68,0
BRDA:47,0,69,0
BRDA:47,0,70,0
BRDA:47,0,71,0
BRDA:47,0,72,0
BRDA:47,0,73,0
BRDA:47,0,74,0
BRDA:47,0,75,0
BRDA:47,0,76,0
BRDA:47,0,77,0
BRDA:47,0,78,0
BRDA:47,0,79,0
BRDA:47,0,80,0
BRDA:47,0,81,0
BRDA:47,0,82,0
BRDA:47,0,83,0
BRDA:47,0,84,0
BRDA:47,0,85,0
BRDA:47,0,86,0
BRDA:47,0,87,0
BRDA:47,0,88,0
BRDA:47,0,89,0
BRDA:47,0,90,0
BRDA:47,0,91,0
BRDA:47,0,92,0
BRDA:47,0,93,0
BRDA:47,0,94,0
BRDA:47,0,95,0
BRDA:47,0,96,0
BRDA:47,0,97,0
BRDA:47,0,98,0
BRDA:47,0,99,0
BRDA:47,0,100,0
BRDA:47,0,101,0
BRDA:47,0,102,0
BRDA:47,0,103,0
BRDA:47,0,104,0
BRDA:47,0,105,0
BRDA:47,0,106,0
BRDA:47,0,107,0
BRDA:47,0,108,0
BRDA:47,0,109,0
BRDA:47,0,110,1
BRDA:47,0,111,1
BRDA:47,0,112,0
BRDA:47,0,113,0
BRDA:47,0,114,0
BRDA:47,0,115,0
BRDA:47,0,116,0
BRDA:47,0,117,0
BRDA:47,0,118,0
BRDA:47,0,119,0
BRDA:47,0,120,0
BRDA:47,0,121,0
BRDA:47,0,122,0
BRDA:47,0,123,0
BRDA:47,0,124,0
BRDA:47,0,125,0
BRDA:47,0,126,0
BRDA:47,0,127,0
DA:48,1
BRDA:48,0,0,0
BRDA:48,0,1,0
BRDA:48,0,2,0
BRDA:48,0,3,0
BRDA:48,0,4,0
BRDA:48,0,5,0
BRDA:48,0,6,0
BRDA:48,0,7,0
BRDA:48,0,8,0
BRDA:48,0,9,0
BRDA:48,0,10,0
BRDA:48,0,11,0
BRDA:48,0,12,0
BRDA:48,0,13,0
BRDA:48,0,14,0
BRDA:48,0,15,0
BRDA:48,0,16,0
BRDA:48,0,17,0
BRDA:48,0,18,0
BRDA:48,0,19,0
BRDA:48,0,20,0
BRDA:48,0,21,0
BRDA:48,0,22,0
BRDA:48,0,23,0
BRDA:48,0,24,0
BRDA:48,0,25,0
BRDA:48,0,26,0
BRDA:48,0,27,0
BRDA:48,0,28,0
BRDA:48,0,29,0
BRDA:48,0,30,0
BRDA:48,0,31,0
BRDA:48,0,32,0
BRDA:48,0,33,0
BRDA:48,0,34,0
BRDA:48,0,35,0
BRDA:48,0,36,0
BRDA:48,0,37,0
BRDA:48,0,38,0
BRDA:48,0,39,0
BRDA:48,0,40,0
BRDA:48,0,41,0
BRDA:48,0,42,0
BRDA:48,0,43,0
BRDA:48,0,44,0
BRDA:48,0,45,0
BRDA:48,0,46,0
BRDA:48,0,47,0
BRDA:48,0,48,0
BRDA:48,0,49,0
BRDA:48,0,50,0
BRDA:48,0,51,0
BRDA:48,0,52,0
BRDA:48,0,53,0
BRDA:48,0,54,0
BRDA:48,0,55,0
BRDA:48,0,56,0
BRDA:48,0,57,0
BRDA:48,0,58,0
BRDA:48,0,59,0
BRDA:48,0,60,0
BRDA:48,0,61,0
BRDA:48,0,62,0
BRDA:48,0,63,0
BRDA:48,0,64,0
BRDA:48,0,65,0
BRDA:48,0,66,0
BRDA:48,0,67,0
BRDA:48,0,68,0
BRDA:48,0,69,0
BRDA:48,0,70,0
BRDA:48,0,71,0
BRDA:48,0,72,0
BRDA:48,0,73,0
BRDA:48,0,74,0
BRDA:48,0,75,0
BRDA:48,0,76,0
BRDA:48,0,77,0
BRDA:48,0,78,0
BRDA:48,0,79,0
BRDA:48,0,80,0
BRDA:48,0,81,0
BRDA:48,0,82,0
BRDA:48,0,83,0
BRDA:48,0,84,0
BRDA:48,0,85,0
BRDA:48,0,86,0
BRDA:48,0,87,0
BRDA:48,0,88,0
BRDA:48,0,89,0
BRDA:48,0,90,0
BRDA:48,0,91,0
BRDA:48,0,92,0
BRDA:48,0,93,0
BRDA:48,0,94,0
BRDA:48,0,95,0
BRDA:48,0,96,0
BRDA:48,0,97,0
BRDA:48,0,98,0
BRDA:48,0,99,0
BRDA:48,0,100,0
BRDA:48,0,101,0
BRDA:48,0,102,0
BRDA:48,0,103,0
BRDA:48,0,104,0
BRDA:48,0,105,0
BRDA:48,0,106,0
BRDA:48,0,107,0
BRDA:48,0,108,0
BRDA:48,0,109,0
BRDA:48,0,110,1
BRDA:48,0,111,1
BRDA:48,0,112,0
BRDA:48,0,113,0
BRDA:48,0,114,0
BRDA:48,0,115,0
BRDA:48,0,116,0
BRDA:48,0,117,0
BRDA:48,0,118,0
BRDA:48,0,119,0
BRDA:48,0,120,0
BRDA:48,0,121,0
BRDA:48,0,122,0
BRDA:48,0,123,0
BRDA:48,0,124,0
BRDA:48,0,125,0
BRDA:48,0,126,0
BRDA:48,0,127,0
DA:49,1
BRDA:49,0,0,0
BRDA:49,0,1,0
BRDA:49,0,2,0
BRDA:49,0,3,0
BRDA:49,0,4,0
BRDA:49,0,5,0
BRDA:49,0,6,0
BRDA:49,0,7,0
BRDA:49,0,8,0
BRDA:49,0,9,0
BRDA:49,0,10,0
BRDA:49,0,11,0
BRDA:49,0,12,0
BRDA:49,0,13,0
BRDA:49,0,14,0
BRDA:49,0,15,0
BRDA:49,0,16,0
BRDA:49,0,17,0
BRDA:49,0,18,0
BRDA:49,0,19,0
BRDA:49,0,20,0
BRDA:49,0,21,0
BRDA:49,0,22,0
BRDA:49,0,23,0
BRDA:49,0,24,0
BRDA:49,0,25,0
BRDA:49,0,26,0
BRDA:49,0,27,0
BRDA:49,0,28,0
BRDA:49,0,29,0
BRDA:49,0,30,0
BRDA:49,0,31,0
BRDA:49,0,32,0
BRDA:49,0,33,0
BRDA:49,0,34,0
BRDA:49,0,35,0
BRDA:49,0,36,0
BRDA:49,0,37,0
BRDA:49,0,38,0
BRDA:49,0,39,0
BRDA:49,0,40,0
BRDA:49,0,41,0
BRDA:49,0,42,0
BRDA:49,0,43,0
BRDA:49,0,44,0
BRDA:49,0,45,0
BRDA:49,0,46,0
BRDA:49,0,47,0
BRDA:49,0,48,0
BRDA:49,0,49,0
BRDA:49,0,50,0
BRDA:49,0,51,0
BRDA:49,0,52,0
BRDA:49,0,53,0
BRDA:49,0,54,0
BRDA:49,0,55,0
BRDA:49,0,56,0
BRDA:49,0,57,0
BRDA:49,0,58,0
BRDA:49,0,59,0
BRDA:49,0,60,0
BRDA:49,0,61,0
BRDA:49,0,62,0
BRDA:49,0,63,0
BRDA:49,0,64,0
BRDA:49,0,65,0
BRDA:49,0,66,0
BRDA:49,0,67,0
BRDA:49,0,68,0
BRDA:49,0,69,0
BRDA:49,0,70,0
BRDA:49,0,71,0
BRDA:49,0,72,0
BRDA:49,0,73,0
BRDA:49,0,74,0
BRDA:49,0,75,0
BRDA:49,0,76,0
BRDA:49,0,77,0
BRDA:49,0,78,0
BRDA:49,0,79,0
BRDA:49,0,80,0
BRDA:49,0,81,0
BRDA:49,0,82,0
BRDA:49,0,83,0
BRDA:49,0,84,0
BRDA:49,0,85,0
BRDA:49,0,86,0
BRDA:49,0,87,0
BRDA:49,0,88,0
BRDA:49,0,89,0
BRDA:49,0,90,0
BRDA:49,0,91,0
BRDA:49,0,92,0
BRDA:49,0,93,0
BRDA:49,0,94,0
BRDA:49,0,95,0
BRDA:49,0,96,0
BRDA:49,0,97,0
BRDA:49,0,98,0
BRDA:49,0,99,0
BRDA:49,0,100,0
BRDA:49,0,101,0
BRDA:49,0,102,0
BRDA:49,0,103,0
BRDA:49,0,104,0
BRDA:49,0,105,0
BRDA:49,0,106,0
BRDA:49,0,107,0
BRDA:49,0,108,0
BRDA:49,0,109,0
BRDA:49,0,110,0
BRDA:49,0,111,0
BRDA:49,0,112,0
BRDA:49,0,113,0
BRDA:49,0,114,0
BRDA:49,0,115,0
BRDA:49,0,116,0
BRDA:49,0,117,0
BRDA:49,0,118,0
BRDA:49,0,119,0
BRDA:49,0,120,1
BRDA:49,0,121,1
BRDA:49,0,122,0
BRDA:49,0,123,0
BRDA:49,0,124,0
BRDA:49,0,125,0
BRDA:49,0,126,0
BRDA:49,0,127,0
DA:50,1
BRDA:50,0,0,0
BRDA:50,0,1,0
BRDA:50,0,2,0
BRDA:50,0,3,0
BRDA:50,0,4,0
BRDA:50,0,5,0
BRDA:50,0,6,0
BRDA:50,0,7,0
BRDA:50,0,8,0
BRDA:50,0,9,0
BRDA:50,0,10,0
BRDA:50,0,11,0
BRDA:50,0,12,0
BRDA:50,0,13,0
BRDA:50,0,14,0
BRDA:50,0,15,0
BRDA:50,0,16,0
BRDA:50,0,17,0
BRDA:50,0,18,0
BRDA:50,0,19,0
BRDA:50,0,20,0
BRDA:50,0,21,0
BRDA:50,0,22,0
BRDA:50,0,23,0
BRDA:50,0,24,0
BRDA:50,0,25,0
BRDA:50,0,26,0
BRDA:50,0,27,0
BRDA:50,0,28,0
BRDA:50,0,29,0
BRDA:50,0,30,0
BRDA:50,0,31,0
BRDA:50,0,32,0
BRDA:50,0,33,0
BRDA:50,0,34,0
BRDA:50,0,35,0
BRDA:50,0,36,0
BRDA:50,0,37,0
BRDA:50,0,38,0
BRDA:50,0,39,0
BRDA:50,0,40,0
BRDA:50,0,41,0
BRDA:50,0,42,0
BRDA:50,0,43,0
BRDA:50,0,44,0
BRDA:50,0,45,0
BRDA:50,0,46,0
BRDA:50,0,47,0
BRDA:50,0,48,0
BRDA:50,0,49,0
BRDA:50,0,50,0
BRDA:50,0,51,0
BRDA:50,0,52,0
BRDA:50,0,53,0
BRDA:50,0,54,0
BRDA:50,0,55,0
BRDA:50,0,56,0
BRDA:50,0,57,0
BRDA:50,0,58,0
BRDA:50,0,59,0
BRDA:50,0,60,0
BRDA:50,0,61,0
BRDA:50,0,62,0
BRDA:50,0,63,0
BRDA:50,0,64,0
BRDA:50,0,65,0
BRDA:50,0,66,0
BRDA:50,0,67,0
BRDA:50,0,68,0
BRDA:50,0,69,0
BRDA:50,0,70,0
BRDA:50,0,71,0
BRDA:50,0,72,0
BRDA:50,0,73,0
BRDA:50,0,74,0
BRDA:50,0,75,0
BRDA:50,0,76,0
BRDA:50,0,77,0
BRDA:50,0,78,0
BRDA:50,0,79,0
BRDA:50,0,80,0
BRDA:50,0,81,0
BRDA:50,0,82,0
BRDA:50,0,83,0
BRDA:50,0,84,0
BRDA:50,0,85,0
BRDA:50,0,86,0
BRDA:50,0,87,0
BRDA:50,0,88,0
BRDA:50,0,89,0
BRDA:50,0,90,0
BRDA:50,0,91,0
BRDA:50,0,92,0
BRDA:50,0,93,0
BRDA:50,0,94,0
BRDA:50,0,95,0
BRDA:50,0,96,0
BRDA:50,0,97,0
BRDA:50,0,98,0
BRDA:50,0,99,0
BRDA:50,0,100,0
BRDA:50,0,101,0
BRDA:50,0,102,0
BRDA:50,0,103,0
BRDA:50,0,104,0
BRDA:50,0,105,0
BRDA:50,0,106,0
BRDA:50,0,107,0
BRDA:50,0,108,0
BRDA:50,0,109,0
BRDA:50,0,110,0
BRDA:50,0,111,0
BRDA:50,0,112,0
BRDA:50,0,113,0
BRDA:50,0,114,0
BRDA:50,0,115,0
BRDA:50,0,116,0
BRDA:50,0,117,0
BRDA:50,0,118,0
BRDA:50,0,119,0
BRDA:50,0,120,1
BRDA:50,0,121,1
BRDA:50,0,122,0
BRDA:50,0,123,0
BRDA:50,0,124,0
BRDA:50,0,125,0
BRDA:50,0,126,0
BRDA:50,0,127,0
DA:51,1
BRDA:51,0,0,1
BRDA:51,0,1,1
BRDA:51,0,2,0
BRDA:51,0,3,0
BRDA:51,0,4,0
BRDA:51,0,5,0
BRDA:51,0,6,1
BRDA:51,0,7,1
BRDA:51,0,8,0
BRDA:51,0,9,0
BRDA:51,0,10,0
BRDA:51,0,11,0
BRDA:51,0,12,0
BRDA:51,0,13,0
BRDA:51,0,14,0
BRDA:51,0,15,0
BRDA:51,0,16,0
BRDA:51,0,17,0
BRDA:51,0,18,0
BRDA:51,0,19,0
BRDA:51,0,20,0
BRDA:51,0,21,0
BRDA:51,0,22,0
BRDA:51,0,23,0
DA:52,1
BRDA:52,0,0,1
BRDA:52,0,1,1
BRDA:52,0,2,0
BRDA:52,0,3,0
BRDA:52,0,4,0
BRDA:52,0,5,0
BRDA:52,0,6,1
BRDA:52,0,7,1
BRDA:52,0,8,0
BRDA:52,0,9,0
BRDA:52,0,10,0
BRDA:52,0,11,0
BRDA:52,0,12,0
BRDA:52,0,13,0
BRDA:52,0,14,0
BRDA:52,0,15,0
BRDA:52,0,16,0
BRDA:52,0,17,0
BRDA:52,0,18,0
BRDA:52,0,19,0
BRDA:52,0,20,0
BRDA:52,0,21,0
BRDA:52,0,22,0
BRDA:52,0,23,0
DA:53,201
BRDA:53,0,0,201
BRDA:53,0,1,201
BRDA:53,0,2,0
BRDA:53,0,3,0
BRDA:53,0,4,0
BRDA:53,0,5,0
BRDA:53,0,6,100
BRDA:53,0,7,100
BRDA:53,0,8,0
BRDA:53,0,9,0
BRDA:53,0,10,0
BRDA:53,0,11,0
BRDA:53,0,12,0
BRDA:53,0,13,0
BRDA:53,0,14,0
BRDA:53,0,15,0
BRDA:53,0,16,0
BRDA:53,0,17,0
BRDA:53,0,18,0
BRDA:53,0,19,0
BRDA:53,0,20,0
BRDA:53,0,21,0
BRDA:53,0,22,0
BRDA:53,0,23,0
DA:54,201
BRDA:54,0,0,201
BRDA:54,0,1,201
BRDA:54,0,2,0
BRDA:54,0,3,0
BRDA:54,0,4,0
BRDA:54,0,5,0
BRDA:54,0,6,101
BRDA:54,0,7,101
BRDA:54,0,8,0
BRDA:54,0,9,0
BRDA:54,0,10,0
BRDA:54,0,11,0
BRDA:54,0,12,0
BRDA:54,0,13,0
BRDA:54,0,14,0
BRDA:54,0,15,0
BRDA:54,0,16,0
BRDA:54,0,17,0
BRDA:54,0,18,0
BRDA:54,0,19,0
BRDA:54,0,20,0
BRDA:54,0,21,0
BRDA:54,0,22,0
BRDA:54,0,23,0
DA:56,2
BRDA:56,0,0,2
BRDA:56,0,1,2
DA:57,2
BRDA:57,0,0,2
BRDA:57,0,1,2
DA:58,1
BRDA:58,0,0,1
BRDA:58,0,1,1
DA:59,1
BRDA:59,0,0,1
BRDA:59,0,1,1
DA:60,1
BRDA:60,0,0,1
BRDA:60,0,1,1
BRDA:60,0,2,0
BRDA:60,0,3,0
BRDA:60,0,4,0
BRDA:60,0,5,0
BRDA:60,0,6,0
BRDA:60,0,7,0
BRDA:60,0,8,0
BRDA:60,0,9,0
BRDA:60,0,10,0
BRDA:60,0,11,0
BRDA:60,0,12,0
BRDA:60,0,13,0
BRDA:60,0,14,0
BRDA:60,0,15,0
BRDA:60,0,16,0
BRDA:60,0,17,0
BRDA:60,0,18,0
BRDA:60,0,19,0
BRDA:60,0,20,0
BRDA:60,0,21,0
BRDA:60,0,22,0
BRDA:60,0,23,0
BRDA:60,0,24,0
BRDA:60,0,25,0
BRDA:60,0,26,0
BRDA:60,0,27,0
BRDA:60,0,28,0
BRDA:60,0,29,0
BRDA:60,0,30,0
BRDA:60,0,31,0
BRDA:60,0,32,0
BRDA:60,0,33,0
BRDA:60,0,34,0
BRDA:60,0,35,0
BRDA:60,0,36,0
BRDA:60,0,37,0
BRDA:60,0,38,0
BRDA:60,0,39,0
BRDA:60,0,40,0
BRDA:60,0,41,0
BRDA:60,0,42,0
BRDA:60,0,43,0
BRDA:60,0,44,1
BRDA:60,0,45,1
BRDA:60,0,46,0
BRDA:60,0,47,0
BRDA:60,0,48,0
BRDA:60,0,49,0
BRDA:60,0,50,0
BRDA:60,0,51,0
BRDA:60,0,52,0
BRDA:60,0,53,0
BRDA:60,0,54,0
BRDA:60,0,55,0
BRDA:60,0,56,1
BRDA:60,0,57,1
BRDA:60,0,58,0
BRDA:60,0,59,0
BRDA:60,0,60,0
BRDA:60,0,61,0
BRDA:60,0,62,0
BRDA:60,0,63,0
DA:61,1
BRDA:61,0,0,1
BRDA:61,0,1,1
BRDA:61,0,2,0
BRDA:61,0,3,0
BRDA:61,0,4,0
BRDA:61,0,5,0
BRDA:61,0,6,0
BRDA:61,0,7,0
BRDA:61,0,8,0
BRDA:61,0,9,0
BRDA:61,0,10,0
BRDA:61,0,11,0
BRDA:61,0,12,0
BRDA:61,0,13,0
BRDA:61,0,14,0
BRDA:61,0,15,0
BRDA:61,0,16,0
BRDA:61,0,17,0
BRDA:61,0,18,0
BRDA:61,0,19,0
BRDA:61,0,20,0
BRDA:61,0,21,0
BRDA:61,0,22,0
BRDA:61,0,23,0
BRDA:61,0,24,0
BRDA:61,0,25,0
BRDA:61,0,26,0
BRDA:61,0,27,0
BRDA:61,0,28,0
BRDA:61,0,29,0
BRDA:61,0,30,0
BRDA:61,0,31,0
BRDA:61,0,32,0
BRDA:61,0,33,0
BRDA:61,0,34,0
BRDA:61,0,35,0
BRDA:61,0,36,0
BRDA:61,0,37,0
BRDA:61,0,38,0
BRDA:61,0,39,0
BRDA:61,0,40,0
BRDA:61,0,41,0
BRDA:61,0,42,0
BRDA:61,0,43,0
BRDA:61,0,44,1
BRDA:61,0,45,1
BRDA:61,0,46,0
BRDA:61,0,47,0
BRDA:61,0,48,0
BRDA:61,0,49,0
BRDA:61,0,50,0
BRDA:61,0,51,0
BRDA:61,0,52,0
BRDA:61,0,53,0
BRDA:61,0,54,0
BRDA:61,0,55,0
BRDA:61,0,56,1
BRDA:61,0,57,1
BRDA:61,0,58,0
BRDA:61,0,59,0
BRDA:61,0,60,0
BRDA:61,0,61,0
BRDA:61,0,62,0
BRDA:61,0,63,0
DA:62,1
BRDA:62,0,0,0
BRDA:62,0,1,0
BRDA:62,0,2,0
BRDA:62,0,3,0
BRDA:62,0,4,0
BRDA:62,0,5,0
BRDA:62,0,6,0
BRDA:62,0,7,0
BRDA:62,0,8,0
BRDA:62,0,9,0
BRDA:62,0,10,0
BRDA:62,0,11,0
BRDA:62,0,12,0
BRDA:62,0,13,0
BRDA:62,0,14,0
BRDA:62,0,15,0
BRDA:62,0,16,0
BRDA:62,0,17,0
BRDA:62,0,18,0
BRDA:62,0,19,0
BRDA:62,0,20,0
BRDA:62,0,21,0
BRDA:62,0,22,0
BRDA:62,0,23,0
BRDA:62,0,24,0
BRDA:62,0,25,0
BRDA:62,0,26,0
BRDA:62,0,27,0
BRDA:62,0,28,0
BRDA:62,0,29,0
BRDA:62,0,30,0
BRDA:62,0,31,0
BRDA:62,0,32,0
BRDA:62,0,33,0
BRDA:62,0,34,0
BRDA:62,0,35,0
BRDA:62,0,36,0
BRDA:62,0,37,0
BRDA:62,0,38,0
BRDA:62,0,39,0
BRDA:62,0,40,0
BRDA:62,0,41,0
BRDA:62,0,42,0
BRDA:62,0,43,0
BRDA:62,0,44,0
BRDA:62,0,45,0
BRDA:62,0,46,0
BRDA:62,0,47,0
BRDA:62,0,48,0
BRDA:62,0,49,0
BRDA:62,0,50,0
BRDA:62,0,51,0
BRDA:62,0,52,0
BRDA:62,0,53,0
BRDA:62,0,54,0
BRDA:62,0,55,0
BRDA:62,0,56,0
BRDA:62,0,57,0
BRDA:62,0,58,1
BRDA:62,0,59,1
BRDA:62,0,60,1
BRDA:62,0,61,1
BRDA:62,0,62,0
BRDA:62,0,63,0
DA:63,1
BRDA:63,0,0,0
BRDA:63,0,1,0
BRDA:63,0,2,0
BRDA:63,0,3,0
BRDA:63,0,4,0
BRDA:63,0,5,0
BRDA:63,0,6,0
BRDA:63,0,7,0
BRDA:63,0,8,0
BRDA:63,0,9,0
BRDA:63,0,10,0
BRDA:63,0,11,0
BRDA:63,0,12,0
BRDA:63,0,13,0
BRDA:63,0,14,0
BRDA:63,0,15,0
BRDA:63,0,16,0
BRDA:63,0,17,0
BRDA:63,0,18,0
BRDA:63,0,19,0
BRDA:63,0,20,0
BRDA:63,0,21,0
BRDA:63,0,22,0
BRDA:63,0,23,0
BRDA:63,0,24,0
BRDA:63,0,25,0
BRDA:63,0,26,0
BRDA:63,0,27,0
BRDA:63,0,28,0
BRDA:63,0,29,0
BRDA:63,0,30,0
BRDA:63,0,31,0
BRDA:63,0,32,0
BRDA:63,0,33,0
BRDA:63,0,34,0
BRDA:63,0,35,0
BRDA:63,0,36,0
BRDA:63,0,37,0
BRDA:63,0,38,0
BRDA:63,0,39,0
BRDA:63,0,40,0
BRDA:63,0,41,0
BRDA:63,0,42,0
BRDA:63,0,43,0
BRDA:63,0,44,0
BRDA:63,0,45,0
BRDA:63,0,46,0
BRDA:63,0,47,0
BRDA:63,0,48,0
BRDA:63,0,49,0
BRDA:63,0,50,0
BRDA:63,0,51,0
BRDA:63,0,52,0
BRDA:63,0,53,0
BRDA:63,0,54,0
BRDA:63,0,55,0
BRDA:63,0,56,0
BRDA:63,0,57,0
BRDA:63,0,58,1
BRDA:63,0,59,1
BRDA:63,0,60,1
BRDA:63,0,61,1
BRDA:63,0,62,0
BRDA:63,0,63,0
DA:64,36
BRDA:64,0,0,36
BRDA:64,0,1,36
BRDA:64,0,2,0
BRDA:64,0,3,0
BRDA:64,0,4,0
BRDA:64,0,5,0
BRDA:64,0,6,0
BRDA:64,0,7,0
BRDA:64,0,8,0
BRDA:64,0,9,0
BRDA:64,0,10,0
BRDA:64,0,11,0
BRDA:64,0,12,0
BRDA:64,0,13,0
BRDA:64,0,14,0
BRDA:64,0,15,0
BRDA:64,0,16,0
BRDA:64,0,17,0
BRDA:64,0,18,0
BRDA:64,0,19,0
BRDA:64,0,20,0
BRDA:64,0,21,0
BRDA:64,0,22,18
BRDA:64,0,23,18
BRDA:64,0,24,0
BRDA:64,0,25,0
BRDA:64,0,26,0
BRDA:64,0,27,0
BRDA:64,0,28,0
BRDA:64,0,29,0
BRDA:64,0,30,0
BRDA:64,0,31,0
BRDA:64,0,32,0
BRDA:64,0,33,0
BRDA:64,0,34,0
BRDA:64,0,35,0
BRDA:64,0,36,0
BRDA:64,0,37,0
BRDA:64,0,38,0
BRDA:64,0,39,0
BRDA:64,0,40,0
BRDA:64,0,41,0
BRDA:64,0,42,0
BRDA:64,0,43,0
BRDA:64,0,44,8
BRDA:64,0,45,8
BRDA:64,0,46,0
BRDA:64,0,47,0
BRDA:64,0,48,0
BRDA:64,0,49,0
BRDA:64,0,50,4
BRDA:64,0,51,4
BRDA:64,0,52,2
BRDA:64,0,53,2
BRDA:64,0,54,1
BRDA:64,0,55,1
BRDA:64,0,56,0
BRDA:64,0,57,0
BRDA:64,0,58,0
BRDA:64,0,59,0
BRDA:64,0,60,0
BRDA:64,0,61,0
BRDA:64,0,62,0
BRDA:64,0,63,0
DA:65,37
BRDA:65,0,0,37
BRDA:65,0,1,37
BRDA:65,0,2,0
BRDA:65,0,3,0
BRDA:65,0,4,0
BRDA:65,0,5,0
BRDA:65,0,6,0
BRDA:65,0,7,0
BRDA:65,0,8,0
BRDA:65,0,9,0
BRDA:65,0,10,0
BRDA:65,0,11,0
BRDA:65,0,12,0
BRDA:65,0,13,0
BRDA:65,0,14,0
BRDA:65,0,15,0
BRDA:65,0,16,0
BRDA:65,0,17,0
BRDA:65,0,18,0
BRDA:65,0,19,0
BRDA:65,0,20,0
BRDA:65,0,21,0
BRDA:65,0,22,19
BRDA:65,0,23,19
BRDA:65,0,24,0
BRDA:65,0,25,0
BRDA:65,0,26,0
BRDA:65,0,27,0
BRDA:65,0,28,0
BRDA:65,0,29,0
BRDA:65,0,30,0
BRDA:65,0,31,0
BRDA:65,0,32,0
BRDA:65,0,33,0
BRDA:65,0,34,0
BRDA:65,0,35,0
BRDA:65,0,36,0
BRDA:65,0,37,0
BRDA:65,0,38,0
BRDA:65,0,39,0
BRDA:65,0,40,0
BRDA:65,0,41,0
BRDA:65,0,42,0
BRDA:65,0,43,0
BRDA:65,0,44,10
BRDA:65,0,45,10
BRDA:65,0,46,0
BRDA:65,0,47,0
BRDA:65,0,48,0
BRDA:65,0,49,0
BRDA:65,0,50,4
BRDA:65,0,51,4
BRDA:65,0,52,2
BRDA:65,0,53,2
BRDA:65,0,54,1
BRDA:65,0,55,1
BRDA:65,0,56,0
BRDA:65,0,57,0
BRDA:65,0,58,0
BRDA:65,0,59,0
BRDA:65,0,60,0
BRDA:65,0,61,0
BRDA:65,0,62,0
BRDA:65,0,63,0
DA:67,3
BRDA:67,0,0,3
BRDA:67,0,1,2
BRDA:67,0,2,3
BRDA:67,0,3,2
BRDA:67,0,4,1
BRDA:67,0,5,1
DA:68,1
BRDA:68,0,0,1
BRDA:68,0,1,0
BRDA:68,0,2,1
BRDA:68,0,3,0
BRDA:68,0,4,1
BRDA:68,0,5,1
DA:69,1
BRDA:69,0,0,1
BRDA:69,0,1,1
BRDA:69,0,2,1
BRDA:69,0,3,1
BRDA:69,0,4,1
BRDA:69,0,5,1
DA:70,1
BRDA:70,0,0,1
BRDA:70,0,1,1
BRDA:70,0,2,1
BRDA:70,0,3,1
BRDA:70,0,4,1
BRDA:70,0,5,1
DA:71,1
BRDA:71,0,0,0
BRDA:71,0,1,0
BRDA:71,0,2,1
BRDA:71,0,3,1
BRDA:71,0,4,0
BRDA:71,0,5,0
DA:72,1
BRDA:72,0,0,0
BRDA:72,0,1,0
BRDA:72,0,2,1
BRDA:72,0,3,1
BRDA:72,0,4,0
BRDA:72,0,5,0
DA:74,2
BRDA:74,0,0,2
BRDA:74,0,1,1
DA:75,2
BRDA:75,0,0,2
BRDA:75,0,1,1
DA:76,1
BRDA:76,0,0,1
BRDA:76,0,1,1
DA:77,0
BRDA:77,0,0,0
BRDA:77,0,1,0
DA:79,28
BRDA:79,0,0,28
BRDA:79,0,1,28
DA:80,16
BRDA:80,0,0,16
BRDA:80,0,1,16
DA:81,12
BRDA:81,0,0,12
BRDA:81,0,1,12
DA:82,15
BRDA:82,0,0,0
BRDA:82,0,1,0
BRDA:82,0,2,0
BRDA:82,0,3,0
BRDA:82,0,4,0
BRDA:82,0,5,0
BRDA:82,0,6,0
BRDA:82,0,7,0
BRDA:82,0,8,0
BRDA:82,0,9,0
BRDA:82,0,10,0
BRDA:82,0,11,0
BRDA:82,0,12,0
BRDA:82,0,13,0
BRDA:82,0,14,0
BRDA:82,0,15,0
BRDA:82,0,16,0
BRDA:82,0,17,0
BRDA:82,0,18,0
BRDA:82,0,19,0
BRDA:82,0,20,0
BRDA:82,0,21,0
BRDA:82,0,22,0
BRDA:82,0,23,0
BRDA:82,0,24,0
BRDA:82,0,25,0
BRDA:82,0,26,0
BRDA:82,0,27,0
BRDA:82,0,28,0
BRDA:82,0,29,0
BRDA:82,0,30,0
BRDA:82,0,31,0
BRDA:82,0,32,0
BRDA:82,0,33,0
BRDA:82,0,34,0
BRDA:82,0,35,0
BRDA:82,0,36,0
BRDA:82,0,37,0
BRDA:82,0,38,0
BRDA:82,0,39,0
BRDA:82,0,40,0
BRDA:82,0,41,0
BRDA:82,0,42,0
BRDA:82,0,43,0
BRDA:82,0,44,14
BRDA:82,0,45,14
BRDA:82,0,46,0
BRDA:82,0,47,0
BRDA:82,0,48,0
BRDA:82,0,49,0
BRDA:82,0,50,14
BRDA:82,0,51,14
BRDA:82,0,52,15
BRDA:82,0,53,15
BRDA:82,0,54,14
BRDA:82,0,55,14
BRDA:82,0,56,0
BRDA:82,0,57,0
BRDA:82,0,58,0
BRDA:82,0,59,0
BRDA:82,0,60,0
BRDA:82,0,61,0
BRDA:82,0,62,0
BRDA:82,0,63,0
DA:83,7
BRDA:83,0,0,7
BRDA:83,0,1,7
BRDA:83,0,2,0
BRDA:83,0,3,0
BRDA:83,0,4,0
BRDA:83,0,5,0
BRDA:83,0,6,0
BRDA:83,0,7,0
BRDA:83,0,8,0
BRDA:83,0,9,0
BRDA:83,0,10,0
BRDA:83,0,11,0
BRDA:83,0,12,0
BRDA:83,0,13,0
BRDA:83,0,14,0
BRDA:83,0,15,0
BRDA:83,0,16,0
BRDA:83,0,17,0
BRDA:83,0,18,0
BRDA:83,0,19,0
BRDA:83,0,20,0
BRDA:83,0,21,0
BRDA:83,0,22,4
BRDA:83,0,23,4
BRDA:83,0,24,0
BRDA:83,0,25,0
BRDA:83,0,26,0
BRDA:83,0,27,0
BRDA:83,0,28,0
BRDA:83,0,29,0
BRDA:83,0,30,0
BRDA:83,0,31,0
BRDA:83,0,32,0
BRDA:83,0,33,0
BRDA:83,0,34,0
BRDA:83,0,35,0
BRDA:83,0,36,0
BRDA:83,0,37,0
BRDA:83,0,38,0
BRDA:83,0,39,0
BRDA:83,0,40,0
BRDA:83,0,41,0
BRDA:83,0,42,0
BRDA:83,0,43,0
BRDA:83,0,44,2
BRDA:83,0,45,2
BRDA:83,0,46,0
BRDA:83,0,47,0
BRDA:83,0,48,0
BRDA:83,0,49,0
BRDA:83,0,50,0
BRDA:83,0,51,0
BRDA:83,0,52,0
BRDA:83,0,53,0
BRDA:83,0,54,1
BRDA:83,0,55,1
BRDA:83,0,56,2
BRDA:83,0,57,2
BRDA:83,0,58,1
BRDA:83,0,59,1
BRDA:83,0,60,1
BRDA:83,0,61,1
BRDA:83,0,62,0
BRDA:83,0,63,0
DA:84,1
BRDA:84,0,0,1
BRDA:84,0,1,0
BRDA:84,0,2,1
BRDA:84,0,3,0
BRDA:84,0,4,1
BRDA:84,0,5,0
BRDA:84,0,6,1
BRDA:84,0,7,0
DA:85,0
BRDA:85,0,0,0
BRDA:85,0,1,0
BRDA:85,0,2,0
BRDA:85,0,3,0
BRDA:85,0,4,0
BRDA:85,0,5,0
BRDA:85,0,6,0
BRDA:85,0,7,0
BRDA:85,0,8,0
BRDA:85,0,9,0
BRDA:85,0,10,0
BRDA:85,0,11,0
BRDA:85,0,12,0
BRDA:85,0,13,0
BRDA:85,0,14,0
BRDA:85,0,15,0
DA:86,1
BRDA:86,0,0,0
BRDA:86,0,1,0
BRDA:86,0,2,1
BRDA:86,0,3,0
DA:88,28
BRDA:88,0,0,28
BRDA:88,0,1,28
DA:89,28
BRDA:89,0,0,28
BRDA:89,0,1,28
DA:90,6
BRDA:90,0,0,6
BRDA:90,0,1,6
BRDA:90,0,2,0
BRDA:90,0,3,0
BRDA:90,0,4,0
BRDA:90,0,5,0
BRDA:90,0,6,0
BRDA:90,0,7,0
BRDA:90,0,8,0
BRDA:90,0,9,0
BRDA:90,0,10,0
BRDA:90,0,11,0
BRDA:90,0,12,0
BRDA:90,0,13,0
BRDA:90,0,14,0
BRDA:90,0,15,0
BRDA:90,0,16,0
BRDA:90,0,17,0
BRDA:90,0,18,0
BRDA:90,0,19,0
BRDA:90,0,20,0
BRDA:90,0,21,0
BRDA:90,0,22,6
BRDA:90,0,23,6
BRDA:90,0,24,0
BRDA:90,0,25,0
BRDA:90,0,26,0
BRDA:90,0,27,0
BRDA:90,0,28,0
BRDA:90,0,29,0
BRDA:90,0,30,0
BRDA:90,0,31,0
BRDA:90,0,32,0
BRDA:90,0,33,0
BRDA:90,0,34,0
BRDA:90,0,35,0
BRDA:90,0,36,0
BRDA:90,0,37,0
BRDA:90,0,38,0
BRDA:90,0,39,0
BRDA:90,0,40,0
BRDA:90,0,41,0
BRDA:90,0,42,0
BRDA:90,0,43,0
BRDA:90,0,44,1
BRDA:90,0,45,1
BRDA:90,0,46,0
BRDA:90,0,47,0
BRDA:90,0,48,0
BRDA:90,0,49,0
BRDA:90,0,50,0
BRDA:90,0,51,0
BRDA:90,0,52,0
BRDA:90,0,53,0
BRDA:90,0,54,0
BRDA:90,0,55,0
BRDA:90,0,56,1
BRDA:90,0,57,1
BRDA:90,0,58,1
BRDA:90,0,59,1
BRDA:90,0,60,0
BRDA:90,0,61,0
BRDA:90,0,62,0
BRDA:90,0,63,0
DA:91,8
BRDA:91,0,0,8
BRDA:91,0,1,8
BRDA:91,0,2,0
BRDA:91,0,3,0
BRDA:91,0,4,0
BRDA:91,0,5,0
BRDA:91,0,6,0
BRDA:91,0,7,0
BRDA:91,0,8,0
BRDA:91,0,9,0
BRDA:91,0,10,0
BRDA:91,0,11,0
BRDA:91,0,12,0
BRDA:91,0,13,0
BRDA:91,0,14,0
BRDA:91,0,15,0
BRDA:91,0,16,0
BRDA:91,0,17,0
BRDA:91,0,18,0
BRDA:91,0,19,0
BRDA:91,0,20,0
BRDA:91,0,21,0
BRDA:91,0,22,7
BRDA:91,0,23,7
BRDA:91,0,24,0
BRDA:91,0,25,0
BRDA:91,0,26,0
BRDA:91,0,27,0
BRDA:91,0,28,0
BRDA:91,0,29,0
BRDA:91,0,30,0
BRDA:91,0,31,0
BRDA:91,0,32,0
BRDA:91,0,33,0
BRDA:91,0,34,0
BRDA:91,0,35,0
BRDA:91,0,36,0
BRDA:91,0,37,0
BRDA:91,0,38,0
BRDA:91,0,39,0
BRDA:91,0,40,0
BRDA:91,0,41,0
BRDA:91,0,42,0
BRDA:91,0,43,0
BRDA:91,0,44,1
BRDA:91,0,45,1
BRDA:91,0,46,0
BRDA:91,0,47,0
BRDA:91,0,48,0
BRDA:91,0,49,0
BRDA:91,0,50,0
BRDA:91,0,51,0
BRDA:91,0,52,0
BRDA:91,0,53,0
BRDA:91,0,54,0
BRDA:91,0,55,0
BRDA:91,0,56,1
BRDA:91,0,57,1
BRDA:91,0,58,1
BRDA:91,0,59,1
BRDA:91,0,60,0
BRDA:91,0,61,0
BRDA:91,0,62,0
BRDA:91,0,63,0
DA:92,0
BRDA:92,0,0,0
BRDA:92,0,1,0
BRDA:92,0,2,0
BRDA:92,0,3,0
BRDA:92,0,4,0
BRDA:92,0,5,0
BRDA:92,0,6,0
BRDA:92,0,7,0
BRDA:92,0,8,0
BRDA:92,0,9,0
BRDA:92,0,10,0
BRDA:92,0,11,0
BRDA:92,0,12,0
BRDA:92,0,13,0
BRDA:92,0,14,0
BRDA:92,0,15,0
DA:93,0
BRDA:93,0,0,0
BRDA:93,0,1,0
BRDA:93,0,2,0
BRDA:93,0,3,0
BRDA:93,0,4,0
BRDA:93,0,5,0
BRDA:93,0,6,0
BRDA:93,0,7,0
BRDA:93,0,8,0
BRDA:93,0,9,0
BRDA:93,0,10,0
BRDA:93,0,11,0
BRDA:93,0,12,0
BRDA:93,0,13,0
BRDA:93,0,14,0
BRDA:93,0,15,0
DA:94,0
BRDA:94,0,0,0
BRDA:94,0,1,0
DA:95,0
BRDA:95,0,0,0
BRDA:95,0,1,0
DA:96,8
BRDA:96,0,0,8
BRDA:96,0,1,7
BRDA:96,0,2,0
BRDA:96,0,3,0
BRDA:96,0,4,0
BRDA:96,0,5,0
DA:97,8
BRDA:97,0,0,8
BRDA:97,0,1,7
BRDA:97,0,2,0
BRDA:97,0,3,0
BRDA:97,0,4,0
BRDA:97,0,5,0
DA:99,2
BRDA:99,0,0,2
BRDA:99,0,1,2
DA:100,102
BRDA:100,0,0,102
BRDA:100,0,1,101
DA:101,1
BRDA:101,0,0,1
BRDA:101,0,1,0
DA:102,85
BRDA:102,0,0,85
BRDA:102,0,1,85
BRDA:102,0,2,0
BRDA:102,0,3,0
BRDA:102,0,4,0
BRDA:102,0,5,0
BRDA:102,0,6,0
BRDA:102,0,7,0
BRDA:102,0,8,0
BRDA:102,0,9,0
BRDA:102,0,10,0
BRDA:102,0,11,0
BRDA:102,0,12,0
BRDA:102,0,13,0
BRDA:102,0,14,0
BRDA:102,0,15,0
BRDA:102,0,16,0
BRDA:102,0,17,0
BRDA:102,0,18,0
BRDA:102,0,19,0
BRDA:102,0,20,0
BRDA:102,0,21,0
BRDA:102,0,22,49
BRDA:102,0,23,48
BRDA:102,0,24,0
BRDA:102,0,25,0
BRDA:102,0,26,0
BRDA:102,0,27,0
BRDA:102,0,28,0
BRDA:102,0,29,0
BRDA:102,0,30,0
BRDA:102,0,31,0
BRDA:102,0,32,0
BRDA:102,0,33,0
BRDA:102,0,34,0
BRDA:102,0,35,0
BRDA:102,0,36,0
BRDA:102,0,37,0
BRDA:102,0,38,0
BRDA:102,0,39,0
BRDA:102,0,40,0
BRDA:102,0,41,0
BRDA:102,0,42,0
BRDA:102,0,43,0
BRDA:102,0,44,31
BRDA:102,0,45,31
BRDA:102,0,46,0
BRDA:102,0,47,0
BRDA:102,0,48,0
BRDA:102,0,49,0
BRDA:102,0,50,17
BRDA:102,0,51,17
BRDA:102,0,52,16
BRDA:102,0,53,15
BRDA:102,0,54,5
BRDA:102,0,55,5
BRDA:102,0,56,12
BRDA:102,0,57,12
BRDA:102,0,58,2
BRDA:102,0,59,2
BRDA:102,0,60,1
BRDA:102,0,61,1
BRDA:102,0,62,0
BRDA:102,0,63,0
DA:104,7
BRDA:104,0,0,7
BRDA:104,0,1,7
BRDA:104,0,2,0
BRDA:104,0,3,0
BRDA:104,0,4,0
BRDA:104,0,5,0
BRDA:104,0,6,0
BRDA:104,0,7,0
BRDA:104,0,8,0
BRDA:104,0,9,0
BRDA:104,0,10,0
BRDA:104,0,11,0
BRDA:104,0,12,0
BRDA:104,0,13,0
BRDA:104,0,14,0
BRDA:104,0,15,0
BRDA:104,0,16,0
BRDA:104,0,17,0
BRDA:104,0,18,0
BRDA:104,0,19,0
BRDA:104,0,20,0
BRDA:104,0,21,0
BRDA:104,0,22,4
BRDA:104,0,23,4
BRDA:104,0,24,0
BRDA:104,0,25,0
BRDA:104,0,26,0
BRDA:104,0,27,0
BRDA:104,0,28,0
BRDA:104,0,29,0
BRDA:104,0,30,0
BRDA:104,0,31,0
BRDA:104,0,32,0
BRDA:104,0,33,0
BRDA:104,0,34,0
BRDA:104,0,35,0
BRDA:104,0,36,0
BRDA:104,0,37,0
BRDA:104,0,38,0
BRDA:104,0,39,0
BRDA:104,0,40,0
BRDA:104,0,41,0
BRDA:104,0,42,0
BRDA:104,0,43,0
BRDA:104,0,44,2
BRDA:104,0,45,2
BRDA:104,0,46,0
BRDA:104,0,47,0
BRDA:104,0,48,0
BRDA:104,0,49,0
BRDA:104,0,50,0
BRDA:104,0,51,0
BRDA:104,0,52,0
BRDA:104,0,53,0
BRDA:104,0,54,1
BRDA:104,0,55,1
BRDA:104,0,56,2
BRDA:104,0,57,2
BRDA:104,0,58,1
BRDA:104,0,59,1
BRDA:104,0,60,1
BRDA:104,0,61,1
BRDA:104,0,62,0
BRDA:104,0,63,0
BRF:2046
BRH:78
end_of_record
