TN:verilator_coverage
SF:/home/abdulbasit/electrical-and-electronics-engineering/VLSI/isqed-2026-dv-challenge/duts/aegis_aes/aegis_aes.sv
DA:367,3143
BRDA:367,0,0,115
BRDA:367,0,1,3143
DA:368,115
DA:369,115
DA:370,115
DA:371,115
DA:372,115
DA:373,3143
DA:374,3143
DA:375,3143
DA:376,3143
DA:377,3143
DA:378,2838
BRDA:378,0,0,305
BRDA:378,0,1,2838
DA:379,305
DA:401,2838
DA:402,2838
DA:408,15005
BRDA:408,0,0,1735
BRDA:408,0,1,15005
DA:414,3143
BRDA:414,0,0,115
BRDA:414,0,1,3143
DA:415,115
DA:416,115
DA:417,115
DA:418,3143
DA:419,3143
DA:420,3143
DA:421,3143
DA:422,3103
BRDA:422,0,0,40
BRDA:422,0,1,3103
DA:423,40
DA:424,40
DA:425,40
DA:431,3143
BRDA:431,0,0,115
BRDA:431,0,1,3143
DA:432,115
DA:433,115
DA:434,115
DA:435,115
DA:436,115
DA:437,115
DA:438,3143
DA:450,2751
BRDA:450,0,0,383
BRDA:450,0,1,2751
DA:451,383
DA:475,3143
BRDA:475,0,0,115
BRDA:475,0,1,3143
DA:476,115
DA:477,115
DA:478,3143
DA:479,3105
BRDA:479,0,0,38
BRDA:479,0,1,3105
DA:480,38
DA:481,3140
BRDA:481,0,0,3
BRDA:481,0,1,3140
DA:482,3
DA:483,3142
BRDA:483,0,0,1
BRDA:483,0,1,3142
DA:484,1
DA:485,3142
BRDA:485,0,0,1
BRDA:485,0,1,3142
DA:486,1
DA:502,3104
BRDA:502,0,0,39
BRDA:502,0,1,3104
DA:503,39
DA:504,39
DA:505,39
DA:510,3143
BRDA:510,0,0,115
BRDA:510,0,1,3143
DA:511,115
DA:512,115
DA:513,115
DA:514,115
DA:515,115
DA:516,115
DA:517,115
DA:518,115
DA:519,3143
DA:520,2714
BRDA:520,0,0,429
BRDA:520,0,1,2714
DA:521,390
BRDA:521,0,0,390
BRDA:521,0,1,39
DA:522,39
DA:523,39
DA:524,39
DA:525,39
DA:526,39
DA:527,39
DA:528,390
DA:530,390
DA:531,390
DA:532,390
DA:533,390
DA:534,390
DA:535,390
DA:548,390
DA:549,390
DA:550,390
DA:551,390
DA:552,351
BRDA:552,0,0,39
BRDA:552,0,1,351
DA:553,39
DA:555,351
DA:558,3104
BRDA:558,0,0,39
BRDA:558,0,1,3104
DA:559,39
DA:560,39
DA:567,6050
BRDA:567,0,0,6050
BRDA:567,0,1,6050
DA:568,391
BRDA:568,0,0,391
BRDA:568,0,1,391
DA:569,203
BRDA:569,0,0,203
BRDA:569,0,1,203
DA:570,191
BRDA:570,0,0,191
BRDA:570,0,1,191
DA:571,190
BRDA:571,0,0,190
BRDA:571,0,1,190
DA:572,203
BRDA:572,0,0,203
BRDA:572,0,1,203
DA:573,191
BRDA:573,0,0,191
BRDA:573,0,1,191
DA:574,190
BRDA:574,0,0,190
BRDA:574,0,1,190
DA:575,203
BRDA:575,0,0,203
BRDA:575,0,1,203
DA:576,191
BRDA:576,0,0,191
BRDA:576,0,1,191
DA:577,8737
BRDA:577,0,0,8737
BRDA:577,0,1,8737
DA:586,0
BRDA:586,0,0,0
BRDA:586,0,1,0
DA:587,0
DA:588,0
DA:589,0
DA:590,0
DA:599,0
BRDA:599,0,0,0
BRDA:599,0,1,0
DA:600,0
DA:602,0
DA:606,13544
BRDA:606,0,0,13544
BRDA:606,0,1,3196
DA:607,13544
DA:609,3196
DA:619,15709
BRDA:619,0,0,1031
BRDA:619,0,1,15709
DA:620,1031
DA:621,1031
DA:622,1031
DA:623,1031
DA:635,3105
BRDA:635,0,0,38
BRDA:635,0,1,3105
DA:636,38
DA:637,38
DA:642,3143
BRDA:642,0,0,115
BRDA:642,0,1,3143
DA:643,115
DA:644,115
DA:645,115
DA:646,115
DA:647,115
DA:648,3143
DA:649,3143
DA:651,576
BRDA:651,0,0,20
BRDA:651,0,1,576
DA:652,20
DA:653,20
DA:654,20
DA:655,20
DA:660,429
BRDA:660,0,0,39
BRDA:660,0,1,429
DA:661,39
DA:662,39
DA:663,29
BRDA:663,0,0,29
BRDA:663,0,1,10
DA:664,24
BRDA:664,0,0,5
BRDA:664,0,1,24
DA:665,5
DA:667,24
DA:668,10
DA:669,10
DA:680,342
BRDA:680,0,0,342
BRDA:680,0,1,38
DA:681,342
DA:682,38
DA:683,38
DA:684,38
DA:685,38
DA:690,1641
BRDA:690,0,0,19
BRDA:690,0,1,1641
DA:691,19
DA:692,19
DA:693,19
DA:694,19
BRF:82
BRH:74
end_of_record
