TN:verilator_coverage
SF:/home/abdulbasit/electrical-and-electronics-engineering/VLSI/isqed-2026-dv-challenge/duts/aegis_aes/aegis_aes.sv
DA:26,218264
DA:27,218264
DA:28,0
BRDA:28,0,0,0
BRDA:28,0,1,0
BRDA:28,0,2,0
BRDA:28,0,3,0
DA:29,0
BRDA:29,0,0,0
BRDA:29,0,1,0
BRDA:29,0,2,0
BRDA:29,0,3,0
DA:30,0
BRDA:30,0,0,0
BRDA:30,0,1,0
BRDA:30,0,2,0
BRDA:30,0,3,0
DA:31,0
BRDA:31,0,0,0
BRDA:31,0,1,0
BRDA:31,0,2,0
BRDA:31,0,3,0
DA:32,0
BRDA:32,0,0,0
BRDA:32,0,1,0
BRDA:32,0,2,0
BRDA:32,0,3,0
DA:33,0
BRDA:33,0,0,0
BRDA:33,0,1,0
BRDA:33,0,2,0
BRDA:33,0,3,0
DA:34,0
BRDA:34,0,0,0
BRDA:34,0,1,0
BRDA:34,0,2,0
BRDA:34,0,3,0
DA:35,0
BRDA:35,0,0,0
BRDA:35,0,1,0
BRDA:35,0,2,0
BRDA:35,0,3,0
DA:36,0
BRDA:36,0,0,0
BRDA:36,0,1,0
BRDA:36,0,2,0
BRDA:36,0,3,0
DA:37,0
BRDA:37,0,0,0
BRDA:37,0,1,0
BRDA:37,0,2,0
BRDA:37,0,3,0
DA:38,0
BRDA:38,0,0,0
BRDA:38,0,1,0
BRDA:38,0,2,0
BRDA:38,0,3,0
DA:39,0
BRDA:39,0,0,0
BRDA:39,0,1,0
BRDA:39,0,2,0
BRDA:39,0,3,0
DA:40,0
BRDA:40,0,0,0
BRDA:40,0,1,0
BRDA:40,0,2,0
BRDA:40,0,3,0
DA:41,0
BRDA:41,0,0,0
BRDA:41,0,1,0
BRDA:41,0,2,0
BRDA:41,0,3,0
DA:42,0
BRDA:42,0,0,0
BRDA:42,0,1,0
BRDA:42,0,2,0
BRDA:42,0,3,0
DA:43,0
BRDA:43,0,0,0
BRDA:43,0,1,0
BRDA:43,0,2,0
BRDA:43,0,3,0
DA:44,0
BRDA:44,0,0,0
BRDA:44,0,1,0
BRDA:44,0,2,0
BRDA:44,0,3,0
DA:45,0
BRDA:45,0,0,0
BRDA:45,0,1,0
BRDA:45,0,2,0
BRDA:45,0,3,0
DA:46,0
BRDA:46,0,0,0
BRDA:46,0,1,0
BRDA:46,0,2,0
BRDA:46,0,3,0
DA:47,0
BRDA:47,0,0,0
BRDA:47,0,1,0
BRDA:47,0,2,0
BRDA:47,0,3,0
DA:48,0
BRDA:48,0,0,0
BRDA:48,0,1,0
BRDA:48,0,2,0
BRDA:48,0,3,0
DA:49,0
BRDA:49,0,0,0
BRDA:49,0,1,0
BRDA:49,0,2,0
BRDA:49,0,3,0
DA:50,0
BRDA:50,0,0,0
BRDA:50,0,1,0
BRDA:50,0,2,0
BRDA:50,0,3,0
DA:51,0
BRDA:51,0,0,0
BRDA:51,0,1,0
BRDA:51,0,2,0
BRDA:51,0,3,0
DA:52,0
BRDA:52,0,0,0
BRDA:52,0,1,0
BRDA:52,0,2,0
BRDA:52,0,3,0
DA:53,0
BRDA:53,0,0,0
BRDA:53,0,1,0
BRDA:53,0,2,0
BRDA:53,0,3,0
DA:54,0
BRDA:54,0,0,0
BRDA:54,0,1,0
BRDA:54,0,2,0
BRDA:54,0,3,0
DA:55,0
BRDA:55,0,0,0
BRDA:55,0,1,0
BRDA:55,0,2,0
BRDA:55,0,3,0
DA:56,0
BRDA:56,0,0,0
BRDA:56,0,1,0
BRDA:56,0,2,0
BRDA:56,0,3,0
DA:57,0
BRDA:57,0,0,0
BRDA:57,0,1,0
BRDA:57,0,2,0
BRDA:57,0,3,0
DA:58,0
BRDA:58,0,0,0
BRDA:58,0,1,0
BRDA:58,0,2,0
BRDA:58,0,3,0
DA:59,0
BRDA:59,0,0,0
BRDA:59,0,1,0
BRDA:59,0,2,0
BRDA:59,0,3,0
DA:60,0
BRDA:60,0,0,0
BRDA:60,0,1,0
BRDA:60,0,2,0
BRDA:60,0,3,0
DA:61,0
BRDA:61,0,0,0
BRDA:61,0,1,0
BRDA:61,0,2,0
BRDA:61,0,3,0
DA:62,0
BRDA:62,0,0,0
BRDA:62,0,1,0
BRDA:62,0,2,0
BRDA:62,0,3,0
DA:63,0
BRDA:63,0,0,0
BRDA:63,0,1,0
BRDA:63,0,2,0
BRDA:63,0,3,0
DA:64,0
BRDA:64,0,0,0
BRDA:64,0,1,0
BRDA:64,0,2,0
BRDA:64,0,3,0
DA:65,0
BRDA:65,0,0,0
BRDA:65,0,1,0
BRDA:65,0,2,0
BRDA:65,0,3,0
DA:66,0
BRDA:66,0,0,0
BRDA:66,0,1,0
BRDA:66,0,2,0
BRDA:66,0,3,0
DA:67,0
BRDA:67,0,0,0
BRDA:67,0,1,0
BRDA:67,0,2,0
BRDA:67,0,3,0
DA:68,0
BRDA:68,0,0,0
BRDA:68,0,1,0
BRDA:68,0,2,0
BRDA:68,0,3,0
DA:69,0
BRDA:69,0,0,0
BRDA:69,0,1,0
BRDA:69,0,2,0
BRDA:69,0,3,0
DA:70,0
BRDA:70,0,0,0
BRDA:70,0,1,0
BRDA:70,0,2,0
BRDA:70,0,3,0
DA:71,0
BRDA:71,0,0,0
BRDA:71,0,1,0
BRDA:71,0,2,0
BRDA:71,0,3,0
DA:72,0
BRDA:72,0,0,0
BRDA:72,0,1,0
BRDA:72,0,2,0
BRDA:72,0,3,0
DA:73,0
BRDA:73,0,0,0
BRDA:73,0,1,0
BRDA:73,0,2,0
BRDA:73,0,3,0
DA:74,0
BRDA:74,0,0,0
BRDA:74,0,1,0
BRDA:74,0,2,0
BRDA:74,0,3,0
DA:75,0
BRDA:75,0,0,0
BRDA:75,0,1,0
BRDA:75,0,2,0
BRDA:75,0,3,0
DA:76,0
BRDA:76,0,0,0
BRDA:76,0,1,0
BRDA:76,0,2,0
BRDA:76,0,3,0
DA:77,0
BRDA:77,0,0,0
BRDA:77,0,1,0
BRDA:77,0,2,0
BRDA:77,0,3,0
DA:78,0
BRDA:78,0,0,0
BRDA:78,0,1,0
BRDA:78,0,2,0
BRDA:78,0,3,0
DA:79,0
BRDA:79,0,0,0
BRDA:79,0,1,0
BRDA:79,0,2,0
BRDA:79,0,3,0
DA:80,0
BRDA:80,0,0,0
BRDA:80,0,1,0
BRDA:80,0,2,0
BRDA:80,0,3,0
DA:81,0
BRDA:81,0,0,0
BRDA:81,0,1,0
BRDA:81,0,2,0
BRDA:81,0,3,0
DA:82,0
BRDA:82,0,0,0
BRDA:82,0,1,0
BRDA:82,0,2,0
BRDA:82,0,3,0
DA:83,0
BRDA:83,0,0,0
BRDA:83,0,1,0
BRDA:83,0,2,0
BRDA:83,0,3,0
DA:84,0
BRDA:84,0,0,0
BRDA:84,0,1,0
BRDA:84,0,2,0
BRDA:84,0,3,0
DA:85,0
BRDA:85,0,0,0
BRDA:85,0,1,0
BRDA:85,0,2,0
BRDA:85,0,3,0
DA:86,0
BRDA:86,0,0,0
BRDA:86,0,1,0
BRDA:86,0,2,0
BRDA:86,0,3,0
DA:87,0
BRDA:87,0,0,0
BRDA:87,0,1,0
BRDA:87,0,2,0
BRDA:87,0,3,0
DA:88,0
BRDA:88,0,0,0
BRDA:88,0,1,0
BRDA:88,0,2,0
BRDA:88,0,3,0
DA:89,0
BRDA:89,0,0,0
BRDA:89,0,1,0
BRDA:89,0,2,0
BRDA:89,0,3,0
DA:90,0
BRDA:90,0,0,0
BRDA:90,0,1,0
BRDA:90,0,2,0
BRDA:90,0,3,0
DA:91,0
BRDA:91,0,0,0
BRDA:91,0,1,0
BRDA:91,0,2,0
BRDA:91,0,3,0
DA:92,0
DA:96,51136
DA:97,51136
DA:98,0
BRDA:98,0,0,0
BRDA:98,0,1,0
BRDA:98,0,2,0
BRDA:98,0,3,0
DA:99,0
BRDA:99,0,0,0
BRDA:99,0,1,0
BRDA:99,0,2,0
BRDA:99,0,3,0
DA:100,0
BRDA:100,0,0,0
BRDA:100,0,1,0
BRDA:100,0,2,0
BRDA:100,0,3,0
DA:101,0
BRDA:101,0,0,0
BRDA:101,0,1,0
BRDA:101,0,2,0
BRDA:101,0,3,0
DA:102,0
BRDA:102,0,0,0
BRDA:102,0,1,0
BRDA:102,0,2,0
BRDA:102,0,3,0
DA:103,0
BRDA:103,0,0,0
BRDA:103,0,1,0
BRDA:103,0,2,0
BRDA:103,0,3,0
DA:104,0
BRDA:104,0,0,0
BRDA:104,0,1,0
BRDA:104,0,2,0
BRDA:104,0,3,0
DA:105,0
BRDA:105,0,0,0
BRDA:105,0,1,0
BRDA:105,0,2,0
BRDA:105,0,3,0
DA:106,0
BRDA:106,0,0,0
BRDA:106,0,1,0
BRDA:106,0,2,0
BRDA:106,0,3,0
DA:107,0
BRDA:107,0,0,0
BRDA:107,0,1,0
BRDA:107,0,2,0
BRDA:107,0,3,0
DA:108,0
BRDA:108,0,0,0
BRDA:108,0,1,0
BRDA:108,0,2,0
BRDA:108,0,3,0
DA:109,0
BRDA:109,0,0,0
BRDA:109,0,1,0
BRDA:109,0,2,0
BRDA:109,0,3,0
DA:110,0
BRDA:110,0,0,0
BRDA:110,0,1,0
BRDA:110,0,2,0
BRDA:110,0,3,0
DA:111,0
BRDA:111,0,0,0
BRDA:111,0,1,0
BRDA:111,0,2,0
BRDA:111,0,3,0
DA:112,0
BRDA:112,0,0,0
BRDA:112,0,1,0
BRDA:112,0,2,0
BRDA:112,0,3,0
DA:113,0
BRDA:113,0,0,0
BRDA:113,0,1,0
BRDA:113,0,2,0
BRDA:113,0,3,0
DA:114,0
BRDA:114,0,0,0
BRDA:114,0,1,0
BRDA:114,0,2,0
BRDA:114,0,3,0
DA:115,0
BRDA:115,0,0,0
BRDA:115,0,1,0
BRDA:115,0,2,0
BRDA:115,0,3,0
DA:116,0
BRDA:116,0,0,0
BRDA:116,0,1,0
BRDA:116,0,2,0
BRDA:116,0,3,0
DA:117,0
BRDA:117,0,0,0
BRDA:117,0,1,0
BRDA:117,0,2,0
BRDA:117,0,3,0
DA:118,0
BRDA:118,0,0,0
BRDA:118,0,1,0
BRDA:118,0,2,0
BRDA:118,0,3,0
DA:119,0
BRDA:119,0,0,0
BRDA:119,0,1,0
BRDA:119,0,2,0
BRDA:119,0,3,0
DA:120,0
BRDA:120,0,0,0
BRDA:120,0,1,0
BRDA:120,0,2,0
BRDA:120,0,3,0
DA:121,0
BRDA:121,0,0,0
BRDA:121,0,1,0
BRDA:121,0,2,0
BRDA:121,0,3,0
DA:122,0
BRDA:122,0,0,0
BRDA:122,0,1,0
BRDA:122,0,2,0
BRDA:122,0,3,0
DA:123,0
BRDA:123,0,0,0
BRDA:123,0,1,0
BRDA:123,0,2,0
BRDA:123,0,3,0
DA:124,0
BRDA:124,0,0,0
BRDA:124,0,1,0
BRDA:124,0,2,0
BRDA:124,0,3,0
DA:125,0
BRDA:125,0,0,0
BRDA:125,0,1,0
BRDA:125,0,2,0
BRDA:125,0,3,0
DA:126,0
BRDA:126,0,0,0
BRDA:126,0,1,0
BRDA:126,0,2,0
BRDA:126,0,3,0
DA:127,0
BRDA:127,0,0,0
BRDA:127,0,1,0
BRDA:127,0,2,0
BRDA:127,0,3,0
DA:128,0
BRDA:128,0,0,0
BRDA:128,0,1,0
BRDA:128,0,2,0
BRDA:128,0,3,0
DA:129,0
BRDA:129,0,0,0
BRDA:129,0,1,0
BRDA:129,0,2,0
BRDA:129,0,3,0
DA:130,0
BRDA:130,0,0,0
BRDA:130,0,1,0
BRDA:130,0,2,0
BRDA:130,0,3,0
DA:131,0
BRDA:131,0,0,0
BRDA:131,0,1,0
BRDA:131,0,2,0
BRDA:131,0,3,0
DA:132,0
BRDA:132,0,0,0
BRDA:132,0,1,0
BRDA:132,0,2,0
BRDA:132,0,3,0
DA:133,0
BRDA:133,0,0,0
BRDA:133,0,1,0
BRDA:133,0,2,0
BRDA:133,0,3,0
DA:134,0
BRDA:134,0,0,0
BRDA:134,0,1,0
BRDA:134,0,2,0
BRDA:134,0,3,0
DA:135,0
BRDA:135,0,0,0
BRDA:135,0,1,0
BRDA:135,0,2,0
BRDA:135,0,3,0
DA:136,0
BRDA:136,0,0,0
BRDA:136,0,1,0
BRDA:136,0,2,0
BRDA:136,0,3,0
DA:137,0
BRDA:137,0,0,0
BRDA:137,0,1,0
BRDA:137,0,2,0
BRDA:137,0,3,0
DA:138,0
BRDA:138,0,0,0
BRDA:138,0,1,0
BRDA:138,0,2,0
BRDA:138,0,3,0
DA:139,0
BRDA:139,0,0,0
BRDA:139,0,1,0
BRDA:139,0,2,0
BRDA:139,0,3,0
DA:140,0
BRDA:140,0,0,0
BRDA:140,0,1,0
BRDA:140,0,2,0
BRDA:140,0,3,0
DA:141,0
BRDA:141,0,0,0
BRDA:141,0,1,0
BRDA:141,0,2,0
BRDA:141,0,3,0
DA:142,0
BRDA:142,0,0,0
BRDA:142,0,1,0
BRDA:142,0,2,0
BRDA:142,0,3,0
DA:143,0
BRDA:143,0,0,0
BRDA:143,0,1,0
BRDA:143,0,2,0
BRDA:143,0,3,0
DA:144,0
BRDA:144,0,0,0
BRDA:144,0,1,0
BRDA:144,0,2,0
BRDA:144,0,3,0
DA:145,0
BRDA:145,0,0,0
BRDA:145,0,1,0
BRDA:145,0,2,0
BRDA:145,0,3,0
DA:146,0
BRDA:146,0,0,0
BRDA:146,0,1,0
BRDA:146,0,2,0
BRDA:146,0,3,0
DA:147,0
BRDA:147,0,0,0
BRDA:147,0,1,0
BRDA:147,0,2,0
BRDA:147,0,3,0
DA:148,0
BRDA:148,0,0,0
BRDA:148,0,1,0
BRDA:148,0,2,0
BRDA:148,0,3,0
DA:149,0
BRDA:149,0,0,0
BRDA:149,0,1,0
BRDA:149,0,2,0
BRDA:149,0,3,0
DA:150,0
BRDA:150,0,0,0
BRDA:150,0,1,0
BRDA:150,0,2,0
BRDA:150,0,3,0
DA:151,0
BRDA:151,0,0,0
BRDA:151,0,1,0
BRDA:151,0,2,0
BRDA:151,0,3,0
DA:152,0
BRDA:152,0,0,0
BRDA:152,0,1,0
BRDA:152,0,2,0
BRDA:152,0,3,0
DA:153,0
BRDA:153,0,0,0
BRDA:153,0,1,0
BRDA:153,0,2,0
BRDA:153,0,3,0
DA:154,0
BRDA:154,0,0,0
BRDA:154,0,1,0
BRDA:154,0,2,0
BRDA:154,0,3,0
DA:155,0
BRDA:155,0,0,0
BRDA:155,0,1,0
BRDA:155,0,2,0
BRDA:155,0,3,0
DA:156,0
BRDA:156,0,0,0
BRDA:156,0,1,0
BRDA:156,0,2,0
BRDA:156,0,3,0
DA:157,0
BRDA:157,0,0,0
BRDA:157,0,1,0
BRDA:157,0,2,0
BRDA:157,0,3,0
DA:158,0
BRDA:158,0,0,0
BRDA:158,0,1,0
BRDA:158,0,2,0
BRDA:158,0,3,0
DA:159,0
BRDA:159,0,0,0
BRDA:159,0,1,0
BRDA:159,0,2,0
BRDA:159,0,3,0
DA:160,0
BRDA:160,0,0,0
BRDA:160,0,1,0
BRDA:160,0,2,0
BRDA:160,0,3,0
DA:161,0
BRDA:161,0,0,0
BRDA:161,0,1,0
BRDA:161,0,2,0
BRDA:161,0,3,0
DA:162,0
DA:166,223584
DA:167,223584
DA:170,25568
DA:171,25568
DA:174,0
DA:175,0
DA:178,390
DA:179,390
DA:182,390
DA:183,390
DA:186,390
DA:187,390
DA:188,0
BRDA:188,0,0,0
BRDA:188,0,1,0
BRDA:188,0,2,0
BRDA:188,0,3,0
DA:189,0
BRDA:189,0,0,0
BRDA:189,0,1,0
BRDA:189,0,2,0
BRDA:189,0,3,0
DA:190,0
BRDA:190,0,0,0
BRDA:190,0,1,0
DA:191,0
DA:196,13544
DA:198,13544
DA:199,13544
DA:200,13544
DA:201,13544
DA:202,13544
DA:203,13544
DA:204,13544
DA:205,13544
DA:206,13544
DA:209,3196
DA:211,3196
DA:212,3196
DA:213,3196
DA:214,3196
DA:215,3196
DA:216,3196
DA:217,3196
DA:218,3196
DA:219,3196
DA:222,13544
DA:224,13544
DA:225,13544
DA:226,13544
DA:227,13544
DA:228,13544
DA:229,13544
DA:230,13544
DA:231,13544
DA:232,13544
DA:235,3196
DA:237,3196
DA:238,3196
DA:239,3196
DA:240,3196
DA:241,3196
DA:242,3196
DA:243,3196
DA:244,3196
DA:245,3196
DA:248,27132
DA:253,27132
DA:254,27132
DA:255,27132
DA:256,27132
DA:257,27132
DA:258,27132
DA:259,27132
DA:260,27132
DA:263,12784
DA:269,12784
DA:270,12784
DA:271,12784
DA:272,12784
DA:273,12784
DA:274,12784
DA:275,12784
DA:276,12784
DA:277,12784
DA:278,12784
DA:279,12784
DA:280,12784
DA:283,6783
DA:284,6783
DA:285,6783
DA:288,3196
DA:289,3196
DA:290,3196
DA:359,13482
DA:360,13482
DA:361,13482
DA:362,13482
DA:363,13482
DA:366,3258
DA:380,4
DA:381,1
DA:382,1
DA:383,1
DA:384,1
DA:385,0
DA:386,33
DA:387,33
DA:388,33
DA:389,33
DA:390,0
DA:391,0
DA:392,161
DA:393,4
DA:394,0
DA:395,0
DA:396,0
DA:397,0
DA:398,0
DA:413,3258
DA:430,3258
DA:439,1
DA:440,1
DA:441,1
DA:442,1
DA:443,1
DA:444,5
DA:445,5
DA:446,5
DA:447,3
DA:448,3
DA:449,3
DA:452,33
DA:453,33
DA:454,33
DA:455,32
DA:456,8
DA:457,8
DA:458,8
DA:459,8
DA:460,35
DA:461,35
DA:462,35
DA:463,35
DA:464,35
DA:465,35
DA:466,35
DA:468,45
DA:474,3258
DA:497,3258
DA:498,115
DA:499,115
DA:500,115
DA:501,115
DA:509,3258
DA:536,39
DA:537,39
DA:538,39
DA:539,39
DA:540,39
DA:541,39
DA:542,39
DA:543,39
DA:544,39
DA:545,39
DA:546,0
DA:565,16740
DA:566,16740
DA:567,6050
DA:568,391
DA:569,203
DA:570,191
DA:571,190
DA:572,203
DA:573,191
DA:574,190
DA:575,203
DA:576,191
DA:577,8737
DA:578,0
DA:582,13544
DA:584,13544
DA:585,13544
DA:594,3196
DA:596,3196
DA:597,3196
DA:598,3196
DA:605,16740
DA:614,16740
DA:615,16740
DA:616,16740
DA:617,16740
DA:618,16740
DA:625,16740
DA:628,3258
DA:629,115
DA:630,115
DA:631,115
DA:632,0
DA:633,0
DA:634,0
DA:641,3258
DA:650,596
DA:659,468
DA:674,39
DA:675,39
DA:678,380
DA:679,380
DA:689,1660
DA:698,0
DA:699,0
BRF:522
BRH:0
end_of_record
