TN:verilator_coverage
SF:/home/abdulbasit/electrical-and-electronics-engineering/VLSI/isqed-2026-dv-challenge/duts/aegis_aes/aegis_aes.sv
DA:4,3258
BRDA:4,0,0,3258
BRDA:4,0,1,3258
DA:5,22
BRDA:5,0,0,22
BRDA:5,0,1,21
DA:6,661
BRDA:6,0,0,661
BRDA:6,0,1,661
DA:7,1
BRDA:7,0,0,1
BRDA:7,0,1,0
DA:8,115
BRDA:8,0,0,0
BRDA:8,0,1,0
BRDA:8,0,2,0
BRDA:8,0,3,0
BRDA:8,0,4,115
BRDA:8,0,5,115
DA:9,263
BRDA:9,0,0,0
BRDA:9,0,1,0
BRDA:9,0,2,0
BRDA:9,0,3,0
BRDA:9,0,4,0
BRDA:9,0,5,0
BRDA:9,0,6,0
BRDA:9,0,7,0
BRDA:9,0,8,0
BRDA:9,0,9,0
BRDA:9,0,10,0
BRDA:9,0,11,0
BRDA:9,0,12,0
BRDA:9,0,13,0
BRDA:9,0,14,0
BRDA:9,0,15,0
BRDA:9,0,16,0
BRDA:9,0,17,0
BRDA:9,0,18,0
BRDA:9,0,19,0
BRDA:9,0,20,0
BRDA:9,0,21,0
BRDA:9,0,22,0
BRDA:9,0,23,0
BRDA:9,0,24,0
BRDA:9,0,25,0
BRDA:9,0,26,0
BRDA:9,0,27,0
BRDA:9,0,28,0
BRDA:9,0,29,0
BRDA:9,0,30,0
BRDA:9,0,31,0
BRDA:9,0,32,0
BRDA:9,0,33,0
BRDA:9,0,34,0
BRDA:9,0,35,0
BRDA:9,0,36,0
BRDA:9,0,37,0
BRDA:9,0,38,0
BRDA:9,0,39,0
BRDA:9,0,40,0
BRDA:9,0,41,0
BRDA:9,0,42,0
BRDA:9,0,43,0
BRDA:9,0,44,263
BRDA:9,0,45,263
BRDA:9,0,46,0
BRDA:9,0,47,0
BRDA:9,0,48,0
BRDA:9,0,49,0
BRDA:9,0,50,219
BRDA:9,0,51,219
BRDA:9,0,52,103
BRDA:9,0,53,103
BRDA:9,0,54,176
BRDA:9,0,55,176
BRDA:9,0,56,102
BRDA:9,0,57,102
BRDA:9,0,58,0
BRDA:9,0,59,0
BRDA:9,0,60,0
BRDA:9,0,61,0
BRDA:9,0,62,0
BRDA:9,0,63,0
DA:10,135
BRDA:10,0,0,91
BRDA:10,0,1,91
BRDA:10,0,2,135
BRDA:10,0,3,135
BRDA:10,0,4,73
BRDA:10,0,5,73
BRDA:10,0,6,115
BRDA:10,0,7,115
BRDA:10,0,8,35
BRDA:10,0,9,35
BRDA:10,0,10,82
BRDA:10,0,11,82
BRDA:10,0,12,72
BRDA:10,0,13,72
BRDA:10,0,14,108
BRDA:10,0,15,108
BRDA:10,0,16,129
BRDA:10,0,17,129
BRDA:10,0,18,131
BRDA:10,0,19,131
BRDA:10,0,20,124
BRDA:10,0,21,124
BRDA:10,0,22,105
BRDA:10,0,23,105
BRDA:10,0,24,108
BRDA:10,0,25,108
BRDA:10,0,26,110
BRDA:10,0,27,110
BRDA:10,0,28,120
BRDA:10,0,29,120
BRDA:10,0,30,97
BRDA:10,0,31,97
BRDA:10,0,32,118
BRDA:10,0,33,118
BRDA:10,0,34,101
BRDA:10,0,35,101
BRDA:10,0,36,34
BRDA:10,0,37,34
BRDA:10,0,38,134
BRDA:10,0,39,134
BRDA:10,0,40,41
BRDA:10,0,41,41
BRDA:10,0,42,116
BRDA:10,0,43,116
BRDA:10,0,44,135
BRDA:10,0,45,135
BRDA:10,0,46,32
BRDA:10,0,47,32
BRDA:10,0,48,64
BRDA:10,0,49,64
BRDA:10,0,50,92
BRDA:10,0,51,92
BRDA:10,0,52,92
BRDA:10,0,53,92
BRDA:10,0,54,108
BRDA:10,0,55,108
BRDA:10,0,56,20
BRDA:10,0,57,20
BRDA:10,0,58,90
BRDA:10,0,59,90
BRDA:10,0,60,115
BRDA:10,0,61,115
BRDA:10,0,62,112
BRDA:10,0,63,112
DA:11,1
BRDA:11,0,0,1
BRDA:11,0,1,0
BRDA:11,0,2,1
BRDA:11,0,3,0
BRDA:11,0,4,1
BRDA:11,0,5,0
BRDA:11,0,6,1
BRDA:11,0,7,0
DA:12,0
BRDA:12,0,0,0
BRDA:12,0,1,0
BRDA:12,0,2,0
BRDA:12,0,3,0
BRDA:12,0,4,0
BRDA:12,0,5,0
BRDA:12,0,6,0
BRDA:12,0,7,0
BRDA:12,0,8,0
BRDA:12,0,9,0
BRDA:12,0,10,0
BRDA:12,0,11,0
BRDA:12,0,12,0
BRDA:12,0,13,0
BRDA:12,0,14,0
BRDA:12,0,15,0
DA:13,1
BRDA:13,0,0,0
BRDA:13,0,1,0
BRDA:13,0,2,1
BRDA:13,0,3,0
DA:14,609
BRDA:14,0,0,609
BRDA:14,0,1,608
DA:15,271
BRDA:15,0,0,271
BRDA:15,0,1,270
DA:16,285
BRDA:16,0,0,285
BRDA:16,0,1,284
BRDA:16,0,2,0
BRDA:16,0,3,0
BRDA:16,0,4,0
BRDA:16,0,5,0
DA:17,117
BRDA:17,0,0,103
BRDA:17,0,1,103
BRDA:17,0,2,68
BRDA:17,0,3,68
BRDA:17,0,4,65
BRDA:17,0,5,65
BRDA:17,0,6,69
BRDA:17,0,7,69
BRDA:17,0,8,61
BRDA:17,0,9,61
BRDA:17,0,10,43
BRDA:17,0,11,43
BRDA:17,0,12,72
BRDA:17,0,13,72
BRDA:17,0,14,80
BRDA:17,0,15,80
BRDA:17,0,16,51
BRDA:17,0,17,51
BRDA:17,0,18,51
BRDA:17,0,19,51
BRDA:17,0,20,76
BRDA:17,0,21,76
BRDA:17,0,22,111
BRDA:17,0,23,111
BRDA:17,0,24,62
BRDA:17,0,25,62
BRDA:17,0,26,63
BRDA:17,0,27,63
BRDA:17,0,28,71
BRDA:17,0,29,71
BRDA:17,0,30,61
BRDA:17,0,31,61
BRDA:17,0,32,60
BRDA:17,0,33,60
BRDA:17,0,34,66
BRDA:17,0,35,66
BRDA:17,0,36,53
BRDA:17,0,37,53
BRDA:17,0,38,79
BRDA:17,0,39,79
BRDA:17,0,40,72
BRDA:17,0,41,72
BRDA:17,0,42,65
BRDA:17,0,43,65
BRDA:17,0,44,117
BRDA:17,0,45,117
BRDA:17,0,46,63
BRDA:17,0,47,63
BRDA:17,0,48,62
BRDA:17,0,49,62
BRDA:17,0,50,72
BRDA:17,0,51,72
BRDA:17,0,52,74
BRDA:17,0,53,74
BRDA:17,0,54,67
BRDA:17,0,55,67
BRDA:17,0,56,59
BRDA:17,0,57,59
BRDA:17,0,58,68
BRDA:17,0,59,68
BRDA:17,0,60,69
BRDA:17,0,61,69
BRDA:17,0,62,78
BRDA:17,0,63,78
DA:18,0
BRDA:18,0,0,0
BRDA:18,0,1,0
BRDA:18,0,2,0
BRDA:18,0,3,0
BRDA:18,0,4,0
BRDA:18,0,5,0
BRDA:18,0,6,0
BRDA:18,0,7,0
BRDA:18,0,8,0
BRDA:18,0,9,0
BRDA:18,0,10,0
BRDA:18,0,11,0
BRDA:18,0,12,0
BRDA:18,0,13,0
BRDA:18,0,14,0
BRDA:18,0,15,0
DA:19,0
BRDA:19,0,0,0
BRDA:19,0,1,0
DA:20,2
BRDA:20,0,0,2
BRDA:20,0,1,2
DA:21,0
BRDA:21,0,0,0
BRDA:21,0,1,0
DA:301,78
BRDA:301,0,0,78
BRDA:301,0,1,78
BRDA:301,0,2,39
BRDA:301,0,3,39
BRDA:301,0,4,38
BRDA:301,0,5,37
DA:303,20
BRDA:303,0,0,0
BRDA:303,0,1,0
BRDA:303,0,2,20
BRDA:303,0,3,19
BRDA:303,0,4,0
BRDA:303,0,5,0
BRDA:303,0,6,20
BRDA:303,0,7,19
BRDA:303,0,8,0
BRDA:303,0,9,0
BRDA:303,0,10,0
BRDA:303,0,11,0
BRDA:303,0,12,0
BRDA:303,0,13,0
BRDA:303,0,14,0
BRDA:303,0,15,0
BRDA:303,0,16,20
BRDA:303,0,17,19
BRDA:303,0,18,20
BRDA:303,0,19,19
BRDA:303,0,20,20
BRDA:303,0,21,19
BRDA:303,0,22,20
BRDA:303,0,23,19
BRDA:303,0,24,20
BRDA:303,0,25,19
BRDA:303,0,26,20
BRDA:303,0,27,19
BRDA:303,0,28,20
BRDA:303,0,29,19
BRDA:303,0,30,0
BRDA:303,0,31,0
BRDA:303,0,32,20
BRDA:303,0,33,19
BRDA:303,0,34,20
BRDA:303,0,35,19
BRDA:303,0,36,0
BRDA:303,0,37,0
BRDA:303,0,38,20
BRDA:303,0,39,19
BRDA:303,0,40,0
BRDA:303,0,41,0
BRDA:303,0,42,20
BRDA:303,0,43,19
BRDA:303,0,44,20
BRDA:303,0,45,19
BRDA:303,0,46,0
BRDA:303,0,47,0
BRDA:303,0,48,0
BRDA:303,0,49,0
BRDA:303,0,50,0
BRDA:303,0,51,0
BRDA:303,0,52,20
BRDA:303,0,53,19
BRDA:303,0,54,0
BRDA:303,0,55,0
BRDA:303,0,56,0
BRDA:303,0,57,0
BRDA:303,0,58,0
BRDA:303,0,59,0
BRDA:303,0,60,20
BRDA:303,0,61,19
BRDA:303,0,62,0
BRDA:303,0,63,0
BRDA:303,0,64,0
BRDA:303,0,65,0
BRDA:303,0,66,0
BRDA:303,0,67,0
BRDA:303,0,68,0
BRDA:303,0,69,0
BRDA:303,0,70,20
BRDA:303,0,71,19
BRDA:303,0,72,0
BRDA:303,0,73,0
BRDA:303,0,74,20
BRDA:303,0,75,19
BRDA:303,0,76,20
BRDA:303,0,77,19
BRDA:303,0,78,0
BRDA:303,0,79,0
BRDA:303,0,80,20
BRDA:303,0,81,19
BRDA:303,0,82,20
BRDA:303,0,83,19
BRDA:303,0,84,20
BRDA:303,0,85,19
BRDA:303,0,86,20
BRDA:303,0,87,19
BRDA:303,0,88,0
BRDA:303,0,89,0
BRDA:303,0,90,20
BRDA:303,0,91,19
BRDA:303,0,92,0
BRDA:303,0,93,0
BRDA:303,0,94,20
BRDA:303,0,95,19
BRDA:303,0,96,0
BRDA:303,0,97,0
BRDA:303,0,98,0
BRDA:303,0,99,0
BRDA:303,0,100,0
BRDA:303,0,101,0
BRDA:303,0,102,20
BRDA:303,0,103,19
BRDA:303,0,104,0
BRDA:303,0,105,0
BRDA:303,0,106,20
BRDA:303,0,107,19
BRDA:303,0,108,20
BRDA:303,0,109,19
BRDA:303,0,110,0
BRDA:303,0,111,0
BRDA:303,0,112,0
BRDA:303,0,113,0
BRDA:303,0,114,0
BRDA:303,0,115,0
BRDA:303,0,116,0
BRDA:303,0,117,0
BRDA:303,0,118,20
BRDA:303,0,119,19
BRDA:303,0,120,0
BRDA:303,0,121,0
BRDA:303,0,122,20
BRDA:303,0,123,19
BRDA:303,0,124,0
BRDA:303,0,125,0
BRDA:303,0,126,20
BRDA:303,0,127,19
BRDA:303,0,128,0
BRDA:303,0,129,0
BRDA:303,0,130,20
BRDA:303,0,131,19
BRDA:303,0,132,0
BRDA:303,0,133,0
BRDA:303,0,134,20
BRDA:303,0,135,19
BRDA:303,0,136,0
BRDA:303,0,137,0
BRDA:303,0,138,0
BRDA:303,0,139,0
BRDA:303,0,140,0
BRDA:303,0,141,0
BRDA:303,0,142,20
BRDA:303,0,143,19
BRDA:303,0,144,20
BRDA:303,0,145,19
BRDA:303,0,146,20
BRDA:303,0,147,19
BRDA:303,0,148,0
BRDA:303,0,149,0
BRDA:303,0,150,0
BRDA:303,0,151,0
BRDA:303,0,152,20
BRDA:303,0,153,19
BRDA:303,0,154,20
BRDA:303,0,155,19
BRDA:303,0,156,20
BRDA:303,0,157,19
BRDA:303,0,158,20
BRDA:303,0,159,19
BRDA:303,0,160,20
BRDA:303,0,161,19
BRDA:303,0,162,20
BRDA:303,0,163,19
BRDA:303,0,164,0
BRDA:303,0,165,0
BRDA:303,0,166,20
BRDA:303,0,167,19
BRDA:303,0,168,0
BRDA:303,0,169,0
BRDA:303,0,170,20
BRDA:303,0,171,19
BRDA:303,0,172,0
BRDA:303,0,173,0
BRDA:303,0,174,0
BRDA:303,0,175,0
BRDA:303,0,176,20
BRDA:303,0,177,19
BRDA:303,0,178,20
BRDA:303,0,179,19
BRDA:303,0,180,0
BRDA:303,0,181,0
BRDA:303,0,182,0
BRDA:303,0,183,0
BRDA:303,0,184,0
BRDA:303,0,185,0
BRDA:303,0,186,20
BRDA:303,0,187,19
BRDA:303,0,188,20
BRDA:303,0,189,19
BRDA:303,0,190,0
BRDA:303,0,191,0
BRDA:303,0,192,0
BRDA:303,0,193,0
BRDA:303,0,194,20
BRDA:303,0,195,19
BRDA:303,0,196,20
BRDA:303,0,197,19
BRDA:303,0,198,0
BRDA:303,0,199,0
BRDA:303,0,200,0
BRDA:303,0,201,0
BRDA:303,0,202,20
BRDA:303,0,203,19
BRDA:303,0,204,0
BRDA:303,0,205,0
BRDA:303,0,206,20
BRDA:303,0,207,19
BRDA:303,0,208,20
BRDA:303,0,209,19
BRDA:303,0,210,20
BRDA:303,0,211,19
BRDA:303,0,212,20
BRDA:303,0,213,19
BRDA:303,0,214,0
BRDA:303,0,215,0
BRDA:303,0,216,0
BRDA:303,0,217,0
BRDA:303,0,218,0
BRDA:303,0,219,0
BRDA:303,0,220,20
BRDA:303,0,221,19
BRDA:303,0,222,20
BRDA:303,0,223,19
BRDA:303,0,224,20
BRDA:303,0,225,19
BRDA:303,0,226,0
BRDA:303,0,227,0
BRDA:303,0,228,0
BRDA:303,0,229,0
BRDA:303,0,230,20
BRDA:303,0,231,19
BRDA:303,0,232,0
BRDA:303,0,233,0
BRDA:303,0,234,0
BRDA:303,0,235,0
BRDA:303,0,236,20
BRDA:303,0,237,19
BRDA:303,0,238,0
BRDA:303,0,239,0
BRDA:303,0,240,0
BRDA:303,0,241,0
BRDA:303,0,242,20
BRDA:303,0,243,19
BRDA:303,0,244,20
BRDA:303,0,245,19
BRDA:303,0,246,20
BRDA:303,0,247,19
BRDA:303,0,248,0
BRDA:303,0,249,0
BRDA:303,0,250,0
BRDA:303,0,251,0
BRDA:303,0,252,20
BRDA:303,0,253,19
BRDA:303,0,254,20
BRDA:303,0,255,19
DA:304,9
BRDA:304,0,0,9
BRDA:304,0,1,9
BRDA:304,0,2,1
BRDA:304,0,3,1
BRDA:304,0,4,6
BRDA:304,0,5,6
BRDA:304,0,6,1
BRDA:304,0,7,1
BRDA:304,0,8,7
BRDA:304,0,9,7
BRDA:304,0,10,1
BRDA:304,0,11,1
BRDA:304,0,12,7
BRDA:304,0,13,7
BRDA:304,0,14,8
BRDA:304,0,15,8
BRDA:304,0,16,1
BRDA:304,0,17,1
BRDA:304,0,18,1
BRDA:304,0,19,1
BRDA:304,0,20,6
BRDA:304,0,21,6
BRDA:304,0,22,8
BRDA:304,0,23,8
BRDA:304,0,24,0
BRDA:304,0,25,0
BRDA:304,0,26,1
BRDA:304,0,27,1
BRDA:304,0,28,7
BRDA:304,0,29,7
BRDA:304,0,30,0
BRDA:304,0,31,0
BRDA:304,0,32,1
BRDA:304,0,33,1
BRDA:304,0,34,7
BRDA:304,0,35,7
BRDA:304,0,36,6
BRDA:304,0,37,6
BRDA:304,0,38,1
BRDA:304,0,39,1
BRDA:304,0,40,7
BRDA:304,0,41,7
BRDA:304,0,42,7
BRDA:304,0,43,7
BRDA:304,0,44,7
BRDA:304,0,45,7
BRDA:304,0,46,6
BRDA:304,0,47,6
BRDA:304,0,48,0
BRDA:304,0,49,0
BRDA:304,0,50,7
BRDA:304,0,51,7
BRDA:304,0,52,1
BRDA:304,0,53,1
BRDA:304,0,54,7
BRDA:304,0,55,7
BRDA:304,0,56,0
BRDA:304,0,57,0
BRDA:304,0,58,7
BRDA:304,0,59,7
BRDA:304,0,60,6
BRDA:304,0,61,6
BRDA:304,0,62,8
BRDA:304,0,63,8
BRDA:304,0,64,9
BRDA:304,0,65,9
BRDA:304,0,66,8
BRDA:304,0,67,8
BRDA:304,0,68,1
BRDA:304,0,69,1
BRDA:304,0,70,7
BRDA:304,0,71,7
BRDA:304,0,72,7
BRDA:304,0,73,7
BRDA:304,0,74,0
BRDA:304,0,75,0
BRDA:304,0,76,6
BRDA:304,0,77,6
BRDA:304,0,78,7
BRDA:304,0,79,7
BRDA:304,0,80,1
BRDA:304,0,81,1
BRDA:304,0,82,9
BRDA:304,0,83,9
BRDA:304,0,84,7
BRDA:304,0,85,7
BRDA:304,0,86,8
BRDA:304,0,87,8
BRDA:304,0,88,7
BRDA:304,0,89,7
BRDA:304,0,90,0
BRDA:304,0,91,0
BRDA:304,0,92,1
BRDA:304,0,93,1
BRDA:304,0,94,1
BRDA:304,0,95,1
BRDA:304,0,96,6
BRDA:304,0,97,6
BRDA:304,0,98,1
BRDA:304,0,99,1
BRDA:304,0,100,8
BRDA:304,0,101,8
BRDA:304,0,102,1
BRDA:304,0,103,1
BRDA:304,0,104,0
BRDA:304,0,105,0
BRDA:304,0,106,0
BRDA:304,0,107,0
BRDA:304,0,108,8
BRDA:304,0,109,8
BRDA:304,0,110,0
BRDA:304,0,111,0
BRDA:304,0,112,7
BRDA:304,0,113,7
BRDA:304,0,114,1
BRDA:304,0,115,1
BRDA:304,0,116,1
BRDA:304,0,117,1
BRDA:304,0,118,1
BRDA:304,0,119,1
BRDA:304,0,120,7
BRDA:304,0,121,7
BRDA:304,0,122,1
BRDA:304,0,123,1
BRDA:304,0,124,1
BRDA:304,0,125,1
BRDA:304,0,126,7
BRDA:304,0,127,7
BRDA:304,0,128,8
BRDA:304,0,129,8
BRDA:304,0,130,7
BRDA:304,0,131,7
BRDA:304,0,132,8
BRDA:304,0,133,8
BRDA:304,0,134,1
BRDA:304,0,135,1
BRDA:304,0,136,0
BRDA:304,0,137,0
BRDA:304,0,138,0
BRDA:304,0,139,0
BRDA:304,0,140,7
BRDA:304,0,141,7
BRDA:304,0,142,8
BRDA:304,0,143,8
BRDA:304,0,144,0
BRDA:304,0,145,0
BRDA:304,0,146,0
BRDA:304,0,147,0
BRDA:304,0,148,7
BRDA:304,0,149,7
BRDA:304,0,150,8
BRDA:304,0,151,8
BRDA:304,0,152,1
BRDA:304,0,153,1
BRDA:304,0,154,7
BRDA:304,0,155,7
BRDA:304,0,156,6
BRDA:304,0,157,6
BRDA:304,0,158,6
BRDA:304,0,159,6
BRDA:304,0,160,1
BRDA:304,0,161,1
BRDA:304,0,162,6
BRDA:304,0,163,6
BRDA:304,0,164,7
BRDA:304,0,165,7
BRDA:304,0,166,8
BRDA:304,0,167,8
BRDA:304,0,168,1
BRDA:304,0,169,1
BRDA:304,0,170,1
BRDA:304,0,171,1
BRDA:304,0,172,1
BRDA:304,0,173,1
BRDA:304,0,174,7
BRDA:304,0,175,7
BRDA:304,0,176,7
BRDA:304,0,177,7
BRDA:304,0,178,7
BRDA:304,0,179,7
BRDA:304,0,180,7
BRDA:304,0,181,7
BRDA:304,0,182,1
BRDA:304,0,183,1
BRDA:304,0,184,0
BRDA:304,0,185,0
BRDA:304,0,186,7
BRDA:304,0,187,7
BRDA:304,0,188,1
BRDA:304,0,189,1
BRDA:304,0,190,7
BRDA:304,0,191,7
BRDA:304,0,192,7
BRDA:304,0,193,7
BRDA:304,0,194,9
BRDA:304,0,195,9
BRDA:304,0,196,8
BRDA:304,0,197,8
BRDA:304,0,198,6
BRDA:304,0,199,6
BRDA:304,0,200,0
BRDA:304,0,201,0
BRDA:304,0,202,0
BRDA:304,0,203,0
BRDA:304,0,204,0
BRDA:304,0,205,0
BRDA:304,0,206,8
BRDA:304,0,207,8
BRDA:304,0,208,1
BRDA:304,0,209,1
BRDA:304,0,210,9
BRDA:304,0,211,9
BRDA:304,0,212,8
BRDA:304,0,213,8
BRDA:304,0,214,9
BRDA:304,0,215,9
BRDA:304,0,216,1
BRDA:304,0,217,1
BRDA:304,0,218,7
BRDA:304,0,219,7
BRDA:304,0,220,7
BRDA:304,0,221,7
BRDA:304,0,222,6
BRDA:304,0,223,6
BRDA:304,0,224,1
BRDA:304,0,225,1
BRDA:304,0,226,6
BRDA:304,0,227,6
BRDA:304,0,228,8
BRDA:304,0,229,8
BRDA:304,0,230,9
BRDA:304,0,231,9
BRDA:304,0,232,7
BRDA:304,0,233,7
BRDA:304,0,234,1
BRDA:304,0,235,1
BRDA:304,0,236,8
BRDA:304,0,237,8
BRDA:304,0,238,1
BRDA:304,0,239,1
BRDA:304,0,240,1
BRDA:304,0,241,1
BRDA:304,0,242,7
BRDA:304,0,243,7
BRDA:304,0,244,7
BRDA:304,0,245,7
BRDA:304,0,246,7
BRDA:304,0,247,7
BRDA:304,0,248,6
BRDA:304,0,249,6
BRDA:304,0,250,0
BRDA:304,0,251,0
BRDA:304,0,252,7
BRDA:304,0,253,7
BRDA:304,0,254,9
BRDA:304,0,255,9
DA:305,18
BRDA:305,0,0,7
BRDA:305,0,1,7
BRDA:305,0,2,13
BRDA:305,0,3,12
BRDA:305,0,4,8
BRDA:305,0,5,8
BRDA:305,0,6,15
BRDA:305,0,7,14
BRDA:305,0,8,15
BRDA:305,0,9,14
BRDA:305,0,10,9
BRDA:305,0,11,8
BRDA:305,0,12,14
BRDA:305,0,13,13
BRDA:305,0,14,18
BRDA:305,0,15,17
BRDA:305,0,16,10
BRDA:305,0,17,9
BRDA:305,0,18,5
BRDA:305,0,19,5
BRDA:305,0,20,4
BRDA:305,0,21,4
BRDA:305,0,22,7
BRDA:305,0,23,7
BRDA:305,0,24,5
BRDA:305,0,25,5
BRDA:305,0,26,6
BRDA:305,0,27,6
BRDA:305,0,28,14
BRDA:305,0,29,13
BRDA:305,0,30,7
BRDA:305,0,31,7
BRDA:305,0,32,12
BRDA:305,0,33,12
BRDA:305,0,34,14
BRDA:305,0,35,13
BRDA:305,0,36,5
BRDA:305,0,37,5
BRDA:305,0,38,9
BRDA:305,0,39,9
BRDA:305,0,40,15
BRDA:305,0,41,14
BRDA:305,0,42,16
BRDA:305,0,43,15
BRDA:305,0,44,7
BRDA:305,0,45,7
BRDA:305,0,46,8
BRDA:305,0,47,8
BRDA:305,0,48,2
BRDA:305,0,49,2
BRDA:305,0,50,12
BRDA:305,0,51,11
BRDA:305,0,52,7
BRDA:305,0,53,7
BRDA:305,0,54,14
BRDA:305,0,55,13
BRDA:305,0,56,6
BRDA:305,0,57,6
BRDA:305,0,58,13
BRDA:305,0,59,12
BRDA:305,0,60,7
BRDA:305,0,61,7
BRDA:305,0,62,15
BRDA:305,0,63,14
BRDA:305,0,64,13
BRDA:305,0,65,12
BRDA:305,0,66,6
BRDA:305,0,67,6
BRDA:305,0,68,9
BRDA:305,0,69,9
BRDA:305,0,70,17
BRDA:305,0,71,16
BRDA:305,0,72,12
BRDA:305,0,73,11
BRDA:305,0,74,1
BRDA:305,0,75,1
BRDA:305,0,76,8
BRDA:305,0,77,8
BRDA:305,0,78,7
BRDA:305,0,79,7
BRDA:305,0,80,10
BRDA:305,0,81,9
BRDA:305,0,82,3
BRDA:305,0,83,3
BRDA:305,0,84,12
BRDA:305,0,85,11
BRDA:305,0,86,11
BRDA:305,0,87,11
BRDA:305,0,88,15
BRDA:305,0,89,14
BRDA:305,0,90,3
BRDA:305,0,91,3
BRDA:305,0,92,13
BRDA:305,0,93,12
BRDA:305,0,94,4
BRDA:305,0,95,4
BRDA:305,0,96,6
BRDA:305,0,97,6
BRDA:305,0,98,10
BRDA:305,0,99,10
BRDA:305,0,100,6
BRDA:305,0,101,6
BRDA:305,0,102,13
BRDA:305,0,103,12
BRDA:305,0,104,6
BRDA:305,0,105,6
BRDA:305,0,106,7
BRDA:305,0,107,7
BRDA:305,0,108,13
BRDA:305,0,109,12
BRDA:305,0,110,1
BRDA:305,0,111,1
BRDA:305,0,112,10
BRDA:305,0,113,9
BRDA:305,0,114,10
BRDA:305,0,115,9
BRDA:305,0,116,12
BRDA:305,0,117,12
BRDA:305,0,118,5
BRDA:305,0,119,5
BRDA:305,0,120,5
BRDA:305,0,121,5
BRDA:305,0,122,14
BRDA:305,0,123,13
BRDA:305,0,124,12
BRDA:305,0,125,12
BRDA:305,0,126,8
BRDA:305,0,127,8
BRDA:305,0,128,13
BRDA:305,0,129,13
BRDA:305,0,130,9
BRDA:305,0,131,9
BRDA:305,0,132,13
BRDA:305,0,133,12
BRDA:305,0,134,16
BRDA:305,0,135,15
BRDA:305,0,136,8
BRDA:305,0,137,8
BRDA:305,0,138,7
BRDA:305,0,139,7
BRDA:305,0,140,12
BRDA:305,0,141,11
BRDA:305,0,142,17
BRDA:305,0,143,16
BRDA:305,0,144,4
BRDA:305,0,145,4
BRDA:305,0,146,6
BRDA:305,0,147,6
BRDA:305,0,148,7
BRDA:305,0,149,7
BRDA:305,0,150,13
BRDA:305,0,151,12
BRDA:305,0,152,16
BRDA:305,0,153,15
BRDA:305,0,154,14
BRDA:305,0,155,13
BRDA:305,0,156,4
BRDA:305,0,157,4
BRDA:305,0,158,4
BRDA:305,0,159,4
BRDA:305,0,160,15
BRDA:305,0,161,14
BRDA:305,0,162,6
BRDA:305,0,163,6
BRDA:305,0,164,7
BRDA:305,0,165,7
BRDA:305,0,166,10
BRDA:305,0,167,10
BRDA:305,0,168,14
BRDA:305,0,169,13
BRDA:305,0,170,14
BRDA:305,0,171,13
BRDA:305,0,172,5
BRDA:305,0,173,5
BRDA:305,0,174,9
BRDA:305,0,175,9
BRDA:305,0,176,9
BRDA:305,0,177,9
BRDA:305,0,178,4
BRDA:305,0,179,4
BRDA:305,0,180,12
BRDA:305,0,181,12
BRDA:305,0,182,10
BRDA:305,0,183,9
BRDA:305,0,184,2
BRDA:305,0,185,2
BRDA:305,0,186,12
BRDA:305,0,187,11
BRDA:305,0,188,7
BRDA:305,0,189,7
BRDA:305,0,190,8
BRDA:305,0,191,8
BRDA:305,0,192,8
BRDA:305,0,193,8
BRDA:305,0,194,13
BRDA:305,0,195,12
BRDA:305,0,196,6
BRDA:305,0,197,6
BRDA:305,0,198,11
BRDA:305,0,199,11
BRDA:305,0,200,2
BRDA:305,0,201,2
BRDA:305,0,202,2
BRDA:305,0,203,2
BRDA:305,0,204,2
BRDA:305,0,205,2
BRDA:305,0,206,18
BRDA:305,0,207,17
BRDA:305,0,208,16
BRDA:305,0,209,15
BRDA:305,0,210,10
BRDA:305,0,211,9
BRDA:305,0,212,8
BRDA:305,0,213,8
BRDA:305,0,214,10
BRDA:305,0,215,10
BRDA:305,0,216,17
BRDA:305,0,217,16
BRDA:305,0,218,14
BRDA:305,0,219,13
BRDA:305,0,220,6
BRDA:305,0,221,6
BRDA:305,0,222,8
BRDA:305,0,223,8
BRDA:305,0,224,12
BRDA:305,0,225,12
BRDA:305,0,226,8
BRDA:305,0,227,8
BRDA:305,0,228,2
BRDA:305,0,229,2
BRDA:305,0,230,4
BRDA:305,0,231,4
BRDA:305,0,232,13
BRDA:305,0,233,13
BRDA:305,0,234,14
BRDA:305,0,235,13
BRDA:305,0,236,11
BRDA:305,0,237,10
BRDA:305,0,238,12
BRDA:305,0,239,11
BRDA:305,0,240,9
BRDA:305,0,241,8
BRDA:305,0,242,8
BRDA:305,0,243,8
BRDA:305,0,244,15
BRDA:305,0,245,14
BRDA:305,0,246,16
BRDA:305,0,247,15
BRDA:305,0,248,5
BRDA:305,0,249,5
BRDA:305,0,250,1
BRDA:305,0,251,1
BRDA:305,0,252,17
BRDA:305,0,253,16
BRDA:305,0,254,14
BRDA:305,0,255,13
DA:306,21
BRDA:306,0,0,13
BRDA:306,0,1,12
BRDA:306,0,2,16
BRDA:306,0,3,15
BRDA:306,0,4,11
BRDA:306,0,5,11
BRDA:306,0,6,12
BRDA:306,0,7,12
BRDA:306,0,8,14
BRDA:306,0,9,14
BRDA:306,0,10,10
BRDA:306,0,11,10
BRDA:306,0,12,17
BRDA:306,0,13,16
BRDA:306,0,14,19
BRDA:306,0,15,18
BRDA:306,0,16,7
BRDA:306,0,17,7
BRDA:306,0,18,17
BRDA:306,0,19,16
BRDA:306,0,20,12
BRDA:306,0,21,12
BRDA:306,0,22,9
BRDA:306,0,23,9
BRDA:306,0,24,6
BRDA:306,0,25,6
BRDA:306,0,26,16
BRDA:306,0,27,15
BRDA:306,0,28,12
BRDA:306,0,29,12
BRDA:306,0,30,11
BRDA:306,0,31,11
BRDA:306,0,32,15
BRDA:306,0,33,14
BRDA:306,0,34,14
BRDA:306,0,35,14
BRDA:306,0,36,12
BRDA:306,0,37,12
BRDA:306,0,38,18
BRDA:306,0,39,17
BRDA:306,0,40,21
BRDA:306,0,41,20
BRDA:306,0,42,21
BRDA:306,0,43,20
BRDA:306,0,44,18
BRDA:306,0,45,17
BRDA:306,0,46,12
BRDA:306,0,47,12
BRDA:306,0,48,8
BRDA:306,0,49,8
BRDA:306,0,50,18
BRDA:306,0,51,17
BRDA:306,0,52,14
BRDA:306,0,53,13
BRDA:306,0,54,14
BRDA:306,0,55,14
BRDA:306,0,56,9
BRDA:306,0,57,9
BRDA:306,0,58,17
BRDA:306,0,59,17
BRDA:306,0,60,11
BRDA:306,0,61,11
BRDA:306,0,62,15
BRDA:306,0,63,15
BRDA:306,0,64,13
BRDA:306,0,65,12
BRDA:306,0,66,11
BRDA:306,0,67,11
BRDA:306,0,68,17
BRDA:306,0,69,16
BRDA:306,0,70,16
BRDA:306,0,71,16
BRDA:306,0,72,12
BRDA:306,0,73,12
BRDA:306,0,74,7
BRDA:306,0,75,7
BRDA:306,0,76,13
BRDA:306,0,77,13
BRDA:306,0,78,12
BRDA:306,0,79,12
BRDA:306,0,80,9
BRDA:306,0,81,9
BRDA:306,0,82,17
BRDA:306,0,83,16
BRDA:306,0,84,18
BRDA:306,0,85,17
BRDA:306,0,86,21
BRDA:306,0,87,20
BRDA:306,0,88,18
BRDA:306,0,89,17
BRDA:306,0,90,6
BRDA:306,0,91,6
BRDA:306,0,92,15
BRDA:306,0,93,14
BRDA:306,0,94,14
BRDA:306,0,95,13
BRDA:306,0,96,13
BRDA:306,0,97,13
BRDA:306,0,98,19
BRDA:306,0,99,18
BRDA:306,0,100,11
BRDA:306,0,101,11
BRDA:306,0,102,14
BRDA:306,0,103,14
BRDA:306,0,104,8
BRDA:306,0,105,8
BRDA:306,0,106,10
BRDA:306,0,107,10
BRDA:306,0,108,15
BRDA:306,0,109,15
BRDA:306,0,110,10
BRDA:306,0,111,10
BRDA:306,0,112,14
BRDA:306,0,113,14
BRDA:306,0,114,15
BRDA:306,0,115,14
BRDA:306,0,116,18
BRDA:306,0,117,17
BRDA:306,0,118,16
BRDA:306,0,119,15
BRDA:306,0,120,15
BRDA:306,0,121,14
BRDA:306,0,122,15
BRDA:306,0,123,14
BRDA:306,0,124,17
BRDA:306,0,125,16
BRDA:306,0,126,11
BRDA:306,0,127,11
BRDA:306,0,128,15
BRDA:306,0,129,14
BRDA:306,0,130,17
BRDA:306,0,131,16
BRDA:306,0,132,11
BRDA:306,0,133,11
BRDA:306,0,134,13
BRDA:306,0,135,13
BRDA:306,0,136,11
BRDA:306,0,137,11
BRDA:306,0,138,9
BRDA:306,0,139,9
BRDA:306,0,140,20
BRDA:306,0,141,19
BRDA:306,0,142,19
BRDA:306,0,143,18
BRDA:306,0,144,7
BRDA:306,0,145,7
BRDA:306,0,146,7
BRDA:306,0,147,7
BRDA:306,0,148,14
BRDA:306,0,149,14
BRDA:306,0,150,20
BRDA:306,0,151,19
BRDA:306,0,152,14
BRDA:306,0,153,13
BRDA:306,0,154,11
BRDA:306,0,155,11
BRDA:306,0,156,14
BRDA:306,0,157,14
BRDA:306,0,158,12
BRDA:306,0,159,12
BRDA:306,0,160,13
BRDA:306,0,161,13
BRDA:306,0,162,11
BRDA:306,0,163,11
BRDA:306,0,164,19
BRDA:306,0,165,18
BRDA:306,0,166,19
BRDA:306,0,167,18
BRDA:306,0,168,16
BRDA:306,0,169,15
BRDA:306,0,170,12
BRDA:306,0,171,12
BRDA:306,0,172,17
BRDA:306,0,173,16
BRDA:306,0,174,18
BRDA:306,0,175,17
BRDA:306,0,176,21
BRDA:306,0,177,20
BRDA:306,0,178,13
BRDA:306,0,179,13
BRDA:306,0,180,18
BRDA:306,0,181,17
BRDA:306,0,182,8
BRDA:306,0,183,8
BRDA:306,0,184,9
BRDA:306,0,185,9
BRDA:306,0,186,18
BRDA:306,0,187,17
BRDA:306,0,188,14
BRDA:306,0,189,13
BRDA:306,0,190,15
BRDA:306,0,191,15
BRDA:306,0,192,11
BRDA:306,0,193,11
BRDA:306,0,194,15
BRDA:306,0,195,15
BRDA:306,0,196,19
BRDA:306,0,197,18
BRDA:306,0,198,14
BRDA:306,0,199,14
BRDA:306,0,200,6
BRDA:306,0,201,6
BRDA:306,0,202,9
BRDA:306,0,203,9
BRDA:306,0,204,8
BRDA:306,0,205,8
BRDA:306,0,206,11
BRDA:306,0,207,11
BRDA:306,0,208,19
BRDA:306,0,209,18
BRDA:306,0,210,8
BRDA:306,0,211,8
BRDA:306,0,212,19
BRDA:306,0,213,18
BRDA:306,0,214,17
BRDA:306,0,215,16
BRDA:306,0,216,14
BRDA:306,0,217,14
BRDA:306,0,218,19
BRDA:306,0,219,18
BRDA:306,0,220,18
BRDA:306,0,221,17
BRDA:306,0,222,10
BRDA:306,0,223,10
BRDA:306,0,224,15
BRDA:306,0,225,14
BRDA:306,0,226,12
BRDA:306,0,227,12
BRDA:306,0,228,5
BRDA:306,0,229,5
BRDA:306,0,230,15
BRDA:306,0,231,14
BRDA:306,0,232,21
BRDA:306,0,233,20
BRDA:306,0,234,12
BRDA:306,0,235,12
BRDA:306,0,236,14
BRDA:306,0,237,14
BRDA:306,0,238,13
BRDA:306,0,239,13
BRDA:306,0,240,12
BRDA:306,0,241,12
BRDA:306,0,242,14
BRDA:306,0,243,14
BRDA:306,0,244,15
BRDA:306,0,245,14
BRDA:306,0,246,19
BRDA:306,0,247,18
BRDA:306,0,248,13
BRDA:306,0,249,13
BRDA:306,0,250,7
BRDA:306,0,251,7
BRDA:306,0,252,21
BRDA:306,0,253,20
BRDA:306,0,254,18
BRDA:306,0,255,17
DA:308,7
BRDA:308,0,0,7
BRDA:308,0,1,7
DA:309,8
BRDA:309,0,0,8
BRDA:309,0,1,8
DA:311,39
BRDA:311,0,0,39
BRDA:311,0,1,39
DA:312,1
BRDA:312,0,0,1
BRDA:312,0,1,1
DA:313,0
BRDA:313,0,0,0
BRDA:313,0,1,0
DA:315,38
BRDA:315,0,0,38
BRDA:315,0,1,37
DA:316,40
BRDA:316,0,0,40
BRDA:316,0,1,39
DA:318,21
BRDA:318,0,0,21
BRDA:318,0,1,21
DA:319,1
BRDA:319,0,0,1
BRDA:319,0,1,0
DA:322,195
BRDA:322,0,0,195
BRDA:322,0,1,195
BRDA:322,0,2,117
BRDA:322,0,3,116
BRDA:322,0,4,39
BRDA:322,0,5,39
BRDA:322,0,6,39
BRDA:322,0,7,38
DA:323,39
BRDA:323,0,0,39
BRDA:323,0,1,38
DA:324,193
BRDA:324,0,0,118
BRDA:324,0,1,118
BRDA:324,0,2,117
BRDA:324,0,3,117
BRDA:324,0,4,80
BRDA:324,0,5,79
BRDA:324,0,6,99
BRDA:324,0,7,98
BRDA:324,0,8,117
BRDA:324,0,9,116
BRDA:324,0,10,154
BRDA:324,0,11,153
BRDA:324,0,12,116
BRDA:324,0,13,115
BRDA:324,0,14,81
BRDA:324,0,15,81
BRDA:324,0,16,79
BRDA:324,0,17,79
BRDA:324,0,18,134
BRDA:324,0,19,133
BRDA:324,0,20,80
BRDA:324,0,21,80
BRDA:324,0,22,118
BRDA:324,0,23,118
BRDA:324,0,24,97
BRDA:324,0,25,96
BRDA:324,0,26,79
BRDA:324,0,27,79
BRDA:324,0,28,116
BRDA:324,0,29,116
BRDA:324,0,30,116
BRDA:324,0,31,116
BRDA:324,0,32,118
BRDA:324,0,33,118
BRDA:324,0,34,154
BRDA:324,0,35,154
BRDA:324,0,36,79
BRDA:324,0,37,79
BRDA:324,0,38,118
BRDA:324,0,39,118
BRDA:324,0,40,117
BRDA:324,0,41,116
BRDA:324,0,42,117
BRDA:324,0,43,117
BRDA:324,0,44,116
BRDA:324,0,45,116
BRDA:324,0,46,116
BRDA:324,0,47,115
BRDA:324,0,48,116
BRDA:324,0,49,115
BRDA:324,0,50,117
BRDA:324,0,51,116
BRDA:324,0,52,115
BRDA:324,0,53,115
BRDA:324,0,54,116
BRDA:324,0,55,115
BRDA:324,0,56,80
BRDA:324,0,57,80
BRDA:324,0,58,117
BRDA:324,0,59,116
BRDA:324,0,60,136
BRDA:324,0,61,135
BRDA:324,0,62,115
BRDA:324,0,63,115
BRDA:324,0,64,117
BRDA:324,0,65,116
BRDA:324,0,66,152
BRDA:324,0,67,151
BRDA:324,0,68,43
BRDA:324,0,69,43
BRDA:324,0,70,117
BRDA:324,0,71,117
BRDA:324,0,72,154
BRDA:324,0,73,153
BRDA:324,0,74,156
BRDA:324,0,75,156
BRDA:324,0,76,151
BRDA:324,0,77,151
BRDA:324,0,78,43
BRDA:324,0,79,43
BRDA:324,0,80,99
BRDA:324,0,81,98
BRDA:324,0,82,100
BRDA:324,0,83,99
BRDA:324,0,84,61
BRDA:324,0,85,60
BRDA:324,0,86,116
BRDA:324,0,87,116
BRDA:324,0,88,118
BRDA:324,0,89,118
BRDA:324,0,90,60
BRDA:324,0,91,59
BRDA:324,0,92,154
BRDA:324,0,93,153
BRDA:324,0,94,136
BRDA:324,0,95,135
BRDA:324,0,96,80
BRDA:324,0,97,79
BRDA:324,0,98,79
BRDA:324,0,99,79
BRDA:324,0,100,117
BRDA:324,0,101,117
BRDA:324,0,102,136
BRDA:324,0,103,135
BRDA:324,0,104,79
BRDA:324,0,105,79
BRDA:324,0,106,155
BRDA:324,0,107,155
BRDA:324,0,108,77
BRDA:324,0,109,77
BRDA:324,0,110,154
BRDA:324,0,111,153
BRDA:324,0,112,152
BRDA:324,0,113,151
BRDA:324,0,114,115
BRDA:324,0,115,114
BRDA:324,0,116,115
BRDA:324,0,117,115
BRDA:324,0,118,151
BRDA:324,0,119,151
BRDA:324,0,120,117
BRDA:324,0,121,117
BRDA:324,0,122,98
BRDA:324,0,123,97
BRDA:324,0,124,154
BRDA:324,0,125,153
BRDA:324,0,126,157
BRDA:324,0,127,157
BRDA:324,0,128,153
BRDA:324,0,129,153
BRDA:324,0,130,135
BRDA:324,0,131,134
BRDA:324,0,132,190
BRDA:324,0,133,189
BRDA:324,0,134,152
BRDA:324,0,135,152
BRDA:324,0,136,118
BRDA:324,0,137,118
BRDA:324,0,138,80
BRDA:324,0,139,80
BRDA:324,0,140,116
BRDA:324,0,141,116
BRDA:324,0,142,99
BRDA:324,0,143,98
BRDA:324,0,144,172
BRDA:324,0,145,171
BRDA:324,0,146,135
BRDA:324,0,147,134
BRDA:324,0,148,116
BRDA:324,0,149,115
BRDA:324,0,150,118
BRDA:324,0,151,118
BRDA:324,0,152,135
BRDA:324,0,153,134
BRDA:324,0,154,61
BRDA:324,0,155,60
BRDA:324,0,156,117
BRDA:324,0,157,117
BRDA:324,0,158,116
BRDA:324,0,159,116
BRDA:324,0,160,137
BRDA:324,0,161,136
BRDA:324,0,162,81
BRDA:324,0,163,81
BRDA:324,0,164,79
BRDA:324,0,165,79
BRDA:324,0,166,153
BRDA:324,0,167,153
BRDA:324,0,168,116
BRDA:324,0,169,116
BRDA:324,0,170,100
BRDA:324,0,171,99
BRDA:324,0,172,78
BRDA:324,0,173,78
BRDA:324,0,174,116
BRDA:324,0,175,115
BRDA:324,0,176,97
BRDA:324,0,177,96
BRDA:324,0,178,100
BRDA:324,0,179,99
BRDA:324,0,180,115
BRDA:324,0,181,115
BRDA:324,0,182,116
BRDA:324,0,183,116
BRDA:324,0,184,117
BRDA:324,0,185,116
BRDA:324,0,186,135
BRDA:324,0,187,134
BRDA:324,0,188,118
BRDA:324,0,189,118
BRDA:324,0,190,80
BRDA:324,0,191,80
BRDA:324,0,192,82
BRDA:324,0,193,82
BRDA:324,0,194,132
BRDA:324,0,195,131
BRDA:324,0,196,136
BRDA:324,0,197,135
BRDA:324,0,198,80
BRDA:324,0,199,80
BRDA:324,0,200,116
BRDA:324,0,201,116
BRDA:324,0,202,79
BRDA:324,0,203,79
BRDA:324,0,204,77
BRDA:324,0,205,77
BRDA:324,0,206,172
BRDA:324,0,207,171
BRDA:324,0,208,137
BRDA:324,0,209,136
BRDA:324,0,210,79
BRDA:324,0,211,79
BRDA:324,0,212,81
BRDA:324,0,213,81
BRDA:324,0,214,80
BRDA:324,0,215,79
BRDA:324,0,216,117
BRDA:324,0,217,117
BRDA:324,0,218,193
BRDA:324,0,219,192
BRDA:324,0,220,99
BRDA:324,0,221,98
BRDA:324,0,222,117
BRDA:324,0,223,117
BRDA:324,0,224,117
BRDA:324,0,225,117
BRDA:324,0,226,117
BRDA:324,0,227,116
BRDA:324,0,228,79
BRDA:324,0,229,78
BRDA:324,0,230,116
BRDA:324,0,231,116
BRDA:324,0,232,116
BRDA:324,0,233,115
BRDA:324,0,234,117
BRDA:324,0,235,116
BRDA:324,0,236,60
BRDA:324,0,237,59
BRDA:324,0,238,79
BRDA:324,0,239,79
BRDA:324,0,240,117
BRDA:324,0,241,116
BRDA:324,0,242,116
BRDA:324,0,243,116
BRDA:324,0,244,117
BRDA:324,0,245,117
BRDA:324,0,246,134
BRDA:324,0,247,133
BRDA:324,0,248,115
BRDA:324,0,249,115
BRDA:324,0,250,81
BRDA:324,0,251,80
BRDA:324,0,252,117
BRDA:324,0,253,117
BRDA:324,0,254,79
BRDA:324,0,255,79
DA:326,191
BRDA:326,0,0,191
BRDA:326,0,1,191
BRDA:326,0,2,114
BRDA:326,0,3,113
BRDA:326,0,4,38
BRDA:326,0,5,38
BRDA:326,0,6,38
BRDA:326,0,7,37
DA:328,466
BRDA:328,0,0,118
BRDA:328,0,1,117
BRDA:328,0,2,408
BRDA:328,0,3,404
BRDA:328,0,4,451
BRDA:328,0,5,449
BRDA:328,0,6,440
BRDA:328,0,7,439
BRDA:328,0,8,426
BRDA:328,0,9,424
BRDA:328,0,10,443
BRDA:328,0,11,440
BRDA:328,0,12,466
BRDA:328,0,13,465
BRDA:328,0,14,439
BRDA:328,0,15,437
BRDA:328,0,16,457
BRDA:328,0,17,455
BRDA:328,0,18,420
BRDA:328,0,19,420
BRDA:328,0,20,432
BRDA:328,0,21,432
BRDA:328,0,22,100
BRDA:328,0,23,99
BRDA:328,0,24,417
BRDA:328,0,25,417
BRDA:328,0,26,429
BRDA:328,0,27,427
BRDA:328,0,28,442
BRDA:328,0,29,440
BRDA:328,0,30,420
BRDA:328,0,31,419
BRDA:328,0,32,458
BRDA:328,0,33,456
BRDA:328,0,34,455
BRDA:328,0,35,453
BRDA:328,0,36,429
BRDA:328,0,37,427
BRDA:328,0,38,452
BRDA:328,0,39,450
BRDA:328,0,40,461
BRDA:328,0,41,459
BRDA:328,0,42,438
BRDA:328,0,43,437
BRDA:328,0,44,107
BRDA:328,0,45,107
BRDA:328,0,46,446
BRDA:328,0,47,444
BRDA:328,0,48,452
BRDA:328,0,49,451
BRDA:328,0,50,417
BRDA:328,0,51,416
BRDA:328,0,52,441
BRDA:328,0,53,438
BRDA:328,0,54,421
BRDA:328,0,55,418
BRDA:328,0,56,437
BRDA:328,0,57,436
BRDA:328,0,58,436
BRDA:328,0,59,435
BRDA:328,0,60,460
BRDA:328,0,61,459
BRDA:328,0,62,110
BRDA:328,0,63,110
BRDA:328,0,64,105
BRDA:328,0,65,105
BRDA:328,0,66,102
BRDA:328,0,67,102
BRDA:328,0,68,102
BRDA:328,0,69,101
BRDA:328,0,70,114
BRDA:328,0,71,113
BRDA:328,0,72,111
BRDA:328,0,73,111
BRDA:328,0,74,122
BRDA:328,0,75,121
BRDA:328,0,76,107
BRDA:328,0,77,107
BRDA:328,0,78,105
BRDA:328,0,79,105
BRDA:328,0,80,103
BRDA:328,0,81,103
BRDA:328,0,82,118
BRDA:328,0,83,117
BRDA:328,0,84,113
BRDA:328,0,85,113
BRDA:328,0,86,107
BRDA:328,0,87,107
BRDA:328,0,88,103
BRDA:328,0,89,102
BRDA:328,0,90,105
BRDA:328,0,91,105
BRDA:328,0,92,100
BRDA:328,0,93,100
BRDA:328,0,94,102
BRDA:328,0,95,101
BRDA:328,0,96,110
BRDA:328,0,97,109
BRDA:328,0,98,105
BRDA:328,0,99,104
BRDA:328,0,100,111
BRDA:328,0,101,110
BRDA:328,0,102,114
BRDA:328,0,103,114
BRDA:328,0,104,119
BRDA:328,0,105,119
BRDA:328,0,106,218
BRDA:328,0,107,216
BRDA:328,0,108,236
BRDA:328,0,109,235
BRDA:328,0,110,209
BRDA:328,0,111,208
BRDA:328,0,112,220
BRDA:328,0,113,218
BRDA:328,0,114,208
BRDA:328,0,115,206
BRDA:328,0,116,237
BRDA:328,0,117,236
BRDA:328,0,118,215
BRDA:328,0,119,214
BRDA:328,0,120,221
BRDA:328,0,121,220
BRDA:328,0,122,110
BRDA:328,0,123,109
BRDA:328,0,124,230
BRDA:328,0,125,229
BRDA:328,0,126,239
BRDA:328,0,127,239
BRDA:328,0,128,209
BRDA:328,0,129,208
BRDA:328,0,130,222
BRDA:328,0,131,221
BRDA:328,0,132,215
BRDA:328,0,133,215
BRDA:328,0,134,232
BRDA:328,0,135,232
BRDA:328,0,136,216
BRDA:328,0,137,216
BRDA:328,0,138,218
BRDA:328,0,139,217
BRDA:328,0,140,217
BRDA:328,0,141,216
BRDA:328,0,142,219
BRDA:328,0,143,219
BRDA:328,0,144,106
BRDA:328,0,145,105
BRDA:328,0,146,228
BRDA:328,0,147,226
BRDA:328,0,148,220
BRDA:328,0,149,219
BRDA:328,0,150,206
BRDA:328,0,151,205
BRDA:328,0,152,232
BRDA:328,0,153,231
BRDA:328,0,154,235
BRDA:328,0,155,234
BRDA:328,0,156,216
BRDA:328,0,157,215
BRDA:328,0,158,226
BRDA:328,0,159,225
BRDA:328,0,160,211
BRDA:328,0,161,210
BRDA:328,0,162,198
BRDA:328,0,163,198
BRDA:328,0,164,228
BRDA:328,0,165,227
BRDA:328,0,166,106
BRDA:328,0,167,106
BRDA:328,0,168,205
BRDA:328,0,169,204
BRDA:328,0,170,210
BRDA:328,0,171,209
BRDA:328,0,172,212
BRDA:328,0,173,212
BRDA:328,0,174,220
BRDA:328,0,175,220
BRDA:328,0,176,313
BRDA:328,0,177,310
BRDA:328,0,178,348
BRDA:328,0,179,346
BRDA:328,0,180,290
BRDA:328,0,181,288
BRDA:328,0,182,340
BRDA:328,0,183,338
BRDA:328,0,184,310
BRDA:328,0,185,307
BRDA:328,0,186,333
BRDA:328,0,187,332
BRDA:328,0,188,113
BRDA:328,0,189,113
BRDA:328,0,190,335
BRDA:328,0,191,334
BRDA:328,0,192,323
BRDA:328,0,193,321
BRDA:328,0,194,342
BRDA:328,0,195,340
BRDA:328,0,196,353
BRDA:328,0,197,353
BRDA:328,0,198,323
BRDA:328,0,199,321
BRDA:328,0,200,330
BRDA:328,0,201,329
BRDA:328,0,202,311
BRDA:328,0,203,311
BRDA:328,0,204,342
BRDA:328,0,205,342
BRDA:328,0,206,307
BRDA:328,0,207,307
BRDA:328,0,208,330
BRDA:328,0,209,328
BRDA:328,0,210,110
BRDA:328,0,211,110
BRDA:328,0,212,330
BRDA:328,0,213,328
BRDA:328,0,214,319
BRDA:328,0,215,319
BRDA:328,0,216,348
BRDA:328,0,217,346
BRDA:328,0,218,336
BRDA:328,0,219,335
BRDA:328,0,220,317
BRDA:328,0,221,315
BRDA:328,0,222,345
BRDA:328,0,223,344
BRDA:328,0,224,339
BRDA:328,0,225,338
BRDA:328,0,226,342
BRDA:328,0,227,341
BRDA:328,0,228,339
BRDA:328,0,229,338
BRDA:328,0,230,324
BRDA:328,0,231,323
BRDA:328,0,232,103
BRDA:328,0,233,103
BRDA:328,0,234,313
BRDA:328,0,235,312
BRDA:328,0,236,328
BRDA:328,0,237,326
BRDA:328,0,238,308
BRDA:328,0,239,306
BRDA:328,0,240,328
BRDA:328,0,241,327
BRDA:328,0,242,325
BRDA:328,0,243,324
BRDA:328,0,244,350
BRDA:328,0,245,349
BRDA:328,0,246,430
BRDA:328,0,247,427
BRDA:328,0,248,453
BRDA:328,0,249,450
BRDA:328,0,250,402
BRDA:328,0,251,400
BRDA:328,0,252,445
BRDA:328,0,253,443
BRDA:328,0,254,114
BRDA:328,0,255,114
DA:329,516
BRDA:329,0,0,132
BRDA:329,0,1,131
BRDA:329,0,2,460
BRDA:329,0,3,460
BRDA:329,0,4,504
BRDA:329,0,5,502
BRDA:329,0,6,478
BRDA:329,0,7,477
BRDA:329,0,8,481
BRDA:329,0,9,479
BRDA:329,0,10,492
BRDA:329,0,11,490
BRDA:329,0,12,516
BRDA:329,0,13,513
BRDA:329,0,14,500
BRDA:329,0,15,497
BRDA:329,0,16,483
BRDA:329,0,17,480
BRDA:329,0,18,472
BRDA:329,0,19,471
BRDA:329,0,20,459
BRDA:329,0,21,458
BRDA:329,0,22,115
BRDA:329,0,23,114
BRDA:329,0,24,455
BRDA:329,0,25,453
BRDA:329,0,26,462
BRDA:329,0,27,462
BRDA:329,0,28,480
BRDA:329,0,29,479
BRDA:329,0,30,476
BRDA:329,0,31,475
BRDA:329,0,32,512
BRDA:329,0,33,509
BRDA:329,0,34,482
BRDA:329,0,35,479
BRDA:329,0,36,477
BRDA:329,0,37,474
BRDA:329,0,38,512
BRDA:329,0,39,510
BRDA:329,0,40,491
BRDA:329,0,41,489
BRDA:329,0,42,499
BRDA:329,0,43,498
BRDA:329,0,44,121
BRDA:329,0,45,120
BRDA:329,0,46,509
BRDA:329,0,47,508
BRDA:329,0,48,501
BRDA:329,0,49,497
BRDA:329,0,50,466
BRDA:329,0,51,464
BRDA:329,0,52,494
BRDA:329,0,53,493
BRDA:329,0,54,452
BRDA:329,0,55,451
BRDA:329,0,56,506
BRDA:329,0,57,503
BRDA:329,0,58,455
BRDA:329,0,59,452
BRDA:329,0,60,486
BRDA:329,0,61,484
BRDA:329,0,62,123
BRDA:329,0,63,123
BRDA:329,0,64,108
BRDA:329,0,65,107
BRDA:329,0,66,108
BRDA:329,0,67,107
BRDA:329,0,68,105
BRDA:329,0,69,105
BRDA:329,0,70,127
BRDA:329,0,71,127
BRDA:329,0,72,130
BRDA:329,0,73,129
BRDA:329,0,74,133
BRDA:329,0,75,133
BRDA:329,0,76,119
BRDA:329,0,77,119
BRDA:329,0,78,127
BRDA:329,0,79,126
BRDA:329,0,80,119
BRDA:329,0,81,118
BRDA:329,0,82,128
BRDA:329,0,83,128
BRDA:329,0,84,127
BRDA:329,0,85,127
BRDA:329,0,86,124
BRDA:329,0,87,123
BRDA:329,0,88,115
BRDA:329,0,89,115
BRDA:329,0,90,121
BRDA:329,0,91,120
BRDA:329,0,92,112
BRDA:329,0,93,112
BRDA:329,0,94,117
BRDA:329,0,95,117
BRDA:329,0,96,110
BRDA:329,0,97,110
BRDA:329,0,98,117
BRDA:329,0,99,117
BRDA:329,0,100,125
BRDA:329,0,101,125
BRDA:329,0,102,122
BRDA:329,0,103,121
BRDA:329,0,104,135
BRDA:329,0,105,134
BRDA:329,0,106,227
BRDA:329,0,107,225
BRDA:329,0,108,279
BRDA:329,0,109,278
BRDA:329,0,110,248
BRDA:329,0,111,247
BRDA:329,0,112,231
BRDA:329,0,113,229
BRDA:329,0,114,228
BRDA:329,0,115,228
BRDA:329,0,116,262
BRDA:329,0,117,261
BRDA:329,0,118,237
BRDA:329,0,119,237
BRDA:329,0,120,258
BRDA:329,0,121,257
BRDA:329,0,122,109
BRDA:329,0,123,108
BRDA:329,0,124,254
BRDA:329,0,125,254
BRDA:329,0,126,261
BRDA:329,0,127,259
BRDA:329,0,128,238
BRDA:329,0,129,236
BRDA:329,0,130,237
BRDA:329,0,131,235
BRDA:329,0,132,237
BRDA:329,0,133,237
BRDA:329,0,134,234
BRDA:329,0,135,233
BRDA:329,0,136,230
BRDA:329,0,137,229
BRDA:329,0,138,235
BRDA:329,0,139,235
BRDA:329,0,140,238
BRDA:329,0,141,238
BRDA:329,0,142,254
BRDA:329,0,143,253
BRDA:329,0,144,116
BRDA:329,0,145,116
BRDA:329,0,146,242
BRDA:329,0,147,241
BRDA:329,0,148,234
BRDA:329,0,149,233
BRDA:329,0,150,240
BRDA:329,0,151,239
BRDA:329,0,152,255
BRDA:329,0,153,254
BRDA:329,0,154,247
BRDA:329,0,155,246
BRDA:329,0,156,247
BRDA:329,0,157,246
BRDA:329,0,158,246
BRDA:329,0,159,246
BRDA:329,0,160,239
BRDA:329,0,161,237
BRDA:329,0,162,235
BRDA:329,0,163,234
BRDA:329,0,164,253
BRDA:329,0,165,252
BRDA:329,0,166,113
BRDA:329,0,167,113
BRDA:329,0,168,227
BRDA:329,0,169,226
BRDA:329,0,170,245
BRDA:329,0,171,244
BRDA:329,0,172,227
BRDA:329,0,173,226
BRDA:329,0,174,237
BRDA:329,0,175,235
BRDA:329,0,176,327
BRDA:329,0,177,324
BRDA:329,0,178,392
BRDA:329,0,179,390
BRDA:329,0,180,334
BRDA:329,0,181,332
BRDA:329,0,182,363
BRDA:329,0,183,361
BRDA:329,0,184,336
BRDA:329,0,185,336
BRDA:329,0,186,369
BRDA:329,0,187,368
BRDA:329,0,188,117
BRDA:329,0,189,117
BRDA:329,0,190,364
BRDA:329,0,191,363
BRDA:329,0,192,373
BRDA:329,0,193,371
BRDA:329,0,194,377
BRDA:329,0,195,376
BRDA:329,0,196,380
BRDA:329,0,197,377
BRDA:329,0,198,364
BRDA:329,0,199,362
BRDA:329,0,200,354
BRDA:329,0,201,352
BRDA:329,0,202,359
BRDA:329,0,203,358
BRDA:329,0,204,350
BRDA:329,0,205,349
BRDA:329,0,206,332
BRDA:329,0,207,330
BRDA:329,0,208,357
BRDA:329,0,209,357
BRDA:329,0,210,126
BRDA:329,0,211,125
BRDA:329,0,212,360
BRDA:329,0,213,359
BRDA:329,0,214,358
BRDA:329,0,215,357
BRDA:329,0,216,373
BRDA:329,0,217,371
BRDA:329,0,218,355
BRDA:329,0,219,353
BRDA:329,0,220,358
BRDA:329,0,221,356
BRDA:329,0,222,386
BRDA:329,0,223,384
BRDA:329,0,224,364
BRDA:329,0,225,363
BRDA:329,0,226,387
BRDA:329,0,227,386
BRDA:329,0,228,377
BRDA:329,0,229,376
BRDA:329,0,230,369
BRDA:329,0,231,366
BRDA:329,0,232,119
BRDA:329,0,233,119
BRDA:329,0,234,356
BRDA:329,0,235,354
BRDA:329,0,236,366
BRDA:329,0,237,365
BRDA:329,0,238,333
BRDA:329,0,239,332
BRDA:329,0,240,383
BRDA:329,0,241,381
BRDA:329,0,242,338
BRDA:329,0,243,336
BRDA:329,0,244,379
BRDA:329,0,245,377
BRDA:329,0,246,450
BRDA:329,0,247,447
BRDA:329,0,248,508
BRDA:329,0,249,505
BRDA:329,0,250,464
BRDA:329,0,251,461
BRDA:329,0,252,484
BRDA:329,0,253,481
BRDA:329,0,254,124
BRDA:329,0,255,123
DA:331,76
BRDA:331,0,0,0
BRDA:331,0,1,0
BRDA:331,0,2,38
BRDA:331,0,3,36
BRDA:331,0,4,38
BRDA:331,0,5,36
BRDA:331,0,6,0
BRDA:331,0,7,0
BRDA:331,0,8,38
BRDA:331,0,9,36
BRDA:331,0,10,57
BRDA:331,0,11,54
BRDA:331,0,12,38
BRDA:331,0,13,36
BRDA:331,0,14,57
BRDA:331,0,15,54
BRDA:331,0,16,19
BRDA:331,0,17,18
BRDA:331,0,18,57
BRDA:331,0,19,54
BRDA:331,0,20,0
BRDA:331,0,21,0
BRDA:331,0,22,19
BRDA:331,0,23,18
BRDA:331,0,24,38
BRDA:331,0,25,36
BRDA:331,0,26,19
BRDA:331,0,27,18
BRDA:331,0,28,38
BRDA:331,0,29,36
BRDA:331,0,30,76
BRDA:331,0,31,72
BRDA:331,0,32,76
BRDA:331,0,33,72
BRDA:331,0,34,57
BRDA:331,0,35,54
BRDA:331,0,36,38
BRDA:331,0,37,36
BRDA:331,0,38,57
BRDA:331,0,39,54
BRDA:331,0,40,57
BRDA:331,0,41,54
BRDA:331,0,42,57
BRDA:331,0,43,54
BRDA:331,0,44,0
BRDA:331,0,45,0
BRDA:331,0,46,57
BRDA:331,0,47,54
BRDA:331,0,48,38
BRDA:331,0,49,36
BRDA:331,0,50,0
BRDA:331,0,51,0
BRDA:331,0,52,76
BRDA:331,0,53,72
BRDA:331,0,54,0
BRDA:331,0,55,0
BRDA:331,0,56,57
BRDA:331,0,57,54
BRDA:331,0,58,0
BRDA:331,0,59,0
BRDA:331,0,60,19
BRDA:331,0,61,18
BRDA:331,0,62,19
BRDA:331,0,63,18
BRDA:331,0,64,0
BRDA:331,0,65,0
BRDA:331,0,66,0
BRDA:331,0,67,0
BRDA:331,0,68,0
BRDA:331,0,69,0
BRDA:331,0,70,0
BRDA:331,0,71,0
BRDA:331,0,72,19
BRDA:331,0,73,18
BRDA:331,0,74,19
BRDA:331,0,75,18
BRDA:331,0,76,19
BRDA:331,0,77,18
BRDA:331,0,78,19
BRDA:331,0,79,18
BRDA:331,0,80,19
BRDA:331,0,81,18
BRDA:331,0,82,19
BRDA:331,0,83,18
BRDA:331,0,84,19
BRDA:331,0,85,18
BRDA:331,0,86,0
BRDA:331,0,87,0
BRDA:331,0,88,19
BRDA:331,0,89,18
BRDA:331,0,90,19
BRDA:331,0,91,18
BRDA:331,0,92,0
BRDA:331,0,93,0
BRDA:331,0,94,19
BRDA:331,0,95,18
BRDA:331,0,96,0
BRDA:331,0,97,0
BRDA:331,0,98,19
BRDA:331,0,99,18
BRDA:331,0,100,19
BRDA:331,0,101,18
BRDA:331,0,102,0
BRDA:331,0,103,0
BRDA:331,0,104,0
BRDA:331,0,105,0
BRDA:331,0,106,0
BRDA:331,0,107,0
BRDA:331,0,108,38
BRDA:331,0,109,36
BRDA:331,0,110,38
BRDA:331,0,111,36
BRDA:331,0,112,0
BRDA:331,0,113,0
BRDA:331,0,114,19
BRDA:331,0,115,18
BRDA:331,0,116,19
BRDA:331,0,117,18
BRDA:331,0,118,0
BRDA:331,0,119,0
BRDA:331,0,120,19
BRDA:331,0,121,18
BRDA:331,0,122,0
BRDA:331,0,123,0
BRDA:331,0,124,19
BRDA:331,0,125,18
BRDA:331,0,126,19
BRDA:331,0,127,18
BRDA:331,0,128,19
BRDA:331,0,129,18
BRDA:331,0,130,0
BRDA:331,0,131,0
BRDA:331,0,132,38
BRDA:331,0,133,36
BRDA:331,0,134,0
BRDA:331,0,135,0
BRDA:331,0,136,19
BRDA:331,0,137,18
BRDA:331,0,138,19
BRDA:331,0,139,18
BRDA:331,0,140,0
BRDA:331,0,141,0
BRDA:331,0,142,38
BRDA:331,0,143,36
BRDA:331,0,144,19
BRDA:331,0,145,18
BRDA:331,0,146,38
BRDA:331,0,147,36
BRDA:331,0,148,38
BRDA:331,0,149,36
BRDA:331,0,150,19
BRDA:331,0,151,18
BRDA:331,0,152,38
BRDA:331,0,153,36
BRDA:331,0,154,19
BRDA:331,0,155,18
BRDA:331,0,156,19
BRDA:331,0,157,18
BRDA:331,0,158,19
BRDA:331,0,159,18
BRDA:331,0,160,19
BRDA:331,0,161,18
BRDA:331,0,162,0
BRDA:331,0,163,0
BRDA:331,0,164,38
BRDA:331,0,165,36
BRDA:331,0,166,0
BRDA:331,0,167,0
BRDA:331,0,168,0
BRDA:331,0,169,0
BRDA:331,0,170,38
BRDA:331,0,171,36
BRDA:331,0,172,0
BRDA:331,0,173,0
BRDA:331,0,174,0
BRDA:331,0,175,0
BRDA:331,0,176,0
BRDA:331,0,177,0
BRDA:331,0,178,38
BRDA:331,0,179,36
BRDA:331,0,180,38
BRDA:331,0,181,36
BRDA:331,0,182,19
BRDA:331,0,183,18
BRDA:331,0,184,19
BRDA:331,0,185,18
BRDA:331,0,186,19
BRDA:331,0,187,18
BRDA:331,0,188,0
BRDA:331,0,189,0
BRDA:331,0,190,0
BRDA:331,0,191,0
BRDA:331,0,192,38
BRDA:331,0,193,36
BRDA:331,0,194,38
BRDA:331,0,195,36
BRDA:331,0,196,19
BRDA:331,0,197,18
BRDA:331,0,198,38
BRDA:331,0,199,36
BRDA:331,0,200,0
BRDA:331,0,201,0
BRDA:331,0,202,57
BRDA:331,0,203,54
BRDA:331,0,204,0
BRDA:331,0,205,0
BRDA:331,0,206,19
BRDA:331,0,207,18
BRDA:331,0,208,19
BRDA:331,0,209,18
BRDA:331,0,210,0
BRDA:331,0,211,0
BRDA:331,0,212,19
BRDA:331,0,213,18
BRDA:331,0,214,57
BRDA:331,0,215,54
BRDA:331,0,216,57
BRDA:331,0,217,54
BRDA:331,0,218,38
BRDA:331,0,219,36
BRDA:331,0,220,38
BRDA:331,0,221,36
BRDA:331,0,222,57
BRDA:331,0,223,54
BRDA:331,0,224,38
BRDA:331,0,225,36
BRDA:331,0,226,38
BRDA:331,0,227,36
BRDA:331,0,228,38
BRDA:331,0,229,36
BRDA:331,0,230,38
BRDA:331,0,231,36
BRDA:331,0,232,19
BRDA:331,0,233,18
BRDA:331,0,234,0
BRDA:331,0,235,0
BRDA:331,0,236,57
BRDA:331,0,237,54
BRDA:331,0,238,0
BRDA:331,0,239,0
BRDA:331,0,240,57
BRDA:331,0,241,54
BRDA:331,0,242,0
BRDA:331,0,243,0
BRDA:331,0,244,19
BRDA:331,0,245,18
BRDA:331,0,246,0
BRDA:331,0,247,0
BRDA:331,0,248,38
BRDA:331,0,249,36
BRDA:331,0,250,57
BRDA:331,0,251,54
BRDA:331,0,252,38
BRDA:331,0,253,36
BRDA:331,0,254,0
BRDA:331,0,255,0
DA:332,60
BRDA:332,0,0,7
BRDA:332,0,1,7
BRDA:332,0,2,46
BRDA:332,0,3,45
BRDA:332,0,4,45
BRDA:332,0,5,42
BRDA:332,0,6,18
BRDA:332,0,7,18
BRDA:332,0,8,40
BRDA:332,0,9,37
BRDA:332,0,10,43
BRDA:332,0,11,42
BRDA:332,0,12,45
BRDA:332,0,13,43
BRDA:332,0,14,41
BRDA:332,0,15,39
BRDA:332,0,16,36
BRDA:332,0,17,35
BRDA:332,0,18,59
BRDA:332,0,19,56
BRDA:332,0,20,37
BRDA:332,0,21,35
BRDA:332,0,22,13
BRDA:332,0,23,12
BRDA:332,0,24,19
BRDA:332,0,25,18
BRDA:332,0,26,36
BRDA:332,0,27,34
BRDA:332,0,28,60
BRDA:332,0,29,57
BRDA:332,0,30,40
BRDA:332,0,31,37
BRDA:332,0,32,24
BRDA:332,0,33,23
BRDA:332,0,34,31
BRDA:332,0,35,30
BRDA:332,0,36,53
BRDA:332,0,37,50
BRDA:332,0,38,37
BRDA:332,0,39,35
BRDA:332,0,40,37
BRDA:332,0,41,35
BRDA:332,0,42,23
BRDA:332,0,43,23
BRDA:332,0,44,8
BRDA:332,0,45,8
BRDA:332,0,46,45
BRDA:332,0,47,44
BRDA:332,0,48,38
BRDA:332,0,49,37
BRDA:332,0,50,20
BRDA:332,0,51,20
BRDA:332,0,52,36
BRDA:332,0,53,35
BRDA:332,0,54,48
BRDA:332,0,55,46
BRDA:332,0,56,51
BRDA:332,0,57,48
BRDA:332,0,58,30
BRDA:332,0,59,29
BRDA:332,0,60,30
BRDA:332,0,61,28
BRDA:332,0,62,15
BRDA:332,0,63,14
BRDA:332,0,64,15
BRDA:332,0,65,14
BRDA:332,0,66,9
BRDA:332,0,67,8
BRDA:332,0,68,14
BRDA:332,0,69,13
BRDA:332,0,70,18
BRDA:332,0,71,17
BRDA:332,0,72,10
BRDA:332,0,73,9
BRDA:332,0,74,5
BRDA:332,0,75,5
BRDA:332,0,76,4
BRDA:332,0,77,4
BRDA:332,0,78,7
BRDA:332,0,79,7
BRDA:332,0,80,5
BRDA:332,0,81,5
BRDA:332,0,82,6
BRDA:332,0,83,6
BRDA:332,0,84,14
BRDA:332,0,85,13
BRDA:332,0,86,7
BRDA:332,0,87,7
BRDA:332,0,88,12
BRDA:332,0,89,12
BRDA:332,0,90,14
BRDA:332,0,91,13
BRDA:332,0,92,5
BRDA:332,0,93,5
BRDA:332,0,94,9
BRDA:332,0,95,9
BRDA:332,0,96,15
BRDA:332,0,97,14
BRDA:332,0,98,16
BRDA:332,0,99,15
BRDA:332,0,100,7
BRDA:332,0,101,7
BRDA:332,0,102,8
BRDA:332,0,103,8
BRDA:332,0,104,2
BRDA:332,0,105,2
BRDA:332,0,106,20
BRDA:332,0,107,19
BRDA:332,0,108,18
BRDA:332,0,109,18
BRDA:332,0,110,20
BRDA:332,0,111,19
BRDA:332,0,112,22
BRDA:332,0,113,20
BRDA:332,0,114,19
BRDA:332,0,115,19
BRDA:332,0,116,19
BRDA:332,0,117,18
BRDA:332,0,118,11
BRDA:332,0,119,11
BRDA:332,0,120,27
BRDA:332,0,121,25
BRDA:332,0,122,12
BRDA:332,0,123,11
BRDA:332,0,124,19
BRDA:332,0,125,19
BRDA:332,0,126,23
BRDA:332,0,127,22
BRDA:332,0,128,19
BRDA:332,0,129,18
BRDA:332,0,130,17
BRDA:332,0,131,17
BRDA:332,0,132,32
BRDA:332,0,133,30
BRDA:332,0,134,27
BRDA:332,0,135,25
BRDA:332,0,136,10
BRDA:332,0,137,9
BRDA:332,0,138,22
BRDA:332,0,139,21
BRDA:332,0,140,25
BRDA:332,0,141,24
BRDA:332,0,142,20
BRDA:332,0,143,18
BRDA:332,0,144,7
BRDA:332,0,145,7
BRDA:332,0,146,8
BRDA:332,0,147,8
BRDA:332,0,148,16
BRDA:332,0,149,15
BRDA:332,0,150,20
BRDA:332,0,151,19
BRDA:332,0,152,9
BRDA:332,0,153,9
BRDA:332,0,154,27
BRDA:332,0,155,25
BRDA:332,0,156,11
BRDA:332,0,157,11
BRDA:332,0,158,18
BRDA:332,0,159,18
BRDA:332,0,160,24
BRDA:332,0,161,23
BRDA:332,0,162,11
BRDA:332,0,163,11
BRDA:332,0,164,22
BRDA:332,0,165,21
BRDA:332,0,166,14
BRDA:332,0,167,13
BRDA:332,0,168,21
BRDA:332,0,169,20
BRDA:332,0,170,23
BRDA:332,0,171,22
BRDA:332,0,172,9
BRDA:332,0,173,9
BRDA:332,0,174,12
BRDA:332,0,175,11
BRDA:332,0,176,33
BRDA:332,0,177,32
BRDA:332,0,178,31
BRDA:332,0,179,30
BRDA:332,0,180,25
BRDA:332,0,181,24
BRDA:332,0,182,26
BRDA:332,0,183,24
BRDA:332,0,184,31
BRDA:332,0,185,31
BRDA:332,0,186,29
BRDA:332,0,187,27
BRDA:332,0,188,6
BRDA:332,0,189,6
BRDA:332,0,190,13
BRDA:332,0,191,13
BRDA:332,0,192,39
BRDA:332,0,193,36
BRDA:332,0,194,26
BRDA:332,0,195,26
BRDA:332,0,196,31
BRDA:332,0,197,30
BRDA:332,0,198,28
BRDA:332,0,199,27
BRDA:332,0,200,30
BRDA:332,0,201,29
BRDA:332,0,202,48
BRDA:332,0,203,45
BRDA:332,0,204,35
BRDA:332,0,205,33
BRDA:332,0,206,17
BRDA:332,0,207,16
BRDA:332,0,208,34
BRDA:332,0,209,32
BRDA:332,0,210,13
BRDA:332,0,211,12
BRDA:332,0,212,42
BRDA:332,0,213,40
BRDA:332,0,214,24
BRDA:332,0,215,22
BRDA:332,0,216,14
BRDA:332,0,217,14
BRDA:332,0,218,23
BRDA:332,0,219,22
BRDA:332,0,220,36
BRDA:332,0,221,34
BRDA:332,0,222,23
BRDA:332,0,223,22
BRDA:332,0,224,31
BRDA:332,0,225,29
BRDA:332,0,226,15
BRDA:332,0,227,15
BRDA:332,0,228,33
BRDA:332,0,229,32
BRDA:332,0,230,30
BRDA:332,0,231,29
BRDA:332,0,232,7
BRDA:332,0,233,7
BRDA:332,0,234,18
BRDA:332,0,235,18
BRDA:332,0,236,32
BRDA:332,0,237,31
BRDA:332,0,238,35
BRDA:332,0,239,33
BRDA:332,0,240,37
BRDA:332,0,241,35
BRDA:332,0,242,18
BRDA:332,0,243,18
BRDA:332,0,244,21
BRDA:332,0,245,20
BRDA:332,0,246,41
BRDA:332,0,247,40
BRDA:332,0,248,41
BRDA:332,0,249,40
BRDA:332,0,250,36
BRDA:332,0,251,34
BRDA:332,0,252,34
BRDA:332,0,253,32
BRDA:332,0,254,15
BRDA:332,0,255,14
DA:333,27
BRDA:333,0,0,7
BRDA:333,0,1,7
BRDA:333,0,2,4
BRDA:333,0,3,4
BRDA:333,0,4,2
BRDA:333,0,5,2
BRDA:333,0,6,1
BRDA:333,0,7,1
BRDA:333,0,8,2
BRDA:333,0,9,2
BRDA:333,0,10,3
BRDA:333,0,11,3
BRDA:333,0,12,25
BRDA:333,0,13,25
BRDA:333,0,14,14
BRDA:333,0,15,14
BRDA:333,0,16,14
BRDA:333,0,17,14
BRDA:333,0,18,0
BRDA:333,0,19,0
BRDA:333,0,20,0
BRDA:333,0,21,0
BRDA:333,0,22,1
BRDA:333,0,23,1
BRDA:333,0,24,0
BRDA:333,0,25,0
BRDA:333,0,26,2
BRDA:333,0,27,2
BRDA:333,0,28,26
BRDA:333,0,29,26
BRDA:333,0,30,1
BRDA:333,0,31,1
BRDA:333,0,32,14
BRDA:333,0,33,14
BRDA:333,0,34,14
BRDA:333,0,35,14
BRDA:333,0,36,2
BRDA:333,0,37,2
BRDA:333,0,38,2
BRDA:333,0,39,2
BRDA:333,0,40,2
BRDA:333,0,41,2
BRDA:333,0,42,1
BRDA:333,0,43,1
BRDA:333,0,44,0
BRDA:333,0,45,0
BRDA:333,0,46,2
BRDA:333,0,47,2
BRDA:333,0,48,1
BRDA:333,0,49,1
BRDA:333,0,50,13
BRDA:333,0,51,13
BRDA:333,0,52,15
BRDA:333,0,53,15
BRDA:333,0,54,3
BRDA:333,0,55,3
BRDA:333,0,56,1
BRDA:333,0,57,1
BRDA:333,0,58,1
BRDA:333,0,59,1
BRDA:333,0,60,1
BRDA:333,0,61,1
BRDA:333,0,62,0
BRDA:333,0,63,0
BRDA:333,0,64,0
BRDA:333,0,65,0
BRDA:333,0,66,0
BRDA:333,0,67,0
BRDA:333,0,68,1
BRDA:333,0,69,1
BRDA:333,0,70,7
BRDA:333,0,71,7
BRDA:333,0,72,0
BRDA:333,0,73,0
BRDA:333,0,74,1
BRDA:333,0,75,1
BRDA:333,0,76,0
BRDA:333,0,77,0
BRDA:333,0,78,6
BRDA:333,0,79,6
BRDA:333,0,80,0
BRDA:333,0,81,0
BRDA:333,0,82,1
BRDA:333,0,83,1
BRDA:333,0,84,0
BRDA:333,0,85,0
BRDA:333,0,86,0
BRDA:333,0,87,0
BRDA:333,0,88,1
BRDA:333,0,89,1
BRDA:333,0,90,0
BRDA:333,0,91,0
BRDA:333,0,92,0
BRDA:333,0,93,0
BRDA:333,0,94,1
BRDA:333,0,95,1
BRDA:333,0,96,1
BRDA:333,0,97,1
BRDA:333,0,98,1
BRDA:333,0,99,1
BRDA:333,0,100,1
BRDA:333,0,101,1
BRDA:333,0,102,0
BRDA:333,0,103,0
BRDA:333,0,104,0
BRDA:333,0,105,0
BRDA:333,0,106,14
BRDA:333,0,107,14
BRDA:333,0,108,13
BRDA:333,0,109,13
BRDA:333,0,110,7
BRDA:333,0,111,7
BRDA:333,0,112,2
BRDA:333,0,113,2
BRDA:333,0,114,2
BRDA:333,0,115,2
BRDA:333,0,116,1
BRDA:333,0,117,1
BRDA:333,0,118,1
BRDA:333,0,119,1
BRDA:333,0,120,1
BRDA:333,0,121,1
BRDA:333,0,122,1
BRDA:333,0,123,1
BRDA:333,0,124,1
BRDA:333,0,125,1
BRDA:333,0,126,12
BRDA:333,0,127,12
BRDA:333,0,128,7
BRDA:333,0,129,7
BRDA:333,0,130,1
BRDA:333,0,131,1
BRDA:333,0,132,0
BRDA:333,0,133,0
BRDA:333,0,134,0
BRDA:333,0,135,0
BRDA:333,0,136,0
BRDA:333,0,137,0
BRDA:333,0,138,1
BRDA:333,0,139,1
BRDA:333,0,140,13
BRDA:333,0,141,13
BRDA:333,0,142,0
BRDA:333,0,143,0
BRDA:333,0,144,1
BRDA:333,0,145,1
BRDA:333,0,146,8
BRDA:333,0,147,8
BRDA:333,0,148,1
BRDA:333,0,149,1
BRDA:333,0,150,1
BRDA:333,0,151,1
BRDA:333,0,152,1
BRDA:333,0,153,1
BRDA:333,0,154,1
BRDA:333,0,155,1
BRDA:333,0,156,1
BRDA:333,0,157,1
BRDA:333,0,158,1
BRDA:333,0,159,1
BRDA:333,0,160,1
BRDA:333,0,161,1
BRDA:333,0,162,6
BRDA:333,0,163,6
BRDA:333,0,164,1
BRDA:333,0,165,1
BRDA:333,0,166,0
BRDA:333,0,167,0
BRDA:333,0,168,1
BRDA:333,0,169,1
BRDA:333,0,170,1
BRDA:333,0,171,1
BRDA:333,0,172,0
BRDA:333,0,173,0
BRDA:333,0,174,0
BRDA:333,0,175,0
BRDA:333,0,176,21
BRDA:333,0,177,21
BRDA:333,0,178,20
BRDA:333,0,179,20
BRDA:333,0,180,8
BRDA:333,0,181,8
BRDA:333,0,182,8
BRDA:333,0,183,8
BRDA:333,0,184,3
BRDA:333,0,185,3
BRDA:333,0,186,1
BRDA:333,0,187,1
BRDA:333,0,188,0
BRDA:333,0,189,0
BRDA:333,0,190,1
BRDA:333,0,191,1
BRDA:333,0,192,2
BRDA:333,0,193,2
BRDA:333,0,194,2
BRDA:333,0,195,2
BRDA:333,0,196,18
BRDA:333,0,197,18
BRDA:333,0,198,8
BRDA:333,0,199,8
BRDA:333,0,200,7
BRDA:333,0,201,7
BRDA:333,0,202,0
BRDA:333,0,203,0
BRDA:333,0,204,0
BRDA:333,0,205,0
BRDA:333,0,206,0
BRDA:333,0,207,0
BRDA:333,0,208,2
BRDA:333,0,209,2
BRDA:333,0,210,0
BRDA:333,0,211,0
BRDA:333,0,212,20
BRDA:333,0,213,20
BRDA:333,0,214,0
BRDA:333,0,215,0
BRDA:333,0,216,8
BRDA:333,0,217,8
BRDA:333,0,218,7
BRDA:333,0,219,7
BRDA:333,0,220,2
BRDA:333,0,221,2
BRDA:333,0,222,1
BRDA:333,0,223,1
BRDA:333,0,224,1
BRDA:333,0,225,1
BRDA:333,0,226,1
BRDA:333,0,227,1
BRDA:333,0,228,1
BRDA:333,0,229,1
BRDA:333,0,230,1
BRDA:333,0,231,1
BRDA:333,0,232,0
BRDA:333,0,233,0
BRDA:333,0,234,7
BRDA:333,0,235,7
BRDA:333,0,236,8
BRDA:333,0,237,8
BRDA:333,0,238,2
BRDA:333,0,239,2
BRDA:333,0,240,1
BRDA:333,0,241,1
BRDA:333,0,242,1
BRDA:333,0,243,1
BRDA:333,0,244,1
BRDA:333,0,245,1
BRDA:333,0,246,27
BRDA:333,0,247,27
BRDA:333,0,248,27
BRDA:333,0,249,27
BRDA:333,0,250,14
BRDA:333,0,251,14
BRDA:333,0,252,14
BRDA:333,0,253,14
BRDA:333,0,254,6
BRDA:333,0,255,6
DA:335,369
BRDA:335,0,0,369
BRDA:335,0,1,369
DA:336,305
BRDA:336,0,0,305
BRDA:336,0,1,305
DA:337,263
BRDA:337,0,0,0
BRDA:337,0,1,0
BRDA:337,0,2,0
BRDA:337,0,3,0
BRDA:337,0,4,263
BRDA:337,0,5,263
BRDA:337,0,6,219
BRDA:337,0,7,219
BRDA:337,0,8,103
BRDA:337,0,9,103
BRDA:337,0,10,176
BRDA:337,0,11,176
BRDA:337,0,12,102
BRDA:337,0,13,102
BRDA:337,0,14,0
BRDA:337,0,15,0
DA:338,135
BRDA:338,0,0,91
BRDA:338,0,1,91
BRDA:338,0,2,135
BRDA:338,0,3,135
BRDA:338,0,4,73
BRDA:338,0,5,73
BRDA:338,0,6,115
BRDA:338,0,7,115
BRDA:338,0,8,35
BRDA:338,0,9,35
BRDA:338,0,10,82
BRDA:338,0,11,82
BRDA:338,0,12,72
BRDA:338,0,13,72
BRDA:338,0,14,108
BRDA:338,0,15,108
BRDA:338,0,16,129
BRDA:338,0,17,129
BRDA:338,0,18,131
BRDA:338,0,19,131
BRDA:338,0,20,124
BRDA:338,0,21,124
BRDA:338,0,22,105
BRDA:338,0,23,105
BRDA:338,0,24,108
BRDA:338,0,25,108
BRDA:338,0,26,110
BRDA:338,0,27,110
BRDA:338,0,28,120
BRDA:338,0,29,120
BRDA:338,0,30,97
BRDA:338,0,31,97
BRDA:338,0,32,118
BRDA:338,0,33,118
BRDA:338,0,34,101
BRDA:338,0,35,101
BRDA:338,0,36,34
BRDA:338,0,37,34
BRDA:338,0,38,134
BRDA:338,0,39,134
BRDA:338,0,40,41
BRDA:338,0,41,41
BRDA:338,0,42,116
BRDA:338,0,43,116
BRDA:338,0,44,135
BRDA:338,0,45,135
BRDA:338,0,46,32
BRDA:338,0,47,32
BRDA:338,0,48,64
BRDA:338,0,49,64
BRDA:338,0,50,92
BRDA:338,0,51,92
BRDA:338,0,52,92
BRDA:338,0,53,92
BRDA:338,0,54,108
BRDA:338,0,55,108
BRDA:338,0,56,20
BRDA:338,0,57,20
BRDA:338,0,58,90
BRDA:338,0,59,90
BRDA:338,0,60,115
BRDA:338,0,61,115
BRDA:338,0,62,112
BRDA:338,0,63,112
DA:339,117
BRDA:339,0,0,103
BRDA:339,0,1,103
BRDA:339,0,2,68
BRDA:339,0,3,68
BRDA:339,0,4,65
BRDA:339,0,5,65
BRDA:339,0,6,69
BRDA:339,0,7,69
BRDA:339,0,8,61
BRDA:339,0,9,61
BRDA:339,0,10,43
BRDA:339,0,11,43
BRDA:339,0,12,72
BRDA:339,0,13,72
BRDA:339,0,14,80
BRDA:339,0,15,80
BRDA:339,0,16,51
BRDA:339,0,17,51
BRDA:339,0,18,51
BRDA:339,0,19,51
BRDA:339,0,20,76
BRDA:339,0,21,76
BRDA:339,0,22,111
BRDA:339,0,23,111
BRDA:339,0,24,62
BRDA:339,0,25,62
BRDA:339,0,26,63
BRDA:339,0,27,63
BRDA:339,0,28,71
BRDA:339,0,29,71
BRDA:339,0,30,61
BRDA:339,0,31,61
BRDA:339,0,32,60
BRDA:339,0,33,60
BRDA:339,0,34,66
BRDA:339,0,35,66
BRDA:339,0,36,53
BRDA:339,0,37,53
BRDA:339,0,38,79
BRDA:339,0,39,79
BRDA:339,0,40,72
BRDA:339,0,41,72
BRDA:339,0,42,65
BRDA:339,0,43,65
BRDA:339,0,44,117
BRDA:339,0,45,117
BRDA:339,0,46,63
BRDA:339,0,47,63
BRDA:339,0,48,62
BRDA:339,0,49,62
BRDA:339,0,50,72
BRDA:339,0,51,72
BRDA:339,0,52,74
BRDA:339,0,53,74
BRDA:339,0,54,67
BRDA:339,0,55,67
BRDA:339,0,56,59
BRDA:339,0,57,59
BRDA:339,0,58,68
BRDA:339,0,59,68
BRDA:339,0,60,69
BRDA:339,0,61,69
BRDA:339,0,62,78
BRDA:339,0,63,78
DA:340,609
BRDA:340,0,0,609
BRDA:340,0,1,608
DA:341,0
BRDA:341,0,0,0
BRDA:341,0,1,0
DA:342,0
BRDA:342,0,0,0
BRDA:342,0,1,0
BRDA:342,0,2,0
BRDA:342,0,3,0
BRDA:342,0,4,0
BRDA:342,0,5,0
BRDA:342,0,6,0
BRDA:342,0,7,0
BRDA:342,0,8,0
BRDA:342,0,9,0
BRDA:342,0,10,0
BRDA:342,0,11,0
BRDA:342,0,12,0
BRDA:342,0,13,0
BRDA:342,0,14,0
BRDA:342,0,15,0
DA:343,285
BRDA:343,0,0,285
BRDA:343,0,1,284
DA:345,38
BRDA:345,0,0,38
BRDA:345,0,1,38
DA:346,151
BRDA:346,0,0,132
BRDA:346,0,1,131
BRDA:346,0,2,116
BRDA:346,0,3,115
BRDA:346,0,4,121
BRDA:346,0,5,120
BRDA:346,0,6,123
BRDA:346,0,7,123
BRDA:346,0,8,108
BRDA:346,0,9,107
BRDA:346,0,10,108
BRDA:346,0,11,107
BRDA:346,0,12,105
BRDA:346,0,13,105
BRDA:346,0,14,128
BRDA:346,0,15,128
BRDA:346,0,16,130
BRDA:346,0,17,129
BRDA:346,0,18,134
BRDA:346,0,19,134
BRDA:346,0,20,119
BRDA:346,0,21,119
BRDA:346,0,22,129
BRDA:346,0,23,128
BRDA:346,0,24,119
BRDA:346,0,25,118
BRDA:346,0,26,128
BRDA:346,0,27,128
BRDA:346,0,28,127
BRDA:346,0,29,127
BRDA:346,0,30,124
BRDA:346,0,31,123
BRDA:346,0,32,115
BRDA:346,0,33,115
BRDA:346,0,34,121
BRDA:346,0,35,120
BRDA:346,0,36,112
BRDA:346,0,37,112
BRDA:346,0,38,118
BRDA:346,0,39,118
BRDA:346,0,40,110
BRDA:346,0,41,110
BRDA:346,0,42,118
BRDA:346,0,43,118
BRDA:346,0,44,126
BRDA:346,0,45,126
BRDA:346,0,46,122
BRDA:346,0,47,121
BRDA:346,0,48,135
BRDA:346,0,49,134
BRDA:346,0,50,110
BRDA:346,0,51,109
BRDA:346,0,52,117
BRDA:346,0,53,117
BRDA:346,0,54,113
BRDA:346,0,55,113
BRDA:346,0,56,117
BRDA:346,0,57,117
BRDA:346,0,58,126
BRDA:346,0,59,125
BRDA:346,0,60,119
BRDA:346,0,61,119
BRDA:346,0,62,125
BRDA:346,0,63,124
BRDA:346,0,64,98
BRDA:346,0,65,97
BRDA:346,0,66,122
BRDA:346,0,67,121
BRDA:346,0,68,116
BRDA:346,0,69,115
BRDA:346,0,70,114
BRDA:346,0,71,114
BRDA:346,0,72,126
BRDA:346,0,73,126
BRDA:346,0,74,122
BRDA:346,0,75,122
BRDA:346,0,76,130
BRDA:346,0,77,130
BRDA:346,0,78,113
BRDA:346,0,79,113
BRDA:346,0,80,124
BRDA:346,0,81,124
BRDA:346,0,82,111
BRDA:346,0,83,110
BRDA:346,0,84,115
BRDA:346,0,85,114
BRDA:346,0,86,151
BRDA:346,0,87,151
BRDA:346,0,88,122
BRDA:346,0,89,122
BRDA:346,0,90,127
BRDA:346,0,91,126
BRDA:346,0,92,120
BRDA:346,0,93,119
BRDA:346,0,94,124
BRDA:346,0,95,124
BRDA:346,0,96,131
BRDA:346,0,97,131
BRDA:346,0,98,119
BRDA:346,0,99,118
BRDA:346,0,100,122
BRDA:346,0,101,121
BRDA:346,0,102,136
BRDA:346,0,103,135
BRDA:346,0,104,117
BRDA:346,0,105,116
BRDA:346,0,106,128
BRDA:346,0,107,127
BRDA:346,0,108,122
BRDA:346,0,109,121
BRDA:346,0,110,105
BRDA:346,0,111,105
BRDA:346,0,112,102
BRDA:346,0,113,101
BRDA:346,0,114,122
BRDA:346,0,115,121
BRDA:346,0,116,112
BRDA:346,0,117,112
BRDA:346,0,118,150
BRDA:346,0,119,149
BRDA:346,0,120,121
BRDA:346,0,121,121
BRDA:346,0,122,133
BRDA:346,0,123,133
BRDA:346,0,124,135
BRDA:346,0,125,135
BRDA:346,0,126,137
BRDA:346,0,127,136
BRDA:346,0,128,100
BRDA:346,0,129,99
BRDA:346,0,130,127
BRDA:346,0,131,127
BRDA:346,0,132,117
BRDA:346,0,133,117
BRDA:346,0,134,122
BRDA:346,0,135,121
BRDA:346,0,136,116
BRDA:346,0,137,116
BRDA:346,0,138,102
BRDA:346,0,139,101
BRDA:346,0,140,123
BRDA:346,0,141,123
BRDA:346,0,142,124
BRDA:346,0,143,123
BRDA:346,0,144,104
BRDA:346,0,145,104
BRDA:346,0,146,131
BRDA:346,0,147,130
BRDA:346,0,148,120
BRDA:346,0,149,119
BRDA:346,0,150,116
BRDA:346,0,151,115
BRDA:346,0,152,119
BRDA:346,0,153,118
BRDA:346,0,154,131
BRDA:346,0,155,130
BRDA:346,0,156,117
BRDA:346,0,157,117
BRDA:346,0,158,140
BRDA:346,0,159,140
BRDA:346,0,160,131
BRDA:346,0,161,130
BRDA:346,0,162,130
BRDA:346,0,163,129
BRDA:346,0,164,122
BRDA:346,0,165,121
BRDA:346,0,166,112
BRDA:346,0,167,112
BRDA:346,0,168,106
BRDA:346,0,169,106
BRDA:346,0,170,138
BRDA:346,0,171,137
BRDA:346,0,172,87
BRDA:346,0,173,86
BRDA:346,0,174,112
BRDA:346,0,175,111
BRDA:346,0,176,143
BRDA:346,0,177,143
BRDA:346,0,178,131
BRDA:346,0,179,131
BRDA:346,0,180,109
BRDA:346,0,181,109
BRDA:346,0,182,107
BRDA:346,0,183,107
BRDA:346,0,184,127
BRDA:346,0,185,126
BRDA:346,0,186,115
BRDA:346,0,187,114
BRDA:346,0,188,124
BRDA:346,0,189,123
BRDA:346,0,190,119
BRDA:346,0,191,118
BRDA:346,0,192,123
BRDA:346,0,193,123
BRDA:346,0,194,136
BRDA:346,0,195,135
BRDA:346,0,196,131
BRDA:346,0,197,130
BRDA:346,0,198,113
BRDA:346,0,199,113
BRDA:346,0,200,109
BRDA:346,0,201,109
BRDA:346,0,202,123
BRDA:346,0,203,123
BRDA:346,0,204,105
BRDA:346,0,205,105
BRDA:346,0,206,122
BRDA:346,0,207,122
BRDA:346,0,208,118
BRDA:346,0,209,118
BRDA:346,0,210,138
BRDA:346,0,211,137
BRDA:346,0,212,128
BRDA:346,0,213,127
BRDA:346,0,214,116
BRDA:346,0,215,115
BRDA:346,0,216,119
BRDA:346,0,217,118
BRDA:346,0,218,127
BRDA:346,0,219,127
BRDA:346,0,220,127
BRDA:346,0,221,126
BRDA:346,0,222,112
BRDA:346,0,223,112
BRDA:346,0,224,132
BRDA:346,0,225,132
BRDA:346,0,226,132
BRDA:346,0,227,131
BRDA:346,0,228,111
BRDA:346,0,229,111
BRDA:346,0,230,129
BRDA:346,0,231,129
BRDA:346,0,232,120
BRDA:346,0,233,120
BRDA:346,0,234,123
BRDA:346,0,235,122
BRDA:346,0,236,129
BRDA:346,0,237,128
BRDA:346,0,238,117
BRDA:346,0,239,116
BRDA:346,0,240,107
BRDA:346,0,241,107
BRDA:346,0,242,121
BRDA:346,0,243,120
BRDA:346,0,244,125
BRDA:346,0,245,125
BRDA:346,0,246,136
BRDA:346,0,247,135
BRDA:346,0,248,114
BRDA:346,0,249,114
BRDA:346,0,250,108
BRDA:346,0,251,108
BRDA:346,0,252,115
BRDA:346,0,253,114
BRDA:346,0,254,138
BRDA:346,0,255,138
DA:347,38
BRDA:347,0,0,38
BRDA:347,0,1,38
DA:349,40
BRDA:349,0,0,40
BRDA:349,0,1,39
DA:350,38
BRDA:350,0,0,38
BRDA:350,0,1,37
DA:351,40
BRDA:351,0,0,40
BRDA:351,0,1,39
DA:353,530
BRDA:353,0,0,116
BRDA:353,0,1,116
BRDA:353,0,2,465
BRDA:353,0,3,465
BRDA:353,0,4,512
BRDA:353,0,5,510
BRDA:353,0,6,418
BRDA:353,0,7,417
BRDA:353,0,8,421
BRDA:353,0,9,417
BRDA:353,0,10,524
BRDA:353,0,11,522
BRDA:353,0,12,434
BRDA:353,0,13,434
BRDA:353,0,14,530
BRDA:353,0,15,527
BRDA:353,0,16,442
BRDA:353,0,17,439
BRDA:353,0,18,450
BRDA:353,0,19,449
BRDA:353,0,20,496
BRDA:353,0,21,494
BRDA:353,0,22,120
BRDA:353,0,23,120
BRDA:353,0,24,471
BRDA:353,0,25,470
BRDA:353,0,26,455
BRDA:353,0,27,454
BRDA:353,0,28,386
BRDA:353,0,29,384
BRDA:353,0,30,482
BRDA:353,0,31,479
BRDA:353,0,32,445
BRDA:353,0,33,442
BRDA:353,0,34,342
BRDA:353,0,35,340
BRDA:353,0,36,457
BRDA:353,0,37,455
BRDA:353,0,38,391
BRDA:353,0,39,388
BRDA:353,0,40,488
BRDA:353,0,41,486
BRDA:353,0,42,486
BRDA:353,0,43,485
BRDA:353,0,44,79
BRDA:353,0,45,78
BRDA:353,0,46,454
BRDA:353,0,47,452
BRDA:353,0,48,433
BRDA:353,0,49,432
BRDA:353,0,50,345
BRDA:353,0,51,344
BRDA:353,0,52,528
BRDA:353,0,53,527
BRDA:353,0,54,417
BRDA:353,0,55,415
BRDA:353,0,56,490
BRDA:353,0,57,488
BRDA:353,0,58,453
BRDA:353,0,59,450
BRDA:353,0,60,472
BRDA:353,0,61,468
BRDA:353,0,62,97
BRDA:353,0,63,96
BRDA:353,0,64,115
BRDA:353,0,65,114
BRDA:353,0,66,151
BRDA:353,0,67,150
BRDA:353,0,68,114
BRDA:353,0,69,113
BRDA:353,0,70,79
BRDA:353,0,71,79
BRDA:353,0,72,83
BRDA:353,0,73,83
BRDA:353,0,74,131
BRDA:353,0,75,130
BRDA:353,0,76,84
BRDA:353,0,77,84
BRDA:353,0,78,121
BRDA:353,0,79,121
BRDA:353,0,80,95
BRDA:353,0,81,94
BRDA:353,0,82,83
BRDA:353,0,83,83
BRDA:353,0,84,119
BRDA:353,0,85,119
BRDA:353,0,86,114
BRDA:353,0,87,114
BRDA:353,0,88,121
BRDA:353,0,89,121
BRDA:353,0,90,156
BRDA:353,0,91,156
BRDA:353,0,92,77
BRDA:353,0,93,77
BRDA:353,0,94,121
BRDA:353,0,95,121
BRDA:353,0,96,114
BRDA:353,0,97,113
BRDA:353,0,98,120
BRDA:353,0,99,120
BRDA:353,0,100,119
BRDA:353,0,101,119
BRDA:353,0,102,113
BRDA:353,0,103,112
BRDA:353,0,104,114
BRDA:353,0,105,113
BRDA:353,0,106,231
BRDA:353,0,107,230
BRDA:353,0,108,240
BRDA:353,0,109,240
BRDA:353,0,110,200
BRDA:353,0,111,200
BRDA:353,0,112,226
BRDA:353,0,113,224
BRDA:353,0,114,231
BRDA:353,0,115,231
BRDA:353,0,116,266
BRDA:353,0,117,265
BRDA:353,0,118,192
BRDA:353,0,119,192
BRDA:353,0,120,210
BRDA:353,0,121,208
BRDA:353,0,122,114
BRDA:353,0,123,113
BRDA:353,0,124,283
BRDA:353,0,125,281
BRDA:353,0,126,272
BRDA:353,0,127,272
BRDA:353,0,128,269
BRDA:353,0,129,268
BRDA:353,0,130,122
BRDA:353,0,131,121
BRDA:353,0,132,217
BRDA:353,0,133,216
BRDA:353,0,134,266
BRDA:353,0,135,264
BRDA:353,0,136,309
BRDA:353,0,137,308
BRDA:353,0,138,267
BRDA:353,0,139,266
BRDA:353,0,140,121
BRDA:353,0,141,121
BRDA:353,0,142,180
BRDA:353,0,143,179
BRDA:353,0,144,118
BRDA:353,0,145,118
BRDA:353,0,146,229
BRDA:353,0,147,227
BRDA:353,0,148,144
BRDA:353,0,149,143
BRDA:353,0,150,211
BRDA:353,0,151,210
BRDA:353,0,152,142
BRDA:353,0,153,141
BRDA:353,0,154,270
BRDA:353,0,155,269
BRDA:353,0,156,247
BRDA:353,0,157,246
BRDA:353,0,158,199
BRDA:353,0,159,198
BRDA:353,0,160,233
BRDA:353,0,161,233
BRDA:353,0,162,191
BRDA:353,0,163,191
BRDA:353,0,164,254
BRDA:353,0,165,253
BRDA:353,0,166,113
BRDA:353,0,167,112
BRDA:353,0,168,191
BRDA:353,0,169,190
BRDA:353,0,170,277
BRDA:353,0,171,277
BRDA:353,0,172,263
BRDA:353,0,173,261
BRDA:353,0,174,263
BRDA:353,0,175,261
BRDA:353,0,176,381
BRDA:353,0,177,380
BRDA:353,0,178,355
BRDA:353,0,179,355
BRDA:353,0,180,276
BRDA:353,0,181,276
BRDA:353,0,182,324
BRDA:353,0,183,321
BRDA:353,0,184,344
BRDA:353,0,185,344
BRDA:353,0,186,380
BRDA:353,0,187,379
BRDA:353,0,188,78
BRDA:353,0,189,78
BRDA:353,0,190,306
BRDA:353,0,191,305
BRDA:353,0,192,342
BRDA:353,0,193,339
BRDA:353,0,194,404
BRDA:353,0,195,402
BRDA:353,0,196,350
BRDA:353,0,197,350
BRDA:353,0,198,401
BRDA:353,0,199,399
BRDA:353,0,200,308
BRDA:353,0,201,306
BRDA:353,0,202,371
BRDA:353,0,203,370
BRDA:353,0,204,382
BRDA:353,0,205,380
BRDA:353,0,206,387
BRDA:353,0,207,386
BRDA:353,0,208,380
BRDA:353,0,209,379
BRDA:353,0,210,114
BRDA:353,0,211,113
BRDA:353,0,212,218
BRDA:353,0,213,217
BRDA:353,0,214,348
BRDA:353,0,215,346
BRDA:353,0,216,361
BRDA:353,0,217,358
BRDA:353,0,218,257
BRDA:353,0,219,255
BRDA:353,0,220,343
BRDA:353,0,221,341
BRDA:353,0,222,202
BRDA:353,0,223,200
BRDA:353,0,224,390
BRDA:353,0,225,389
BRDA:353,0,226,366
BRDA:353,0,227,365
BRDA:353,0,228,333
BRDA:353,0,229,331
BRDA:353,0,230,318
BRDA:353,0,231,318
BRDA:353,0,232,133
BRDA:353,0,233,132
BRDA:353,0,234,268
BRDA:353,0,235,268
BRDA:353,0,236,409
BRDA:353,0,237,408
BRDA:353,0,238,304
BRDA:353,0,239,303
BRDA:353,0,240,375
BRDA:353,0,241,374
BRDA:353,0,242,376
BRDA:353,0,243,373
BRDA:353,0,244,358
BRDA:353,0,245,355
BRDA:353,0,246,462
BRDA:353,0,247,461
BRDA:353,0,248,433
BRDA:353,0,249,432
BRDA:353,0,250,336
BRDA:353,0,251,335
BRDA:353,0,252,444
BRDA:353,0,253,441
BRDA:353,0,254,113
BRDA:353,0,255,113
BRF:3560
BRH:2518
end_of_record
