TN:verilator_coverage
SF:/home/abdulbasit/electrical-and-electronics-engineering/VLSI/isqed-2026-dv-challenge/duts/sentinel_hmac/sentinel_hmac.sv
DA:211,53679
BRDA:211,0,0,3264
BRDA:211,0,1,53679
DA:228,12743
BRDA:228,0,0,1328
BRDA:228,0,1,12743
DA:229,1328
DA:230,1328
DA:241,12832
BRDA:241,0,0,1239
BRDA:241,0,1,12832
DA:242,1239
DA:247,14099
BRDA:247,0,0,115
BRDA:247,0,1,14099
DA:248,115
DA:249,14099
DA:250,14099
DA:267,66303
BRDA:267,0,0,4854
BRDA:267,0,1,66303
DA:268,4854
DA:270,84
BRDA:270,0,0,81
BRDA:270,0,1,84
DA:271,165
BRDA:271,0,0,0
BRDA:271,0,1,165
DA:272,84
BRDA:272,0,0,84
BRDA:272,0,1,81
DA:275,3
BRDA:275,0,0,3
BRDA:275,0,1,0
DA:279,4284
BRDA:279,0,0,57
BRDA:279,0,1,4284
DA:285,67706
BRDA:285,0,0,3451
BRDA:285,0,1,67706
DA:286,3451
DA:299,81
BRDA:299,0,0,3
BRDA:299,0,1,81
DA:300,81
BRDA:300,0,0,3
BRDA:300,0,1,81
DA:301,81
BRDA:301,0,0,3
BRDA:301,0,1,81
DA:302,81
BRDA:302,0,0,3
BRDA:302,0,1,81
DA:303,81
BRDA:303,0,0,3
BRDA:303,0,1,81
DA:304,81
BRDA:304,0,0,3
BRDA:304,0,1,81
DA:305,81
BRDA:305,0,0,3
BRDA:305,0,1,81
DA:306,81
BRDA:306,0,0,3
BRDA:306,0,1,81
DA:320,71157
BRDA:320,0,0,0
BRDA:320,0,1,71157
DA:321,0
DA:331,14076
BRDA:331,0,0,23
BRDA:331,0,1,14076
DA:332,23
DA:333,23
DA:334,23
DA:335,23
DA:344,12509
BRDA:344,0,0,1589
BRDA:344,0,1,12509
DA:345,1589
DA:360,14099
BRDA:360,0,0,115
BRDA:360,0,1,14099
DA:361,115
DA:362,14099
DA:363,14072
BRDA:363,0,0,27
BRDA:363,0,1,14072
DA:364,27
DA:365,13537
BRDA:365,0,0,562
BRDA:365,0,1,13537
DA:366,562
DA:368,14098
BRDA:368,0,0,1
BRDA:368,0,1,14098
DA:369,1
DA:372,14099
BRDA:372,0,0,0
BRDA:372,0,1,14099
DA:373,0
DA:381,14097
BRDA:381,0,0,2
BRDA:381,0,1,14097
DA:382,2
DA:398,12744
BRDA:398,0,0,1328
BRDA:398,0,1,12744
DA:399,1328
DA:409,48851
BRDA:409,0,0,22306
BRDA:409,0,1,48851
DA:410,22306
DA:412,48851
DA:422,14099
BRDA:422,0,0,115
BRDA:422,0,1,14099
DA:423,115
DA:424,14099
DA:425,14099
DA:430,14099
BRDA:430,0,0,115
BRDA:430,0,1,14099
DA:431,115
DA:432,115
DA:433,14099
DA:434,14072
BRDA:434,0,0,27
BRDA:434,0,1,14072
DA:435,27
DA:436,27
DA:437,14072
DA:438,14044
BRDA:438,0,0,14044
BRDA:438,0,1,28
DA:439,14072
BRDA:439,0,0,14072
BRDA:439,0,1,0
DA:440,14045
BRDA:440,0,0,14045
BRDA:440,0,1,27
DA:441,27
DA:442,13999
BRDA:442,0,0,13999
BRDA:442,0,1,73
DA:443,73
DA:450,46270
BRDA:450,0,0,24887
BRDA:450,0,1,46270
DA:451,24887
DA:453,46270
DA:461,952307
BRDA:461,0,0,186205
BRDA:461,0,1,952307
DA:462,186205
DA:465,71157
BRDA:465,0,0,0
BRDA:465,0,1,71157
DA:466,0
DA:469,67337
BRDA:469,0,0,67337
BRDA:469,0,1,3820
DA:470,67337
DA:471,67337
DA:514,5681
BRDA:514,0,0,5681
BRDA:514,0,1,20
DA:515,14
BRDA:515,0,0,6
BRDA:515,0,1,14
DA:516,6
DA:518,14
DA:530,22240
BRDA:530,0,0,365
BRDA:530,0,1,22240
DA:531,365
DA:532,365
DA:537,38115
BRDA:537,0,0,38115
BRDA:537,0,1,605
DA:538,605
DA:597,3109
BRDA:597,0,0,3109
BRDA:597,0,1,7
DA:598,6
BRDA:598,0,0,1
BRDA:598,0,1,6
DA:599,1
DA:601,6
DA:610,14099
BRDA:610,0,0,115
BRDA:610,0,1,14099
DA:611,115
DA:612,115
DA:613,115
DA:614,115
DA:615,115
DA:616,115
DA:617,14099
DA:618,14072
BRDA:618,0,0,27
BRDA:618,0,1,14072
DA:619,27
DA:620,27
DA:621,27
DA:622,27
DA:623,27
DA:624,27
DA:628,27
BRDA:628,0,0,27
BRDA:628,0,1,0
DA:629,0
DA:630,0
DA:631,27
DA:632,27
DA:637,14045
BRDA:637,0,0,27
BRDA:637,0,1,14045
DA:638,27
DA:641,14099
BRDA:641,0,0,0
BRDA:641,0,1,14099
DA:642,0
DA:646,14085
BRDA:646,0,0,7
BRDA:646,0,1,14085
DA:647,7
DA:651,14085
BRDA:651,0,0,7
BRDA:651,0,1,14085
DA:652,7
DA:656,14085
BRDA:656,0,0,7
BRDA:656,0,1,14085
DA:657,7
DA:661,14099
BRDA:661,0,0,0
BRDA:661,0,1,14099
DA:662,0
DA:667,14099
BRDA:667,0,0,115
BRDA:667,0,1,14099
DA:668,115
DA:669,115
DA:670,14099
DA:677,12712
BRDA:677,0,0,1239
BRDA:677,0,1,12712
DA:678,1239
DA:679,1239
DA:680,1166
BRDA:680,0,0,1166
BRDA:680,0,1,73
DA:704,14099
BRDA:704,0,0,115
BRDA:704,0,1,14099
DA:705,115
DA:706,115
DA:707,115
DA:708,115
DA:709,115
DA:710,115
DA:711,115
DA:712,14099
DA:713,14072
BRDA:713,0,0,27
BRDA:713,0,1,14072
DA:714,27
DA:717,14098
BRDA:717,0,0,1
BRDA:717,0,1,14098
DA:718,1
DA:719,1
DA:720,1
DA:721,1
DA:722,1
DA:725,13978
BRDA:725,0,0,121
BRDA:725,0,1,13978
DA:726,121
DA:727,121
DA:728,121
DA:745,7744
BRDA:745,0,0,7744
BRDA:745,0,1,6355
DA:746,7744
DA:747,7744
DA:748,7744
DA:749,7744
DA:750,7744
DA:751,7744
DA:752,7744
DA:753,7744
DA:755,5929
BRDA:755,0,0,1815
BRDA:755,0,1,5929
DA:756,5929
DA:757,5929
DA:760,7744
DA:763,13978
BRDA:763,0,0,121
BRDA:763,0,1,13978
DA:764,121
DA:765,121
DA:766,121
DA:767,121
DA:768,121
DA:769,121
DA:770,121
DA:771,121
DA:774,14072
BRDA:774,0,0,27
BRDA:774,0,1,14072
DA:775,20
BRDA:775,0,0,20
BRDA:775,0,1,7
DA:776,7
DA:778,20
DA:779,20
DA:784,14092
BRDA:784,0,0,7
BRDA:784,0,1,14092
DA:785,7
DA:789,14092
BRDA:789,0,0,7
BRDA:789,0,1,14092
DA:790,7
BRF:140
BRH:109
end_of_record
