TN:verilator_coverage
SF:/home/abdulbasit/electrical-and-electronics-engineering/VLSI/isqed-2026-dv-challenge/duts/sentinel_hmac/sentinel_hmac.sv
DA:29,272
DA:30,272
DA:31,0
DA:32,0
DA:33,0
DA:34,0
DA:35,0
DA:36,0
DA:37,0
DA:38,0
DA:39,0
DA:43,71157
DA:44,71157
DA:45,0
BRDA:45,0,0,0
BRDA:45,0,1,0
DA:46,0
BRDA:46,0,0,0
BRDA:46,0,1,0
DA:47,0
BRDA:47,0,0,0
BRDA:47,0,1,0
DA:48,0
BRDA:48,0,0,0
BRDA:48,0,1,0
DA:49,0
BRDA:49,0,0,0
BRDA:49,0,1,0
DA:50,0
BRDA:50,0,0,0
BRDA:50,0,1,0
DA:51,0
BRDA:51,0,0,0
BRDA:51,0,1,0
DA:52,0
BRDA:52,0,0,0
BRDA:52,0,1,0
DA:53,0
BRDA:53,0,0,0
BRDA:53,0,1,0
DA:54,0
BRDA:54,0,0,0
BRDA:54,0,1,0
DA:55,0
BRDA:55,0,0,0
BRDA:55,0,1,0
DA:56,0
BRDA:56,0,0,0
BRDA:56,0,1,0
DA:57,0
BRDA:57,0,0,0
BRDA:57,0,1,0
DA:58,0
BRDA:58,0,0,0
BRDA:58,0,1,0
DA:59,0
BRDA:59,0,0,0
BRDA:59,0,1,0
DA:60,0
BRDA:60,0,0,0
BRDA:60,0,1,0
DA:61,0
BRDA:61,0,0,0
BRDA:61,0,1,0
DA:62,0
BRDA:62,0,0,0
BRDA:62,0,1,0
DA:63,0
BRDA:63,0,0,0
BRDA:63,0,1,0
DA:64,0
BRDA:64,0,0,0
BRDA:64,0,1,0
DA:65,0
BRDA:65,0,0,0
BRDA:65,0,1,0
DA:66,0
BRDA:66,0,0,0
BRDA:66,0,1,0
DA:67,0
BRDA:67,0,0,0
BRDA:67,0,1,0
DA:68,0
BRDA:68,0,0,0
BRDA:68,0,1,0
DA:69,0
BRDA:69,0,0,0
BRDA:69,0,1,0
DA:70,0
BRDA:70,0,0,0
BRDA:70,0,1,0
DA:71,0
BRDA:71,0,0,0
BRDA:71,0,1,0
DA:72,0
BRDA:72,0,0,0
BRDA:72,0,1,0
DA:73,0
BRDA:73,0,0,0
BRDA:73,0,1,0
DA:74,0
BRDA:74,0,0,0
BRDA:74,0,1,0
DA:75,0
BRDA:75,0,0,0
BRDA:75,0,1,0
DA:76,0
BRDA:76,0,0,0
BRDA:76,0,1,0
DA:77,0
DA:81,71157
DA:82,71157
DA:85,71157
DA:86,71157
DA:89,71157
DA:90,71157
DA:93,71157
DA:94,71157
DA:97,71157
DA:98,71157
DA:101,71157
DA:102,71157
DA:105,81
DA:106,81
DA:221,14214
DA:222,115
DA:223,115
DA:224,27
DA:225,27
DA:226,1
DA:227,1
DA:234,14214
DA:235,115
DA:236,115
DA:237,27
DA:238,27
DA:239,1
DA:240,1
DA:246,14214
DA:257,71157
DA:258,71157
DA:259,71157
DA:260,71157
DA:261,71157
DA:262,71157
DA:263,71157
DA:264,71157
DA:265,71157
DA:269,165
DA:274,3
DA:277,4341
DA:278,4341
DA:279,4341
DA:281,345
DA:287,3
DA:288,0
DA:289,2716
DA:290,0
DA:291,6
DA:292,3
DA:293,3
DA:294,3
DA:295,3
DA:296,3
DA:297,3
DA:298,3
DA:299,84
DA:300,84
DA:301,84
DA:302,84
DA:303,84
DA:304,84
DA:305,84
DA:306,84
DA:307,15
DA:308,12
DA:309,6
DA:310,0
DA:311,0
DA:312,0
DA:313,0
DA:314,0
DA:315,0
DA:325,14214
DA:326,115
DA:327,115
DA:328,115
DA:329,115
DA:330,115
DA:339,14214
DA:340,115
DA:341,920
BRDA:341,0,0,115
BRDA:341,0,1,920
DA:342,1
DA:343,8
BRDA:343,0,0,1
BRDA:343,0,1,8
DA:346,8
DA:347,8
DA:348,8
DA:349,8
DA:350,8
DA:351,7
DA:352,7
DA:353,7
DA:354,1528
DA:359,14214
DA:378,14214
DA:379,115
DA:380,115
DA:391,14214
DA:392,115
DA:393,115
DA:394,115
DA:395,27
DA:396,27
DA:397,27
DA:404,71157
DA:405,71157
DA:408,71157
DA:416,71157
DA:417,71157
DA:418,71157
DA:421,14214
DA:429,14214
DA:448,71157
DA:449,71157
DA:454,71157
DA:457,71157
DA:458,1138512
BRDA:458,0,0,71157
BRDA:458,0,1,1138512
DA:460,1138512
BRDA:460,0,0,71157
BRDA:460,0,1,1138512
DA:476,71157
DA:477,996198
BRDA:477,0,0,71157
BRDA:477,0,1,996198
DA:478,71157
DA:479,71157
DA:484,71157
DA:485,569256
BRDA:485,0,0,71157
BRDA:485,0,1,569256
DA:486,569256
DA:487,569256
DA:489,569256
BRDA:489,0,0,71157
BRDA:489,0,1,569256
DA:490,569256
DA:491,569256
DA:497,71157
DA:498,71157
DA:499,569256
BRDA:499,0,0,71157
BRDA:499,0,1,569256
DA:500,569256
DA:501,71157
DA:502,355785
BRDA:502,0,0,71157
BRDA:502,0,1,355785
DA:503,355785
DA:504,71157
DA:505,71157
DA:508,71157
DA:509,71157
DA:510,71157
DA:512,71157
DA:513,5701
DA:522,35
DA:523,35
DA:524,35
DA:527,22740
DA:528,135
DA:529,135
DA:536,38720
DA:542,605
DA:543,0
DA:544,0
DA:545,100
DA:546,100
DA:547,35
DA:548,35
DA:549,35
DA:550,35
DA:551,35
DA:552,35
DA:553,35
DA:554,35
DA:555,365
BRDA:555,0,0,0
BRDA:555,0,1,365
DA:556,0
DA:557,365
DA:558,365
DA:562,135
DA:563,135
DA:564,135
DA:567,0
DA:568,0
DA:569,0
DA:572,35
DA:573,35
DA:576,35
DA:577,35
DA:578,35
DA:581,35
DA:582,35
DA:583,35
DA:586,0
DA:587,0
DA:588,0
DA:591,0
DA:592,0
DA:593,0
DA:596,3116
DA:605,0
DA:609,14214
DA:627,27
DA:634,0
DA:635,0
DA:636,0
DA:644,7
DA:645,7
DA:649,7
DA:650,7
DA:654,7
DA:655,7
DA:659,0
DA:660,0
DA:666,14214
DA:671,27
DA:672,27
DA:673,27
DA:674,121
DA:675,121
DA:676,121
DA:688,71157
DA:689,569256
BRDA:689,0,0,71157
BRDA:689,0,1,569256
DA:690,569256
DA:691,71157
DA:692,71157
DA:693,71157
DA:694,71157
DA:695,71157
DA:696,71157
DA:697,71157
DA:698,71157
DA:703,14214
DA:705,920
DA:709,1840
DA:710,920
DA:711,920
DA:714,216
DA:718,8
DA:719,16
DA:720,8
DA:730,7
DA:731,112
BRDA:731,0,0,7
BRDA:731,0,1,112
DA:732,7
DA:733,112
BRDA:733,0,0,7
BRDA:733,0,1,112
DA:734,7
DA:735,112
BRDA:735,0,0,7
BRDA:735,0,1,112
DA:736,27
DA:737,432
BRDA:737,0,0,27
BRDA:737,0,1,432
DA:738,73
BRDA:738,0,0,0
BRDA:738,0,1,73
DA:739,0
BRDA:739,0,0,0
BRDA:739,0,1,0
DA:740,73
DA:741,1168
BRDA:741,0,0,73
BRDA:741,0,1,1168
DA:756,88935
DA:776,56
DA:777,56
DA:779,160
DA:780,160
DA:785,56
DA:786,56
DA:790,56
BRF:100
BRH:27
end_of_record
