TN:verilator_coverage
SF:/home/abdulbasit/electrical-and-electronics-engineering/VLSI/isqed-2026-dv-challenge/duts/sentinel_hmac/sentinel_hmac.sv
DA:4,14214
BRDA:4,0,0,14214
BRDA:4,0,1,14214
DA:5,22
BRDA:5,0,0,22
BRDA:5,0,1,21
DA:7,2739
BRDA:7,0,0,2739
BRDA:7,0,1,2739
DA:8,2469
BRDA:8,0,0,2469
BRDA:8,0,1,2468
DA:9,1149
BRDA:9,0,0,0
BRDA:9,0,1,0
BRDA:9,0,2,0
BRDA:9,0,3,0
BRDA:9,0,4,1149
BRDA:9,0,5,1149
DA:10,1655
BRDA:10,0,0,0
BRDA:10,0,1,0
BRDA:10,0,2,0
BRDA:10,0,3,0
BRDA:10,0,4,0
BRDA:10,0,5,0
BRDA:10,0,6,0
BRDA:10,0,7,0
BRDA:10,0,8,0
BRDA:10,0,9,0
BRDA:10,0,10,0
BRDA:10,0,11,0
BRDA:10,0,12,0
BRDA:10,0,13,0
BRDA:10,0,14,0
BRDA:10,0,15,0
BRDA:10,0,16,0
BRDA:10,0,17,0
BRDA:10,0,18,0
BRDA:10,0,19,0
BRDA:10,0,20,0
BRDA:10,0,21,0
BRDA:10,0,22,0
BRDA:10,0,23,0
BRDA:10,0,24,0
BRDA:10,0,25,0
BRDA:10,0,26,0
BRDA:10,0,27,0
BRDA:10,0,28,0
BRDA:10,0,29,0
BRDA:10,0,30,0
BRDA:10,0,31,0
BRDA:10,0,32,0
BRDA:10,0,33,0
BRDA:10,0,34,0
BRDA:10,0,35,0
BRDA:10,0,36,0
BRDA:10,0,37,0
BRDA:10,0,38,0
BRDA:10,0,39,0
BRDA:10,0,40,0
BRDA:10,0,41,0
BRDA:10,0,42,0
BRDA:10,0,43,0
BRDA:10,0,44,1655
BRDA:10,0,45,1655
BRDA:10,0,46,0
BRDA:10,0,47,0
BRDA:10,0,48,0
BRDA:10,0,49,0
BRDA:10,0,50,1055
BRDA:10,0,51,1055
BRDA:10,0,52,162
BRDA:10,0,53,162
BRDA:10,0,54,1593
BRDA:10,0,55,1593
BRDA:10,0,56,1573
BRDA:10,0,57,1573
BRDA:10,0,58,0
BRDA:10,0,59,0
BRDA:10,0,60,0
BRDA:10,0,61,0
BRDA:10,0,62,0
BRDA:10,0,63,0
DA:11,970
BRDA:11,0,0,775
BRDA:11,0,1,775
BRDA:11,0,2,21
BRDA:11,0,3,21
BRDA:11,0,4,30
BRDA:11,0,5,30
BRDA:11,0,6,20
BRDA:11,0,7,20
BRDA:11,0,8,6
BRDA:11,0,9,6
BRDA:11,0,10,1
BRDA:11,0,11,1
BRDA:11,0,12,13
BRDA:11,0,13,13
BRDA:11,0,14,46
BRDA:11,0,15,46
BRDA:11,0,16,10
BRDA:11,0,17,10
BRDA:11,0,18,21
BRDA:11,0,19,21
BRDA:11,0,20,30
BRDA:11,0,21,30
BRDA:11,0,22,574
BRDA:11,0,23,574
BRDA:11,0,24,20
BRDA:11,0,25,20
BRDA:11,0,26,6
BRDA:11,0,27,6
BRDA:11,0,28,1
BRDA:11,0,29,1
BRDA:11,0,30,13
BRDA:11,0,31,13
BRDA:11,0,32,5
BRDA:11,0,33,5
BRDA:11,0,34,11
BRDA:11,0,35,11
BRDA:11,0,36,20
BRDA:11,0,37,20
BRDA:11,0,38,31
BRDA:11,0,39,31
BRDA:11,0,40,20
BRDA:11,0,41,20
BRDA:11,0,42,5
BRDA:11,0,43,5
BRDA:11,0,44,631
BRDA:11,0,45,631
BRDA:11,0,46,1
BRDA:11,0,47,1
BRDA:11,0,48,13
BRDA:11,0,49,13
BRDA:11,0,50,537
BRDA:11,0,51,537
BRDA:11,0,52,774
BRDA:11,0,53,774
BRDA:11,0,54,970
BRDA:11,0,55,970
BRDA:11,0,56,724
BRDA:11,0,57,724
BRDA:11,0,58,335
BRDA:11,0,59,335
BRDA:11,0,60,5
BRDA:11,0,61,5
BRDA:11,0,62,51
BRDA:11,0,63,51
DA:12,1
BRDA:12,0,0,1
BRDA:12,0,1,0
BRDA:12,0,2,1
BRDA:12,0,3,0
BRDA:12,0,4,1
BRDA:12,0,5,0
BRDA:12,0,6,1
BRDA:12,0,7,0
DA:13,0
BRDA:13,0,0,0
BRDA:13,0,1,0
BRDA:13,0,2,0
BRDA:13,0,3,0
BRDA:13,0,4,0
BRDA:13,0,5,0
BRDA:13,0,6,0
BRDA:13,0,7,0
BRDA:13,0,8,0
BRDA:13,0,9,0
BRDA:13,0,10,0
BRDA:13,0,11,0
BRDA:13,0,12,0
BRDA:13,0,13,0
BRDA:13,0,14,0
BRDA:13,0,15,0
DA:14,1
BRDA:14,0,0,0
BRDA:14,0,1,0
BRDA:14,0,2,1
BRDA:14,0,3,0
DA:16,2739
BRDA:16,0,0,2739
BRDA:16,0,1,2739
DA:17,2469
BRDA:17,0,0,2469
BRDA:17,0,1,2468
DA:18,1591
BRDA:18,0,0,1591
BRDA:18,0,1,1590
BRDA:18,0,2,0
BRDA:18,0,3,0
BRDA:18,0,4,0
BRDA:18,0,5,0
DA:19,669
BRDA:19,0,0,118
BRDA:19,0,1,118
BRDA:19,0,2,110
BRDA:19,0,3,110
BRDA:19,0,4,107
BRDA:19,0,5,107
BRDA:19,0,6,101
BRDA:19,0,7,101
BRDA:19,0,8,108
BRDA:19,0,9,108
BRDA:19,0,10,109
BRDA:19,0,11,109
BRDA:19,0,12,129
BRDA:19,0,13,129
BRDA:19,0,14,125
BRDA:19,0,15,125
BRDA:19,0,16,118
BRDA:19,0,17,118
BRDA:19,0,18,116
BRDA:19,0,19,116
BRDA:19,0,20,120
BRDA:19,0,21,120
BRDA:19,0,22,669
BRDA:19,0,23,669
BRDA:19,0,24,112
BRDA:19,0,25,112
BRDA:19,0,26,99
BRDA:19,0,27,99
BRDA:19,0,28,114
BRDA:19,0,29,114
BRDA:19,0,30,113
BRDA:19,0,31,113
BRDA:19,0,32,98
BRDA:19,0,33,98
BRDA:19,0,34,108
BRDA:19,0,35,108
BRDA:19,0,36,115
BRDA:19,0,37,115
BRDA:19,0,38,108
BRDA:19,0,39,108
BRDA:19,0,40,109
BRDA:19,0,41,109
BRDA:19,0,42,106
BRDA:19,0,43,106
BRDA:19,0,44,270
BRDA:19,0,45,270
BRDA:19,0,46,108
BRDA:19,0,47,108
BRDA:19,0,48,111
BRDA:19,0,49,111
BRDA:19,0,50,290
BRDA:19,0,51,290
BRDA:19,0,52,184
BRDA:19,0,53,184
BRDA:19,0,54,171
BRDA:19,0,55,171
BRDA:19,0,56,172
BRDA:19,0,57,172
BRDA:19,0,58,128
BRDA:19,0,59,128
BRDA:19,0,60,154
BRDA:19,0,61,154
BRDA:19,0,62,112
BRDA:19,0,63,112
DA:20,0
BRDA:20,0,0,0
BRDA:20,0,1,0
BRDA:20,0,2,0
BRDA:20,0,3,0
BRDA:20,0,4,0
BRDA:20,0,5,0
BRDA:20,0,6,0
BRDA:20,0,7,0
BRDA:20,0,8,0
BRDA:20,0,9,0
BRDA:20,0,10,0
BRDA:20,0,11,0
BRDA:20,0,12,0
BRDA:20,0,13,0
BRDA:20,0,14,0
BRDA:20,0,15,0
DA:21,0
BRDA:21,0,0,0
BRDA:21,0,1,0
DA:23,2
BRDA:23,0,0,2
BRDA:23,0,1,1
BRDA:23,0,2,0
BRDA:23,0,3,0
BRDA:23,0,4,0
BRDA:23,0,5,0
DA:24,0
BRDA:24,0,0,0
BRDA:24,0,1,0
DA:125,155
BRDA:125,0,0,128
BRDA:125,0,1,128
BRDA:125,0,2,155
BRDA:125,0,3,155
BRDA:125,0,4,148
BRDA:125,0,5,147
BRDA:125,0,6,41
BRDA:125,0,7,40
BRDA:125,0,8,128
BRDA:125,0,9,128
BRDA:125,0,10,155
BRDA:125,0,11,155
BRDA:125,0,12,148
BRDA:125,0,13,147
BRDA:125,0,14,41
BRDA:125,0,15,40
DA:127,6
BRDA:127,0,0,6
BRDA:127,0,1,6
DA:128,21
BRDA:128,0,0,21
BRDA:128,0,1,20
DA:129,1
BRDA:129,0,0,1
BRDA:129,0,1,1
DA:130,1
BRDA:130,0,0,1
BRDA:130,0,1,1
DA:132,27
BRDA:132,0,0,27
BRDA:132,0,1,27
DA:133,0
BRDA:133,0,0,0
BRDA:133,0,1,0
DA:134,28
BRDA:134,0,0,28
BRDA:134,0,1,28
DA:136,1
BRDA:136,0,0,1
BRDA:136,0,1,1
DA:138,7
BRDA:138,0,0,6
BRDA:138,0,1,6
BRDA:138,0,2,1
BRDA:138,0,3,1
BRDA:138,0,4,2
BRDA:138,0,5,2
BRDA:138,0,6,0
BRDA:138,0,7,0
BRDA:138,0,8,2
BRDA:138,0,9,2
BRDA:138,0,10,1
BRDA:138,0,11,1
BRDA:138,0,12,2
BRDA:138,0,13,2
BRDA:138,0,14,6
BRDA:138,0,15,6
BRDA:138,0,16,2
BRDA:138,0,17,2
BRDA:138,0,18,1
BRDA:138,0,19,1
BRDA:138,0,20,2
BRDA:138,0,21,2
BRDA:138,0,22,6
BRDA:138,0,23,6
BRDA:138,0,24,0
BRDA:138,0,25,0
BRDA:138,0,26,2
BRDA:138,0,27,2
BRDA:138,0,28,1
BRDA:138,0,29,1
BRDA:138,0,30,2
BRDA:138,0,31,2
BRDA:138,0,32,1
BRDA:138,0,33,1
BRDA:138,0,34,3
BRDA:138,0,35,3
BRDA:138,0,36,0
BRDA:138,0,37,0
BRDA:138,0,38,3
BRDA:138,0,39,3
BRDA:138,0,40,0
BRDA:138,0,41,0
BRDA:138,0,42,1
BRDA:138,0,43,1
BRDA:138,0,44,1
BRDA:138,0,45,1
BRDA:138,0,46,1
BRDA:138,0,47,1
BRDA:138,0,48,2
BRDA:138,0,49,2
BRDA:138,0,50,2
BRDA:138,0,51,2
BRDA:138,0,52,0
BRDA:138,0,53,0
BRDA:138,0,54,2
BRDA:138,0,55,2
BRDA:138,0,56,1
BRDA:138,0,57,1
BRDA:138,0,58,2
BRDA:138,0,59,2
BRDA:138,0,60,1
BRDA:138,0,61,1
BRDA:138,0,62,7
BRDA:138,0,63,7
BRDA:138,0,64,5
BRDA:138,0,65,5
BRDA:138,0,66,4
BRDA:138,0,67,4
BRDA:138,0,68,2
BRDA:138,0,69,2
BRDA:138,0,70,0
BRDA:138,0,71,0
BRDA:138,0,72,1
BRDA:138,0,73,1
BRDA:138,0,74,0
BRDA:138,0,75,0
BRDA:138,0,76,2
BRDA:138,0,77,2
BRDA:138,0,78,5
BRDA:138,0,79,5
BRDA:138,0,80,2
BRDA:138,0,81,2
BRDA:138,0,82,4
BRDA:138,0,83,4
BRDA:138,0,84,2
BRDA:138,0,85,2
BRDA:138,0,86,6
BRDA:138,0,87,6
BRDA:138,0,88,0
BRDA:138,0,89,0
BRDA:138,0,90,1
BRDA:138,0,91,1
BRDA:138,0,92,0
BRDA:138,0,93,0
BRDA:138,0,94,2
BRDA:138,0,95,2
BRDA:138,0,96,1
BRDA:138,0,97,1
BRDA:138,0,98,2
BRDA:138,0,99,2
BRDA:138,0,100,4
BRDA:138,0,101,4
BRDA:138,0,102,2
BRDA:138,0,103,2
BRDA:138,0,104,0
BRDA:138,0,105,0
BRDA:138,0,106,1
BRDA:138,0,107,1
BRDA:138,0,108,4
BRDA:138,0,109,4
BRDA:138,0,110,0
BRDA:138,0,111,0
BRDA:138,0,112,2
BRDA:138,0,113,2
BRDA:138,0,114,2
BRDA:138,0,115,2
BRDA:138,0,116,0
BRDA:138,0,117,0
BRDA:138,0,118,1
BRDA:138,0,119,1
BRDA:138,0,120,0
BRDA:138,0,121,0
BRDA:138,0,122,2
BRDA:138,0,123,2
BRDA:138,0,124,1
BRDA:138,0,125,1
BRDA:138,0,126,6
BRDA:138,0,127,6
BRDA:138,0,128,5
BRDA:138,0,129,5
BRDA:138,0,130,0
BRDA:138,0,131,0
BRDA:138,0,132,6
BRDA:138,0,133,6
BRDA:138,0,134,0
BRDA:138,0,135,0
BRDA:138,0,136,1
BRDA:138,0,137,1
BRDA:138,0,138,0
BRDA:138,0,139,0
BRDA:138,0,140,2
BRDA:138,0,141,2
BRDA:138,0,142,5
BRDA:138,0,143,5
BRDA:138,0,144,2
BRDA:138,0,145,2
BRDA:138,0,146,0
BRDA:138,0,147,0
BRDA:138,0,148,6
BRDA:138,0,149,6
BRDA:138,0,150,6
BRDA:138,0,151,6
BRDA:138,0,152,0
BRDA:138,0,153,0
BRDA:138,0,154,1
BRDA:138,0,155,1
BRDA:138,0,156,0
BRDA:138,0,157,0
BRDA:138,0,158,2
BRDA:138,0,159,2
BRDA:138,0,160,1
BRDA:138,0,161,1
BRDA:138,0,162,2
BRDA:138,0,163,2
BRDA:138,0,164,0
BRDA:138,0,165,0
BRDA:138,0,166,6
BRDA:138,0,167,6
BRDA:138,0,168,0
BRDA:138,0,169,0
BRDA:138,0,170,1
BRDA:138,0,171,1
BRDA:138,0,172,0
BRDA:138,0,173,0
BRDA:138,0,174,0
BRDA:138,0,175,0
BRDA:138,0,176,2
BRDA:138,0,177,2
BRDA:138,0,178,6
BRDA:138,0,179,6
BRDA:138,0,180,0
BRDA:138,0,181,0
BRDA:138,0,182,1
BRDA:138,0,183,1
BRDA:138,0,184,0
BRDA:138,0,185,0
BRDA:138,0,186,2
BRDA:138,0,187,2
BRDA:138,0,188,1
BRDA:138,0,189,1
BRDA:138,0,190,6
BRDA:138,0,191,6
BRDA:138,0,192,5
BRDA:138,0,193,5
BRDA:138,0,194,4
BRDA:138,0,195,4
BRDA:138,0,196,6
BRDA:138,0,197,6
BRDA:138,0,198,0
BRDA:138,0,199,0
BRDA:138,0,200,1
BRDA:138,0,201,1
BRDA:138,0,202,0
BRDA:138,0,203,0
BRDA:138,0,204,2
BRDA:138,0,205,2
BRDA:138,0,206,5
BRDA:138,0,207,5
BRDA:138,0,208,2
BRDA:138,0,209,2
BRDA:138,0,210,4
BRDA:138,0,211,4
BRDA:138,0,212,6
BRDA:138,0,213,6
BRDA:138,0,214,6
BRDA:138,0,215,6
BRDA:138,0,216,0
BRDA:138,0,217,0
BRDA:138,0,218,1
BRDA:138,0,219,1
BRDA:138,0,220,0
BRDA:138,0,221,0
BRDA:138,0,222,2
BRDA:138,0,223,2
BRDA:138,0,224,1
BRDA:138,0,225,1
BRDA:138,0,226,2
BRDA:138,0,227,2
BRDA:138,0,228,4
BRDA:138,0,229,4
BRDA:138,0,230,6
BRDA:138,0,231,6
BRDA:138,0,232,0
BRDA:138,0,233,0
BRDA:138,0,234,1
BRDA:138,0,235,1
BRDA:138,0,236,4
BRDA:138,0,237,4
BRDA:138,0,238,0
BRDA:138,0,239,0
BRDA:138,0,240,2
BRDA:138,0,241,2
BRDA:138,0,242,6
BRDA:138,0,243,6
BRDA:138,0,244,0
BRDA:138,0,245,0
BRDA:138,0,246,1
BRDA:138,0,247,1
BRDA:138,0,248,0
BRDA:138,0,249,0
BRDA:138,0,250,2
BRDA:138,0,251,2
BRDA:138,0,252,1
BRDA:138,0,253,1
BRDA:138,0,254,6
BRDA:138,0,255,6
BRDA:138,0,256,5
BRDA:138,0,257,5
BRDA:138,0,258,0
BRDA:138,0,259,0
BRDA:138,0,260,2
BRDA:138,0,261,2
BRDA:138,0,262,4
BRDA:138,0,263,4
BRDA:138,0,264,1
BRDA:138,0,265,1
BRDA:138,0,266,0
BRDA:138,0,267,0
BRDA:138,0,268,2
BRDA:138,0,269,2
BRDA:138,0,270,5
BRDA:138,0,271,5
BRDA:138,0,272,2
BRDA:138,0,273,2
BRDA:138,0,274,0
BRDA:138,0,275,0
BRDA:138,0,276,2
BRDA:138,0,277,2
BRDA:138,0,278,6
BRDA:138,0,279,6
BRDA:138,0,280,4
BRDA:138,0,281,4
BRDA:138,0,282,1
BRDA:138,0,283,1
BRDA:138,0,284,0
BRDA:138,0,285,0
BRDA:138,0,286,2
BRDA:138,0,287,2
BRDA:138,0,288,1
BRDA:138,0,289,1
BRDA:138,0,290,2
BRDA:138,0,291,2
BRDA:138,0,292,0
BRDA:138,0,293,0
BRDA:138,0,294,2
BRDA:138,0,295,2
BRDA:138,0,296,4
BRDA:138,0,297,4
BRDA:138,0,298,1
BRDA:138,0,299,1
BRDA:138,0,300,0
BRDA:138,0,301,0
BRDA:138,0,302,0
BRDA:138,0,303,0
BRDA:138,0,304,2
BRDA:138,0,305,2
BRDA:138,0,306,2
BRDA:138,0,307,2
BRDA:138,0,308,4
BRDA:138,0,309,4
BRDA:138,0,310,1
BRDA:138,0,311,1
BRDA:138,0,312,0
BRDA:138,0,313,0
BRDA:138,0,314,2
BRDA:138,0,315,2
BRDA:138,0,316,1
BRDA:138,0,317,1
BRDA:138,0,318,6
BRDA:138,0,319,6
BRDA:138,0,320,4
BRDA:138,0,321,4
BRDA:138,0,322,4
BRDA:138,0,323,4
BRDA:138,0,324,0
BRDA:138,0,325,0
BRDA:138,0,326,4
BRDA:138,0,327,4
BRDA:138,0,328,0
BRDA:138,0,329,0
BRDA:138,0,330,0
BRDA:138,0,331,0
BRDA:138,0,332,1
BRDA:138,0,333,1
BRDA:138,0,334,4
BRDA:138,0,335,4
BRDA:138,0,336,0
BRDA:138,0,337,0
BRDA:138,0,338,4
BRDA:138,0,339,4
BRDA:138,0,340,0
BRDA:138,0,341,0
BRDA:138,0,342,4
BRDA:138,0,343,4
BRDA:138,0,344,4
BRDA:138,0,345,4
BRDA:138,0,346,0
BRDA:138,0,347,0
BRDA:138,0,348,0
BRDA:138,0,349,0
BRDA:138,0,350,1
BRDA:138,0,351,1
BRDA:138,0,352,0
BRDA:138,0,353,0
BRDA:138,0,354,0
BRDA:138,0,355,0
BRDA:138,0,356,4
BRDA:138,0,357,4
BRDA:138,0,358,0
BRDA:138,0,359,0
BRDA:138,0,360,4
BRDA:138,0,361,4
BRDA:138,0,362,0
BRDA:138,0,363,0
BRDA:138,0,364,4
BRDA:138,0,365,4
BRDA:138,0,366,0
BRDA:138,0,367,0
BRDA:138,0,368,1
BRDA:138,0,369,1
BRDA:138,0,370,0
BRDA:138,0,371,0
BRDA:138,0,372,4
BRDA:138,0,373,4
BRDA:138,0,374,0
BRDA:138,0,375,0
BRDA:138,0,376,0
BRDA:138,0,377,0
BRDA:138,0,378,1
BRDA:138,0,379,1
BRDA:138,0,380,0
BRDA:138,0,381,0
BRDA:138,0,382,4
BRDA:138,0,383,4
BRDA:138,0,384,4
BRDA:138,0,385,4
BRDA:138,0,386,0
BRDA:138,0,387,0
BRDA:138,0,388,4
BRDA:138,0,389,4
BRDA:138,0,390,4
BRDA:138,0,391,4
BRDA:138,0,392,0
BRDA:138,0,393,0
BRDA:138,0,394,0
BRDA:138,0,395,0
BRDA:138,0,396,1
BRDA:138,0,397,1
BRDA:138,0,398,4
BRDA:138,0,399,4
BRDA:138,0,400,0
BRDA:138,0,401,0
BRDA:138,0,402,0
BRDA:138,0,403,0
BRDA:138,0,404,4
BRDA:138,0,405,4
BRDA:138,0,406,4
BRDA:138,0,407,4
BRDA:138,0,408,4
BRDA:138,0,409,4
BRDA:138,0,410,0
BRDA:138,0,411,0
BRDA:138,0,412,0
BRDA:138,0,413,0
BRDA:138,0,414,1
BRDA:138,0,415,1
BRDA:138,0,416,0
BRDA:138,0,417,0
BRDA:138,0,418,0
BRDA:138,0,419,0
BRDA:138,0,420,0
BRDA:138,0,421,0
BRDA:138,0,422,4
BRDA:138,0,423,4
BRDA:138,0,424,4
BRDA:138,0,425,4
BRDA:138,0,426,0
BRDA:138,0,427,0
BRDA:138,0,428,0
BRDA:138,0,429,0
BRDA:138,0,430,0
BRDA:138,0,431,0
BRDA:138,0,432,1
BRDA:138,0,433,1
BRDA:138,0,434,4
BRDA:138,0,435,4
BRDA:138,0,436,4
BRDA:138,0,437,4
BRDA:138,0,438,0
BRDA:138,0,439,0
BRDA:138,0,440,0
BRDA:138,0,441,0
BRDA:138,0,442,1
BRDA:138,0,443,1
BRDA:138,0,444,0
BRDA:138,0,445,0
BRDA:138,0,446,4
BRDA:138,0,447,4
BRDA:138,0,448,4
BRDA:138,0,449,4
BRDA:138,0,450,4
BRDA:138,0,451,4
BRDA:138,0,452,4
BRDA:138,0,453,4
BRDA:138,0,454,4
BRDA:138,0,455,4
BRDA:138,0,456,0
BRDA:138,0,457,0
BRDA:138,0,458,0
BRDA:138,0,459,0
BRDA:138,0,460,1
BRDA:138,0,461,1
BRDA:138,0,462,4
BRDA:138,0,463,4
BRDA:138,0,464,0
BRDA:138,0,465,0
BRDA:138,0,466,4
BRDA:138,0,467,4
BRDA:138,0,468,4
BRDA:138,0,469,4
BRDA:138,0,470,4
BRDA:138,0,471,4
BRDA:138,0,472,4
BRDA:138,0,473,4
BRDA:138,0,474,0
BRDA:138,0,475,0
BRDA:138,0,476,0
BRDA:138,0,477,0
BRDA:138,0,478,1
BRDA:138,0,479,1
BRDA:138,0,480,0
BRDA:138,0,481,0
BRDA:138,0,482,0
BRDA:138,0,483,0
BRDA:138,0,484,4
BRDA:138,0,485,4
BRDA:138,0,486,4
BRDA:138,0,487,4
BRDA:138,0,488,4
BRDA:138,0,489,4
BRDA:138,0,490,0
BRDA:138,0,491,0
BRDA:138,0,492,4
BRDA:138,0,493,4
BRDA:138,0,494,0
BRDA:138,0,495,0
BRDA:138,0,496,1
BRDA:138,0,497,1
BRDA:138,0,498,4
BRDA:138,0,499,4
BRDA:138,0,500,4
BRDA:138,0,501,4
BRDA:138,0,502,0
BRDA:138,0,503,0
BRDA:138,0,504,0
BRDA:138,0,505,0
BRDA:138,0,506,1
BRDA:138,0,507,1
BRDA:138,0,508,0
BRDA:138,0,509,0
BRDA:138,0,510,4
BRDA:138,0,511,4
DA:139,18
BRDA:139,0,0,8
BRDA:139,0,1,7
BRDA:139,0,2,9
BRDA:139,0,3,9
BRDA:139,0,4,9
BRDA:139,0,5,9
BRDA:139,0,6,13
BRDA:139,0,7,12
BRDA:139,0,8,12
BRDA:139,0,9,12
BRDA:139,0,10,12
BRDA:139,0,11,11
BRDA:139,0,12,10
BRDA:139,0,13,10
BRDA:139,0,14,8
BRDA:139,0,15,8
BRDA:139,0,16,13
BRDA:139,0,17,13
BRDA:139,0,18,16
BRDA:139,0,19,15
BRDA:139,0,20,15
BRDA:139,0,21,14
BRDA:139,0,22,12
BRDA:139,0,23,11
BRDA:139,0,24,9
BRDA:139,0,25,9
BRDA:139,0,26,10
BRDA:139,0,27,9
BRDA:139,0,28,11
BRDA:139,0,29,11
BRDA:139,0,30,11
BRDA:139,0,31,10
BRDA:139,0,32,7
BRDA:139,0,33,7
BRDA:139,0,34,15
BRDA:139,0,35,14
BRDA:139,0,36,11
BRDA:139,0,37,10
BRDA:139,0,38,12
BRDA:139,0,39,11
BRDA:139,0,40,12
BRDA:139,0,41,11
BRDA:139,0,42,8
BRDA:139,0,43,8
BRDA:139,0,44,16
BRDA:139,0,45,15
BRDA:139,0,46,12
BRDA:139,0,47,12
BRDA:139,0,48,15
BRDA:139,0,49,14
BRDA:139,0,50,16
BRDA:139,0,51,16
BRDA:139,0,52,14
BRDA:139,0,53,13
BRDA:139,0,54,13
BRDA:139,0,55,13
BRDA:139,0,56,12
BRDA:139,0,57,11
BRDA:139,0,58,13
BRDA:139,0,59,13
BRDA:139,0,60,9
BRDA:139,0,61,8
BRDA:139,0,62,11
BRDA:139,0,63,11
BRDA:139,0,64,11
BRDA:139,0,65,11
BRDA:139,0,66,14
BRDA:139,0,67,13
BRDA:139,0,68,11
BRDA:139,0,69,11
BRDA:139,0,70,8
BRDA:139,0,71,7
BRDA:139,0,72,13
BRDA:139,0,73,13
BRDA:139,0,74,11
BRDA:139,0,75,11
BRDA:139,0,76,16
BRDA:139,0,77,15
BRDA:139,0,78,16
BRDA:139,0,79,16
BRDA:139,0,80,9
BRDA:139,0,81,8
BRDA:139,0,82,8
BRDA:139,0,83,7
BRDA:139,0,84,12
BRDA:139,0,85,11
BRDA:139,0,86,8
BRDA:139,0,87,8
BRDA:139,0,88,13
BRDA:139,0,89,12
BRDA:139,0,90,11
BRDA:139,0,91,10
BRDA:139,0,92,12
BRDA:139,0,93,11
BRDA:139,0,94,12
BRDA:139,0,95,12
BRDA:139,0,96,11
BRDA:139,0,97,10
BRDA:139,0,98,14
BRDA:139,0,99,13
BRDA:139,0,100,16
BRDA:139,0,101,16
BRDA:139,0,102,10
BRDA:139,0,103,9
BRDA:139,0,104,14
BRDA:139,0,105,14
BRDA:139,0,106,10
BRDA:139,0,107,9
BRDA:139,0,108,13
BRDA:139,0,109,12
BRDA:139,0,110,11
BRDA:139,0,111,10
BRDA:139,0,112,10
BRDA:139,0,113,9
BRDA:139,0,114,9
BRDA:139,0,115,8
BRDA:139,0,116,11
BRDA:139,0,117,11
BRDA:139,0,118,18
BRDA:139,0,119,17
BRDA:139,0,120,12
BRDA:139,0,121,12
BRDA:139,0,122,12
BRDA:139,0,123,11
BRDA:139,0,124,10
BRDA:139,0,125,10
BRDA:139,0,126,12
BRDA:139,0,127,11
BRDA:139,0,128,14
BRDA:139,0,129,13
BRDA:139,0,130,16
BRDA:139,0,131,15
BRDA:139,0,132,11
BRDA:139,0,133,11
BRDA:139,0,134,10
BRDA:139,0,135,9
BRDA:139,0,136,11
BRDA:139,0,137,10
BRDA:139,0,138,10
BRDA:139,0,139,9
BRDA:139,0,140,11
BRDA:139,0,141,11
BRDA:139,0,142,14
BRDA:139,0,143,14
BRDA:139,0,144,14
BRDA:139,0,145,13
BRDA:139,0,146,12
BRDA:139,0,147,11
BRDA:139,0,148,12
BRDA:139,0,149,12
BRDA:139,0,150,8
BRDA:139,0,151,7
BRDA:139,0,152,11
BRDA:139,0,153,10
BRDA:139,0,154,11
BRDA:139,0,155,10
BRDA:139,0,156,13
BRDA:139,0,157,12
BRDA:139,0,158,11
BRDA:139,0,159,10
BRDA:139,0,160,9
BRDA:139,0,161,8
BRDA:139,0,162,17
BRDA:139,0,163,16
BRDA:139,0,164,10
BRDA:139,0,165,9
BRDA:139,0,166,9
BRDA:139,0,167,9
BRDA:139,0,168,12
BRDA:139,0,169,12
BRDA:139,0,170,11
BRDA:139,0,171,10
BRDA:139,0,172,10
BRDA:139,0,173,10
BRDA:139,0,174,15
BRDA:139,0,175,14
BRDA:139,0,176,13
BRDA:139,0,177,12
BRDA:139,0,178,14
BRDA:139,0,179,13
BRDA:139,0,180,18
BRDA:139,0,181,17
BRDA:139,0,182,12
BRDA:139,0,183,12
BRDA:139,0,184,9
BRDA:139,0,185,8
BRDA:139,0,186,15
BRDA:139,0,187,14
BRDA:139,0,188,14
BRDA:139,0,189,14
BRDA:139,0,190,16
BRDA:139,0,191,15
BRDA:139,0,192,11
BRDA:139,0,193,10
BRDA:139,0,194,12
BRDA:139,0,195,12
BRDA:139,0,196,11
BRDA:139,0,197,11
BRDA:139,0,198,11
BRDA:139,0,199,11
BRDA:139,0,200,11
BRDA:139,0,201,11
BRDA:139,0,202,12
BRDA:139,0,203,11
BRDA:139,0,204,12
BRDA:139,0,205,11
BRDA:139,0,206,13
BRDA:139,0,207,12
BRDA:139,0,208,9
BRDA:139,0,209,9
BRDA:139,0,210,13
BRDA:139,0,211,13
BRDA:139,0,212,13
BRDA:139,0,213,13
BRDA:139,0,214,9
BRDA:139,0,215,8
BRDA:139,0,216,12
BRDA:139,0,217,12
BRDA:139,0,218,9
BRDA:139,0,219,9
BRDA:139,0,220,10
BRDA:139,0,221,9
BRDA:139,0,222,13
BRDA:139,0,223,12
BRDA:139,0,224,15
BRDA:139,0,225,15
BRDA:139,0,226,10
BRDA:139,0,227,10
BRDA:139,0,228,13
BRDA:139,0,229,13
BRDA:139,0,230,10
BRDA:139,0,231,10
BRDA:139,0,232,13
BRDA:139,0,233,13
BRDA:139,0,234,13
BRDA:139,0,235,13
BRDA:139,0,236,10
BRDA:139,0,237,10
BRDA:139,0,238,9
BRDA:139,0,239,9
BRDA:139,0,240,9
BRDA:139,0,241,8
BRDA:139,0,242,9
BRDA:139,0,243,9
BRDA:139,0,244,11
BRDA:139,0,245,10
BRDA:139,0,246,14
BRDA:139,0,247,14
BRDA:139,0,248,12
BRDA:139,0,249,12
BRDA:139,0,250,11
BRDA:139,0,251,11
BRDA:139,0,252,10
BRDA:139,0,253,9
BRDA:139,0,254,13
BRDA:139,0,255,12
BRDA:139,0,256,13
BRDA:139,0,257,12
BRDA:139,0,258,12
BRDA:139,0,259,12
BRDA:139,0,260,10
BRDA:139,0,261,10
BRDA:139,0,262,12
BRDA:139,0,263,12
BRDA:139,0,264,11
BRDA:139,0,265,10
BRDA:139,0,266,10
BRDA:139,0,267,10
BRDA:139,0,268,17
BRDA:139,0,269,17
BRDA:139,0,270,14
BRDA:139,0,271,14
BRDA:139,0,272,12
BRDA:139,0,273,12
BRDA:139,0,274,13
BRDA:139,0,275,13
BRDA:139,0,276,13
BRDA:139,0,277,12
BRDA:139,0,278,14
BRDA:139,0,279,14
BRDA:139,0,280,13
BRDA:139,0,281,13
BRDA:139,0,282,13
BRDA:139,0,283,12
BRDA:139,0,284,11
BRDA:139,0,285,11
BRDA:139,0,286,14
BRDA:139,0,287,13
BRDA:139,0,288,12
BRDA:139,0,289,11
BRDA:139,0,290,7
BRDA:139,0,291,7
BRDA:139,0,292,14
BRDA:139,0,293,13
BRDA:139,0,294,14
BRDA:139,0,295,14
BRDA:139,0,296,9
BRDA:139,0,297,9
BRDA:139,0,298,12
BRDA:139,0,299,12
BRDA:139,0,300,11
BRDA:139,0,301,11
BRDA:139,0,302,10
BRDA:139,0,303,10
BRDA:139,0,304,14
BRDA:139,0,305,13
BRDA:139,0,306,9
BRDA:139,0,307,9
BRDA:139,0,308,16
BRDA:139,0,309,16
BRDA:139,0,310,13
BRDA:139,0,311,12
BRDA:139,0,312,7
BRDA:139,0,313,7
BRDA:139,0,314,14
BRDA:139,0,315,13
BRDA:139,0,316,11
BRDA:139,0,317,10
BRDA:139,0,318,10
BRDA:139,0,319,9
BRDA:139,0,320,9
BRDA:139,0,321,9
BRDA:139,0,322,11
BRDA:139,0,323,11
BRDA:139,0,324,10
BRDA:139,0,325,10
BRDA:139,0,326,10
BRDA:139,0,327,10
BRDA:139,0,328,11
BRDA:139,0,329,11
BRDA:139,0,330,17
BRDA:139,0,331,17
BRDA:139,0,332,13
BRDA:139,0,333,12
BRDA:139,0,334,12
BRDA:139,0,335,12
BRDA:139,0,336,14
BRDA:139,0,337,13
BRDA:139,0,338,12
BRDA:139,0,339,12
BRDA:139,0,340,12
BRDA:139,0,341,12
BRDA:139,0,342,10
BRDA:139,0,343,10
BRDA:139,0,344,11
BRDA:139,0,345,10
BRDA:139,0,346,5
BRDA:139,0,347,5
BRDA:139,0,348,15
BRDA:139,0,349,14
BRDA:139,0,350,11
BRDA:139,0,351,10
BRDA:139,0,352,13
BRDA:139,0,353,12
BRDA:139,0,354,12
BRDA:139,0,355,12
BRDA:139,0,356,10
BRDA:139,0,357,10
BRDA:139,0,358,12
BRDA:139,0,359,11
BRDA:139,0,360,13
BRDA:139,0,361,12
BRDA:139,0,362,11
BRDA:139,0,363,11
BRDA:139,0,364,11
BRDA:139,0,365,10
BRDA:139,0,366,16
BRDA:139,0,367,15
BRDA:139,0,368,12
BRDA:139,0,369,12
BRDA:139,0,370,9
BRDA:139,0,371,8
BRDA:139,0,372,11
BRDA:139,0,373,10
BRDA:139,0,374,12
BRDA:139,0,375,12
BRDA:139,0,376,14
BRDA:139,0,377,14
BRDA:139,0,378,9
BRDA:139,0,379,8
BRDA:139,0,380,17
BRDA:139,0,381,16
BRDA:139,0,382,13
BRDA:139,0,383,12
BRDA:139,0,384,14
BRDA:139,0,385,13
BRDA:139,0,386,6
BRDA:139,0,387,6
BRDA:139,0,388,17
BRDA:139,0,389,16
BRDA:139,0,390,10
BRDA:139,0,391,9
BRDA:139,0,392,11
BRDA:139,0,393,11
BRDA:139,0,394,12
BRDA:139,0,395,11
BRDA:139,0,396,14
BRDA:139,0,397,14
BRDA:139,0,398,14
BRDA:139,0,399,13
BRDA:139,0,400,11
BRDA:139,0,401,10
BRDA:139,0,402,11
BRDA:139,0,403,11
BRDA:139,0,404,12
BRDA:139,0,405,11
BRDA:139,0,406,12
BRDA:139,0,407,12
BRDA:139,0,408,16
BRDA:139,0,409,15
BRDA:139,0,410,10
BRDA:139,0,411,9
BRDA:139,0,412,12
BRDA:139,0,413,12
BRDA:139,0,414,14
BRDA:139,0,415,13
BRDA:139,0,416,8
BRDA:139,0,417,7
BRDA:139,0,418,12
BRDA:139,0,419,11
BRDA:139,0,420,12
BRDA:139,0,421,12
BRDA:139,0,422,13
BRDA:139,0,423,13
BRDA:139,0,424,9
BRDA:139,0,425,9
BRDA:139,0,426,14
BRDA:139,0,427,14
BRDA:139,0,428,14
BRDA:139,0,429,13
BRDA:139,0,430,8
BRDA:139,0,431,7
BRDA:139,0,432,13
BRDA:139,0,433,12
BRDA:139,0,434,14
BRDA:139,0,435,13
BRDA:139,0,436,12
BRDA:139,0,437,11
BRDA:139,0,438,13
BRDA:139,0,439,12
BRDA:139,0,440,15
BRDA:139,0,441,14
BRDA:139,0,442,15
BRDA:139,0,443,14
BRDA:139,0,444,15
BRDA:139,0,445,14
BRDA:139,0,446,11
BRDA:139,0,447,11
BRDA:139,0,448,8
BRDA:139,0,449,8
BRDA:139,0,450,11
BRDA:139,0,451,11
BRDA:139,0,452,12
BRDA:139,0,453,12
BRDA:139,0,454,10
BRDA:139,0,455,9
BRDA:139,0,456,12
BRDA:139,0,457,11
BRDA:139,0,458,8
BRDA:139,0,459,8
BRDA:139,0,460,14
BRDA:139,0,461,13
BRDA:139,0,462,17
BRDA:139,0,463,17
BRDA:139,0,464,13
BRDA:139,0,465,13
BRDA:139,0,466,12
BRDA:139,0,467,12
BRDA:139,0,468,8
BRDA:139,0,469,7
BRDA:139,0,470,11
BRDA:139,0,471,11
BRDA:139,0,472,11
BRDA:139,0,473,11
BRDA:139,0,474,14
BRDA:139,0,475,14
BRDA:139,0,476,11
BRDA:139,0,477,11
BRDA:139,0,478,9
BRDA:139,0,479,8
BRDA:139,0,480,8
BRDA:139,0,481,8
BRDA:139,0,482,7
BRDA:139,0,483,7
BRDA:139,0,484,14
BRDA:139,0,485,13
BRDA:139,0,486,12
BRDA:139,0,487,12
BRDA:139,0,488,11
BRDA:139,0,489,10
BRDA:139,0,490,9
BRDA:139,0,491,9
BRDA:139,0,492,14
BRDA:139,0,493,14
BRDA:139,0,494,10
BRDA:139,0,495,9
BRDA:139,0,496,10
BRDA:139,0,497,9
BRDA:139,0,498,18
BRDA:139,0,499,17
BRDA:139,0,500,12
BRDA:139,0,501,12
BRDA:139,0,502,11
BRDA:139,0,503,10
BRDA:139,0,504,10
BRDA:139,0,505,10
BRDA:139,0,506,11
BRDA:139,0,507,11
BRDA:139,0,508,17
BRDA:139,0,509,16
BRDA:139,0,510,12
BRDA:139,0,511,12
DA:140,668
BRDA:140,0,0,0
BRDA:140,0,1,0
BRDA:140,0,2,21
BRDA:140,0,3,20
BRDA:140,0,4,9
BRDA:140,0,5,9
BRDA:140,0,6,3
BRDA:140,0,7,3
BRDA:140,0,8,0
BRDA:140,0,9,0
BRDA:140,0,10,0
BRDA:140,0,11,0
BRDA:140,0,12,0
BRDA:140,0,13,0
BRDA:140,0,14,0
BRDA:140,0,15,0
BRDA:140,0,16,0
BRDA:140,0,17,0
BRDA:140,0,18,0
BRDA:140,0,19,0
BRDA:140,0,20,0
BRDA:140,0,21,0
BRDA:140,0,22,0
BRDA:140,0,23,0
BRDA:140,0,24,0
BRDA:140,0,25,0
BRDA:140,0,26,0
BRDA:140,0,27,0
BRDA:140,0,28,0
BRDA:140,0,29,0
BRDA:140,0,30,0
BRDA:140,0,31,0
BRDA:140,0,32,0
BRDA:140,0,33,0
BRDA:140,0,34,0
BRDA:140,0,35,0
BRDA:140,0,36,0
BRDA:140,0,37,0
BRDA:140,0,38,0
BRDA:140,0,39,0
BRDA:140,0,40,0
BRDA:140,0,41,0
BRDA:140,0,42,0
BRDA:140,0,43,0
BRDA:140,0,44,0
BRDA:140,0,45,0
BRDA:140,0,46,0
BRDA:140,0,47,0
BRDA:140,0,48,0
BRDA:140,0,49,0
BRDA:140,0,50,0
BRDA:140,0,51,0
BRDA:140,0,52,0
BRDA:140,0,53,0
BRDA:140,0,54,668
BRDA:140,0,55,667
BRDA:140,0,56,335
BRDA:140,0,57,334
BRDA:140,0,58,166
BRDA:140,0,59,166
BRDA:140,0,60,84
BRDA:140,0,61,83
BRDA:140,0,62,42
BRDA:140,0,63,42
DA:141,0
BRDA:141,0,0,0
BRDA:141,0,1,0
BRDA:141,0,2,0
BRDA:141,0,3,0
BRDA:141,0,4,0
BRDA:141,0,5,0
BRDA:141,0,6,0
BRDA:141,0,7,0
BRDA:141,0,8,0
BRDA:141,0,9,0
BRDA:141,0,10,0
BRDA:141,0,11,0
BRDA:141,0,12,0
BRDA:141,0,13,0
BRDA:141,0,14,0
BRDA:141,0,15,0
BRDA:141,0,16,0
BRDA:141,0,17,0
BRDA:141,0,18,0
BRDA:141,0,19,0
BRDA:141,0,20,0
BRDA:141,0,21,0
BRDA:141,0,22,0
BRDA:141,0,23,0
BRDA:141,0,24,0
BRDA:141,0,25,0
BRDA:141,0,26,0
BRDA:141,0,27,0
BRDA:141,0,28,0
BRDA:141,0,29,0
BRDA:141,0,30,0
BRDA:141,0,31,0
BRDA:141,0,32,0
BRDA:141,0,33,0
BRDA:141,0,34,0
BRDA:141,0,35,0
BRDA:141,0,36,0
BRDA:141,0,37,0
BRDA:141,0,38,0
BRDA:141,0,39,0
BRDA:141,0,40,0
BRDA:141,0,41,0
BRDA:141,0,42,0
BRDA:141,0,43,0
BRDA:141,0,44,0
BRDA:141,0,45,0
BRDA:141,0,46,0
BRDA:141,0,47,0
BRDA:141,0,48,0
BRDA:141,0,49,0
BRDA:141,0,50,0
BRDA:141,0,51,0
BRDA:141,0,52,0
BRDA:141,0,53,0
BRDA:141,0,54,0
BRDA:141,0,55,0
BRDA:141,0,56,0
BRDA:141,0,57,0
BRDA:141,0,58,0
BRDA:141,0,59,0
BRDA:141,0,60,0
BRDA:141,0,61,0
BRDA:141,0,62,0
BRDA:141,0,63,0
DA:143,21
BRDA:143,0,0,21
BRDA:143,0,1,20
BRDA:143,0,2,18
BRDA:143,0,3,17
BRDA:143,0,4,0
BRDA:143,0,5,0
DA:144,2
BRDA:144,0,0,2
BRDA:144,0,1,1
BRDA:144,0,2,0
BRDA:144,0,3,0
BRDA:144,0,4,0
BRDA:144,0,5,0
DA:147,668
BRDA:147,0,0,668
BRDA:147,0,1,667
BRDA:147,0,2,335
BRDA:147,0,3,334
BRDA:147,0,4,166
BRDA:147,0,5,166
BRDA:147,0,6,84
BRDA:147,0,7,83
BRDA:147,0,8,42
BRDA:147,0,9,42
BRDA:147,0,10,21
BRDA:147,0,11,20
DA:148,622
BRDA:148,0,0,622
BRDA:148,0,1,621
BRDA:148,0,2,310
BRDA:148,0,3,310
BRDA:148,0,4,155
BRDA:148,0,5,154
BRDA:148,0,6,79
BRDA:148,0,7,79
BRDA:148,0,8,42
BRDA:148,0,9,42
BRDA:148,0,10,20
BRDA:148,0,11,19
DA:149,1143
BRDA:149,0,0,1143
BRDA:149,0,1,1143
BRDA:149,0,2,299
BRDA:149,0,3,298
BRDA:149,0,4,129
BRDA:149,0,5,128
BRDA:149,0,6,60
BRDA:149,0,7,60
BRDA:149,0,8,11
BRDA:149,0,9,11
BRDA:149,0,10,6
BRDA:149,0,11,6
DA:150,6
BRDA:150,0,0,6
BRDA:150,0,1,6
DA:151,572
BRDA:151,0,0,572
BRDA:151,0,1,572
DA:152,1447
BRDA:152,0,0,1447
BRDA:152,0,1,1447
DA:153,572
BRDA:153,0,0,572
BRDA:153,0,1,572
DA:154,946
BRDA:154,0,0,683
BRDA:154,0,1,683
BRDA:154,0,2,0
BRDA:154,0,3,0
BRDA:154,0,4,0
BRDA:154,0,5,0
BRDA:154,0,6,0
BRDA:154,0,7,0
BRDA:154,0,8,0
BRDA:154,0,9,0
BRDA:154,0,10,0
BRDA:154,0,11,0
BRDA:154,0,12,0
BRDA:154,0,13,0
BRDA:154,0,14,0
BRDA:154,0,15,0
BRDA:154,0,16,0
BRDA:154,0,17,0
BRDA:154,0,18,0
BRDA:154,0,19,0
BRDA:154,0,20,0
BRDA:154,0,21,0
BRDA:154,0,22,492
BRDA:154,0,23,492
BRDA:154,0,24,0
BRDA:154,0,25,0
BRDA:154,0,26,0
BRDA:154,0,27,0
BRDA:154,0,28,0
BRDA:154,0,29,0
BRDA:154,0,30,0
BRDA:154,0,31,0
BRDA:154,0,32,9
BRDA:154,0,33,9
BRDA:154,0,34,9
BRDA:154,0,35,9
BRDA:154,0,36,8
BRDA:154,0,37,8
BRDA:154,0,38,7
BRDA:154,0,39,7
BRDA:154,0,40,6
BRDA:154,0,41,6
BRDA:154,0,42,18
BRDA:154,0,43,18
BRDA:154,0,44,573
BRDA:154,0,45,573
BRDA:154,0,46,16
BRDA:154,0,47,16
BRDA:154,0,48,0
BRDA:154,0,49,0
BRDA:154,0,50,499
BRDA:154,0,51,499
BRDA:154,0,52,748
BRDA:154,0,53,748
BRDA:154,0,54,946
BRDA:154,0,55,946
BRDA:154,0,56,707
BRDA:154,0,57,707
BRDA:154,0,58,322
BRDA:154,0,59,322
BRDA:154,0,60,0
BRDA:154,0,61,0
BRDA:154,0,62,0
BRDA:154,0,63,0
DA:155,457
BRDA:155,0,0,457
BRDA:155,0,1,456
BRDA:155,0,2,0
BRDA:155,0,3,0
BRDA:155,0,4,0
BRDA:155,0,5,0
BRDA:155,0,6,0
BRDA:155,0,7,0
BRDA:155,0,8,0
BRDA:155,0,9,0
BRDA:155,0,10,0
BRDA:155,0,11,0
BRDA:155,0,12,0
BRDA:155,0,13,0
BRDA:155,0,14,0
BRDA:155,0,15,0
BRDA:155,0,16,0
BRDA:155,0,17,0
BRDA:155,0,18,0
BRDA:155,0,19,0
BRDA:155,0,20,0
BRDA:155,0,21,0
BRDA:155,0,22,295
BRDA:155,0,23,294
BRDA:155,0,24,0
BRDA:155,0,25,0
BRDA:155,0,26,0
BRDA:155,0,27,0
BRDA:155,0,28,0
BRDA:155,0,29,0
BRDA:155,0,30,0
BRDA:155,0,31,0
BRDA:155,0,32,16
BRDA:155,0,33,16
BRDA:155,0,34,16
BRDA:155,0,35,16
BRDA:155,0,36,13
BRDA:155,0,37,13
BRDA:155,0,38,10
BRDA:155,0,39,10
BRDA:155,0,40,10
BRDA:155,0,41,10
BRDA:155,0,42,32
BRDA:155,0,43,32
BRDA:155,0,44,229
BRDA:155,0,45,229
BRDA:155,0,46,27
BRDA:155,0,47,27
BRDA:155,0,48,0
BRDA:155,0,49,0
BRDA:155,0,50,169
BRDA:155,0,51,169
BRDA:155,0,52,189
BRDA:155,0,53,188
BRDA:155,0,54,303
BRDA:155,0,55,302
BRDA:155,0,56,223
BRDA:155,0,57,222
BRDA:155,0,58,114
BRDA:155,0,59,114
BRDA:155,0,60,0
BRDA:155,0,61,0
BRDA:155,0,62,0
BRDA:155,0,63,0
DA:156,572
BRDA:156,0,0,572
BRDA:156,0,1,572
DA:159,622
BRDA:159,0,0,622
BRDA:159,0,1,622
BRDA:159,0,2,310
BRDA:159,0,3,310
BRDA:159,0,4,155
BRDA:159,0,5,155
BRDA:159,0,6,79
BRDA:159,0,7,79
DA:160,73
BRDA:160,0,0,73
BRDA:160,0,1,73
DA:162,58
BRDA:162,0,0,47
BRDA:162,0,1,46
BRDA:162,0,2,47
BRDA:162,0,3,47
BRDA:162,0,4,38
BRDA:162,0,5,38
BRDA:162,0,6,37
BRDA:162,0,7,36
BRDA:162,0,8,45
BRDA:162,0,9,45
BRDA:162,0,10,40
BRDA:162,0,11,39
BRDA:162,0,12,43
BRDA:162,0,13,43
BRDA:162,0,14,53
BRDA:162,0,15,53
BRDA:162,0,16,45
BRDA:162,0,17,45
BRDA:162,0,18,40
BRDA:162,0,19,39
BRDA:162,0,20,56
BRDA:162,0,21,55
BRDA:162,0,22,47
BRDA:162,0,23,46
BRDA:162,0,24,40
BRDA:162,0,25,40
BRDA:162,0,26,34
BRDA:162,0,27,33
BRDA:162,0,28,41
BRDA:162,0,29,41
BRDA:162,0,30,38
BRDA:162,0,31,37
BRDA:162,0,32,33
BRDA:162,0,33,33
BRDA:162,0,34,46
BRDA:162,0,35,45
BRDA:162,0,36,34
BRDA:162,0,37,33
BRDA:162,0,38,54
BRDA:162,0,39,53
BRDA:162,0,40,39
BRDA:162,0,41,38
BRDA:162,0,42,49
BRDA:162,0,43,49
BRDA:162,0,44,48
BRDA:162,0,45,47
BRDA:162,0,46,47
BRDA:162,0,47,47
BRDA:162,0,48,44
BRDA:162,0,49,43
BRDA:162,0,50,35
BRDA:162,0,51,35
BRDA:162,0,52,43
BRDA:162,0,53,42
BRDA:162,0,54,42
BRDA:162,0,55,42
BRDA:162,0,56,45
BRDA:162,0,57,44
BRDA:162,0,58,36
BRDA:162,0,59,36
BRDA:162,0,60,37
BRDA:162,0,61,36
BRDA:162,0,62,50
BRDA:162,0,63,50
BRDA:162,0,64,47
BRDA:162,0,65,47
BRDA:162,0,66,50
BRDA:162,0,67,49
BRDA:162,0,68,47
BRDA:162,0,69,47
BRDA:162,0,70,32
BRDA:162,0,71,31
BRDA:162,0,72,50
BRDA:162,0,73,50
BRDA:162,0,74,40
BRDA:162,0,75,40
BRDA:162,0,76,51
BRDA:162,0,77,50
BRDA:162,0,78,57
BRDA:162,0,79,57
BRDA:162,0,80,51
BRDA:162,0,81,50
BRDA:162,0,82,46
BRDA:162,0,83,45
BRDA:162,0,84,37
BRDA:162,0,85,36
BRDA:162,0,86,39
BRDA:162,0,87,39
BRDA:162,0,88,43
BRDA:162,0,89,42
BRDA:162,0,90,53
BRDA:162,0,91,52
BRDA:162,0,92,49
BRDA:162,0,93,48
BRDA:162,0,94,40
BRDA:162,0,95,40
BRDA:162,0,96,44
BRDA:162,0,97,43
BRDA:162,0,98,51
BRDA:162,0,99,50
BRDA:162,0,100,37
BRDA:162,0,101,37
BRDA:162,0,102,51
BRDA:162,0,103,50
BRDA:162,0,104,44
BRDA:162,0,105,44
BRDA:162,0,106,49
BRDA:162,0,107,48
BRDA:162,0,108,52
BRDA:162,0,109,51
BRDA:162,0,110,36
BRDA:162,0,111,35
BRDA:162,0,112,57
BRDA:162,0,113,56
BRDA:162,0,114,42
BRDA:162,0,115,41
BRDA:162,0,116,38
BRDA:162,0,117,38
BRDA:162,0,118,44
BRDA:162,0,119,43
BRDA:162,0,120,43
BRDA:162,0,121,43
BRDA:162,0,122,53
BRDA:162,0,123,52
BRDA:162,0,124,38
BRDA:162,0,125,38
BRDA:162,0,126,46
BRDA:162,0,127,45
BRDA:162,0,128,42
BRDA:162,0,129,41
BRDA:162,0,130,41
BRDA:162,0,131,40
BRDA:162,0,132,40
BRDA:162,0,133,40
BRDA:162,0,134,53
BRDA:162,0,135,52
BRDA:162,0,136,46
BRDA:162,0,137,45
BRDA:162,0,138,50
BRDA:162,0,139,49
BRDA:162,0,140,53
BRDA:162,0,141,53
BRDA:162,0,142,36
BRDA:162,0,143,36
BRDA:162,0,144,48
BRDA:162,0,145,47
BRDA:162,0,146,46
BRDA:162,0,147,45
BRDA:162,0,148,51
BRDA:162,0,149,51
BRDA:162,0,150,43
BRDA:162,0,151,42
BRDA:162,0,152,35
BRDA:162,0,153,34
BRDA:162,0,154,48
BRDA:162,0,155,47
BRDA:162,0,156,50
BRDA:162,0,157,49
BRDA:162,0,158,34
BRDA:162,0,159,33
BRDA:162,0,160,33
BRDA:162,0,161,32
BRDA:162,0,162,45
BRDA:162,0,163,44
BRDA:162,0,164,47
BRDA:162,0,165,46
BRDA:162,0,166,43
BRDA:162,0,167,43
BRDA:162,0,168,52
BRDA:162,0,169,52
BRDA:162,0,170,41
BRDA:162,0,171,40
BRDA:162,0,172,45
BRDA:162,0,173,45
BRDA:162,0,174,44
BRDA:162,0,175,43
BRDA:162,0,176,38
BRDA:162,0,177,37
BRDA:162,0,178,46
BRDA:162,0,179,45
BRDA:162,0,180,58
BRDA:162,0,181,57
BRDA:162,0,182,48
BRDA:162,0,183,48
BRDA:162,0,184,44
BRDA:162,0,185,43
BRDA:162,0,186,39
BRDA:162,0,187,38
BRDA:162,0,188,45
BRDA:162,0,189,45
BRDA:162,0,190,42
BRDA:162,0,191,41
BRDA:162,0,192,42
BRDA:162,0,193,41
BRDA:162,0,194,51
BRDA:162,0,195,51
BRDA:162,0,196,34
BRDA:162,0,197,34
BRDA:162,0,198,42
BRDA:162,0,199,42
BRDA:162,0,200,53
BRDA:162,0,201,53
BRDA:162,0,202,47
BRDA:162,0,203,46
BRDA:162,0,204,49
BRDA:162,0,205,48
BRDA:162,0,206,55
BRDA:162,0,207,54
BRDA:162,0,208,51
BRDA:162,0,209,51
BRDA:162,0,210,51
BRDA:162,0,211,51
BRDA:162,0,212,50
BRDA:162,0,213,50
BRDA:162,0,214,51
BRDA:162,0,215,50
BRDA:162,0,216,35
BRDA:162,0,217,35
BRDA:162,0,218,40
BRDA:162,0,219,40
BRDA:162,0,220,54
BRDA:162,0,221,53
BRDA:162,0,222,43
BRDA:162,0,223,42
BRDA:162,0,224,54
BRDA:162,0,225,54
BRDA:162,0,226,36
BRDA:162,0,227,36
BRDA:162,0,228,47
BRDA:162,0,229,47
BRDA:162,0,230,44
BRDA:162,0,231,44
BRDA:162,0,232,39
BRDA:162,0,233,39
BRDA:162,0,234,48
BRDA:162,0,235,48
BRDA:162,0,236,36
BRDA:162,0,237,36
BRDA:162,0,238,41
BRDA:162,0,239,41
BRDA:162,0,240,54
BRDA:162,0,241,53
BRDA:162,0,242,48
BRDA:162,0,243,48
BRDA:162,0,244,49
BRDA:162,0,245,48
BRDA:162,0,246,49
BRDA:162,0,247,49
BRDA:162,0,248,42
BRDA:162,0,249,42
BRDA:162,0,250,43
BRDA:162,0,251,43
BRDA:162,0,252,51
BRDA:162,0,253,50
BRDA:162,0,254,46
BRDA:162,0,255,45
BRDA:162,0,256,45
BRDA:162,0,257,44
BRDA:162,0,258,43
BRDA:162,0,259,43
BRDA:162,0,260,40
BRDA:162,0,261,40
BRDA:162,0,262,48
BRDA:162,0,263,48
BRDA:162,0,264,41
BRDA:162,0,265,40
BRDA:162,0,266,48
BRDA:162,0,267,48
BRDA:162,0,268,46
BRDA:162,0,269,46
BRDA:162,0,270,40
BRDA:162,0,271,40
BRDA:162,0,272,49
BRDA:162,0,273,49
BRDA:162,0,274,46
BRDA:162,0,275,46
BRDA:162,0,276,48
BRDA:162,0,277,47
BRDA:162,0,278,52
BRDA:162,0,279,52
BRDA:162,0,280,40
BRDA:162,0,281,40
BRDA:162,0,282,41
BRDA:162,0,283,40
BRDA:162,0,284,37
BRDA:162,0,285,37
BRDA:162,0,286,44
BRDA:162,0,287,43
BRDA:162,0,288,51
BRDA:162,0,289,50
BRDA:162,0,290,33
BRDA:162,0,291,33
BRDA:162,0,292,38
BRDA:162,0,293,37
BRDA:162,0,294,45
BRDA:162,0,295,45
BRDA:162,0,296,49
BRDA:162,0,297,49
BRDA:162,0,298,41
BRDA:162,0,299,41
BRDA:162,0,300,46
BRDA:162,0,301,46
BRDA:162,0,302,43
BRDA:162,0,303,43
BRDA:162,0,304,41
BRDA:162,0,305,40
BRDA:162,0,306,49
BRDA:162,0,307,49
BRDA:162,0,308,47
BRDA:162,0,309,47
BRDA:162,0,310,56
BRDA:162,0,311,55
BRDA:162,0,312,49
BRDA:162,0,313,49
BRDA:162,0,314,43
BRDA:162,0,315,42
BRDA:162,0,316,40
BRDA:162,0,317,39
BRDA:162,0,318,42
BRDA:162,0,319,41
BRDA:162,0,320,35
BRDA:162,0,321,35
BRDA:162,0,322,36
BRDA:162,0,323,36
BRDA:162,0,324,52
BRDA:162,0,325,52
BRDA:162,0,326,38
BRDA:162,0,327,38
BRDA:162,0,328,46
BRDA:162,0,329,46
BRDA:162,0,330,46
BRDA:162,0,331,46
BRDA:162,0,332,37
BRDA:162,0,333,36
BRDA:162,0,334,49
BRDA:162,0,335,49
BRDA:162,0,336,39
BRDA:162,0,337,38
BRDA:162,0,338,53
BRDA:162,0,339,53
BRDA:162,0,340,44
BRDA:162,0,341,44
BRDA:162,0,342,38
BRDA:162,0,343,38
BRDA:162,0,344,38
BRDA:162,0,345,37
BRDA:162,0,346,37
BRDA:162,0,347,37
BRDA:162,0,348,33
BRDA:162,0,349,32
BRDA:162,0,350,35
BRDA:162,0,351,34
BRDA:162,0,352,44
BRDA:162,0,353,43
BRDA:162,0,354,54
BRDA:162,0,355,54
BRDA:162,0,356,42
BRDA:162,0,357,42
BRDA:162,0,358,47
BRDA:162,0,359,46
BRDA:162,0,360,53
BRDA:162,0,361,52
BRDA:162,0,362,35
BRDA:162,0,363,35
BRDA:162,0,364,52
BRDA:162,0,365,51
BRDA:162,0,366,47
BRDA:162,0,367,46
BRDA:162,0,368,52
BRDA:162,0,369,52
BRDA:162,0,370,43
BRDA:162,0,371,42
BRDA:162,0,372,30
BRDA:162,0,373,29
BRDA:162,0,374,34
BRDA:162,0,375,34
BRDA:162,0,376,40
BRDA:162,0,377,40
BRDA:162,0,378,45
BRDA:162,0,379,44
BRDA:162,0,380,34
BRDA:162,0,381,33
BRDA:162,0,382,34
BRDA:162,0,383,33
BRDA:162,0,384,51
BRDA:162,0,385,50
BRDA:162,0,386,35
BRDA:162,0,387,35
BRDA:162,0,388,53
BRDA:162,0,389,52
BRDA:162,0,390,53
BRDA:162,0,391,52
BRDA:162,0,392,38
BRDA:162,0,393,38
BRDA:162,0,394,52
BRDA:162,0,395,51
BRDA:162,0,396,51
BRDA:162,0,397,51
BRDA:162,0,398,53
BRDA:162,0,399,52
BRDA:162,0,400,52
BRDA:162,0,401,51
BRDA:162,0,402,38
BRDA:162,0,403,38
BRDA:162,0,404,34
BRDA:162,0,405,33
BRDA:162,0,406,48
BRDA:162,0,407,48
BRDA:162,0,408,40
BRDA:162,0,409,39
BRDA:162,0,410,35
BRDA:162,0,411,34
BRDA:162,0,412,40
BRDA:162,0,413,40
BRDA:162,0,414,43
BRDA:162,0,415,42
BRDA:162,0,416,49
BRDA:162,0,417,48
BRDA:162,0,418,49
BRDA:162,0,419,48
BRDA:162,0,420,47
BRDA:162,0,421,47
BRDA:162,0,422,47
BRDA:162,0,423,47
BRDA:162,0,424,46
BRDA:162,0,425,46
BRDA:162,0,426,48
BRDA:162,0,427,48
BRDA:162,0,428,30
BRDA:162,0,429,29
BRDA:162,0,430,44
BRDA:162,0,431,43
BRDA:162,0,432,39
BRDA:162,0,433,38
BRDA:162,0,434,48
BRDA:162,0,435,47
BRDA:162,0,436,33
BRDA:162,0,437,32
BRDA:162,0,438,47
BRDA:162,0,439,46
BRDA:162,0,440,40
BRDA:162,0,441,39
BRDA:162,0,442,53
BRDA:162,0,443,52
BRDA:162,0,444,50
BRDA:162,0,445,49
BRDA:162,0,446,35
BRDA:162,0,447,35
BRDA:162,0,448,48
BRDA:162,0,449,48
BRDA:162,0,450,47
BRDA:162,0,451,47
BRDA:162,0,452,50
BRDA:162,0,453,50
BRDA:162,0,454,37
BRDA:162,0,455,36
BRDA:162,0,456,41
BRDA:162,0,457,40
BRDA:162,0,458,45
BRDA:162,0,459,45
BRDA:162,0,460,49
BRDA:162,0,461,48
BRDA:162,0,462,48
BRDA:162,0,463,48
BRDA:162,0,464,46
BRDA:162,0,465,46
BRDA:162,0,466,39
BRDA:162,0,467,39
BRDA:162,0,468,34
BRDA:162,0,469,33
BRDA:162,0,470,35
BRDA:162,0,471,35
BRDA:162,0,472,49
BRDA:162,0,473,49
BRDA:162,0,474,53
BRDA:162,0,475,53
BRDA:162,0,476,43
BRDA:162,0,477,43
BRDA:162,0,478,46
BRDA:162,0,479,45
BRDA:162,0,480,51
BRDA:162,0,481,51
BRDA:162,0,482,50
BRDA:162,0,483,50
BRDA:162,0,484,40
BRDA:162,0,485,39
BRDA:162,0,486,47
BRDA:162,0,487,47
BRDA:162,0,488,45
BRDA:162,0,489,44
BRDA:162,0,490,31
BRDA:162,0,491,31
BRDA:162,0,492,40
BRDA:162,0,493,40
BRDA:162,0,494,52
BRDA:162,0,495,51
BRDA:162,0,496,33
BRDA:162,0,497,32
BRDA:162,0,498,53
BRDA:162,0,499,52
BRDA:162,0,500,48
BRDA:162,0,501,48
BRDA:162,0,502,34
BRDA:162,0,503,33
BRDA:162,0,504,42
BRDA:162,0,505,42
BRDA:162,0,506,38
BRDA:162,0,507,38
BRDA:162,0,508,47
BRDA:162,0,509,46
BRDA:162,0,510,37
BRDA:162,0,511,37
DA:163,2082
BRDA:163,0,0,1955
BRDA:163,0,1,1954
BRDA:163,0,2,2064
BRDA:163,0,3,2063
BRDA:163,0,4,1987
BRDA:163,0,5,1987
BRDA:163,0,6,2023
BRDA:163,0,7,2022
BRDA:163,0,8,2028
BRDA:163,0,9,2028
BRDA:163,0,10,1974
BRDA:163,0,11,1973
BRDA:163,0,12,1966
BRDA:163,0,13,1965
BRDA:163,0,14,2006
BRDA:163,0,15,2006
BRDA:163,0,16,1949
BRDA:163,0,17,1949
BRDA:163,0,18,1987
BRDA:163,0,19,1986
BRDA:163,0,20,2008
BRDA:163,0,21,2007
BRDA:163,0,22,1961
BRDA:163,0,23,1961
BRDA:163,0,24,2006
BRDA:163,0,25,2005
BRDA:163,0,26,1926
BRDA:163,0,27,1926
BRDA:163,0,28,1967
BRDA:163,0,29,1967
BRDA:163,0,30,1948
BRDA:163,0,31,1948
BRDA:163,0,32,1969
BRDA:163,0,33,1969
BRDA:163,0,34,1961
BRDA:163,0,35,1960
BRDA:163,0,36,1942
BRDA:163,0,37,1941
BRDA:163,0,38,1983
BRDA:163,0,39,1982
BRDA:163,0,40,1942
BRDA:163,0,41,1941
BRDA:163,0,42,1994
BRDA:163,0,43,1993
BRDA:163,0,44,2001
BRDA:163,0,45,2001
BRDA:163,0,46,1959
BRDA:163,0,47,1959
BRDA:163,0,48,1958
BRDA:163,0,49,1958
BRDA:163,0,50,1927
BRDA:163,0,51,1927
BRDA:163,0,52,1992
BRDA:163,0,53,1991
BRDA:163,0,54,1936
BRDA:163,0,55,1936
BRDA:163,0,56,1938
BRDA:163,0,57,1938
BRDA:163,0,58,1993
BRDA:163,0,59,1993
BRDA:163,0,60,1956
BRDA:163,0,61,1956
BRDA:163,0,62,1931
BRDA:163,0,63,1931
BRDA:163,0,64,1940
BRDA:163,0,65,1940
BRDA:163,0,66,2060
BRDA:163,0,67,2060
BRDA:163,0,68,2003
BRDA:163,0,69,2003
BRDA:163,0,70,2022
BRDA:163,0,71,2022
BRDA:163,0,72,2011
BRDA:163,0,73,2010
BRDA:163,0,74,1980
BRDA:163,0,75,1980
BRDA:163,0,76,1963
BRDA:163,0,77,1962
BRDA:163,0,78,1995
BRDA:163,0,79,1994
BRDA:163,0,80,1954
BRDA:163,0,81,1953
BRDA:163,0,82,2000
BRDA:163,0,83,2000
BRDA:163,0,84,2009
BRDA:163,0,85,2009
BRDA:163,0,86,1953
BRDA:163,0,87,1952
BRDA:163,0,88,1996
BRDA:163,0,89,1996
BRDA:163,0,90,1946
BRDA:163,0,91,1945
BRDA:163,0,92,1992
BRDA:163,0,93,1991
BRDA:163,0,94,1953
BRDA:163,0,95,1952
BRDA:163,0,96,1993
BRDA:163,0,97,1993
BRDA:163,0,98,1943
BRDA:163,0,99,1943
BRDA:163,0,100,1943
BRDA:163,0,101,1942
BRDA:163,0,102,1972
BRDA:163,0,103,1971
BRDA:163,0,104,1967
BRDA:163,0,105,1966
BRDA:163,0,106,1983
BRDA:163,0,107,1983
BRDA:163,0,108,2004
BRDA:163,0,109,2003
BRDA:163,0,110,1962
BRDA:163,0,111,1962
BRDA:163,0,112,1965
BRDA:163,0,113,1964
BRDA:163,0,114,1915
BRDA:163,0,115,1915
BRDA:163,0,116,1971
BRDA:163,0,117,1970
BRDA:163,0,118,1936
BRDA:163,0,119,1936
BRDA:163,0,120,1935
BRDA:163,0,121,1934
BRDA:163,0,122,2018
BRDA:163,0,123,2017
BRDA:163,0,124,1946
BRDA:163,0,125,1946
BRDA:163,0,126,1921
BRDA:163,0,127,1921
BRDA:163,0,128,1919
BRDA:163,0,129,1919
BRDA:163,0,130,2064
BRDA:163,0,131,2064
BRDA:163,0,132,1992
BRDA:163,0,133,1991
BRDA:163,0,134,2036
BRDA:163,0,135,2035
BRDA:163,0,136,2005
BRDA:163,0,137,2005
BRDA:163,0,138,1992
BRDA:163,0,139,1991
BRDA:163,0,140,1939
BRDA:163,0,141,1939
BRDA:163,0,142,2003
BRDA:163,0,143,2003
BRDA:163,0,144,1951
BRDA:163,0,145,1951
BRDA:163,0,146,1984
BRDA:163,0,147,1984
BRDA:163,0,148,2011
BRDA:163,0,149,2011
BRDA:163,0,150,1978
BRDA:163,0,151,1977
BRDA:163,0,152,2003
BRDA:163,0,153,2002
BRDA:163,0,154,1929
BRDA:163,0,155,1928
BRDA:163,0,156,1975
BRDA:163,0,157,1974
BRDA:163,0,158,1952
BRDA:163,0,159,1951
BRDA:163,0,160,1983
BRDA:163,0,161,1983
BRDA:163,0,162,1943
BRDA:163,0,163,1942
BRDA:163,0,164,1954
BRDA:163,0,165,1953
BRDA:163,0,166,1950
BRDA:163,0,167,1950
BRDA:163,0,168,1957
BRDA:163,0,169,1956
BRDA:163,0,170,1975
BRDA:163,0,171,1975
BRDA:163,0,172,2004
BRDA:163,0,173,2004
BRDA:163,0,174,1967
BRDA:163,0,175,1966
BRDA:163,0,176,1973
BRDA:163,0,177,1973
BRDA:163,0,178,1897
BRDA:163,0,179,1896
BRDA:163,0,180,1999
BRDA:163,0,181,1999
BRDA:163,0,182,1949
BRDA:163,0,183,1948
BRDA:163,0,184,1951
BRDA:163,0,185,1950
BRDA:163,0,186,2006
BRDA:163,0,187,2006
BRDA:163,0,188,1955
BRDA:163,0,189,1955
BRDA:163,0,190,1907
BRDA:163,0,191,1907
BRDA:163,0,192,1913
BRDA:163,0,193,1912
BRDA:163,0,194,2082
BRDA:163,0,195,2081
BRDA:163,0,196,1997
BRDA:163,0,197,1996
BRDA:163,0,198,2023
BRDA:163,0,199,2023
BRDA:163,0,200,2006
BRDA:163,0,201,2006
BRDA:163,0,202,1990
BRDA:163,0,203,1990
BRDA:163,0,204,1930
BRDA:163,0,205,1929
BRDA:163,0,206,2020
BRDA:163,0,207,2019
BRDA:163,0,208,1932
BRDA:163,0,209,1931
BRDA:163,0,210,1981
BRDA:163,0,211,1981
BRDA:163,0,212,2005
BRDA:163,0,213,2005
BRDA:163,0,214,1971
BRDA:163,0,215,1970
BRDA:163,0,216,1990
BRDA:163,0,217,1989
BRDA:163,0,218,1943
BRDA:163,0,219,1943
BRDA:163,0,220,1976
BRDA:163,0,221,1976
BRDA:163,0,222,1945
BRDA:163,0,223,1944
BRDA:163,0,224,2006
BRDA:163,0,225,2005
BRDA:163,0,226,1940
BRDA:163,0,227,1940
BRDA:163,0,228,1959
BRDA:163,0,229,1959
BRDA:163,0,230,1964
BRDA:163,0,231,1964
BRDA:163,0,232,1954
BRDA:163,0,233,1954
BRDA:163,0,234,1980
BRDA:163,0,235,1980
BRDA:163,0,236,1992
BRDA:163,0,237,1991
BRDA:163,0,238,1954
BRDA:163,0,239,1954
BRDA:163,0,240,1995
BRDA:163,0,241,1994
BRDA:163,0,242,1928
BRDA:163,0,243,1927
BRDA:163,0,244,1966
BRDA:163,0,245,1965
BRDA:163,0,246,1936
BRDA:163,0,247,1936
BRDA:163,0,248,1970
BRDA:163,0,249,1970
BRDA:163,0,250,1989
BRDA:163,0,251,1988
BRDA:163,0,252,1957
BRDA:163,0,253,1957
BRDA:163,0,254,1919
BRDA:163,0,255,1919
BRDA:163,0,256,1972
BRDA:163,0,257,1971
BRDA:163,0,258,1878
BRDA:163,0,259,1877
BRDA:163,0,260,1951
BRDA:163,0,261,1951
BRDA:163,0,262,1985
BRDA:163,0,263,1985
BRDA:163,0,264,1976
BRDA:163,0,265,1975
BRDA:163,0,266,2013
BRDA:163,0,267,2013
BRDA:163,0,268,1958
BRDA:163,0,269,1958
BRDA:163,0,270,1931
BRDA:163,0,271,1931
BRDA:163,0,272,1960
BRDA:163,0,273,1960
BRDA:163,0,274,1976
BRDA:163,0,275,1975
BRDA:163,0,276,1949
BRDA:163,0,277,1949
BRDA:163,0,278,1989
BRDA:163,0,279,1988
BRDA:163,0,280,1962
BRDA:163,0,281,1962
BRDA:163,0,282,1932
BRDA:163,0,283,1932
BRDA:163,0,284,2015
BRDA:163,0,285,2014
BRDA:163,0,286,1964
BRDA:163,0,287,1964
BRDA:163,0,288,1941
BRDA:163,0,289,1940
BRDA:163,0,290,1962
BRDA:163,0,291,1962
BRDA:163,0,292,1970
BRDA:163,0,293,1970
BRDA:163,0,294,1897
BRDA:163,0,295,1897
BRDA:163,0,296,1973
BRDA:163,0,297,1972
BRDA:163,0,298,1895
BRDA:163,0,299,1895
BRDA:163,0,300,1975
BRDA:163,0,301,1974
BRDA:163,0,302,1958
BRDA:163,0,303,1957
BRDA:163,0,304,1973
BRDA:163,0,305,1972
BRDA:163,0,306,2001
BRDA:163,0,307,2000
BRDA:163,0,308,2002
BRDA:163,0,309,2001
BRDA:163,0,310,2013
BRDA:163,0,311,2013
BRDA:163,0,312,1960
BRDA:163,0,313,1959
BRDA:163,0,314,2000
BRDA:163,0,315,1999
BRDA:163,0,316,1978
BRDA:163,0,317,1978
BRDA:163,0,318,1997
BRDA:163,0,319,1997
BRDA:163,0,320,1948
BRDA:163,0,321,1947
BRDA:163,0,322,1877
BRDA:163,0,323,1877
BRDA:163,0,324,1968
BRDA:163,0,325,1968
BRDA:163,0,326,1965
BRDA:163,0,327,1964
BRDA:163,0,328,1993
BRDA:163,0,329,1992
BRDA:163,0,330,2004
BRDA:163,0,331,2003
BRDA:163,0,332,1946
BRDA:163,0,333,1945
BRDA:163,0,334,1949
BRDA:163,0,335,1949
BRDA:163,0,336,1955
BRDA:163,0,337,1955
BRDA:163,0,338,1952
BRDA:163,0,339,1952
BRDA:163,0,340,1965
BRDA:163,0,341,1965
BRDA:163,0,342,1976
BRDA:163,0,343,1976
BRDA:163,0,344,1939
BRDA:163,0,345,1938
BRDA:163,0,346,1925
BRDA:163,0,347,1924
BRDA:163,0,348,2005
BRDA:163,0,349,2004
BRDA:163,0,350,1954
BRDA:163,0,351,1953
BRDA:163,0,352,1939
BRDA:163,0,353,1939
BRDA:163,0,354,1985
BRDA:163,0,355,1985
BRDA:163,0,356,1965
BRDA:163,0,357,1964
BRDA:163,0,358,1929
BRDA:163,0,359,1929
BRDA:163,0,360,1959
BRDA:163,0,361,1959
BRDA:163,0,362,1898
BRDA:163,0,363,1898
BRDA:163,0,364,1975
BRDA:163,0,365,1975
BRDA:163,0,366,1956
BRDA:163,0,367,1955
BRDA:163,0,368,1995
BRDA:163,0,369,1995
BRDA:163,0,370,1992
BRDA:163,0,371,1991
BRDA:163,0,372,2005
BRDA:163,0,373,2005
BRDA:163,0,374,2014
BRDA:163,0,375,2014
BRDA:163,0,376,1957
BRDA:163,0,377,1956
BRDA:163,0,378,2026
BRDA:163,0,379,2025
BRDA:163,0,380,1972
BRDA:163,0,381,1972
BRDA:163,0,382,1980
BRDA:163,0,383,1979
BRDA:163,0,384,1988
BRDA:163,0,385,1987
BRDA:163,0,386,1868
BRDA:163,0,387,1867
BRDA:163,0,388,1957
BRDA:163,0,389,1956
BRDA:163,0,390,1997
BRDA:163,0,391,1997
BRDA:163,0,392,1993
BRDA:163,0,393,1993
BRDA:163,0,394,2013
BRDA:163,0,395,2012
BRDA:163,0,396,1955
BRDA:163,0,397,1955
BRDA:163,0,398,1931
BRDA:163,0,399,1931
BRDA:163,0,400,1963
BRDA:163,0,401,1962
BRDA:163,0,402,1958
BRDA:163,0,403,1958
BRDA:163,0,404,1958
BRDA:163,0,405,1958
BRDA:163,0,406,2000
BRDA:163,0,407,2000
BRDA:163,0,408,1945
BRDA:163,0,409,1944
BRDA:163,0,410,1912
BRDA:163,0,411,1912
BRDA:163,0,412,1999
BRDA:163,0,413,1999
BRDA:163,0,414,1987
BRDA:163,0,415,1987
BRDA:163,0,416,1923
BRDA:163,0,417,1922
BRDA:163,0,418,1972
BRDA:163,0,419,1971
BRDA:163,0,420,1981
BRDA:163,0,421,1981
BRDA:163,0,422,1908
BRDA:163,0,423,1908
BRDA:163,0,424,1944
BRDA:163,0,425,1943
BRDA:163,0,426,1892
BRDA:163,0,427,1892
BRDA:163,0,428,1980
BRDA:163,0,429,1980
BRDA:163,0,430,1946
BRDA:163,0,431,1945
BRDA:163,0,432,1984
BRDA:163,0,433,1984
BRDA:163,0,434,1987
BRDA:163,0,435,1986
BRDA:163,0,436,2004
BRDA:163,0,437,2003
BRDA:163,0,438,2039
BRDA:163,0,439,2038
BRDA:163,0,440,1951
BRDA:163,0,441,1950
BRDA:163,0,442,2009
BRDA:163,0,443,2008
BRDA:163,0,444,1990
BRDA:163,0,445,1989
BRDA:163,0,446,1980
BRDA:163,0,447,1979
BRDA:163,0,448,1971
BRDA:163,0,449,1970
BRDA:163,0,450,1894
BRDA:163,0,451,1893
BRDA:163,0,452,1938
BRDA:163,0,453,1938
BRDA:163,0,454,2004
BRDA:163,0,455,2004
BRDA:163,0,456,1977
BRDA:163,0,457,1977
BRDA:163,0,458,2005
BRDA:163,0,459,2004
BRDA:163,0,460,1947
BRDA:163,0,461,1946
BRDA:163,0,462,1937
BRDA:163,0,463,1936
BRDA:163,0,464,1969
BRDA:163,0,465,1969
BRDA:163,0,466,1943
BRDA:163,0,467,1943
BRDA:163,0,468,1940
BRDA:163,0,469,1939
BRDA:163,0,470,1992
BRDA:163,0,471,1992
BRDA:163,0,472,1923
BRDA:163,0,473,1922
BRDA:163,0,474,1943
BRDA:163,0,475,1943
BRDA:163,0,476,2025
BRDA:163,0,477,2025
BRDA:163,0,478,1958
BRDA:163,0,479,1958
BRDA:163,0,480,1911
BRDA:163,0,481,1911
BRDA:163,0,482,1958
BRDA:163,0,483,1957
BRDA:163,0,484,1992
BRDA:163,0,485,1991
BRDA:163,0,486,1905
BRDA:163,0,487,1905
BRDA:163,0,488,1943
BRDA:163,0,489,1942
BRDA:163,0,490,1886
BRDA:163,0,491,1885
BRDA:163,0,492,1955
BRDA:163,0,493,1954
BRDA:163,0,494,1967
BRDA:163,0,495,1967
BRDA:163,0,496,1985
BRDA:163,0,497,1984
BRDA:163,0,498,1979
BRDA:163,0,499,1979
BRDA:163,0,500,2019
BRDA:163,0,501,2019
BRDA:163,0,502,2047
BRDA:163,0,503,2047
BRDA:163,0,504,1933
BRDA:163,0,505,1933
BRDA:163,0,506,2006
BRDA:163,0,507,2006
BRDA:163,0,508,1981
BRDA:163,0,509,1981
BRDA:163,0,510,1961
BRDA:163,0,511,1960
DA:164,3872
BRDA:164,0,0,3872
BRDA:164,0,1,3872
BRDA:164,0,2,1936
BRDA:164,0,3,1936
BRDA:164,0,4,968
BRDA:164,0,5,968
BRDA:164,0,6,484
BRDA:164,0,7,484
BRDA:164,0,8,242
BRDA:164,0,9,242
BRDA:164,0,10,121
BRDA:164,0,11,121
BRDA:164,0,12,121
BRDA:164,0,13,120
DA:166,1799
BRDA:166,0,0,1757
BRDA:166,0,1,1757
BRDA:166,0,2,1440
BRDA:166,0,3,1439
BRDA:166,0,4,1428
BRDA:166,0,5,1428
BRDA:166,0,6,1477
BRDA:166,0,7,1477
BRDA:166,0,8,1482
BRDA:166,0,9,1481
BRDA:166,0,10,1440
BRDA:166,0,11,1440
BRDA:166,0,12,1491
BRDA:166,0,13,1491
BRDA:166,0,14,1440
BRDA:166,0,15,1439
BRDA:166,0,16,1500
BRDA:166,0,17,1500
BRDA:166,0,18,1455
BRDA:166,0,19,1454
BRDA:166,0,20,1511
BRDA:166,0,21,1511
BRDA:166,0,22,1799
BRDA:166,0,23,1798
BRDA:166,0,24,1501
BRDA:166,0,25,1501
BRDA:166,0,26,1488
BRDA:166,0,27,1488
BRDA:166,0,28,1462
BRDA:166,0,29,1462
BRDA:166,0,30,1356
BRDA:166,0,31,1356
BRDA:166,0,32,1369
BRDA:166,0,33,1369
BRDA:166,0,34,1464
BRDA:166,0,35,1464
BRDA:166,0,36,1521
BRDA:166,0,37,1521
BRDA:166,0,38,1404
BRDA:166,0,39,1404
BRDA:166,0,40,1435
BRDA:166,0,41,1435
BRDA:166,0,42,1453
BRDA:166,0,43,1452
BRDA:166,0,44,1632
BRDA:166,0,45,1632
BRDA:166,0,46,1508
BRDA:166,0,47,1508
BRDA:166,0,48,1434
BRDA:166,0,49,1434
BRDA:166,0,50,1569
BRDA:166,0,51,1569
BRDA:166,0,52,1531
BRDA:166,0,53,1530
BRDA:166,0,54,1455
BRDA:166,0,55,1455
BRDA:166,0,56,1468
BRDA:166,0,57,1467
BRDA:166,0,58,1484
BRDA:166,0,59,1484
BRDA:166,0,60,1464
BRDA:166,0,61,1464
BRDA:166,0,62,1424
BRDA:166,0,63,1424
DA:168,28
BRDA:168,0,0,28
BRDA:168,0,1,28
DA:169,0
BRDA:169,0,0,0
BRDA:169,0,1,0
DA:170,6
BRDA:170,0,0,4
BRDA:170,0,1,4
BRDA:170,0,2,5
BRDA:170,0,3,5
BRDA:170,0,4,3
BRDA:170,0,5,3
BRDA:170,0,6,2
BRDA:170,0,7,2
BRDA:170,0,8,4
BRDA:170,0,9,4
BRDA:170,0,10,4
BRDA:170,0,11,4
BRDA:170,0,12,3
BRDA:170,0,13,3
BRDA:170,0,14,3
BRDA:170,0,15,3
BRDA:170,0,16,4
BRDA:170,0,17,4
BRDA:170,0,18,2
BRDA:170,0,19,2
BRDA:170,0,20,4
BRDA:170,0,21,4
BRDA:170,0,22,3
BRDA:170,0,23,3
BRDA:170,0,24,3
BRDA:170,0,25,3
BRDA:170,0,26,3
BRDA:170,0,27,3
BRDA:170,0,28,1
BRDA:170,0,29,1
BRDA:170,0,30,2
BRDA:170,0,31,2
BRDA:170,0,32,4
BRDA:170,0,33,4
BRDA:170,0,34,3
BRDA:170,0,35,3
BRDA:170,0,36,2
BRDA:170,0,37,2
BRDA:170,0,38,3
BRDA:170,0,39,3
BRDA:170,0,40,6
BRDA:170,0,41,6
BRDA:170,0,42,1
BRDA:170,0,43,1
BRDA:170,0,44,3
BRDA:170,0,45,3
BRDA:170,0,46,3
BRDA:170,0,47,3
BRDA:170,0,48,5
BRDA:170,0,49,5
BRDA:170,0,50,3
BRDA:170,0,51,3
BRDA:170,0,52,3
BRDA:170,0,53,3
BRDA:170,0,54,2
BRDA:170,0,55,2
BRDA:170,0,56,4
BRDA:170,0,57,4
BRDA:170,0,58,5
BRDA:170,0,59,5
BRDA:170,0,60,3
BRDA:170,0,61,3
BRDA:170,0,62,5
BRDA:170,0,63,5
BRDA:170,0,64,2
BRDA:170,0,65,2
BRDA:170,0,66,3
BRDA:170,0,67,3
BRDA:170,0,68,3
BRDA:170,0,69,3
BRDA:170,0,70,3
BRDA:170,0,71,3
BRDA:170,0,72,4
BRDA:170,0,73,4
BRDA:170,0,74,4
BRDA:170,0,75,4
BRDA:170,0,76,3
BRDA:170,0,77,3
BRDA:170,0,78,3
BRDA:170,0,79,3
BRDA:170,0,80,4
BRDA:170,0,81,4
BRDA:170,0,82,3
BRDA:170,0,83,3
BRDA:170,0,84,4
BRDA:170,0,85,4
BRDA:170,0,86,3
BRDA:170,0,87,3
BRDA:170,0,88,5
BRDA:170,0,89,5
BRDA:170,0,90,3
BRDA:170,0,91,3
BRDA:170,0,92,3
BRDA:170,0,93,3
BRDA:170,0,94,2
BRDA:170,0,95,2
BRDA:170,0,96,3
BRDA:170,0,97,3
BRDA:170,0,98,3
BRDA:170,0,99,3
BRDA:170,0,100,5
BRDA:170,0,101,5
BRDA:170,0,102,2
BRDA:170,0,103,2
BRDA:170,0,104,3
BRDA:170,0,105,3
BRDA:170,0,106,2
BRDA:170,0,107,2
BRDA:170,0,108,4
BRDA:170,0,109,4
BRDA:170,0,110,1
BRDA:170,0,111,1
BRDA:170,0,112,4
BRDA:170,0,113,4
BRDA:170,0,114,5
BRDA:170,0,115,5
BRDA:170,0,116,5
BRDA:170,0,117,5
BRDA:170,0,118,2
BRDA:170,0,119,2
BRDA:170,0,120,5
BRDA:170,0,121,5
BRDA:170,0,122,2
BRDA:170,0,123,2
BRDA:170,0,124,3
BRDA:170,0,125,3
BRDA:170,0,126,4
BRDA:170,0,127,4
BRDA:170,0,128,4
BRDA:170,0,129,4
BRDA:170,0,130,3
BRDA:170,0,131,3
BRDA:170,0,132,4
BRDA:170,0,133,4
BRDA:170,0,134,3
BRDA:170,0,135,3
BRDA:170,0,136,2
BRDA:170,0,137,2
BRDA:170,0,138,3
BRDA:170,0,139,3
BRDA:170,0,140,2
BRDA:170,0,141,2
BRDA:170,0,142,3
BRDA:170,0,143,3
BRDA:170,0,144,3
BRDA:170,0,145,3
BRDA:170,0,146,5
BRDA:170,0,147,5
BRDA:170,0,148,2
BRDA:170,0,149,2
BRDA:170,0,150,3
BRDA:170,0,151,3
BRDA:170,0,152,4
BRDA:170,0,153,4
BRDA:170,0,154,2
BRDA:170,0,155,2
BRDA:170,0,156,2
BRDA:170,0,157,2
BRDA:170,0,158,2
BRDA:170,0,159,2
BRDA:170,0,160,3
BRDA:170,0,161,3
BRDA:170,0,162,5
BRDA:170,0,163,5
BRDA:170,0,164,5
BRDA:170,0,165,5
BRDA:170,0,166,2
BRDA:170,0,167,2
BRDA:170,0,168,3
BRDA:170,0,169,3
BRDA:170,0,170,3
BRDA:170,0,171,3
BRDA:170,0,172,3
BRDA:170,0,173,3
BRDA:170,0,174,6
BRDA:170,0,175,6
BRDA:170,0,176,5
BRDA:170,0,177,5
BRDA:170,0,178,3
BRDA:170,0,179,3
BRDA:170,0,180,4
BRDA:170,0,181,4
BRDA:170,0,182,1
BRDA:170,0,183,1
BRDA:170,0,184,5
BRDA:170,0,185,5
BRDA:170,0,186,2
BRDA:170,0,187,2
BRDA:170,0,188,4
BRDA:170,0,189,4
BRDA:170,0,190,3
BRDA:170,0,191,3
BRDA:170,0,192,4
BRDA:170,0,193,4
BRDA:170,0,194,2
BRDA:170,0,195,2
BRDA:170,0,196,3
BRDA:170,0,197,3
BRDA:170,0,198,4
BRDA:170,0,199,4
BRDA:170,0,200,4
BRDA:170,0,201,4
BRDA:170,0,202,4
BRDA:170,0,203,4
BRDA:170,0,204,3
BRDA:170,0,205,3
BRDA:170,0,206,2
BRDA:170,0,207,2
BRDA:170,0,208,3
BRDA:170,0,209,3
BRDA:170,0,210,4
BRDA:170,0,211,4
BRDA:170,0,212,3
BRDA:170,0,213,3
BRDA:170,0,214,5
BRDA:170,0,215,5
BRDA:170,0,216,1
BRDA:170,0,217,1
BRDA:170,0,218,3
BRDA:170,0,219,3
BRDA:170,0,220,2
BRDA:170,0,221,2
BRDA:170,0,222,2
BRDA:170,0,223,2
BRDA:170,0,224,2
BRDA:170,0,225,2
BRDA:170,0,226,1
BRDA:170,0,227,1
BRDA:170,0,228,3
BRDA:170,0,229,3
BRDA:170,0,230,4
BRDA:170,0,231,4
BRDA:170,0,232,3
BRDA:170,0,233,3
BRDA:170,0,234,4
BRDA:170,0,235,4
BRDA:170,0,236,3
BRDA:170,0,237,3
BRDA:170,0,238,2
BRDA:170,0,239,2
BRDA:170,0,240,3
BRDA:170,0,241,3
BRDA:170,0,242,3
BRDA:170,0,243,3
BRDA:170,0,244,3
BRDA:170,0,245,3
BRDA:170,0,246,4
BRDA:170,0,247,4
BRDA:170,0,248,2
BRDA:170,0,249,2
BRDA:170,0,250,4
BRDA:170,0,251,4
BRDA:170,0,252,2
BRDA:170,0,253,2
BRDA:170,0,254,0
BRDA:170,0,255,0
BRDA:170,0,256,4
BRDA:170,0,257,4
BRDA:170,0,258,4
BRDA:170,0,259,4
BRDA:170,0,260,2
BRDA:170,0,261,2
BRDA:170,0,262,5
BRDA:170,0,263,5
BRDA:170,0,264,3
BRDA:170,0,265,3
BRDA:170,0,266,3
BRDA:170,0,267,3
BRDA:170,0,268,4
BRDA:170,0,269,4
BRDA:170,0,270,3
BRDA:170,0,271,3
BRDA:170,0,272,2
BRDA:170,0,273,2
BRDA:170,0,274,3
BRDA:170,0,275,3
BRDA:170,0,276,4
BRDA:170,0,277,4
BRDA:170,0,278,2
BRDA:170,0,279,2
BRDA:170,0,280,1
BRDA:170,0,281,1
BRDA:170,0,282,5
BRDA:170,0,283,5
BRDA:170,0,284,1
BRDA:170,0,285,1
BRDA:170,0,286,4
BRDA:170,0,287,4
BRDA:170,0,288,3
BRDA:170,0,289,3
BRDA:170,0,290,1
BRDA:170,0,291,1
BRDA:170,0,292,3
BRDA:170,0,293,3
BRDA:170,0,294,2
BRDA:170,0,295,2
BRDA:170,0,296,4
BRDA:170,0,297,4
BRDA:170,0,298,4
BRDA:170,0,299,4
BRDA:170,0,300,4
BRDA:170,0,301,4
BRDA:170,0,302,2
BRDA:170,0,303,2
BRDA:170,0,304,4
BRDA:170,0,305,4
BRDA:170,0,306,5
BRDA:170,0,307,5
BRDA:170,0,308,1
BRDA:170,0,309,1
BRDA:170,0,310,3
BRDA:170,0,311,3
BRDA:170,0,312,2
BRDA:170,0,313,2
BRDA:170,0,314,6
BRDA:170,0,315,6
BRDA:170,0,316,3
BRDA:170,0,317,3
BRDA:170,0,318,3
BRDA:170,0,319,3
BRDA:170,0,320,4
BRDA:170,0,321,4
BRDA:170,0,322,4
BRDA:170,0,323,4
BRDA:170,0,324,2
BRDA:170,0,325,2
BRDA:170,0,326,2
BRDA:170,0,327,2
BRDA:170,0,328,4
BRDA:170,0,329,4
BRDA:170,0,330,3
BRDA:170,0,331,3
BRDA:170,0,332,4
BRDA:170,0,333,4
BRDA:170,0,334,3
BRDA:170,0,335,3
BRDA:170,0,336,3
BRDA:170,0,337,3
BRDA:170,0,338,4
BRDA:170,0,339,4
BRDA:170,0,340,3
BRDA:170,0,341,3
BRDA:170,0,342,4
BRDA:170,0,343,4
BRDA:170,0,344,4
BRDA:170,0,345,4
BRDA:170,0,346,2
BRDA:170,0,347,2
BRDA:170,0,348,4
BRDA:170,0,349,4
BRDA:170,0,350,5
BRDA:170,0,351,5
BRDA:170,0,352,4
BRDA:170,0,353,4
BRDA:170,0,354,1
BRDA:170,0,355,1
BRDA:170,0,356,4
BRDA:170,0,357,4
BRDA:170,0,358,5
BRDA:170,0,359,5
BRDA:170,0,360,4
BRDA:170,0,361,4
BRDA:170,0,362,2
BRDA:170,0,363,2
BRDA:170,0,364,1
BRDA:170,0,365,1
BRDA:170,0,366,4
BRDA:170,0,367,4
BRDA:170,0,368,5
BRDA:170,0,369,5
BRDA:170,0,370,3
BRDA:170,0,371,3
BRDA:170,0,372,2
BRDA:170,0,373,2
BRDA:170,0,374,4
BRDA:170,0,375,4
BRDA:170,0,376,2
BRDA:170,0,377,2
BRDA:170,0,378,2
BRDA:170,0,379,2
BRDA:170,0,380,3
BRDA:170,0,381,3
BRDA:170,0,382,3
BRDA:170,0,383,3
BRDA:170,0,384,4
BRDA:170,0,385,4
BRDA:170,0,386,5
BRDA:170,0,387,5
BRDA:170,0,388,1
BRDA:170,0,389,1
BRDA:170,0,390,2
BRDA:170,0,391,2
BRDA:170,0,392,4
BRDA:170,0,393,4
BRDA:170,0,394,2
BRDA:170,0,395,2
BRDA:170,0,396,5
BRDA:170,0,397,5
BRDA:170,0,398,1
BRDA:170,0,399,1
BRDA:170,0,400,5
BRDA:170,0,401,5
BRDA:170,0,402,4
BRDA:170,0,403,4
BRDA:170,0,404,4
BRDA:170,0,405,4
BRDA:170,0,406,2
BRDA:170,0,407,2
BRDA:170,0,408,1
BRDA:170,0,409,1
BRDA:170,0,410,2
BRDA:170,0,411,2
BRDA:170,0,412,4
BRDA:170,0,413,4
BRDA:170,0,414,4
BRDA:170,0,415,4
BRDA:170,0,416,6
BRDA:170,0,417,6
BRDA:170,0,418,1
BRDA:170,0,419,1
BRDA:170,0,420,4
BRDA:170,0,421,4
BRDA:170,0,422,3
BRDA:170,0,423,3
BRDA:170,0,424,3
BRDA:170,0,425,3
BRDA:170,0,426,2
BRDA:170,0,427,2
BRDA:170,0,428,3
BRDA:170,0,429,3
BRDA:170,0,430,3
BRDA:170,0,431,3
BRDA:170,0,432,4
BRDA:170,0,433,4
BRDA:170,0,434,5
BRDA:170,0,435,5
BRDA:170,0,436,2
BRDA:170,0,437,2
BRDA:170,0,438,3
BRDA:170,0,439,3
BRDA:170,0,440,2
BRDA:170,0,441,2
BRDA:170,0,442,3
BRDA:170,0,443,3
BRDA:170,0,444,2
BRDA:170,0,445,2
BRDA:170,0,446,3
BRDA:170,0,447,3
BRDA:170,0,448,3
BRDA:170,0,449,3
BRDA:170,0,450,4
BRDA:170,0,451,4
BRDA:170,0,452,2
BRDA:170,0,453,2
BRDA:170,0,454,1
BRDA:170,0,455,1
BRDA:170,0,456,3
BRDA:170,0,457,3
BRDA:170,0,458,3
BRDA:170,0,459,3
BRDA:170,0,460,3
BRDA:170,0,461,3
BRDA:170,0,462,4
BRDA:170,0,463,4
BRDA:170,0,464,3
BRDA:170,0,465,3
BRDA:170,0,466,3
BRDA:170,0,467,3
BRDA:170,0,468,2
BRDA:170,0,469,2
BRDA:170,0,470,5
BRDA:170,0,471,5
BRDA:170,0,472,5
BRDA:170,0,473,5
BRDA:170,0,474,4
BRDA:170,0,475,4
BRDA:170,0,476,2
BRDA:170,0,477,2
BRDA:170,0,478,2
BRDA:170,0,479,2
BRDA:170,0,480,3
BRDA:170,0,481,3
BRDA:170,0,482,3
BRDA:170,0,483,3
BRDA:170,0,484,2
BRDA:170,0,485,2
BRDA:170,0,486,3
BRDA:170,0,487,3
BRDA:170,0,488,2
BRDA:170,0,489,2
BRDA:170,0,490,5
BRDA:170,0,491,5
BRDA:170,0,492,5
BRDA:170,0,493,5
BRDA:170,0,494,3
BRDA:170,0,495,3
BRDA:170,0,496,3
BRDA:170,0,497,3
BRDA:170,0,498,3
BRDA:170,0,499,3
BRDA:170,0,500,3
BRDA:170,0,501,3
BRDA:170,0,502,0
BRDA:170,0,503,0
BRDA:170,0,504,4
BRDA:170,0,505,4
BRDA:170,0,506,4
BRDA:170,0,507,4
BRDA:170,0,508,2
BRDA:170,0,509,2
BRDA:170,0,510,2
BRDA:170,0,511,2
DA:171,0
BRDA:171,0,0,0
BRDA:171,0,1,0
DA:175,668
BRDA:175,0,0,0
BRDA:175,0,1,0
BRDA:175,0,2,21
BRDA:175,0,3,20
BRDA:175,0,4,9
BRDA:175,0,5,9
BRDA:175,0,6,3
BRDA:175,0,7,3
BRDA:175,0,8,0
BRDA:175,0,9,0
BRDA:175,0,10,0
BRDA:175,0,11,0
BRDA:175,0,12,0
BRDA:175,0,13,0
BRDA:175,0,14,0
BRDA:175,0,15,0
BRDA:175,0,16,0
BRDA:175,0,17,0
BRDA:175,0,18,0
BRDA:175,0,19,0
BRDA:175,0,20,0
BRDA:175,0,21,0
BRDA:175,0,22,0
BRDA:175,0,23,0
BRDA:175,0,24,0
BRDA:175,0,25,0
BRDA:175,0,26,0
BRDA:175,0,27,0
BRDA:175,0,28,0
BRDA:175,0,29,0
BRDA:175,0,30,0
BRDA:175,0,31,0
BRDA:175,0,32,0
BRDA:175,0,33,0
BRDA:175,0,34,0
BRDA:175,0,35,0
BRDA:175,0,36,0
BRDA:175,0,37,0
BRDA:175,0,38,0
BRDA:175,0,39,0
BRDA:175,0,40,0
BRDA:175,0,41,0
BRDA:175,0,42,0
BRDA:175,0,43,0
BRDA:175,0,44,0
BRDA:175,0,45,0
BRDA:175,0,46,0
BRDA:175,0,47,0
BRDA:175,0,48,0
BRDA:175,0,49,0
BRDA:175,0,50,0
BRDA:175,0,51,0
BRDA:175,0,52,0
BRDA:175,0,53,0
BRDA:175,0,54,0
BRDA:175,0,55,0
BRDA:175,0,56,0
BRDA:175,0,57,0
BRDA:175,0,58,0
BRDA:175,0,59,0
BRDA:175,0,60,0
BRDA:175,0,61,0
BRDA:175,0,62,0
BRDA:175,0,63,0
BRDA:175,0,64,0
BRDA:175,0,65,0
BRDA:175,0,66,0
BRDA:175,0,67,0
BRDA:175,0,68,0
BRDA:175,0,69,0
BRDA:175,0,70,0
BRDA:175,0,71,0
BRDA:175,0,72,0
BRDA:175,0,73,0
BRDA:175,0,74,0
BRDA:175,0,75,0
BRDA:175,0,76,0
BRDA:175,0,77,0
BRDA:175,0,78,0
BRDA:175,0,79,0
BRDA:175,0,80,0
BRDA:175,0,81,0
BRDA:175,0,82,0
BRDA:175,0,83,0
BRDA:175,0,84,0
BRDA:175,0,85,0
BRDA:175,0,86,0
BRDA:175,0,87,0
BRDA:175,0,88,0
BRDA:175,0,89,0
BRDA:175,0,90,0
BRDA:175,0,91,0
BRDA:175,0,92,0
BRDA:175,0,93,0
BRDA:175,0,94,0
BRDA:175,0,95,0
BRDA:175,0,96,0
BRDA:175,0,97,0
BRDA:175,0,98,0
BRDA:175,0,99,0
BRDA:175,0,100,0
BRDA:175,0,101,0
BRDA:175,0,102,0
BRDA:175,0,103,0
BRDA:175,0,104,0
BRDA:175,0,105,0
BRDA:175,0,106,0
BRDA:175,0,107,0
BRDA:175,0,108,0
BRDA:175,0,109,0
BRDA:175,0,110,668
BRDA:175,0,111,667
BRDA:175,0,112,0
BRDA:175,0,113,0
BRDA:175,0,114,0
BRDA:175,0,115,0
BRDA:175,0,116,0
BRDA:175,0,117,0
BRDA:175,0,118,0
BRDA:175,0,119,0
BRDA:175,0,120,335
BRDA:175,0,121,334
BRDA:175,0,122,166
BRDA:175,0,123,166
BRDA:175,0,124,84
BRDA:175,0,125,83
BRDA:175,0,126,42
BRDA:175,0,127,42
DA:177,2739
BRDA:177,0,0,2739
BRDA:177,0,1,2739
DA:178,1590
BRDA:178,0,0,1590
BRDA:178,0,1,1590
DA:179,1149
BRDA:179,0,0,1149
BRDA:179,0,1,1149
DA:180,1655
BRDA:180,0,0,0
BRDA:180,0,1,0
BRDA:180,0,2,0
BRDA:180,0,3,0
BRDA:180,0,4,0
BRDA:180,0,5,0
BRDA:180,0,6,0
BRDA:180,0,7,0
BRDA:180,0,8,0
BRDA:180,0,9,0
BRDA:180,0,10,0
BRDA:180,0,11,0
BRDA:180,0,12,0
BRDA:180,0,13,0
BRDA:180,0,14,0
BRDA:180,0,15,0
BRDA:180,0,16,0
BRDA:180,0,17,0
BRDA:180,0,18,0
BRDA:180,0,19,0
BRDA:180,0,20,0
BRDA:180,0,21,0
BRDA:180,0,22,0
BRDA:180,0,23,0
BRDA:180,0,24,0
BRDA:180,0,25,0
BRDA:180,0,26,0
BRDA:180,0,27,0
BRDA:180,0,28,0
BRDA:180,0,29,0
BRDA:180,0,30,0
BRDA:180,0,31,0
BRDA:180,0,32,0
BRDA:180,0,33,0
BRDA:180,0,34,0
BRDA:180,0,35,0
BRDA:180,0,36,0
BRDA:180,0,37,0
BRDA:180,0,38,0
BRDA:180,0,39,0
BRDA:180,0,40,0
BRDA:180,0,41,0
BRDA:180,0,42,0
BRDA:180,0,43,0
BRDA:180,0,44,1655
BRDA:180,0,45,1655
BRDA:180,0,46,0
BRDA:180,0,47,0
BRDA:180,0,48,0
BRDA:180,0,49,0
BRDA:180,0,50,1055
BRDA:180,0,51,1055
BRDA:180,0,52,162
BRDA:180,0,53,162
BRDA:180,0,54,1593
BRDA:180,0,55,1593
BRDA:180,0,56,1573
BRDA:180,0,57,1573
BRDA:180,0,58,0
BRDA:180,0,59,0
BRDA:180,0,60,0
BRDA:180,0,61,0
BRDA:180,0,62,0
BRDA:180,0,63,0
DA:181,970
BRDA:181,0,0,775
BRDA:181,0,1,775
BRDA:181,0,2,21
BRDA:181,0,3,21
BRDA:181,0,4,30
BRDA:181,0,5,30
BRDA:181,0,6,20
BRDA:181,0,7,20
BRDA:181,0,8,6
BRDA:181,0,9,6
BRDA:181,0,10,1
BRDA:181,0,11,1
BRDA:181,0,12,13
BRDA:181,0,13,13
BRDA:181,0,14,46
BRDA:181,0,15,46
BRDA:181,0,16,10
BRDA:181,0,17,10
BRDA:181,0,18,21
BRDA:181,0,19,21
BRDA:181,0,20,30
BRDA:181,0,21,30
BRDA:181,0,22,574
BRDA:181,0,23,574
BRDA:181,0,24,20
BRDA:181,0,25,20
BRDA:181,0,26,6
BRDA:181,0,27,6
BRDA:181,0,28,1
BRDA:181,0,29,1
BRDA:181,0,30,13
BRDA:181,0,31,13
BRDA:181,0,32,5
BRDA:181,0,33,5
BRDA:181,0,34,11
BRDA:181,0,35,11
BRDA:181,0,36,20
BRDA:181,0,37,20
BRDA:181,0,38,31
BRDA:181,0,39,31
BRDA:181,0,40,20
BRDA:181,0,41,20
BRDA:181,0,42,5
BRDA:181,0,43,5
BRDA:181,0,44,631
BRDA:181,0,45,631
BRDA:181,0,46,1
BRDA:181,0,47,1
BRDA:181,0,48,13
BRDA:181,0,49,13
BRDA:181,0,50,537
BRDA:181,0,51,537
BRDA:181,0,52,774
BRDA:181,0,53,774
BRDA:181,0,54,970
BRDA:181,0,55,970
BRDA:181,0,56,724
BRDA:181,0,57,724
BRDA:181,0,58,335
BRDA:181,0,59,335
BRDA:181,0,60,5
BRDA:181,0,61,5
BRDA:181,0,62,51
BRDA:181,0,63,51
DA:182,1
BRDA:182,0,0,1
BRDA:182,0,1,0
BRDA:182,0,2,1
BRDA:182,0,3,0
BRDA:182,0,4,1
BRDA:182,0,5,0
BRDA:182,0,6,1
BRDA:182,0,7,0
DA:183,669
BRDA:183,0,0,118
BRDA:183,0,1,118
BRDA:183,0,2,110
BRDA:183,0,3,110
BRDA:183,0,4,107
BRDA:183,0,5,107
BRDA:183,0,6,101
BRDA:183,0,7,101
BRDA:183,0,8,108
BRDA:183,0,9,108
BRDA:183,0,10,109
BRDA:183,0,11,109
BRDA:183,0,12,129
BRDA:183,0,13,129
BRDA:183,0,14,125
BRDA:183,0,15,125
BRDA:183,0,16,118
BRDA:183,0,17,118
BRDA:183,0,18,116
BRDA:183,0,19,116
BRDA:183,0,20,120
BRDA:183,0,21,120
BRDA:183,0,22,669
BRDA:183,0,23,669
BRDA:183,0,24,112
BRDA:183,0,25,112
BRDA:183,0,26,99
BRDA:183,0,27,99
BRDA:183,0,28,114
BRDA:183,0,29,114
BRDA:183,0,30,113
BRDA:183,0,31,113
BRDA:183,0,32,98
BRDA:183,0,33,98
BRDA:183,0,34,108
BRDA:183,0,35,108
BRDA:183,0,36,115
BRDA:183,0,37,115
BRDA:183,0,38,108
BRDA:183,0,39,108
BRDA:183,0,40,109
BRDA:183,0,41,109
BRDA:183,0,42,106
BRDA:183,0,43,106
BRDA:183,0,44,270
BRDA:183,0,45,270
BRDA:183,0,46,108
BRDA:183,0,47,108
BRDA:183,0,48,111
BRDA:183,0,49,111
BRDA:183,0,50,290
BRDA:183,0,51,290
BRDA:183,0,52,184
BRDA:183,0,53,184
BRDA:183,0,54,171
BRDA:183,0,55,171
BRDA:183,0,56,172
BRDA:183,0,57,172
BRDA:183,0,58,128
BRDA:183,0,59,128
BRDA:183,0,60,154
BRDA:183,0,61,154
BRDA:183,0,62,112
BRDA:183,0,63,112
DA:184,0
BRDA:184,0,0,0
BRDA:184,0,1,0
DA:185,2739
BRDA:185,0,0,2739
BRDA:185,0,1,2739
DA:187,121
BRDA:187,0,0,121
BRDA:187,0,1,121
DA:189,27
BRDA:189,0,0,27
BRDA:189,0,1,27
DA:190,7
BRDA:190,0,0,7
BRDA:190,0,1,7
DA:191,7
BRDA:191,0,0,7
BRDA:191,0,1,7
DA:192,7
BRDA:192,0,0,7
BRDA:192,0,1,7
DA:193,0
BRDA:193,0,0,0
BRDA:193,0,1,0
DA:195,622
BRDA:195,0,0,622
BRDA:195,0,1,622
BRDA:195,0,2,310
BRDA:195,0,3,310
BRDA:195,0,4,155
BRDA:195,0,5,155
BRDA:195,0,6,79
BRDA:195,0,7,79
DA:196,73
BRDA:196,0,0,73
BRDA:196,0,1,73
DA:197,668
BRDA:197,0,0,0
BRDA:197,0,1,0
BRDA:197,0,2,23
BRDA:197,0,3,22
BRDA:197,0,4,10
BRDA:197,0,5,10
BRDA:197,0,6,3
BRDA:197,0,7,3
BRDA:197,0,8,0
BRDA:197,0,9,0
BRDA:197,0,10,0
BRDA:197,0,11,0
BRDA:197,0,12,0
BRDA:197,0,13,0
BRDA:197,0,14,0
BRDA:197,0,15,0
BRDA:197,0,16,0
BRDA:197,0,17,0
BRDA:197,0,18,0
BRDA:197,0,19,0
BRDA:197,0,20,0
BRDA:197,0,21,0
BRDA:197,0,22,0
BRDA:197,0,23,0
BRDA:197,0,24,0
BRDA:197,0,25,0
BRDA:197,0,26,0
BRDA:197,0,27,0
BRDA:197,0,28,0
BRDA:197,0,29,0
BRDA:197,0,30,0
BRDA:197,0,31,0
BRDA:197,0,32,0
BRDA:197,0,33,0
BRDA:197,0,34,0
BRDA:197,0,35,0
BRDA:197,0,36,0
BRDA:197,0,37,0
BRDA:197,0,38,0
BRDA:197,0,39,0
BRDA:197,0,40,0
BRDA:197,0,41,0
BRDA:197,0,42,0
BRDA:197,0,43,0
BRDA:197,0,44,0
BRDA:197,0,45,0
BRDA:197,0,46,0
BRDA:197,0,47,0
BRDA:197,0,48,0
BRDA:197,0,49,0
BRDA:197,0,50,0
BRDA:197,0,51,0
BRDA:197,0,52,0
BRDA:197,0,53,0
BRDA:197,0,54,0
BRDA:197,0,55,0
BRDA:197,0,56,0
BRDA:197,0,57,0
BRDA:197,0,58,0
BRDA:197,0,59,0
BRDA:197,0,60,0
BRDA:197,0,61,0
BRDA:197,0,62,0
BRDA:197,0,63,0
BRDA:197,0,64,0
BRDA:197,0,65,0
BRDA:197,0,66,0
BRDA:197,0,67,0
BRDA:197,0,68,0
BRDA:197,0,69,0
BRDA:197,0,70,0
BRDA:197,0,71,0
BRDA:197,0,72,0
BRDA:197,0,73,0
BRDA:197,0,74,0
BRDA:197,0,75,0
BRDA:197,0,76,0
BRDA:197,0,77,0
BRDA:197,0,78,0
BRDA:197,0,79,0
BRDA:197,0,80,0
BRDA:197,0,81,0
BRDA:197,0,82,0
BRDA:197,0,83,0
BRDA:197,0,84,0
BRDA:197,0,85,0
BRDA:197,0,86,0
BRDA:197,0,87,0
BRDA:197,0,88,0
BRDA:197,0,89,0
BRDA:197,0,90,0
BRDA:197,0,91,0
BRDA:197,0,92,0
BRDA:197,0,93,0
BRDA:197,0,94,0
BRDA:197,0,95,0
BRDA:197,0,96,0
BRDA:197,0,97,0
BRDA:197,0,98,0
BRDA:197,0,99,0
BRDA:197,0,100,0
BRDA:197,0,101,0
BRDA:197,0,102,0
BRDA:197,0,103,0
BRDA:197,0,104,0
BRDA:197,0,105,0
BRDA:197,0,106,0
BRDA:197,0,107,0
BRDA:197,0,108,0
BRDA:197,0,109,0
BRDA:197,0,110,668
BRDA:197,0,111,667
BRDA:197,0,112,0
BRDA:197,0,113,0
BRDA:197,0,114,0
BRDA:197,0,115,0
BRDA:197,0,116,0
BRDA:197,0,117,0
BRDA:197,0,118,0
BRDA:197,0,119,0
BRDA:197,0,120,335
BRDA:197,0,121,334
BRDA:197,0,122,166
BRDA:197,0,123,166
BRDA:197,0,124,84
BRDA:197,0,125,83
BRDA:197,0,126,45
BRDA:197,0,127,45
DA:254,563
BRDA:254,0,0,563
BRDA:254,0,1,563
DA:403,1565
BRDA:403,0,0,1384
BRDA:403,0,1,1383
BRDA:403,0,2,1414
BRDA:403,0,3,1414
BRDA:403,0,4,1415
BRDA:403,0,5,1414
BRDA:403,0,6,1477
BRDA:403,0,7,1477
BRDA:403,0,8,1486
BRDA:403,0,9,1485
BRDA:403,0,10,1441
BRDA:403,0,11,1440
BRDA:403,0,12,1494
BRDA:403,0,13,1493
BRDA:403,0,14,1418
BRDA:403,0,15,1418
BRDA:403,0,16,1504
BRDA:403,0,17,1504
BRDA:403,0,18,1415
BRDA:403,0,19,1414
BRDA:403,0,20,1482
BRDA:403,0,21,1482
BRDA:403,0,22,1565
BRDA:403,0,23,1564
BRDA:403,0,24,1487
BRDA:403,0,25,1486
BRDA:403,0,26,1481
BRDA:403,0,27,1481
BRDA:403,0,28,1466
BRDA:403,0,29,1466
BRDA:403,0,30,1355
BRDA:403,0,31,1354
BRDA:403,0,32,1365
BRDA:403,0,33,1364
BRDA:403,0,34,1452
BRDA:403,0,35,1452
BRDA:403,0,36,1497
BRDA:403,0,37,1496
BRDA:403,0,38,1401
BRDA:403,0,39,1400
BRDA:403,0,40,1432
BRDA:403,0,41,1431
BRDA:403,0,42,1453
BRDA:403,0,43,1453
BRDA:403,0,44,1453
BRDA:403,0,45,1453
BRDA:403,0,46,1483
BRDA:403,0,47,1482
BRDA:403,0,48,1433
BRDA:403,0,49,1432
BRDA:403,0,50,1486
BRDA:403,0,51,1485
BRDA:403,0,52,1443
BRDA:403,0,53,1442
BRDA:403,0,54,1435
BRDA:403,0,55,1434
BRDA:403,0,56,1419
BRDA:403,0,57,1418
BRDA:403,0,58,1456
BRDA:403,0,59,1456
BRDA:403,0,60,1458
BRDA:403,0,61,1457
BRDA:403,0,62,1409
BRDA:403,0,63,1408
DA:415,2043
BRDA:415,0,0,1985
BRDA:415,0,1,1984
BRDA:415,0,2,1982
BRDA:415,0,3,1981
BRDA:415,0,4,1951
BRDA:415,0,5,1950
BRDA:415,0,6,1991
BRDA:415,0,7,1990
BRDA:415,0,8,1980
BRDA:415,0,9,1980
BRDA:415,0,10,1987
BRDA:415,0,11,1986
BRDA:415,0,12,1967
BRDA:415,0,13,1966
BRDA:415,0,14,2016
BRDA:415,0,15,2016
BRDA:415,0,16,1992
BRDA:415,0,17,1992
BRDA:415,0,18,1951
BRDA:415,0,19,1951
BRDA:415,0,20,1972
BRDA:415,0,21,1971
BRDA:415,0,22,1930
BRDA:415,0,23,1929
BRDA:415,0,24,1992
BRDA:415,0,25,1992
BRDA:415,0,26,1986
BRDA:415,0,27,1985
BRDA:415,0,28,1914
BRDA:415,0,29,1914
BRDA:415,0,30,1978
BRDA:415,0,31,1977
BRDA:415,0,32,1982
BRDA:415,0,33,1981
BRDA:415,0,34,1953
BRDA:415,0,35,1953
BRDA:415,0,36,1951
BRDA:415,0,37,1951
BRDA:415,0,38,1963
BRDA:415,0,39,1963
BRDA:415,0,40,1978
BRDA:415,0,41,1978
BRDA:415,0,42,1976
BRDA:415,0,43,1975
BRDA:415,0,44,1975
BRDA:415,0,45,1974
BRDA:415,0,46,1975
BRDA:415,0,47,1975
BRDA:415,0,48,1963
BRDA:415,0,49,1962
BRDA:415,0,50,1967
BRDA:415,0,51,1967
BRDA:415,0,52,1916
BRDA:415,0,53,1915
BRDA:415,0,54,1970
BRDA:415,0,55,1970
BRDA:415,0,56,1988
BRDA:415,0,57,1987
BRDA:415,0,58,1976
BRDA:415,0,59,1975
BRDA:415,0,60,1986
BRDA:415,0,61,1985
BRDA:415,0,62,1908
BRDA:415,0,63,1908
BRDA:415,0,64,1973
BRDA:415,0,65,1973
BRDA:415,0,66,1993
BRDA:415,0,67,1993
BRDA:415,0,68,1972
BRDA:415,0,69,1972
BRDA:415,0,70,1972
BRDA:415,0,71,1971
BRDA:415,0,72,1946
BRDA:415,0,73,1946
BRDA:415,0,74,1959
BRDA:415,0,75,1958
BRDA:415,0,76,1965
BRDA:415,0,77,1965
BRDA:415,0,78,1982
BRDA:415,0,79,1981
BRDA:415,0,80,1935
BRDA:415,0,81,1934
BRDA:415,0,82,1999
BRDA:415,0,83,1998
BRDA:415,0,84,1957
BRDA:415,0,85,1956
BRDA:415,0,86,1972
BRDA:415,0,87,1972
BRDA:415,0,88,2020
BRDA:415,0,89,2020
BRDA:415,0,90,1953
BRDA:415,0,91,1953
BRDA:415,0,92,1933
BRDA:415,0,93,1932
BRDA:415,0,94,1999
BRDA:415,0,95,1999
BRDA:415,0,96,2001
BRDA:415,0,97,2000
BRDA:415,0,98,1974
BRDA:415,0,99,1973
BRDA:415,0,100,1969
BRDA:415,0,101,1969
BRDA:415,0,102,1924
BRDA:415,0,103,1923
BRDA:415,0,104,1999
BRDA:415,0,105,1998
BRDA:415,0,106,1951
BRDA:415,0,107,1950
BRDA:415,0,108,1994
BRDA:415,0,109,1993
BRDA:415,0,110,2043
BRDA:415,0,111,2043
BRDA:415,0,112,1989
BRDA:415,0,113,1988
BRDA:415,0,114,1972
BRDA:415,0,115,1971
BRDA:415,0,116,1938
BRDA:415,0,117,1938
BRDA:415,0,118,1986
BRDA:415,0,119,1985
BRDA:415,0,120,2006
BRDA:415,0,121,2005
BRDA:415,0,122,1995
BRDA:415,0,123,1995
BRDA:415,0,124,1964
BRDA:415,0,125,1963
BRDA:415,0,126,1988
BRDA:415,0,127,1988
DA:496,1
BRDA:496,0,0,0
BRDA:496,0,1,0
BRDA:496,0,2,0
BRDA:496,0,3,0
BRDA:496,0,4,0
BRDA:496,0,5,0
BRDA:496,0,6,0
BRDA:496,0,7,0
BRDA:496,0,8,0
BRDA:496,0,9,0
BRDA:496,0,10,0
BRDA:496,0,11,0
BRDA:496,0,12,0
BRDA:496,0,13,0
BRDA:496,0,14,0
BRDA:496,0,15,0
BRDA:496,0,16,0
BRDA:496,0,17,0
BRDA:496,0,18,0
BRDA:496,0,19,0
BRDA:496,0,20,0
BRDA:496,0,21,0
BRDA:496,0,22,0
BRDA:496,0,23,0
BRDA:496,0,24,0
BRDA:496,0,25,0
BRDA:496,0,26,0
BRDA:496,0,27,0
BRDA:496,0,28,0
BRDA:496,0,29,0
BRDA:496,0,30,0
BRDA:496,0,31,0
BRDA:496,0,32,0
BRDA:496,0,33,0
BRDA:496,0,34,0
BRDA:496,0,35,0
BRDA:496,0,36,0
BRDA:496,0,37,0
BRDA:496,0,38,0
BRDA:496,0,39,0
BRDA:496,0,40,0
BRDA:496,0,41,0
BRDA:496,0,42,0
BRDA:496,0,43,0
BRDA:496,0,44,0
BRDA:496,0,45,0
BRDA:496,0,46,0
BRDA:496,0,47,0
BRDA:496,0,48,0
BRDA:496,0,49,0
BRDA:496,0,50,0
BRDA:496,0,51,0
BRDA:496,0,52,0
BRDA:496,0,53,0
BRDA:496,0,54,0
BRDA:496,0,55,0
BRDA:496,0,56,0
BRDA:496,0,57,0
BRDA:496,0,58,0
BRDA:496,0,59,0
BRDA:496,0,60,0
BRDA:496,0,61,0
BRDA:496,0,62,0
BRDA:496,0,63,0
BRDA:496,0,64,0
BRDA:496,0,65,0
BRDA:496,0,66,0
BRDA:496,0,67,0
BRDA:496,0,68,0
BRDA:496,0,69,0
BRDA:496,0,70,0
BRDA:496,0,71,0
BRDA:496,0,72,0
BRDA:496,0,73,0
BRDA:496,0,74,0
BRDA:496,0,75,0
BRDA:496,0,76,0
BRDA:496,0,77,0
BRDA:496,0,78,0
BRDA:496,0,79,0
BRDA:496,0,80,0
BRDA:496,0,81,0
BRDA:496,0,82,0
BRDA:496,0,83,0
BRDA:496,0,84,0
BRDA:496,0,85,0
BRDA:496,0,86,0
BRDA:496,0,87,0
BRDA:496,0,88,0
BRDA:496,0,89,0
BRDA:496,0,90,0
BRDA:496,0,91,0
BRDA:496,0,92,0
BRDA:496,0,93,0
BRDA:496,0,94,0
BRDA:496,0,95,0
BRDA:496,0,96,0
BRDA:496,0,97,0
BRDA:496,0,98,0
BRDA:496,0,99,0
BRDA:496,0,100,0
BRDA:496,0,101,0
BRDA:496,0,102,0
BRDA:496,0,103,0
BRDA:496,0,104,0
BRDA:496,0,105,0
BRDA:496,0,106,0
BRDA:496,0,107,0
BRDA:496,0,108,0
BRDA:496,0,109,0
BRDA:496,0,110,0
BRDA:496,0,111,0
BRDA:496,0,112,0
BRDA:496,0,113,0
BRDA:496,0,114,0
BRDA:496,0,115,0
BRDA:496,0,116,0
BRDA:496,0,117,0
BRDA:496,0,118,0
BRDA:496,0,119,0
BRDA:496,0,120,0
BRDA:496,0,121,0
BRDA:496,0,122,0
BRDA:496,0,123,0
BRDA:496,0,124,1
BRDA:496,0,125,0
BRDA:496,0,126,1
BRDA:496,0,127,0
DA:687,2091
BRDA:687,0,0,1999
BRDA:687,0,1,1999
BRDA:687,0,2,2051
BRDA:687,0,3,2050
BRDA:687,0,4,1981
BRDA:687,0,5,1981
BRDA:687,0,6,1970
BRDA:687,0,7,1970
BRDA:687,0,8,2078
BRDA:687,0,9,2077
BRDA:687,0,10,1984
BRDA:687,0,11,1984
BRDA:687,0,12,1998
BRDA:687,0,13,1998
BRDA:687,0,14,2030
BRDA:687,0,15,2029
BRDA:687,0,16,1989
BRDA:687,0,17,1989
BRDA:687,0,18,1982
BRDA:687,0,19,1982
BRDA:687,0,20,1996
BRDA:687,0,21,1995
BRDA:687,0,22,2051
BRDA:687,0,23,2051
BRDA:687,0,24,2044
BRDA:687,0,25,2044
BRDA:687,0,26,2028
BRDA:687,0,27,2028
BRDA:687,0,28,1994
BRDA:687,0,29,1993
BRDA:687,0,30,1993
BRDA:687,0,31,1992
BRDA:687,0,32,1958
BRDA:687,0,33,1958
BRDA:687,0,34,2000
BRDA:687,0,35,2000
BRDA:687,0,36,2021
BRDA:687,0,37,2020
BRDA:687,0,38,2034
BRDA:687,0,39,2033
BRDA:687,0,40,1995
BRDA:687,0,41,1994
BRDA:687,0,42,2020
BRDA:687,0,43,2020
BRDA:687,0,44,2041
BRDA:687,0,45,2041
BRDA:687,0,46,2021
BRDA:687,0,47,2020
BRDA:687,0,48,1976
BRDA:687,0,49,1975
BRDA:687,0,50,1989
BRDA:687,0,51,1988
BRDA:687,0,52,2016
BRDA:687,0,53,2016
BRDA:687,0,54,2016
BRDA:687,0,55,2015
BRDA:687,0,56,1959
BRDA:687,0,57,1958
BRDA:687,0,58,1986
BRDA:687,0,59,1986
BRDA:687,0,60,1995
BRDA:687,0,61,1994
BRDA:687,0,62,1991
BRDA:687,0,63,1991
BRDA:687,0,64,1985
BRDA:687,0,65,1985
BRDA:687,0,66,2052
BRDA:687,0,67,2051
BRDA:687,0,68,2028
BRDA:687,0,69,2028
BRDA:687,0,70,2001
BRDA:687,0,71,2000
BRDA:687,0,72,2041
BRDA:687,0,73,2040
BRDA:687,0,74,2009
BRDA:687,0,75,2009
BRDA:687,0,76,2071
BRDA:687,0,77,2071
BRDA:687,0,78,2064
BRDA:687,0,79,2064
BRDA:687,0,80,2015
BRDA:687,0,81,2014
BRDA:687,0,82,2037
BRDA:687,0,83,2037
BRDA:687,0,84,1975
BRDA:687,0,85,1975
BRDA:687,0,86,2041
BRDA:687,0,87,2040
BRDA:687,0,88,2004
BRDA:687,0,89,2004
BRDA:687,0,90,2028
BRDA:687,0,91,2027
BRDA:687,0,92,2015
BRDA:687,0,93,2014
BRDA:687,0,94,2017
BRDA:687,0,95,2017
BRDA:687,0,96,2054
BRDA:687,0,97,2054
BRDA:687,0,98,2027
BRDA:687,0,99,2027
BRDA:687,0,100,2017
BRDA:687,0,101,2017
BRDA:687,0,102,2004
BRDA:687,0,103,2003
BRDA:687,0,104,2040
BRDA:687,0,105,2040
BRDA:687,0,106,2013
BRDA:687,0,107,2013
BRDA:687,0,108,2044
BRDA:687,0,109,2044
BRDA:687,0,110,2043
BRDA:687,0,111,2043
BRDA:687,0,112,2001
BRDA:687,0,113,2000
BRDA:687,0,114,2012
BRDA:687,0,115,2012
BRDA:687,0,116,2022
BRDA:687,0,117,2022
BRDA:687,0,118,2004
BRDA:687,0,119,2004
BRDA:687,0,120,1996
BRDA:687,0,121,1996
BRDA:687,0,122,2028
BRDA:687,0,123,2027
BRDA:687,0,124,2022
BRDA:687,0,125,2021
BRDA:687,0,126,1995
BRDA:687,0,127,1994
BRDA:687,0,128,1953
BRDA:687,0,129,1952
BRDA:687,0,130,2029
BRDA:687,0,131,2028
BRDA:687,0,132,1981
BRDA:687,0,133,1980
BRDA:687,0,134,2057
BRDA:687,0,135,2057
BRDA:687,0,136,2043
BRDA:687,0,137,2043
BRDA:687,0,138,2030
BRDA:687,0,139,2029
BRDA:687,0,140,1976
BRDA:687,0,141,1975
BRDA:687,0,142,2044
BRDA:687,0,143,2044
BRDA:687,0,144,2009
BRDA:687,0,145,2008
BRDA:687,0,146,2010
BRDA:687,0,147,2009
BRDA:687,0,148,2013
BRDA:687,0,149,2013
BRDA:687,0,150,2010
BRDA:687,0,151,2010
BRDA:687,0,152,2012
BRDA:687,0,153,2012
BRDA:687,0,154,2030
BRDA:687,0,155,2029
BRDA:687,0,156,1996
BRDA:687,0,157,1995
BRDA:687,0,158,2039
BRDA:687,0,159,2038
BRDA:687,0,160,2063
BRDA:687,0,161,2063
BRDA:687,0,162,2013
BRDA:687,0,163,2012
BRDA:687,0,164,2034
BRDA:687,0,165,2033
BRDA:687,0,166,1972
BRDA:687,0,167,1971
BRDA:687,0,168,2040
BRDA:687,0,169,2039
BRDA:687,0,170,1988
BRDA:687,0,171,1987
BRDA:687,0,172,2022
BRDA:687,0,173,2021
BRDA:687,0,174,2005
BRDA:687,0,175,2005
BRDA:687,0,176,2001
BRDA:687,0,177,2001
BRDA:687,0,178,1970
BRDA:687,0,179,1970
BRDA:687,0,180,2048
BRDA:687,0,181,2048
BRDA:687,0,182,2024
BRDA:687,0,183,2024
BRDA:687,0,184,1939
BRDA:687,0,185,1938
BRDA:687,0,186,2042
BRDA:687,0,187,2042
BRDA:687,0,188,2009
BRDA:687,0,189,2008
BRDA:687,0,190,1969
BRDA:687,0,191,1968
BRDA:687,0,192,1950
BRDA:687,0,193,1950
BRDA:687,0,194,2019
BRDA:687,0,195,2018
BRDA:687,0,196,2054
BRDA:687,0,197,2053
BRDA:687,0,198,1993
BRDA:687,0,199,1993
BRDA:687,0,200,2011
BRDA:687,0,201,2011
BRDA:687,0,202,1998
BRDA:687,0,203,1997
BRDA:687,0,204,1948
BRDA:687,0,205,1948
BRDA:687,0,206,2015
BRDA:687,0,207,2014
BRDA:687,0,208,1951
BRDA:687,0,209,1951
BRDA:687,0,210,2036
BRDA:687,0,211,2035
BRDA:687,0,212,1970
BRDA:687,0,213,1970
BRDA:687,0,214,2045
BRDA:687,0,215,2044
BRDA:687,0,216,2017
BRDA:687,0,217,2016
BRDA:687,0,218,2045
BRDA:687,0,219,2045
BRDA:687,0,220,2033
BRDA:687,0,221,2032
BRDA:687,0,222,2024
BRDA:687,0,223,2024
BRDA:687,0,224,2060
BRDA:687,0,225,2060
BRDA:687,0,226,2055
BRDA:687,0,227,2054
BRDA:687,0,228,2015
BRDA:687,0,229,2015
BRDA:687,0,230,1990
BRDA:687,0,231,1990
BRDA:687,0,232,1981
BRDA:687,0,233,1981
BRDA:687,0,234,2091
BRDA:687,0,235,2091
BRDA:687,0,236,2043
BRDA:687,0,237,2043
BRDA:687,0,238,2006
BRDA:687,0,239,2006
BRDA:687,0,240,2038
BRDA:687,0,241,2038
BRDA:687,0,242,2036
BRDA:687,0,243,2036
BRDA:687,0,244,2008
BRDA:687,0,245,2007
BRDA:687,0,246,1950
BRDA:687,0,247,1949
BRDA:687,0,248,2011
BRDA:687,0,249,2011
BRDA:687,0,250,2012
BRDA:687,0,251,2011
BRDA:687,0,252,1977
BRDA:687,0,253,1976
BRDA:687,0,254,1989
BRDA:687,0,255,1988
BRDA:687,0,256,2013
BRDA:687,0,257,2013
BRDA:687,0,258,2005
BRDA:687,0,259,2005
BRDA:687,0,260,1957
BRDA:687,0,261,1956
BRDA:687,0,262,2038
BRDA:687,0,263,2038
BRDA:687,0,264,1984
BRDA:687,0,265,1984
BRDA:687,0,266,2022
BRDA:687,0,267,2021
BRDA:687,0,268,2022
BRDA:687,0,269,2022
BRDA:687,0,270,1983
BRDA:687,0,271,1983
BRDA:687,0,272,2047
BRDA:687,0,273,2047
BRDA:687,0,274,2026
BRDA:687,0,275,2025
BRDA:687,0,276,1992
BRDA:687,0,277,1991
BRDA:687,0,278,1990
BRDA:687,0,279,1990
BRDA:687,0,280,2017
BRDA:687,0,281,2017
BRDA:687,0,282,1957
BRDA:687,0,283,1956
BRDA:687,0,284,2008
BRDA:687,0,285,2007
BRDA:687,0,286,2024
BRDA:687,0,287,2023
BRDA:687,0,288,1983
BRDA:687,0,289,1983
BRDA:687,0,290,2006
BRDA:687,0,291,2005
BRDA:687,0,292,1995
BRDA:687,0,293,1994
BRDA:687,0,294,2000
BRDA:687,0,295,2000
BRDA:687,0,296,2005
BRDA:687,0,297,2004
BRDA:687,0,298,1937
BRDA:687,0,299,1937
BRDA:687,0,300,1992
BRDA:687,0,301,1992
BRDA:687,0,302,2032
BRDA:687,0,303,2031
BRDA:687,0,304,2031
BRDA:687,0,305,2031
BRDA:687,0,306,2031
BRDA:687,0,307,2031
BRDA:687,0,308,2017
BRDA:687,0,309,2017
BRDA:687,0,310,2012
BRDA:687,0,311,2012
BRDA:687,0,312,2005
BRDA:687,0,313,2005
BRDA:687,0,314,2006
BRDA:687,0,315,2005
BRDA:687,0,316,2039
BRDA:687,0,317,2039
BRDA:687,0,318,2032
BRDA:687,0,319,2032
BRDA:687,0,320,1978
BRDA:687,0,321,1977
BRDA:687,0,322,1921
BRDA:687,0,323,1920
BRDA:687,0,324,2003
BRDA:687,0,325,2003
BRDA:687,0,326,2045
BRDA:687,0,327,2044
BRDA:687,0,328,2005
BRDA:687,0,329,2004
BRDA:687,0,330,2026
BRDA:687,0,331,2025
BRDA:687,0,332,2021
BRDA:687,0,333,2021
BRDA:687,0,334,2048
BRDA:687,0,335,2047
BRDA:687,0,336,2020
BRDA:687,0,337,2019
BRDA:687,0,338,2039
BRDA:687,0,339,2039
BRDA:687,0,340,2051
BRDA:687,0,341,2051
BRDA:687,0,342,1987
BRDA:687,0,343,1987
BRDA:687,0,344,2031
BRDA:687,0,345,2031
BRDA:687,0,346,1935
BRDA:687,0,347,1935
BRDA:687,0,348,2009
BRDA:687,0,349,2008
BRDA:687,0,350,1971
BRDA:687,0,351,1970
BRDA:687,0,352,2039
BRDA:687,0,353,2039
BRDA:687,0,354,2058
BRDA:687,0,355,2057
BRDA:687,0,356,1992
BRDA:687,0,357,1991
BRDA:687,0,358,2042
BRDA:687,0,359,2041
BRDA:687,0,360,2020
BRDA:687,0,361,2019
BRDA:687,0,362,1984
BRDA:687,0,363,1984
BRDA:687,0,364,2003
BRDA:687,0,365,2002
BRDA:687,0,366,2038
BRDA:687,0,367,2038
BRDA:687,0,368,1992
BRDA:687,0,369,1991
BRDA:687,0,370,1977
BRDA:687,0,371,1977
BRDA:687,0,372,2084
BRDA:687,0,373,2084
BRDA:687,0,374,2008
BRDA:687,0,375,2007
BRDA:687,0,376,1967
BRDA:687,0,377,1966
BRDA:687,0,378,1997
BRDA:687,0,379,1997
BRDA:687,0,380,2043
BRDA:687,0,381,2043
BRDA:687,0,382,2043
BRDA:687,0,383,2042
BRDA:687,0,384,2033
BRDA:687,0,385,2033
BRDA:687,0,386,1964
BRDA:687,0,387,1964
BRDA:687,0,388,1971
BRDA:687,0,389,1970
BRDA:687,0,390,2027
BRDA:687,0,391,2027
BRDA:687,0,392,2012
BRDA:687,0,393,2011
BRDA:687,0,394,2058
BRDA:687,0,395,2058
BRDA:687,0,396,1988
BRDA:687,0,397,1987
BRDA:687,0,398,1973
BRDA:687,0,399,1972
BRDA:687,0,400,2007
BRDA:687,0,401,2007
BRDA:687,0,402,2052
BRDA:687,0,403,2051
BRDA:687,0,404,2009
BRDA:687,0,405,2008
BRDA:687,0,406,1981
BRDA:687,0,407,1980
BRDA:687,0,408,2042
BRDA:687,0,409,2042
BRDA:687,0,410,1933
BRDA:687,0,411,1933
BRDA:687,0,412,1989
BRDA:687,0,413,1988
BRDA:687,0,414,2037
BRDA:687,0,415,2036
BRDA:687,0,416,2014
BRDA:687,0,417,2014
BRDA:687,0,418,1983
BRDA:687,0,419,1982
BRDA:687,0,420,2041
BRDA:687,0,421,2040
BRDA:687,0,422,1992
BRDA:687,0,423,1992
BRDA:687,0,424,1927
BRDA:687,0,425,1926
BRDA:687,0,426,1962
BRDA:687,0,427,1962
BRDA:687,0,428,2044
BRDA:687,0,429,2043
BRDA:687,0,430,2026
BRDA:687,0,431,2026
BRDA:687,0,432,1999
BRDA:687,0,433,1999
BRDA:687,0,434,1981
BRDA:687,0,435,1981
BRDA:687,0,436,2014
BRDA:687,0,437,2013
BRDA:687,0,438,2075
BRDA:687,0,439,2074
BRDA:687,0,440,2042
BRDA:687,0,441,2041
BRDA:687,0,442,1957
BRDA:687,0,443,1956
BRDA:687,0,444,2029
BRDA:687,0,445,2028
BRDA:687,0,446,2017
BRDA:687,0,447,2017
BRDA:687,0,448,2015
BRDA:687,0,449,2014
BRDA:687,0,450,1971
BRDA:687,0,451,1970
BRDA:687,0,452,1973
BRDA:687,0,453,1973
BRDA:687,0,454,2061
BRDA:687,0,455,2060
BRDA:687,0,456,1978
BRDA:687,0,457,1977
BRDA:687,0,458,2004
BRDA:687,0,459,2003
BRDA:687,0,460,2015
BRDA:687,0,461,2015
BRDA:687,0,462,2012
BRDA:687,0,463,2012
BRDA:687,0,464,2028
BRDA:687,0,465,2027
BRDA:687,0,466,1964
BRDA:687,0,467,1964
BRDA:687,0,468,1936
BRDA:687,0,469,1936
BRDA:687,0,470,2026
BRDA:687,0,471,2026
BRDA:687,0,472,1983
BRDA:687,0,473,1983
BRDA:687,0,474,1991
BRDA:687,0,475,1990
BRDA:687,0,476,1989
BRDA:687,0,477,1989
BRDA:687,0,478,2062
BRDA:687,0,479,2061
BRDA:687,0,480,1979
BRDA:687,0,481,1979
BRDA:687,0,482,1946
BRDA:687,0,483,1945
BRDA:687,0,484,2050
BRDA:687,0,485,2050
BRDA:687,0,486,2054
BRDA:687,0,487,2053
BRDA:687,0,488,1966
BRDA:687,0,489,1966
BRDA:687,0,490,1965
BRDA:687,0,491,1965
BRDA:687,0,492,2032
BRDA:687,0,493,2031
BRDA:687,0,494,2042
BRDA:687,0,495,2042
BRDA:687,0,496,1971
BRDA:687,0,497,1970
BRDA:687,0,498,2049
BRDA:687,0,499,2048
BRDA:687,0,500,2050
BRDA:687,0,501,2050
BRDA:687,0,502,2035
BRDA:687,0,503,2034
BRDA:687,0,504,1998
BRDA:687,0,505,1998
BRDA:687,0,506,1964
BRDA:687,0,507,1964
BRDA:687,0,508,2017
BRDA:687,0,509,2016
BRDA:687,0,510,2034
BRDA:687,0,511,2033
BRF:4592
BRH:2671
end_of_record
