TN:verilator_coverage
SF:/home/abdulbasit/electrical-and-electronics-engineering/VLSI/isqed-2026-dv-challenge/duts/rampart_i2c/rampart_i2c.sv
DA:4,23710
BRDA:4,0,0,23710
BRDA:4,0,1,23710
DA:5,28
BRDA:5,0,0,28
BRDA:5,0,1,27
DA:6,427
BRDA:6,0,0,427
BRDA:6,0,1,427
DA:7,310
BRDA:7,0,0,310
BRDA:7,0,1,309
DA:8,141
BRDA:8,0,0,0
BRDA:8,0,1,0
BRDA:8,0,2,0
BRDA:8,0,3,0
BRDA:8,0,4,141
BRDA:8,0,5,141
DA:9,283
BRDA:9,0,0,0
BRDA:9,0,1,0
BRDA:9,0,2,0
BRDA:9,0,3,0
BRDA:9,0,4,0
BRDA:9,0,5,0
BRDA:9,0,6,0
BRDA:9,0,7,0
BRDA:9,0,8,0
BRDA:9,0,9,0
BRDA:9,0,10,0
BRDA:9,0,11,0
BRDA:9,0,12,0
BRDA:9,0,13,0
BRDA:9,0,14,0
BRDA:9,0,15,0
BRDA:9,0,16,0
BRDA:9,0,17,0
BRDA:9,0,18,0
BRDA:9,0,19,0
BRDA:9,0,20,0
BRDA:9,0,21,0
BRDA:9,0,22,0
BRDA:9,0,23,0
BRDA:9,0,24,0
BRDA:9,0,25,0
BRDA:9,0,26,0
BRDA:9,0,27,0
BRDA:9,0,28,0
BRDA:9,0,29,0
BRDA:9,0,30,0
BRDA:9,0,31,0
BRDA:9,0,32,0
BRDA:9,0,33,0
BRDA:9,0,34,0
BRDA:9,0,35,0
BRDA:9,0,36,0
BRDA:9,0,37,0
BRDA:9,0,38,0
BRDA:9,0,39,0
BRDA:9,0,40,0
BRDA:9,0,41,0
BRDA:9,0,42,0
BRDA:9,0,43,0
BRDA:9,0,44,143
BRDA:9,0,45,143
BRDA:9,0,46,0
BRDA:9,0,47,0
BRDA:9,0,48,0
BRDA:9,0,49,0
BRDA:9,0,50,283
BRDA:9,0,51,283
BRDA:9,0,52,73
BRDA:9,0,53,73
BRDA:9,0,54,11
BRDA:9,0,55,11
BRDA:9,0,56,2
BRDA:9,0,57,2
BRDA:9,0,58,0
BRDA:9,0,59,0
BRDA:9,0,60,0
BRDA:9,0,61,0
BRDA:9,0,62,0
BRDA:9,0,63,0
DA:10,128
BRDA:10,0,0,59
BRDA:10,0,1,59
BRDA:10,0,2,2
BRDA:10,0,3,2
BRDA:10,0,4,2
BRDA:10,0,5,2
BRDA:10,0,6,2
BRDA:10,0,7,2
BRDA:10,0,8,2
BRDA:10,0,9,2
BRDA:10,0,10,1
BRDA:10,0,11,1
BRDA:10,0,12,1
BRDA:10,0,13,1
BRDA:10,0,14,1
BRDA:10,0,15,1
BRDA:10,0,16,0
BRDA:10,0,17,0
BRDA:10,0,18,0
BRDA:10,0,19,0
BRDA:10,0,20,2
BRDA:10,0,21,2
BRDA:10,0,22,19
BRDA:10,0,23,19
BRDA:10,0,24,3
BRDA:10,0,25,3
BRDA:10,0,26,1
BRDA:10,0,27,1
BRDA:10,0,28,1
BRDA:10,0,29,1
BRDA:10,0,30,0
BRDA:10,0,31,0
BRDA:10,0,32,0
BRDA:10,0,33,0
BRDA:10,0,34,0
BRDA:10,0,35,0
BRDA:10,0,36,0
BRDA:10,0,37,0
BRDA:10,0,38,0
BRDA:10,0,39,0
BRDA:10,0,40,0
BRDA:10,0,41,0
BRDA:10,0,42,0
BRDA:10,0,43,0
BRDA:10,0,44,22
BRDA:10,0,45,22
BRDA:10,0,46,0
BRDA:10,0,47,0
BRDA:10,0,48,0
BRDA:10,0,49,0
BRDA:10,0,50,15
BRDA:10,0,51,15
BRDA:10,0,52,21
BRDA:10,0,53,21
BRDA:10,0,54,40
BRDA:10,0,55,40
BRDA:10,0,56,19
BRDA:10,0,57,19
BRDA:10,0,58,39
BRDA:10,0,59,39
BRDA:10,0,60,35
BRDA:10,0,61,35
BRDA:10,0,62,128
BRDA:10,0,63,128
DA:11,1
BRDA:11,0,0,1
BRDA:11,0,1,0
BRDA:11,0,2,1
BRDA:11,0,3,0
BRDA:11,0,4,1
BRDA:11,0,5,0
BRDA:11,0,6,1
BRDA:11,0,7,0
DA:12,0
BRDA:12,0,0,0
BRDA:12,0,1,0
BRDA:12,0,2,0
BRDA:12,0,3,0
BRDA:12,0,4,0
BRDA:12,0,5,0
BRDA:12,0,6,0
BRDA:12,0,7,0
BRDA:12,0,8,0
BRDA:12,0,9,0
BRDA:12,0,10,0
BRDA:12,0,11,0
BRDA:12,0,12,0
BRDA:12,0,13,0
BRDA:12,0,14,0
BRDA:12,0,15,0
DA:13,1
BRDA:13,0,0,0
BRDA:13,0,1,0
BRDA:13,0,2,1
BRDA:13,0,3,0
DA:14,28
BRDA:14,0,0,28
BRDA:14,0,1,27
DA:15,310
BRDA:15,0,0,310
BRDA:15,0,1,309
DA:16,107
BRDA:16,0,0,107
BRDA:16,0,1,106
BRDA:16,0,2,0
BRDA:16,0,3,0
BRDA:16,0,4,0
BRDA:16,0,5,0
DA:17,64
BRDA:17,0,0,3
BRDA:17,0,1,3
BRDA:17,0,2,2
BRDA:17,0,3,2
BRDA:17,0,4,2
BRDA:17,0,5,2
BRDA:17,0,6,2
BRDA:17,0,7,2
BRDA:17,0,8,2
BRDA:17,0,9,2
BRDA:17,0,10,1
BRDA:17,0,11,1
BRDA:17,0,12,1
BRDA:17,0,13,1
BRDA:17,0,14,0
BRDA:17,0,15,0
BRDA:17,0,16,0
BRDA:17,0,17,0
BRDA:17,0,18,0
BRDA:17,0,19,0
BRDA:17,0,20,2
BRDA:17,0,21,2
BRDA:17,0,22,62
BRDA:17,0,23,61
BRDA:17,0,24,2
BRDA:17,0,25,2
BRDA:17,0,26,1
BRDA:17,0,27,1
BRDA:17,0,28,1
BRDA:17,0,29,1
BRDA:17,0,30,0
BRDA:17,0,31,0
BRDA:17,0,32,0
BRDA:17,0,33,0
BRDA:17,0,34,0
BRDA:17,0,35,0
BRDA:17,0,36,0
BRDA:17,0,37,0
BRDA:17,0,38,0
BRDA:17,0,39,0
BRDA:17,0,40,0
BRDA:17,0,41,0
BRDA:17,0,42,0
BRDA:17,0,43,0
BRDA:17,0,44,3
BRDA:17,0,45,3
BRDA:17,0,46,0
BRDA:17,0,47,0
BRDA:17,0,48,0
BRDA:17,0,49,0
BRDA:17,0,50,64
BRDA:17,0,51,63
BRDA:17,0,52,4
BRDA:17,0,53,4
BRDA:17,0,54,64
BRDA:17,0,55,63
BRDA:17,0,56,61
BRDA:17,0,57,60
BRDA:17,0,58,62
BRDA:17,0,59,61
BRDA:17,0,60,2
BRDA:17,0,61,2
BRDA:17,0,62,2
BRDA:17,0,63,2
DA:18,0
BRDA:18,0,0,0
BRDA:18,0,1,0
BRDA:18,0,2,0
BRDA:18,0,3,0
BRDA:18,0,4,0
BRDA:18,0,5,0
BRDA:18,0,6,0
BRDA:18,0,7,0
BRDA:18,0,8,0
BRDA:18,0,9,0
BRDA:18,0,10,0
BRDA:18,0,11,0
BRDA:18,0,12,0
BRDA:18,0,13,0
BRDA:18,0,14,0
BRDA:18,0,15,0
DA:19,98
BRDA:19,0,0,98
BRDA:19,0,1,98
DA:20,0
BRDA:20,0,0,0
BRDA:20,0,1,0
DA:21,0
BRDA:21,0,0,0
BRDA:21,0,1,0
DA:22,63
BRDA:22,0,0,63
BRDA:22,0,1,63
DA:23,0
BRDA:23,0,0,0
BRDA:23,0,1,0
DA:24,0
BRDA:24,0,0,0
BRDA:24,0,1,0
DA:25,20
BRDA:25,0,0,20
BRDA:25,0,1,20
DA:26,1
BRDA:26,0,0,1
BRDA:26,0,1,1
BRDA:26,0,2,1
BRDA:26,0,3,1
BRDA:26,0,4,1
BRDA:26,0,5,1
BRDA:26,0,6,0
BRDA:26,0,7,0
BRDA:26,0,8,0
BRDA:26,0,9,0
BRDA:26,0,10,0
BRDA:26,0,11,0
BRDA:26,0,12,0
BRDA:26,0,13,0
BRDA:26,0,14,0
BRDA:26,0,15,0
BRDA:26,0,16,0
BRDA:26,0,17,0
BRDA:26,0,18,0
BRDA:26,0,19,0
BRDA:26,0,20,0
BRDA:26,0,21,0
BRDA:26,0,22,0
BRDA:26,0,23,0
BRDA:26,0,24,0
BRDA:26,0,25,0
BRDA:26,0,26,0
BRDA:26,0,27,0
BRDA:26,0,28,0
BRDA:26,0,29,0
BRDA:26,0,30,0
BRDA:26,0,31,0
DA:27,0
BRDA:27,0,0,0
BRDA:27,0,1,0
DA:81,27
BRDA:81,0,0,27
BRDA:81,0,1,26
DA:82,1
BRDA:82,0,0,1
BRDA:82,0,1,1
DA:83,1
BRDA:83,0,0,1
BRDA:83,0,1,1
DA:84,27
BRDA:84,0,0,27
BRDA:84,0,1,26
BRDA:84,0,2,0
BRDA:84,0,3,0
BRDA:84,0,4,0
BRDA:84,0,5,0
BRDA:84,0,6,0
BRDA:84,0,7,0
BRDA:84,0,8,0
BRDA:84,0,9,0
BRDA:84,0,10,0
BRDA:84,0,11,0
BRDA:84,0,12,0
BRDA:84,0,13,0
BRDA:84,0,14,0
BRDA:84,0,15,0
BRDA:84,0,16,0
BRDA:84,0,17,0
BRDA:84,0,18,0
BRDA:84,0,19,0
BRDA:84,0,20,0
BRDA:84,0,21,0
BRDA:84,0,22,1
BRDA:84,0,23,1
BRDA:84,0,24,0
BRDA:84,0,25,0
BRDA:84,0,26,0
BRDA:84,0,27,0
BRDA:84,0,28,0
BRDA:84,0,29,0
BRDA:84,0,30,0
BRDA:84,0,31,0
BRDA:84,0,32,0
BRDA:84,0,33,0
BRDA:84,0,34,0
BRDA:84,0,35,0
BRDA:84,0,36,0
BRDA:84,0,37,0
BRDA:84,0,38,0
BRDA:84,0,39,0
BRDA:84,0,40,0
BRDA:84,0,41,0
BRDA:84,0,42,0
BRDA:84,0,43,0
BRDA:84,0,44,1
BRDA:84,0,45,1
BRDA:84,0,46,0
BRDA:84,0,47,0
BRDA:84,0,48,0
BRDA:84,0,49,0
BRDA:84,0,50,0
BRDA:84,0,51,0
BRDA:84,0,52,0
BRDA:84,0,53,0
BRDA:84,0,54,0
BRDA:84,0,55,0
BRDA:84,0,56,0
BRDA:84,0,57,0
BRDA:84,0,58,0
BRDA:84,0,59,0
BRDA:84,0,60,0
BRDA:84,0,61,0
BRDA:84,0,62,0
BRDA:84,0,63,0
DA:86,1
BRDA:86,0,0,1
BRDA:86,0,1,1
BRDA:86,0,2,0
BRDA:86,0,3,0
BRDA:86,0,4,0
BRDA:86,0,5,0
BRDA:86,0,6,0
BRDA:86,0,7,0
BRDA:86,0,8,0
BRDA:86,0,9,0
BRDA:86,0,10,0
BRDA:86,0,11,0
BRDA:86,0,12,0
BRDA:86,0,13,0
BRDA:86,0,14,1
BRDA:86,0,15,1
BRDA:86,0,16,1
BRDA:86,0,17,1
BRDA:86,0,18,1
BRDA:86,0,19,1
BRDA:86,0,20,1
BRDA:86,0,21,1
BRDA:86,0,22,1
BRDA:86,0,23,1
BRDA:86,0,24,0
BRDA:86,0,25,0
BRDA:86,0,26,0
BRDA:86,0,27,0
BRDA:86,0,28,0
BRDA:86,0,29,0
BRDA:86,0,30,0
BRDA:86,0,31,0
DA:87,1
BRDA:87,0,0,0
BRDA:87,0,1,0
BRDA:87,0,2,0
BRDA:87,0,3,0
BRDA:87,0,4,0
BRDA:87,0,5,0
BRDA:87,0,6,0
BRDA:87,0,7,0
BRDA:87,0,8,0
BRDA:87,0,9,0
BRDA:87,0,10,0
BRDA:87,0,11,0
BRDA:87,0,12,0
BRDA:87,0,13,0
BRDA:87,0,14,0
BRDA:87,0,15,0
BRDA:87,0,16,0
BRDA:87,0,17,0
BRDA:87,0,18,0
BRDA:87,0,19,0
BRDA:87,0,20,0
BRDA:87,0,21,0
BRDA:87,0,22,0
BRDA:87,0,23,0
BRDA:87,0,24,1
BRDA:87,0,25,1
BRDA:87,0,26,0
BRDA:87,0,27,0
BRDA:87,0,28,0
BRDA:87,0,29,0
BRDA:87,0,30,0
BRDA:87,0,31,0
DA:88,1
BRDA:88,0,0,0
BRDA:88,0,1,0
BRDA:88,0,2,0
BRDA:88,0,3,0
BRDA:88,0,4,0
BRDA:88,0,5,0
BRDA:88,0,6,0
BRDA:88,0,7,0
BRDA:88,0,8,0
BRDA:88,0,9,0
BRDA:88,0,10,0
BRDA:88,0,11,0
BRDA:88,0,12,0
BRDA:88,0,13,0
BRDA:88,0,14,0
BRDA:88,0,15,0
BRDA:88,0,16,0
BRDA:88,0,17,0
BRDA:88,0,18,1
BRDA:88,0,19,1
BRDA:88,0,20,1
BRDA:88,0,21,1
BRDA:88,0,22,0
BRDA:88,0,23,0
BRDA:88,0,24,0
BRDA:88,0,25,0
BRDA:88,0,26,0
BRDA:88,0,27,0
BRDA:88,0,28,0
BRDA:88,0,29,0
BRDA:88,0,30,0
BRDA:88,0,31,0
DA:89,1
BRDA:89,0,0,0
BRDA:89,0,1,0
BRDA:89,0,2,0
BRDA:89,0,3,0
BRDA:89,0,4,0
BRDA:89,0,5,0
BRDA:89,0,6,0
BRDA:89,0,7,0
BRDA:89,0,8,0
BRDA:89,0,9,0
BRDA:89,0,10,0
BRDA:89,0,11,0
BRDA:89,0,12,0
BRDA:89,0,13,0
BRDA:89,0,14,0
BRDA:89,0,15,0
BRDA:89,0,16,0
BRDA:89,0,17,0
BRDA:89,0,18,1
BRDA:89,0,19,1
BRDA:89,0,20,1
BRDA:89,0,21,1
BRDA:89,0,22,0
BRDA:89,0,23,0
BRDA:89,0,24,0
BRDA:89,0,25,0
BRDA:89,0,26,0
BRDA:89,0,27,0
BRDA:89,0,28,0
BRDA:89,0,29,0
BRDA:89,0,30,0
BRDA:89,0,31,0
DA:90,1
BRDA:90,0,0,0
BRDA:90,0,1,0
BRDA:90,0,2,0
BRDA:90,0,3,0
BRDA:90,0,4,0
BRDA:90,0,5,0
BRDA:90,0,6,0
BRDA:90,0,7,0
BRDA:90,0,8,0
BRDA:90,0,9,0
BRDA:90,0,10,0
BRDA:90,0,11,0
BRDA:90,0,12,0
BRDA:90,0,13,0
BRDA:90,0,14,0
BRDA:90,0,15,0
BRDA:90,0,16,0
BRDA:90,0,17,0
BRDA:90,0,18,0
BRDA:90,0,19,0
BRDA:90,0,20,0
BRDA:90,0,21,0
BRDA:90,0,22,1
BRDA:90,0,23,1
BRDA:90,0,24,0
BRDA:90,0,25,0
BRDA:90,0,26,0
BRDA:90,0,27,0
BRDA:90,0,28,0
BRDA:90,0,29,0
BRDA:90,0,30,0
BRDA:90,0,31,0
DA:91,1
BRDA:91,0,0,0
BRDA:91,0,1,0
BRDA:91,0,2,0
BRDA:91,0,3,0
BRDA:91,0,4,0
BRDA:91,0,5,0
BRDA:91,0,6,0
BRDA:91,0,7,0
BRDA:91,0,8,0
BRDA:91,0,9,0
BRDA:91,0,10,0
BRDA:91,0,11,0
BRDA:91,0,12,0
BRDA:91,0,13,0
BRDA:91,0,14,0
BRDA:91,0,15,0
BRDA:91,0,16,0
BRDA:91,0,17,0
BRDA:91,0,18,0
BRDA:91,0,19,0
BRDA:91,0,20,0
BRDA:91,0,21,0
BRDA:91,0,22,1
BRDA:91,0,23,1
BRDA:91,0,24,0
BRDA:91,0,25,0
BRDA:91,0,26,0
BRDA:91,0,27,0
BRDA:91,0,28,0
BRDA:91,0,29,0
BRDA:91,0,30,0
BRDA:91,0,31,0
DA:92,1
BRDA:92,0,0,0
BRDA:92,0,1,0
BRDA:92,0,2,0
BRDA:92,0,3,0
BRDA:92,0,4,0
BRDA:92,0,5,0
BRDA:92,0,6,0
BRDA:92,0,7,0
BRDA:92,0,8,0
BRDA:92,0,9,0
BRDA:92,0,10,0
BRDA:92,0,11,0
BRDA:92,0,12,0
BRDA:92,0,13,0
BRDA:92,0,14,0
BRDA:92,0,15,0
BRDA:92,0,16,0
BRDA:92,0,17,0
BRDA:92,0,18,0
BRDA:92,0,19,0
BRDA:92,0,20,1
BRDA:92,0,21,1
BRDA:92,0,22,0
BRDA:92,0,23,0
BRDA:92,0,24,0
BRDA:92,0,25,0
BRDA:92,0,26,0
BRDA:92,0,27,0
BRDA:92,0,28,0
BRDA:92,0,29,0
BRDA:92,0,30,0
BRDA:92,0,31,0
DA:93,1
BRDA:93,0,0,0
BRDA:93,0,1,0
BRDA:93,0,2,0
BRDA:93,0,3,0
BRDA:93,0,4,0
BRDA:93,0,5,0
BRDA:93,0,6,0
BRDA:93,0,7,0
BRDA:93,0,8,0
BRDA:93,0,9,0
BRDA:93,0,10,0
BRDA:93,0,11,0
BRDA:93,0,12,0
BRDA:93,0,13,0
BRDA:93,0,14,0
BRDA:93,0,15,0
BRDA:93,0,16,0
BRDA:93,0,17,0
BRDA:93,0,18,0
BRDA:93,0,19,0
BRDA:93,0,20,1
BRDA:93,0,21,1
BRDA:93,0,22,0
BRDA:93,0,23,0
BRDA:93,0,24,0
BRDA:93,0,25,0
BRDA:93,0,26,0
BRDA:93,0,27,0
BRDA:93,0,28,0
BRDA:93,0,29,0
BRDA:93,0,30,0
BRDA:93,0,31,0
DA:94,1
BRDA:94,0,0,0
BRDA:94,0,1,0
BRDA:94,0,2,0
BRDA:94,0,3,0
BRDA:94,0,4,0
BRDA:94,0,5,0
BRDA:94,0,6,0
BRDA:94,0,7,0
BRDA:94,0,8,0
BRDA:94,0,9,0
BRDA:94,0,10,0
BRDA:94,0,11,0
BRDA:94,0,12,0
BRDA:94,0,13,0
BRDA:94,0,14,0
BRDA:94,0,15,0
BRDA:94,0,16,0
BRDA:94,0,17,0
BRDA:94,0,18,1
BRDA:94,0,19,1
BRDA:94,0,20,0
BRDA:94,0,21,0
BRDA:94,0,22,0
BRDA:94,0,23,0
BRDA:94,0,24,0
BRDA:94,0,25,0
BRDA:94,0,26,0
BRDA:94,0,27,0
BRDA:94,0,28,0
BRDA:94,0,29,0
BRDA:94,0,30,0
BRDA:94,0,31,0
DA:95,1
BRDA:95,0,0,0
BRDA:95,0,1,0
BRDA:95,0,2,0
BRDA:95,0,3,0
BRDA:95,0,4,0
BRDA:95,0,5,0
BRDA:95,0,6,0
BRDA:95,0,7,0
BRDA:95,0,8,0
BRDA:95,0,9,0
BRDA:95,0,10,0
BRDA:95,0,11,0
BRDA:95,0,12,0
BRDA:95,0,13,0
BRDA:95,0,14,0
BRDA:95,0,15,0
BRDA:95,0,16,0
BRDA:95,0,17,0
BRDA:95,0,18,1
BRDA:95,0,19,1
BRDA:95,0,20,0
BRDA:95,0,21,0
BRDA:95,0,22,0
BRDA:95,0,23,0
BRDA:95,0,24,0
BRDA:95,0,25,0
BRDA:95,0,26,0
BRDA:95,0,27,0
BRDA:95,0,28,0
BRDA:95,0,29,0
BRDA:95,0,30,0
BRDA:95,0,31,0
DA:97,1
BRDA:97,0,0,0
BRDA:97,0,1,0
BRDA:97,0,2,1
BRDA:97,0,3,1
BRDA:97,0,4,0
BRDA:97,0,5,0
BRDA:97,0,6,1
BRDA:97,0,7,1
BRDA:97,0,8,0
BRDA:97,0,9,0
BRDA:97,0,10,1
BRDA:97,0,11,1
BRDA:97,0,12,0
BRDA:97,0,13,0
DA:98,1
BRDA:98,0,0,1
BRDA:98,0,1,1
BRDA:98,0,2,1
BRDA:98,0,3,1
BRDA:98,0,4,1
BRDA:98,0,5,1
BRDA:98,0,6,1
BRDA:98,0,7,1
BRDA:98,0,8,1
BRDA:98,0,9,1
BRDA:98,0,10,1
BRDA:98,0,11,1
BRDA:98,0,12,1
BRDA:98,0,13,1
DA:100,1
BRDA:100,0,0,1
BRDA:100,0,1,1
DA:101,4
BRDA:101,0,0,4
BRDA:101,0,1,3
DA:102,4
BRDA:102,0,0,4
BRDA:102,0,1,3
DA:104,1
BRDA:104,0,0,1
BRDA:104,0,1,1
BRDA:104,0,2,0
BRDA:104,0,3,0
BRDA:104,0,4,0
BRDA:104,0,5,0
BRDA:104,0,6,0
BRDA:104,0,7,0
BRDA:104,0,8,0
BRDA:104,0,9,0
BRDA:104,0,10,0
BRDA:104,0,11,0
BRDA:104,0,12,0
BRDA:104,0,13,0
BRDA:104,0,14,0
BRDA:104,0,15,0
BRDA:104,0,16,0
BRDA:104,0,17,0
BRDA:104,0,18,0
BRDA:104,0,19,0
BRDA:104,0,20,0
BRDA:104,0,21,0
BRDA:104,0,22,0
BRDA:104,0,23,0
BRDA:104,0,24,0
BRDA:104,0,25,0
BRDA:104,0,26,0
BRDA:104,0,27,0
BRDA:104,0,28,0
BRDA:104,0,29,0
BRDA:104,0,30,0
BRDA:104,0,31,0
BRDA:104,0,32,0
BRDA:104,0,33,0
BRDA:104,0,34,0
BRDA:104,0,35,0
BRDA:104,0,36,0
BRDA:104,0,37,0
BRDA:104,0,38,0
BRDA:104,0,39,0
DA:105,1
BRDA:105,0,0,1
BRDA:105,0,1,1
DA:107,27
BRDA:107,0,0,27
BRDA:107,0,1,26
BRDA:107,0,2,1
BRDA:107,0,3,1
BRDA:107,0,4,1
BRDA:107,0,5,1
BRDA:107,0,6,0
BRDA:107,0,7,0
BRDA:107,0,8,0
BRDA:107,0,9,0
BRDA:107,0,10,0
BRDA:107,0,11,0
BRDA:107,0,12,16
BRDA:107,0,13,15
BRDA:107,0,14,0
BRDA:107,0,15,0
BRDA:107,0,16,0
BRDA:107,0,17,0
BRDA:107,0,18,0
BRDA:107,0,19,0
BRDA:107,0,20,0
BRDA:107,0,21,0
BRDA:107,0,22,16
BRDA:107,0,23,15
BRDA:107,0,24,0
BRDA:107,0,25,0
BRDA:107,0,26,0
BRDA:107,0,27,0
BRDA:107,0,28,0
BRDA:107,0,29,0
BRDA:107,0,30,0
BRDA:107,0,31,0
DA:108,1
BRDA:108,0,0,1
BRDA:108,0,1,1
BRDA:108,0,2,1
BRDA:108,0,3,1
BRDA:108,0,4,1
BRDA:108,0,5,1
BRDA:108,0,6,1
BRDA:108,0,7,1
BRDA:108,0,8,1
BRDA:108,0,9,1
BRDA:108,0,10,1
BRDA:108,0,11,1
BRDA:108,0,12,1
BRDA:108,0,13,1
BRDA:108,0,14,1
BRDA:108,0,15,1
BRDA:108,0,16,1
BRDA:108,0,17,1
BRDA:108,0,18,1
BRDA:108,0,19,1
BRDA:108,0,20,1
BRDA:108,0,21,1
BRDA:108,0,22,1
BRDA:108,0,23,1
BRDA:108,0,24,1
BRDA:108,0,25,1
BRDA:108,0,26,1
BRDA:108,0,27,1
BRDA:108,0,28,1
BRDA:108,0,29,1
BRDA:108,0,30,1
BRDA:108,0,31,1
DA:109,64
BRDA:109,0,0,27
BRDA:109,0,1,26
BRDA:109,0,2,1
BRDA:109,0,3,1
BRDA:109,0,4,1
BRDA:109,0,5,1
BRDA:109,0,6,0
BRDA:109,0,7,0
BRDA:109,0,8,0
BRDA:109,0,9,0
BRDA:109,0,10,0
BRDA:109,0,11,0
BRDA:109,0,12,29
BRDA:109,0,13,29
BRDA:109,0,14,0
BRDA:109,0,15,0
BRDA:109,0,16,0
BRDA:109,0,17,0
BRDA:109,0,18,0
BRDA:109,0,19,0
BRDA:109,0,20,0
BRDA:109,0,21,0
BRDA:109,0,22,64
BRDA:109,0,23,64
BRDA:109,0,24,0
BRDA:109,0,25,0
BRDA:109,0,26,0
BRDA:109,0,27,0
BRDA:109,0,28,0
BRDA:109,0,29,0
BRDA:109,0,30,0
BRDA:109,0,31,0
DA:112,21
BRDA:112,0,0,21
BRDA:112,0,1,21
BRDA:112,0,2,6
BRDA:112,0,3,5
BRDA:112,0,4,2
BRDA:112,0,5,2
BRDA:112,0,6,0
BRDA:112,0,7,0
BRDA:112,0,8,0
BRDA:112,0,9,0
BRDA:112,0,10,0
BRDA:112,0,11,0
BRDA:112,0,12,0
BRDA:112,0,13,0
DA:113,21
BRDA:113,0,0,21
BRDA:113,0,1,21
BRDA:113,0,2,6
BRDA:113,0,3,5
BRDA:113,0,4,2
BRDA:113,0,5,2
BRDA:113,0,6,0
BRDA:113,0,7,0
BRDA:113,0,8,0
BRDA:113,0,9,0
BRDA:113,0,10,0
BRDA:113,0,11,0
BRDA:113,0,12,0
BRDA:113,0,13,0
DA:114,30
BRDA:114,0,0,30
BRDA:114,0,1,29
DA:115,0
BRDA:115,0,0,0
BRDA:115,0,1,0
DA:116,29
BRDA:116,0,0,29
BRDA:116,0,1,29
BRDA:116,0,2,0
BRDA:116,0,3,0
BRDA:116,0,4,0
BRDA:116,0,5,0
BRDA:116,0,6,0
BRDA:116,0,7,0
BRDA:116,0,8,0
BRDA:116,0,9,0
BRDA:116,0,10,0
BRDA:116,0,11,0
BRDA:116,0,12,0
BRDA:116,0,13,0
DA:117,29
BRDA:117,0,0,29
BRDA:117,0,1,29
DA:118,29
BRDA:118,0,0,29
BRDA:118,0,1,29
DA:119,16
BRDA:119,0,0,16
BRDA:119,0,1,16
BRDA:119,0,2,0
BRDA:119,0,3,0
BRDA:119,0,4,0
BRDA:119,0,5,0
BRDA:119,0,6,0
BRDA:119,0,7,0
BRDA:119,0,8,13
BRDA:119,0,9,13
BRDA:119,0,10,15
BRDA:119,0,11,15
BRDA:119,0,12,8
BRDA:119,0,13,8
BRDA:119,0,14,14
BRDA:119,0,15,14
BRDA:119,0,16,10
BRDA:119,0,17,10
BRDA:119,0,18,15
BRDA:119,0,19,15
BRDA:119,0,20,10
BRDA:119,0,21,10
BRDA:119,0,22,0
BRDA:119,0,23,0
BRDA:119,0,24,0
BRDA:119,0,25,0
DA:120,23
BRDA:120,0,0,23
BRDA:120,0,1,22
BRDA:120,0,2,0
BRDA:120,0,3,0
BRDA:120,0,4,0
BRDA:120,0,5,0
BRDA:120,0,6,0
BRDA:120,0,7,0
BRDA:120,0,8,18
BRDA:120,0,9,17
BRDA:120,0,10,20
BRDA:120,0,11,20
BRDA:120,0,12,19
BRDA:120,0,13,19
BRDA:120,0,14,17
BRDA:120,0,15,16
BRDA:120,0,16,14
BRDA:120,0,17,13
BRDA:120,0,18,17
BRDA:120,0,19,17
BRDA:120,0,20,23
BRDA:120,0,21,23
BRDA:120,0,22,0
BRDA:120,0,23,0
BRDA:120,0,24,0
BRDA:120,0,25,0
DA:123,0
BRDA:123,0,0,0
BRDA:123,0,1,0
BRDA:123,0,2,0
BRDA:123,0,3,0
BRDA:123,0,4,0
BRDA:123,0,5,0
BRDA:123,0,6,0
BRDA:123,0,7,0
BRDA:123,0,8,0
BRDA:123,0,9,0
BRDA:123,0,10,0
BRDA:123,0,11,0
BRDA:123,0,12,0
BRDA:123,0,13,0
DA:124,0
BRDA:124,0,0,0
BRDA:124,0,1,0
BRDA:124,0,2,0
BRDA:124,0,3,0
BRDA:124,0,4,0
BRDA:124,0,5,0
BRDA:124,0,6,0
BRDA:124,0,7,0
BRDA:124,0,8,0
BRDA:124,0,9,0
BRDA:124,0,10,0
BRDA:124,0,11,0
BRDA:124,0,12,0
BRDA:124,0,13,0
DA:125,1
BRDA:125,0,0,1
BRDA:125,0,1,0
DA:126,0
BRDA:126,0,0,0
BRDA:126,0,1,0
DA:127,0
BRDA:127,0,0,0
BRDA:127,0,1,0
BRDA:127,0,2,0
BRDA:127,0,3,0
BRDA:127,0,4,0
BRDA:127,0,5,0
BRDA:127,0,6,0
BRDA:127,0,7,0
BRDA:127,0,8,0
BRDA:127,0,9,0
BRDA:127,0,10,0
BRDA:127,0,11,0
BRDA:127,0,12,0
BRDA:127,0,13,0
DA:128,0
BRDA:128,0,0,0
BRDA:128,0,1,0
DA:129,0
BRDA:129,0,0,0
BRDA:129,0,1,0
DA:130,0
BRDA:130,0,0,0
BRDA:130,0,1,0
BRDA:130,0,2,0
BRDA:130,0,3,0
BRDA:130,0,4,0
BRDA:130,0,5,0
BRDA:130,0,6,0
BRDA:130,0,7,0
BRDA:130,0,8,0
BRDA:130,0,9,0
BRDA:130,0,10,0
BRDA:130,0,11,0
BRDA:130,0,12,0
BRDA:130,0,13,0
BRDA:130,0,14,0
BRDA:130,0,15,0
DA:131,0
BRDA:131,0,0,0
BRDA:131,0,1,0
BRDA:131,0,2,0
BRDA:131,0,3,0
BRDA:131,0,4,0
BRDA:131,0,5,0
BRDA:131,0,6,0
BRDA:131,0,7,0
BRDA:131,0,8,0
BRDA:131,0,9,0
BRDA:131,0,10,0
BRDA:131,0,11,0
BRDA:131,0,12,0
BRDA:131,0,13,0
BRDA:131,0,14,0
BRDA:131,0,15,0
DA:134,0
BRDA:134,0,0,0
BRDA:134,0,1,0
BRDA:134,0,2,0
BRDA:134,0,3,0
BRDA:134,0,4,0
BRDA:134,0,5,0
BRDA:134,0,6,0
BRDA:134,0,7,0
BRDA:134,0,8,0
BRDA:134,0,9,0
BRDA:134,0,10,0
BRDA:134,0,11,0
BRDA:134,0,12,0
BRDA:134,0,13,0
DA:135,0
BRDA:135,0,0,0
BRDA:135,0,1,0
BRDA:135,0,2,0
BRDA:135,0,3,0
BRDA:135,0,4,0
BRDA:135,0,5,0
BRDA:135,0,6,0
BRDA:135,0,7,0
BRDA:135,0,8,0
BRDA:135,0,9,0
BRDA:135,0,10,0
BRDA:135,0,11,0
BRDA:135,0,12,0
BRDA:135,0,13,0
DA:136,1
BRDA:136,0,0,1
BRDA:136,0,1,0
DA:137,0
BRDA:137,0,0,0
BRDA:137,0,1,0
DA:138,0
BRDA:138,0,0,0
BRDA:138,0,1,0
BRDA:138,0,2,0
BRDA:138,0,3,0
BRDA:138,0,4,0
BRDA:138,0,5,0
BRDA:138,0,6,0
BRDA:138,0,7,0
BRDA:138,0,8,0
BRDA:138,0,9,0
BRDA:138,0,10,0
BRDA:138,0,11,0
BRDA:138,0,12,0
BRDA:138,0,13,0
DA:139,0
BRDA:139,0,0,0
BRDA:139,0,1,0
DA:140,0
BRDA:140,0,0,0
BRDA:140,0,1,0
DA:141,0
BRDA:141,0,0,0
BRDA:141,0,1,0
BRDA:141,0,2,0
BRDA:141,0,3,0
BRDA:141,0,4,0
BRDA:141,0,5,0
BRDA:141,0,6,0
BRDA:141,0,7,0
BRDA:141,0,8,0
BRDA:141,0,9,0
BRDA:141,0,10,0
BRDA:141,0,11,0
BRDA:141,0,12,0
BRDA:141,0,13,0
BRDA:141,0,14,0
BRDA:141,0,15,0
DA:142,0
BRDA:142,0,0,0
BRDA:142,0,1,0
BRDA:142,0,2,0
BRDA:142,0,3,0
BRDA:142,0,4,0
BRDA:142,0,5,0
BRDA:142,0,6,0
BRDA:142,0,7,0
BRDA:142,0,8,0
BRDA:142,0,9,0
BRDA:142,0,10,0
BRDA:142,0,11,0
BRDA:142,0,12,0
BRDA:142,0,13,0
BRDA:142,0,14,0
BRDA:142,0,15,0
DA:145,0
BRDA:145,0,0,0
BRDA:145,0,1,0
BRDA:145,0,2,0
BRDA:145,0,3,0
BRDA:145,0,4,0
BRDA:145,0,5,0
BRDA:145,0,6,0
BRDA:145,0,7,0
BRDA:145,0,8,0
BRDA:145,0,9,0
BRDA:145,0,10,0
BRDA:145,0,11,0
BRDA:145,0,12,0
BRDA:145,0,13,0
DA:146,0
BRDA:146,0,0,0
BRDA:146,0,1,0
BRDA:146,0,2,0
BRDA:146,0,3,0
BRDA:146,0,4,0
BRDA:146,0,5,0
BRDA:146,0,6,0
BRDA:146,0,7,0
BRDA:146,0,8,0
BRDA:146,0,9,0
BRDA:146,0,10,0
BRDA:146,0,11,0
BRDA:146,0,12,0
BRDA:146,0,13,0
DA:147,1
BRDA:147,0,0,1
BRDA:147,0,1,0
DA:148,0
BRDA:148,0,0,0
BRDA:148,0,1,0
DA:149,0
BRDA:149,0,0,0
BRDA:149,0,1,0
BRDA:149,0,2,0
BRDA:149,0,3,0
BRDA:149,0,4,0
BRDA:149,0,5,0
BRDA:149,0,6,0
BRDA:149,0,7,0
BRDA:149,0,8,0
BRDA:149,0,9,0
BRDA:149,0,10,0
BRDA:149,0,11,0
BRDA:149,0,12,0
BRDA:149,0,13,0
DA:150,0
BRDA:150,0,0,0
BRDA:150,0,1,0
DA:151,0
BRDA:151,0,0,0
BRDA:151,0,1,0
DA:152,0
BRDA:152,0,0,0
BRDA:152,0,1,0
BRDA:152,0,2,0
BRDA:152,0,3,0
BRDA:152,0,4,0
BRDA:152,0,5,0
BRDA:152,0,6,0
BRDA:152,0,7,0
BRDA:152,0,8,0
BRDA:152,0,9,0
BRDA:152,0,10,0
BRDA:152,0,11,0
BRDA:152,0,12,0
BRDA:152,0,13,0
BRDA:152,0,14,0
BRDA:152,0,15,0
BRDA:152,0,16,0
BRDA:152,0,17,0
BRDA:152,0,18,0
BRDA:152,0,19,0
DA:153,0
BRDA:153,0,0,0
BRDA:153,0,1,0
BRDA:153,0,2,0
BRDA:153,0,3,0
BRDA:153,0,4,0
BRDA:153,0,5,0
BRDA:153,0,6,0
BRDA:153,0,7,0
BRDA:153,0,8,0
BRDA:153,0,9,0
BRDA:153,0,10,0
BRDA:153,0,11,0
BRDA:153,0,12,0
BRDA:153,0,13,0
BRDA:153,0,14,0
BRDA:153,0,15,0
BRDA:153,0,16,0
BRDA:153,0,17,0
BRDA:153,0,18,0
BRDA:153,0,19,0
DA:155,2
BRDA:155,0,0,2
BRDA:155,0,1,2
DA:156,1
BRDA:156,0,0,1
BRDA:156,0,1,1
DA:157,1
BRDA:157,0,0,1
BRDA:157,0,1,1
DA:158,1
BRDA:158,0,0,1
BRDA:158,0,1,1
DA:160,1
BRDA:160,0,0,1
BRDA:160,0,1,1
DA:161,1
BRDA:161,0,0,1
BRDA:161,0,1,1
DA:162,28
BRDA:162,0,0,28
BRDA:162,0,1,28
DA:163,28
BRDA:163,0,0,28
BRDA:163,0,1,28
DA:164,28
BRDA:164,0,0,28
BRDA:164,0,1,28
DA:165,28
BRDA:165,0,0,28
BRDA:165,0,1,28
DA:167,64
BRDA:167,0,0,64
BRDA:167,0,1,64
DA:168,19
BRDA:168,0,0,19
BRDA:168,0,1,19
DA:169,0
BRDA:169,0,0,0
BRDA:169,0,1,0
DA:170,0
BRDA:170,0,0,0
BRDA:170,0,1,0
DA:172,29
BRDA:172,0,0,0
BRDA:172,0,1,0
BRDA:172,0,2,0
BRDA:172,0,3,0
BRDA:172,0,4,29
BRDA:172,0,5,29
BRDA:172,0,6,0
BRDA:172,0,7,0
DA:173,0
BRDA:173,0,0,0
BRDA:173,0,1,0
BRDA:173,0,2,0
BRDA:173,0,3,0
BRDA:173,0,4,0
BRDA:173,0,5,0
BRDA:173,0,6,0
BRDA:173,0,7,0
DA:175,9
BRDA:175,0,0,9
BRDA:175,0,1,9
BRDA:175,0,2,0
BRDA:175,0,3,0
BRDA:175,0,4,0
BRDA:175,0,5,0
BRDA:175,0,6,0
BRDA:175,0,7,0
BRDA:175,0,8,0
BRDA:175,0,9,0
BRDA:175,0,10,0
BRDA:175,0,11,0
BRDA:175,0,12,0
BRDA:175,0,13,0
BRDA:175,0,14,6
BRDA:175,0,15,6
BRDA:175,0,16,3
BRDA:175,0,17,3
BRDA:175,0,18,0
BRDA:175,0,19,0
BRDA:175,0,20,0
BRDA:175,0,21,0
BRDA:175,0,22,0
BRDA:175,0,23,0
BRDA:175,0,24,0
BRDA:175,0,25,0
BRDA:175,0,26,0
BRDA:175,0,27,0
BRDA:175,0,28,0
BRDA:175,0,29,0
BRDA:175,0,30,0
BRDA:175,0,31,0
DA:176,25
BRDA:176,0,0,25
BRDA:176,0,1,25
BRDA:176,0,2,9
BRDA:176,0,3,9
BRDA:176,0,4,1
BRDA:176,0,5,1
BRDA:176,0,6,0
BRDA:176,0,7,0
DA:177,16
BRDA:177,0,0,16
BRDA:177,0,1,16
BRDA:177,0,2,10
BRDA:177,0,3,9
BRDA:177,0,4,11
BRDA:177,0,5,11
BRDA:177,0,6,5
BRDA:177,0,7,5
BRDA:177,0,8,12
BRDA:177,0,9,12
BRDA:177,0,10,8
BRDA:177,0,11,7
BRDA:177,0,12,10
BRDA:177,0,13,10
BRDA:177,0,14,7
BRDA:177,0,15,7
DA:178,0
BRDA:178,0,0,0
BRDA:178,0,1,0
DA:179,0
BRDA:179,0,0,0
BRDA:179,0,1,0
BRDA:179,0,2,0
BRDA:179,0,3,0
BRDA:179,0,4,0
BRDA:179,0,5,0
BRDA:179,0,6,0
BRDA:179,0,7,0
BRDA:179,0,8,0
BRDA:179,0,9,0
BRDA:179,0,10,0
BRDA:179,0,11,0
BRDA:179,0,12,0
BRDA:179,0,13,0
BRDA:179,0,14,0
BRDA:179,0,15,0
DA:180,0
BRDA:180,0,0,0
BRDA:180,0,1,0
BRDA:180,0,2,0
BRDA:180,0,3,0
BRDA:180,0,4,0
BRDA:180,0,5,0
BRDA:180,0,6,0
BRDA:180,0,7,0
BRDA:180,0,8,0
BRDA:180,0,9,0
BRDA:180,0,10,0
BRDA:180,0,11,0
BRDA:180,0,12,0
BRDA:180,0,13,0
BRDA:180,0,14,0
BRDA:180,0,15,0
DA:181,0
BRDA:181,0,0,0
BRDA:181,0,1,0
DA:182,0
BRDA:182,0,0,0
BRDA:182,0,1,0
DA:183,0
BRDA:183,0,0,0
BRDA:183,0,1,0
DA:184,0
BRDA:184,0,0,0
BRDA:184,0,1,0
DA:185,0
BRDA:185,0,0,0
BRDA:185,0,1,0
DA:186,0
BRDA:186,0,0,0
BRDA:186,0,1,0
DA:187,0
BRDA:187,0,0,0
BRDA:187,0,1,0
DA:188,23
BRDA:188,0,0,23
BRDA:188,0,1,22
BRDA:188,0,2,18
BRDA:188,0,3,17
BRDA:188,0,4,20
BRDA:188,0,5,20
BRDA:188,0,6,19
BRDA:188,0,7,19
BRDA:188,0,8,17
BRDA:188,0,9,16
BRDA:188,0,10,14
BRDA:188,0,11,13
BRDA:188,0,12,17
BRDA:188,0,13,17
BRDA:188,0,14,23
BRDA:188,0,15,23
DA:189,29
BRDA:189,0,0,29
BRDA:189,0,1,29
DA:191,0
BRDA:191,0,0,0
BRDA:191,0,1,0
BRDA:191,0,2,0
BRDA:191,0,3,0
BRDA:191,0,4,0
BRDA:191,0,5,0
BRDA:191,0,6,0
BRDA:191,0,7,0
BRDA:191,0,8,0
BRDA:191,0,9,0
BRDA:191,0,10,0
BRDA:191,0,11,0
BRDA:191,0,12,0
BRDA:191,0,13,0
DA:192,0
BRDA:192,0,0,0
BRDA:192,0,1,0
DA:193,0
BRDA:193,0,0,0
BRDA:193,0,1,0
BRDA:193,0,2,0
BRDA:193,0,3,0
BRDA:193,0,4,0
BRDA:193,0,5,0
BRDA:193,0,6,0
BRDA:193,0,7,0
DA:194,0
BRDA:194,0,0,0
BRDA:194,0,1,0
BRDA:194,0,2,0
BRDA:194,0,3,0
BRDA:194,0,4,0
BRDA:194,0,5,0
BRDA:194,0,6,0
BRDA:194,0,7,0
BRDA:194,0,8,0
BRDA:194,0,9,0
BRDA:194,0,10,0
BRDA:194,0,11,0
BRDA:194,0,12,0
BRDA:194,0,13,0
BRDA:194,0,14,0
BRDA:194,0,15,0
DA:195,0
BRDA:195,0,0,0
BRDA:195,0,1,0
BRDA:195,0,2,0
BRDA:195,0,3,0
BRDA:195,0,4,0
BRDA:195,0,5,0
BRDA:195,0,6,0
BRDA:195,0,7,0
BRDA:195,0,8,0
BRDA:195,0,9,0
BRDA:195,0,10,0
BRDA:195,0,11,0
BRDA:195,0,12,0
BRDA:195,0,13,0
BRDA:195,0,14,0
BRDA:195,0,15,0
DA:196,0
BRDA:196,0,0,0
BRDA:196,0,1,0
DA:197,0
BRDA:197,0,0,0
BRDA:197,0,1,0
DA:199,0
BRDA:199,0,0,0
BRDA:199,0,1,0
BRDA:199,0,2,0
BRDA:199,0,3,0
BRDA:199,0,4,0
BRDA:199,0,5,0
BRDA:199,0,6,0
BRDA:199,0,7,0
BRDA:199,0,8,0
BRDA:199,0,9,0
BRDA:199,0,10,0
BRDA:199,0,11,0
BRDA:199,0,12,0
BRDA:199,0,13,0
BRDA:199,0,14,0
BRDA:199,0,15,0
BRDA:199,0,16,0
BRDA:199,0,17,0
BRDA:199,0,18,0
BRDA:199,0,19,0
BRDA:199,0,20,0
BRDA:199,0,21,0
BRDA:199,0,22,0
BRDA:199,0,23,0
BRDA:199,0,24,0
BRDA:199,0,25,0
BRDA:199,0,26,0
BRDA:199,0,27,0
BRDA:199,0,28,0
BRDA:199,0,29,0
BRDA:199,0,30,0
BRDA:199,0,31,0
BRDA:199,0,32,0
BRDA:199,0,33,0
BRDA:199,0,34,0
BRDA:199,0,35,0
BRDA:199,0,36,0
BRDA:199,0,37,0
BRDA:199,0,38,0
BRDA:199,0,39,0
DA:200,0
BRDA:200,0,0,0
BRDA:200,0,1,0
DA:201,0
BRDA:201,0,0,0
BRDA:201,0,1,0
DA:203,427
BRDA:203,0,0,427
BRDA:203,0,1,427
DA:204,142
BRDA:204,0,0,142
BRDA:204,0,1,141
DA:205,283
BRDA:205,0,0,0
BRDA:205,0,1,0
BRDA:205,0,2,0
BRDA:205,0,3,0
BRDA:205,0,4,0
BRDA:205,0,5,0
BRDA:205,0,6,0
BRDA:205,0,7,0
BRDA:205,0,8,0
BRDA:205,0,9,0
BRDA:205,0,10,0
BRDA:205,0,11,0
BRDA:205,0,12,0
BRDA:205,0,13,0
BRDA:205,0,14,0
BRDA:205,0,15,0
BRDA:205,0,16,0
BRDA:205,0,17,0
BRDA:205,0,18,0
BRDA:205,0,19,0
BRDA:205,0,20,0
BRDA:205,0,21,0
BRDA:205,0,22,0
BRDA:205,0,23,0
BRDA:205,0,24,0
BRDA:205,0,25,0
BRDA:205,0,26,0
BRDA:205,0,27,0
BRDA:205,0,28,0
BRDA:205,0,29,0
BRDA:205,0,30,0
BRDA:205,0,31,0
BRDA:205,0,32,0
BRDA:205,0,33,0
BRDA:205,0,34,0
BRDA:205,0,35,0
BRDA:205,0,36,0
BRDA:205,0,37,0
BRDA:205,0,38,0
BRDA:205,0,39,0
BRDA:205,0,40,0
BRDA:205,0,41,0
BRDA:205,0,42,0
BRDA:205,0,43,0
BRDA:205,0,44,143
BRDA:205,0,45,143
BRDA:205,0,46,0
BRDA:205,0,47,0
BRDA:205,0,48,0
BRDA:205,0,49,0
BRDA:205,0,50,283
BRDA:205,0,51,283
BRDA:205,0,52,73
BRDA:205,0,53,73
BRDA:205,0,54,11
BRDA:205,0,55,11
BRDA:205,0,56,2
BRDA:205,0,57,2
BRDA:205,0,58,0
BRDA:205,0,59,0
BRDA:205,0,60,0
BRDA:205,0,61,0
BRDA:205,0,62,0
BRDA:205,0,63,0
DA:206,128
BRDA:206,0,0,59
BRDA:206,0,1,59
BRDA:206,0,2,2
BRDA:206,0,3,2
BRDA:206,0,4,2
BRDA:206,0,5,2
BRDA:206,0,6,2
BRDA:206,0,7,2
BRDA:206,0,8,2
BRDA:206,0,9,2
BRDA:206,0,10,1
BRDA:206,0,11,1
BRDA:206,0,12,1
BRDA:206,0,13,1
BRDA:206,0,14,1
BRDA:206,0,15,1
BRDA:206,0,16,0
BRDA:206,0,17,0
BRDA:206,0,18,0
BRDA:206,0,19,0
BRDA:206,0,20,2
BRDA:206,0,21,2
BRDA:206,0,22,19
BRDA:206,0,23,19
BRDA:206,0,24,3
BRDA:206,0,25,3
BRDA:206,0,26,1
BRDA:206,0,27,1
BRDA:206,0,28,1
BRDA:206,0,29,1
BRDA:206,0,30,0
BRDA:206,0,31,0
BRDA:206,0,32,0
BRDA:206,0,33,0
BRDA:206,0,34,0
BRDA:206,0,35,0
BRDA:206,0,36,0
BRDA:206,0,37,0
BRDA:206,0,38,0
BRDA:206,0,39,0
BRDA:206,0,40,0
BRDA:206,0,41,0
BRDA:206,0,42,0
BRDA:206,0,43,0
BRDA:206,0,44,22
BRDA:206,0,45,22
BRDA:206,0,46,0
BRDA:206,0,47,0
BRDA:206,0,48,0
BRDA:206,0,49,0
BRDA:206,0,50,15
BRDA:206,0,51,15
BRDA:206,0,52,21
BRDA:206,0,53,21
BRDA:206,0,54,40
BRDA:206,0,55,40
BRDA:206,0,56,19
BRDA:206,0,57,19
BRDA:206,0,58,39
BRDA:206,0,59,39
BRDA:206,0,60,35
BRDA:206,0,61,35
BRDA:206,0,62,128
BRDA:206,0,63,128
DA:207,1
BRDA:207,0,0,1
BRDA:207,0,1,0
BRDA:207,0,2,1
BRDA:207,0,3,0
BRDA:207,0,4,1
BRDA:207,0,5,0
BRDA:207,0,6,1
BRDA:207,0,7,0
DA:208,0
BRDA:208,0,0,0
BRDA:208,0,1,0
BRDA:208,0,2,0
BRDA:208,0,3,0
BRDA:208,0,4,0
BRDA:208,0,5,0
BRDA:208,0,6,0
BRDA:208,0,7,0
BRDA:208,0,8,0
BRDA:208,0,9,0
BRDA:208,0,10,0
BRDA:208,0,11,0
BRDA:208,0,12,0
BRDA:208,0,13,0
BRDA:208,0,14,0
BRDA:208,0,15,0
DA:209,78
BRDA:209,0,0,3
BRDA:209,0,1,3
BRDA:209,0,2,2
BRDA:209,0,3,2
BRDA:209,0,4,2
BRDA:209,0,5,2
BRDA:209,0,6,2
BRDA:209,0,7,2
BRDA:209,0,8,2
BRDA:209,0,9,2
BRDA:209,0,10,1
BRDA:209,0,11,1
BRDA:209,0,12,1
BRDA:209,0,13,1
BRDA:209,0,14,0
BRDA:209,0,15,0
BRDA:209,0,16,0
BRDA:209,0,17,0
BRDA:209,0,18,0
BRDA:209,0,19,0
BRDA:209,0,20,2
BRDA:209,0,21,2
BRDA:209,0,22,76
BRDA:209,0,23,76
BRDA:209,0,24,2
BRDA:209,0,25,2
BRDA:209,0,26,1
BRDA:209,0,27,1
BRDA:209,0,28,1
BRDA:209,0,29,1
BRDA:209,0,30,0
BRDA:209,0,31,0
BRDA:209,0,32,0
BRDA:209,0,33,0
BRDA:209,0,34,0
BRDA:209,0,35,0
BRDA:209,0,36,0
BRDA:209,0,37,0
BRDA:209,0,38,0
BRDA:209,0,39,0
BRDA:209,0,40,0
BRDA:209,0,41,0
BRDA:209,0,42,0
BRDA:209,0,43,0
BRDA:209,0,44,3
BRDA:209,0,45,3
BRDA:209,0,46,0
BRDA:209,0,47,0
BRDA:209,0,48,0
BRDA:209,0,49,0
BRDA:209,0,50,78
BRDA:209,0,51,78
BRDA:209,0,52,4
BRDA:209,0,53,4
BRDA:209,0,54,77
BRDA:209,0,55,77
BRDA:209,0,56,74
BRDA:209,0,57,74
BRDA:209,0,58,75
BRDA:209,0,59,75
BRDA:209,0,60,2
BRDA:209,0,61,2
BRDA:209,0,62,2
BRDA:209,0,63,2
DA:210,211
BRDA:210,0,0,211
BRDA:210,0,1,211
DA:211,28
BRDA:211,0,0,28
BRDA:211,0,1,27
DA:621,1
BRDA:621,0,0,1
BRDA:621,0,1,1
DA:622,28
BRDA:622,0,0,28
BRDA:622,0,1,28
DA:623,1
BRDA:623,0,0,1
BRDA:623,0,1,1
DA:624,28
BRDA:624,0,0,28
BRDA:624,0,1,28
DA:625,0
BRDA:625,0,0,0
BRDA:625,0,1,0
DA:626,0
BRDA:626,0,0,0
BRDA:626,0,1,0
DA:662,29
BRDA:662,0,0,29
BRDA:662,0,1,29
DA:674,4
BRDA:674,0,0,4
BRDA:674,0,1,3
DA:679,64
BRDA:679,0,0,64
BRDA:679,0,1,64
DA:680,19
BRDA:680,0,0,19
BRDA:680,0,1,19
DA:996,0
BRDA:996,0,0,0
BRDA:996,0,1,0
DA:997,0
BRDA:997,0,0,0
BRDA:997,0,1,0
BRDA:997,0,2,0
BRDA:997,0,3,0
BRDA:997,0,4,0
BRDA:997,0,5,0
BRDA:997,0,6,0
BRDA:997,0,7,0
BRDA:997,0,8,0
BRDA:997,0,9,0
BRDA:997,0,10,0
BRDA:997,0,11,0
BRDA:997,0,12,0
BRDA:997,0,13,0
BRDA:997,0,14,0
BRDA:997,0,15,0
DA:1016,0
BRDA:1016,0,0,0
BRDA:1016,0,1,0
DA:1017,0
BRDA:1017,0,0,0
BRDA:1017,0,1,0
DA:1267,0
BRDA:1267,0,0,0
BRDA:1267,0,1,0
DA:1268,64
BRDA:1268,0,0,64
BRDA:1268,0,1,64
DA:1269,0
BRDA:1269,0,0,0
BRDA:1269,0,1,0
DA:1285,0
BRDA:1285,0,0,0
BRDA:1285,0,1,0
DA:1286,0
BRDA:1286,0,0,0
BRDA:1286,0,1,0
DA:1287,0
BRDA:1287,0,0,0
BRDA:1287,0,1,0
DA:1288,0
BRDA:1288,0,0,0
BRDA:1288,0,1,0
DA:1289,0
BRDA:1289,0,0,0
BRDA:1289,0,1,0
BRF:1778
BRH:219
end_of_record
