TN:verilator_coverage
SF:/home/abdulbasit/electrical-and-electronics-engineering/VLSI/isqed-2026-dv-challenge/duts/rampart_i2c/rampart_i2c.sv
DA:228,23565
BRDA:228,0,0,145
BRDA:228,0,1,23565
DA:229,145
DA:230,145
DA:231,145
DA:232,145
DA:233,145
DA:234,145
DA:235,23565
DA:236,23166
BRDA:236,0,0,399
BRDA:236,0,1,23166
DA:237,399
DA:238,399
DA:240,23138
BRDA:240,0,0,427
BRDA:240,0,1,23138
DA:241,427
DA:242,427
DA:243,427
BRDA:243,0,0,427
BRDA:243,0,1,286
BRDA:243,0,2,141
DA:244,427
DA:245,427
DA:246,427
DA:261,117268
BRDA:261,0,0,1393
BRDA:261,0,1,117268
DA:262,970
BRDA:262,0,0,970
BRDA:262,0,1,423
DA:263,970
DA:282,883
BRDA:282,0,0,883
BRDA:282,0,1,87
DA:283,87
DA:284,87
DA:287,970
BRDA:287,0,0,970
BRDA:287,0,1,0
DA:288,0
DA:289,0
DA:291,423
DA:292,423
DA:344,23535
BRDA:344,0,0,30
BRDA:344,0,1,23535
DA:345,30
DA:346,30
DA:347,30
DA:348,30
DA:364,23279
BRDA:364,0,0,286
BRDA:364,0,1,23279
DA:365,286
DA:395,23564
BRDA:395,0,0,1
BRDA:395,0,1,23564
DA:396,1
DA:397,1
DA:406,23561
BRDA:406,0,0,4
BRDA:406,0,1,23561
DA:407,4
DA:408,4
DA:409,4
DA:417,23564
BRDA:417,0,0,1
BRDA:417,0,1,23564
DA:418,1
DA:419,1
DA:424,23565
BRDA:424,0,0,145
BRDA:424,0,1,23565
DA:425,145
DA:426,145
DA:427,145
DA:428,145
DA:429,23565
DA:430,23563
BRDA:430,0,0,2
BRDA:430,0,1,23563
DA:431,23564
BRDA:431,0,0,1
BRDA:431,0,1,23564
DA:432,23564
BRDA:432,0,0,1
BRDA:432,0,1,23564
DA:433,23564
BRDA:433,0,0,1
BRDA:433,0,1,23564
DA:435,23563
BRDA:435,0,0,2
BRDA:435,0,1,23563
DA:436,2
DA:437,2
DA:438,2
DA:439,2
DA:445,23565
BRDA:445,0,0,145
BRDA:445,0,1,23565
DA:446,145
DA:447,145
DA:448,23565
DA:449,23565
DA:451,23279
BRDA:451,0,0,286
BRDA:451,0,1,23279
DA:452,286
BRDA:452,0,0,286
BRDA:452,0,1,0
DA:453,0
DA:455,285
BRDA:455,0,0,285
BRDA:455,0,1,1
DA:456,1
DA:458,286
BRDA:458,0,0,286
BRDA:458,0,1,0
DA:459,0
DA:481,23534
BRDA:481,0,0,29
BRDA:481,0,1,23534
DA:482,29
DA:483,29
DA:492,23534
BRDA:492,0,0,29
BRDA:492,0,1,23534
DA:493,29
DA:513,23564
BRDA:513,0,0,0
BRDA:513,0,1,23564
DA:514,0
DA:515,0
DA:524,23564
BRDA:524,0,0,0
BRDA:524,0,1,23564
DA:525,0
DA:545,23564
BRDA:545,0,0,0
BRDA:545,0,1,23564
DA:546,0
DA:547,0
DA:556,23564
BRDA:556,0,0,0
BRDA:556,0,1,23564
DA:557,0
DA:577,23564
BRDA:577,0,0,0
BRDA:577,0,1,23564
DA:578,0
DA:579,0
DA:588,23564
BRDA:588,0,0,0
BRDA:588,0,1,23564
DA:589,0
DA:598,116649
BRDA:598,0,0,2012
BRDA:598,0,1,116649
DA:599,2012
DA:600,2012
DA:601,116649
DA:602,116649
DA:603,116649
DA:608,23565
BRDA:608,0,0,145
BRDA:608,0,1,23565
DA:609,145
DA:610,145
DA:611,145
DA:612,145
DA:613,23565
DA:614,23565
DA:615,23565
DA:616,23565
DA:617,23565
DA:638,23565
BRDA:638,0,0,145
BRDA:638,0,1,23565
DA:639,145
DA:640,23565
DA:643,23565
BRDA:643,0,0,0
BRDA:643,0,1,23565
DA:644,0
DA:653,117759
BRDA:653,0,0,902
BRDA:653,0,1,117759
DA:654,902
DA:655,902
DA:656,117759
DA:657,117759
DA:658,117759
DA:683,23565
BRDA:683,0,0,145
BRDA:683,0,1,23565
DA:684,145
DA:685,145
DA:686,145
DA:687,145
DA:688,145
DA:689,145
DA:690,145
DA:691,145
DA:692,145
DA:693,145
DA:694,145
DA:695,145
DA:696,145
DA:697,23565
DA:698,23565
DA:699,23565
DA:701,23547
BRDA:701,0,0,18
BRDA:701,0,1,23547
DA:702,18
DA:705,23565
DA:710,23390
BRDA:710,0,0,29
BRDA:710,0,1,23390
DA:740,0
BRDA:740,0,0,0
BRDA:740,0,1,0
DA:741,0
DA:742,0
DA:743,0
DA:744,0
DA:749,0
BRDA:749,0,0,0
BRDA:749,0,1,0
DA:759,0
BRDA:759,0,0,0
BRDA:759,0,1,0
DA:760,0
DA:761,0
DA:762,0
DA:763,0
DA:764,0
DA:765,0
DA:766,0
DA:767,0
BRDA:767,0,0,0
BRDA:767,0,1,0
DA:768,0
DA:769,0
DA:770,0
DA:771,0
DA:772,0
DA:773,0
DA:774,0
DA:775,0
DA:783,0
BRDA:783,0,0,0
BRDA:783,0,1,0
DA:784,0
BRDA:784,0,0,0
BRDA:784,0,1,0
DA:785,0
DA:786,0
DA:787,0
DA:788,0
DA:789,0
DA:790,0
DA:791,0
DA:812,128
BRDA:812,0,0,128
BRDA:812,0,1,18
DA:813,64
BRDA:813,0,0,64
BRDA:813,0,1,64
DA:814,64
DA:815,64
DA:816,64
DA:817,35
BRDA:817,0,0,29
BRDA:817,0,1,35
DA:818,29
DA:819,29
DA:820,29
DA:821,29
DA:822,35
DA:823,35
DA:824,35
BRDA:824,0,0,35
BRDA:824,0,1,0
DA:825,35
DA:826,35
DA:827,35
DA:828,0
DA:829,0
DA:830,0
DA:831,0
DA:832,0
DA:840,0
BRDA:840,0,0,0
BRDA:840,0,1,0
DA:841,0
BRDA:841,0,0,0
BRDA:841,0,1,0
DA:842,0
DA:843,0
DA:844,0
DA:845,0
DA:846,0
DA:847,0
DA:877,0
BRDA:877,0,0,0
BRDA:877,0,1,0
DA:878,0
BRDA:878,0,0,0
BRDA:878,0,1,0
DA:879,0
DA:880,0
DA:881,0
DA:882,0
DA:883,0
DA:884,0
DA:885,0
DA:887,0
BRDA:887,0,0,0
BRDA:887,0,1,0
DA:888,0
DA:889,0
DA:890,0
DA:891,0
DA:898,0
BRDA:898,0,0,0
BRDA:898,0,1,0
DA:899,0
BRDA:899,0,0,0
BRDA:899,0,1,0
DA:900,0
BRDA:900,0,0,0
BRDA:900,0,1,0
DA:901,0
DA:902,0
DA:903,0
DA:905,0
DA:906,0
DA:907,0
DA:908,0
DA:909,0
DA:910,0
DA:911,0
DA:912,0
DA:920,0
BRDA:920,0,0,0
BRDA:920,0,1,0
DA:921,0
DA:922,0
DA:923,0
DA:933,0
BRDA:933,0,0,0
BRDA:933,0,1,0
DA:954,0
BRDA:954,0,0,0
BRDA:954,0,1,0
DA:976,0
BRDA:976,0,0,0
BRDA:976,0,1,0
DA:977,0
DA:984,23455
BRDA:984,0,0,110
BRDA:984,0,1,23455
DA:985,110
DA:986,110
DA:987,110
DA:988,110
DA:1000,23565
BRDA:1000,0,0,145
BRDA:1000,0,1,23565
DA:1001,145
DA:1002,145
DA:1003,23565
DA:1004,23565
DA:1005,23565
BRDA:1005,0,0,0
BRDA:1005,0,1,23565
DA:1006,0
DA:1007,0
DA:1008,0
DA:1020,23565
BRDA:1020,0,0,145
BRDA:1020,0,1,23565
DA:1021,145
DA:1022,145
DA:1023,145
DA:1024,145
DA:1025,145
DA:1026,145
DA:1027,145
DA:1028,145
DA:1029,145
DA:1030,145
DA:1031,145
DA:1032,145
DA:1033,145
DA:1034,23565
DA:1035,23565
DA:1036,23565
DA:1038,23565
BRDA:1038,0,0,0
BRDA:1038,0,1,23565
DA:1039,0
BRDA:1039,0,0,0
BRDA:1039,0,1,0
DA:1040,0
DA:1041,0
DA:1043,0
DA:1044,0
DA:1045,0
DA:1046,0
DA:1047,23565
DA:1049,23565
DA:1056,23565
BRDA:1056,0,0,0
BRDA:1056,0,1,23565
DA:1057,0
DA:1058,0
DA:1067,0
BRDA:1067,0,0,0
BRDA:1067,0,1,0
DA:1068,0
DA:1069,0
DA:1070,0
DA:1071,0
DA:1072,0
DA:1074,0
DA:1076,0
BRDA:1076,0,0,0
BRDA:1076,0,1,0
DA:1077,0
BRDA:1077,0,0,0
BRDA:1077,0,1,0
DA:1078,0
DA:1079,0
DA:1081,0
DA:1082,0
DA:1083,0
DA:1084,0
DA:1085,0
DA:1091,0
BRDA:1091,0,0,0
BRDA:1091,0,1,0
DA:1092,0
DA:1093,0
BRDA:1093,0,0,0
BRDA:1093,0,1,0
DA:1094,0
BRDA:1094,0,0,0
BRDA:1094,0,1,0
DA:1095,0
DA:1096,0
DA:1097,0
DA:1098,0
DA:1099,0
DA:1100,0
DA:1101,0
DA:1102,0
DA:1103,0
DA:1105,0
DA:1106,0
DA:1107,0
DA:1114,0
BRDA:1114,0,0,0
BRDA:1114,0,1,0
DA:1115,0
DA:1116,0
DA:1123,0
BRDA:1123,0,0,0
BRDA:1123,0,1,0
DA:1124,0
DA:1125,0
BRDA:1125,0,0,0
BRDA:1125,0,1,0
DA:1126,0
DA:1127,0
DA:1128,0
DA:1129,0
DA:1130,0
DA:1131,0
DA:1132,0
DA:1133,0
DA:1141,0
BRDA:1141,0,0,0
BRDA:1141,0,1,0
DA:1142,0
DA:1143,0
DA:1147,0
BRDA:1147,0,0,0
BRDA:1147,0,1,0
DA:1148,0
DA:1149,0
DA:1150,0
DA:1157,0
BRDA:1157,0,0,0
BRDA:1157,0,1,0
DA:1158,0
DA:1159,0
DA:1163,0
BRDA:1163,0,0,0
BRDA:1163,0,1,0
DA:1164,0
BRDA:1164,0,0,0
BRDA:1164,0,1,0
DA:1165,0
DA:1166,0
DA:1167,0
DA:1168,0
DA:1169,0
DA:1170,0
DA:1177,0
BRDA:1177,0,0,0
BRDA:1177,0,1,0
DA:1178,0
DA:1179,0
DA:1184,0
BRDA:1184,0,0,0
BRDA:1184,0,1,0
DA:1185,0
DA:1187,0
BRDA:1187,0,0,0
BRDA:1187,0,1,0
DA:1188,0
BRDA:1188,0,0,0
BRDA:1188,0,1,0
DA:1189,0
DA:1190,0
DA:1191,0
DA:1192,0
DA:1193,0
DA:1194,0
DA:1195,0
DA:1196,0
DA:1197,0
DA:1212,0
BRDA:1212,0,0,0
BRDA:1212,0,1,0
DA:1213,0
DA:1214,0
DA:1215,0
DA:1216,0
DA:1217,0
DA:1218,0
DA:1233,23553
BRDA:1233,0,0,23553
BRDA:1233,0,1,12
DA:1234,23553
DA:1235,23553
DA:1236,23553
DA:1237,23553
DA:1246,23565
BRDA:1246,0,0,145
BRDA:1246,0,1,23565
DA:1247,145
DA:1248,145
DA:1249,23565
DA:1250,23565
DA:1251,23165
BRDA:1251,0,0,400
BRDA:1251,0,1,23165
DA:1252,400
BRDA:1252,0,0,400
BRDA:1252,0,1,0
DA:1253,0
BRDA:1253,0,0,0
BRDA:1253,0,1,0
DA:1254,0
DA:1255,0
DA:1256,0
DA:1258,400
DA:1259,400
DA:1261,23165
DA:1262,23165
DA:1308,117460
BRDA:1308,0,0,117460
BRDA:1308,0,1,1201
DA:1309,117460
DA:1311,118661
BRDA:1311,0,0,0
BRDA:1311,0,1,118661
DA:1312,0
DA:1314,118661
BRDA:1314,0,0,0
BRDA:1314,0,1,118661
DA:1315,0
DA:1317,118661
BRDA:1317,0,0,0
BRDA:1317,0,1,118661
DA:1318,0
DA:1320,118661
BRDA:1320,0,0,0
BRDA:1320,0,1,118661
DA:1321,0
DA:1323,118341
BRDA:1323,0,0,320
BRDA:1323,0,1,118341
DA:1324,320
DA:1326,118661
BRDA:1326,0,0,0
BRDA:1326,0,1,118661
DA:1327,0
DA:1329,118661
BRDA:1329,0,0,0
BRDA:1329,0,1,118661
DA:1330,0
DA:1332,118661
BRDA:1332,0,0,0
BRDA:1332,0,1,118661
DA:1333,0
DA:1335,118661
BRDA:1335,0,0,0
BRDA:1335,0,1,118661
DA:1336,0
DA:1338,118601
BRDA:1338,0,0,60
BRDA:1338,0,1,118601
DA:1339,60
DA:1341,118601
BRDA:1341,0,0,60
BRDA:1341,0,1,118601
DA:1342,60
DA:1344,118661
BRDA:1344,0,0,0
BRDA:1344,0,1,118661
DA:1345,0
DA:1347,118661
BRDA:1347,0,0,0
BRDA:1347,0,1,118661
DA:1348,0
DA:1350,118661
BRDA:1350,0,0,0
BRDA:1350,0,1,118661
DA:1351,0
DA:1353,118516
BRDA:1353,0,0,145
BRDA:1353,0,1,118516
DA:1354,145
BRF:219
BRH:106
end_of_record
